<AllocatorBalance id="0">
	<id>0</id>
	<clusterList id="1">
		<Cluster id="2">
			<id>0</id>
			<requiredCpuCores>24</requiredCpuCores>
			<requiredMemory>96</requiredMemory>
			<requiredNetworkBandwidth>16</requiredNetworkBandwidth>
		</Cluster>
		<Cluster id="3">
			<id>1</id>
			<requiredCpuCores>6</requiredCpuCores>
			<requiredMemory>4</requiredMemory>
			<requiredNetworkBandwidth>6</requiredNetworkBandwidth>
		</Cluster>
		<Cluster id="4">
			<id>2</id>
			<requiredCpuCores>6</requiredCpuCores>
			<requiredMemory>16</requiredMemory>
			<requiredNetworkBandwidth>4</requiredNetworkBandwidth>
		</Cluster>
		<Cluster id="5">
			<id>3</id>
			<requiredCpuCores>8</requiredCpuCores>
			<requiredMemory>32</requiredMemory>
			<requiredNetworkBandwidth>12</requiredNetworkBandwidth>
		</Cluster>
		<Cluster id="6">
			<id>4</id>
			<requiredCpuCores>3</requiredCpuCores>
			<requiredMemory>2</requiredMemory>
			<requiredNetworkBandwidth>2</requiredNetworkBandwidth>
		</Cluster>
		<Cluster id="7">
			<id>5</id>
			<requiredCpuCores>8</requiredCpuCores>
			<requiredMemory>32</requiredMemory>
			<requiredNetworkBandwidth>4</requiredNetworkBandwidth>
		</Cluster>
		<Cluster id="8">
			<id>6</id>
			<requiredCpuCores>3</requiredCpuCores>
			<requiredMemory>2</requiredMemory>
			<requiredNetworkBandwidth>2</requiredNetworkBandwidth>
		</Cluster>
		<Cluster id="9">
			<id>7</id>
			<requiredCpuCores>3</requiredCpuCores>
			<requiredMemory>2</requiredMemory>
			<requiredNetworkBandwidth>2</requiredNetworkBandwidth>
		</Cluster>
		<Cluster id="10">
			<id>8</id>
			<requiredCpuCores>12</requiredCpuCores>
			<requiredMemory>32</requiredMemory>
			<requiredNetworkBandwidth>16</requiredNetworkBandwidth>
		</Cluster>
		<Cluster id="11">
			<id>9</id>
			<requiredCpuCores>3</requiredCpuCores>
			<requiredMemory>2</requiredMemory>
			<requiredNetworkBandwidth>2</requiredNetworkBandwidth>
		</Cluster>
		<Cluster id="12">
			<id>10</id>
			<requiredCpuCores>12</requiredCpuCores>
			<requiredMemory>32</requiredMemory>
			<requiredNetworkBandwidth>16</requiredNetworkBandwidth>
		</Cluster>
		<Cluster id="13">
			<id>11</id>
			<requiredCpuCores>24</requiredCpuCores>
			<requiredMemory>64</requiredMemory>
			<requiredNetworkBandwidth>20</requiredNetworkBandwidth>
		</Cluster>
		<Cluster id="14">
			<id>12</id>
			<requiredCpuCores>4</requiredCpuCores>
			<requiredMemory>4</requiredMemory>
			<requiredNetworkBandwidth>6</requiredNetworkBandwidth>
		</Cluster>
		<Cluster id="15">
			<id>13</id>
			<requiredCpuCores>3</requiredCpuCores>
			<requiredMemory>4</requiredMemory>
			<requiredNetworkBandwidth>2</requiredNetworkBandwidth>
		</Cluster>
		<Cluster id="16">
			<id>14</id>
			<requiredCpuCores>12</requiredCpuCores>
			<requiredMemory>32</requiredMemory>
			<requiredNetworkBandwidth>12</requiredNetworkBandwidth>
		</Cluster>
		<Cluster id="17">
			<id>15</id>
			<requiredCpuCores>3</requiredCpuCores>
			<requiredMemory>2</requiredMemory>
			<requiredNetworkBandwidth>2</requiredNetworkBandwidth>
		</Cluster>
		<Cluster id="18">
			<id>16</id>
			<requiredCpuCores>8</requiredCpuCores>
			<requiredMemory>16</requiredMemory>
			<requiredNetworkBandwidth>12</requiredNetworkBandwidth>
		</Cluster>
		<Cluster id="19">
			<id>17</id>
			<requiredCpuCores>3</requiredCpuCores>
			<requiredMemory>2</requiredMemory>
			<requiredNetworkBandwidth>2</requiredNetworkBandwidth>
		</Cluster>
		<Cluster id="20">
			<id>18</id>
			<requiredCpuCores>16</requiredCpuCores>
			<requiredMemory>64</requiredMemory>
			<requiredNetworkBandwidth>12</requiredNetworkBandwidth>
		</Cluster>
		<Cluster id="21">
			<id>19</id>
			<requiredCpuCores>16</requiredCpuCores>
			<requiredMemory>96</requiredMemory>
			<requiredNetworkBandwidth>20</requiredNetworkBandwidth>
		</Cluster>
		<Cluster id="22">
			<id>20</id>
			<requiredCpuCores>12</requiredCpuCores>
			<requiredMemory>32</requiredMemory>
			<requiredNetworkBandwidth>8</requiredNetworkBandwidth>
		</Cluster>
		<Cluster id="23">
			<id>21</id>
			<requiredCpuCores>8</requiredCpuCores>
			<requiredMemory>16</requiredMemory>
			<requiredNetworkBandwidth>6</requiredNetworkBandwidth>
		</Cluster>
		<Cluster id="24">
			<id>22</id>
			<requiredCpuCores>4</requiredCpuCores>
			<requiredMemory>4</requiredMemory>
			<requiredNetworkBandwidth>6</requiredNetworkBandwidth>
		</Cluster>
		<Cluster id="25">
			<id>23</id>
			<requiredCpuCores>4</requiredCpuCores>
			<requiredMemory>4</requiredMemory>
			<requiredNetworkBandwidth>8</requiredNetworkBandwidth>
		</Cluster>
		<Cluster id="26">
			<id>24</id>
			<requiredCpuCores>3</requiredCpuCores>
			<requiredMemory>4</requiredMemory>
			<requiredNetworkBandwidth>2</requiredNetworkBandwidth>
		</Cluster>
		<Cluster id="27">
			<id>25</id>
			<requiredCpuCores>16</requiredCpuCores>
			<requiredMemory>64</requiredMemory>
			<requiredNetworkBandwidth>16</requiredNetworkBandwidth>
		</Cluster>
		<Cluster id="28">
			<id>26</id>
			<requiredCpuCores>8</requiredCpuCores>
			<requiredMemory>16</requiredMemory>
			<requiredNetworkBandwidth>8</requiredNetworkBandwidth>
		</Cluster>
		<Cluster id="29">
			<id>27</id>
			<requiredCpuCores>8</requiredCpuCores>
			<requiredMemory>16</requiredMemory>
			<requiredNetworkBandwidth>6</requiredNetworkBandwidth>
		</Cluster>
		<Cluster id="30">
			<id>28</id>
			<requiredCpuCores>8</requiredCpuCores>
			<requiredMemory>16</requiredMemory>
			<requiredNetworkBandwidth>12</requiredNetworkBandwidth>
		</Cluster>
		<Cluster id="31">
			<id>29</id>
			<requiredCpuCores>3</requiredCpuCores>
			<requiredMemory>2</requiredMemory>
			<requiredNetworkBandwidth>2</requiredNetworkBandwidth>
		</Cluster>
		<Cluster id="32">
			<id>30</id>
			<requiredCpuCores>6</requiredCpuCores>
			<requiredMemory>8</requiredMemory>
			<requiredNetworkBandwidth>4</requiredNetworkBandwidth>
		</Cluster>
		<Cluster id="33">
			<id>31</id>
			<requiredCpuCores>16</requiredCpuCores>
			<requiredMemory>96</requiredMemory>
			<requiredNetworkBandwidth>16</requiredNetworkBandwidth>
		</Cluster>
		<Cluster id="34">
			<id>32</id>
			<requiredCpuCores>8</requiredCpuCores>
			<requiredMemory>32</requiredMemory>
			<requiredNetworkBandwidth>8</requiredNetworkBandwidth>
		</Cluster>
		<Cluster id="35">
			<id>33</id>
			<requiredCpuCores>3</requiredCpuCores>
			<requiredMemory>2</requiredMemory>
			<requiredNetworkBandwidth>2</requiredNetworkBandwidth>
		</Cluster>
		<Cluster id="36">
			<id>34</id>
			<requiredCpuCores>3</requiredCpuCores>
			<requiredMemory>2</requiredMemory>
			<requiredNetworkBandwidth>2</requiredNetworkBandwidth>
		</Cluster>
		<Cluster id="37">
			<id>35</id>
			<requiredCpuCores>12</requiredCpuCores>
			<requiredMemory>32</requiredMemory>
			<requiredNetworkBandwidth>8</requiredNetworkBandwidth>
		</Cluster>
		<Cluster id="38">
			<id>36</id>
			<requiredCpuCores>8</requiredCpuCores>
			<requiredMemory>32</requiredMemory>
			<requiredNetworkBandwidth>8</requiredNetworkBandwidth>
		</Cluster>
		<Cluster id="39">
			<id>37</id>
			<requiredCpuCores>6</requiredCpuCores>
			<requiredMemory>4</requiredMemory>
			<requiredNetworkBandwidth>4</requiredNetworkBandwidth>
		</Cluster>
		<Cluster id="40">
			<id>38</id>
			<requiredCpuCores>24</requiredCpuCores>
			<requiredMemory>96</requiredMemory>
			<requiredNetworkBandwidth>20</requiredNetworkBandwidth>
		</Cluster>
		<Cluster id="41">
			<id>39</id>
			<requiredCpuCores>4</requiredCpuCores>
			<requiredMemory>8</requiredMemory>
			<requiredNetworkBandwidth>4</requiredNetworkBandwidth>
		</Cluster>
		<Cluster id="42">
			<id>40</id>
			<requiredCpuCores>4</requiredCpuCores>
			<requiredMemory>4</requiredMemory>
			<requiredNetworkBandwidth>8</requiredNetworkBandwidth>
		</Cluster>
		<Cluster id="43">
			<id>41</id>
			<requiredCpuCores>4</requiredCpuCores>
			<requiredMemory>16</requiredMemory>
			<requiredNetworkBandwidth>4</requiredNetworkBandwidth>
		</Cluster>
		<Cluster id="44">
			<id>42</id>
			<requiredCpuCores>16</requiredCpuCores>
			<requiredMemory>64</requiredMemory>
			<requiredNetworkBandwidth>16</requiredNetworkBandwidth>
		</Cluster>
		<Cluster id="45">
			<id>43</id>
			<requiredCpuCores>12</requiredCpuCores>
			<requiredMemory>16</requiredMemory>
			<requiredNetworkBandwidth>16</requiredNetworkBandwidth>
		</Cluster>
		<Cluster id="46">
			<id>44</id>
			<requiredCpuCores>24</requiredCpuCores>
			<requiredMemory>96</requiredMemory>
			<requiredNetworkBandwidth>20</requiredNetworkBandwidth>
		</Cluster>
		<Cluster id="47">
			<id>45</id>
			<requiredCpuCores>8</requiredCpuCores>
			<requiredMemory>4</requiredMemory>
			<requiredNetworkBandwidth>8</requiredNetworkBandwidth>
		</Cluster>
		<Cluster id="48">
			<id>46</id>
			<requiredCpuCores>3</requiredCpuCores>
			<requiredMemory>2</requiredMemory>
			<requiredNetworkBandwidth>2</requiredNetworkBandwidth>
		</Cluster>
		<Cluster id="49">
			<id>47</id>
			<requiredCpuCores>12</requiredCpuCores>
			<requiredMemory>32</requiredMemory>
			<requiredNetworkBandwidth>6</requiredNetworkBandwidth>
		</Cluster>
		<Cluster id="50">
			<id>48</id>
			<requiredCpuCores>24</requiredCpuCores>
			<requiredMemory>64</requiredMemory>
			<requiredNetworkBandwidth>16</requiredNetworkBandwidth>
		</Cluster>
		<Cluster id="51">
			<id>49</id>
			<requiredCpuCores>16</requiredCpuCores>
			<requiredMemory>96</requiredMemory>
			<requiredNetworkBandwidth>20</requiredNetworkBandwidth>
		</Cluster>
		<Cluster id="52">
			<id>50</id>
			<requiredCpuCores>12</requiredCpuCores>
			<requiredMemory>32</requiredMemory>
			<requiredNetworkBandwidth>8</requiredNetworkBandwidth>
		</Cluster>
		<Cluster id="53">
			<id>51</id>
			<requiredCpuCores>8</requiredCpuCores>
			<requiredMemory>32</requiredMemory>
			<requiredNetworkBandwidth>8</requiredNetworkBandwidth>
		</Cluster>
		<Cluster id="54">
			<id>52</id>
			<requiredCpuCores>6</requiredCpuCores>
			<requiredMemory>2</requiredMemory>
			<requiredNetworkBandwidth>6</requiredNetworkBandwidth>
		</Cluster>
		<Cluster id="55">
			<id>53</id>
			<requiredCpuCores>12</requiredCpuCores>
			<requiredMemory>64</requiredMemory>
			<requiredNetworkBandwidth>16</requiredNetworkBandwidth>
		</Cluster>
		<Cluster id="56">
			<id>54</id>
			<requiredCpuCores>4</requiredCpuCores>
			<requiredMemory>4</requiredMemory>
			<requiredNetworkBandwidth>4</requiredNetworkBandwidth>
		</Cluster>
		<Cluster id="57">
			<id>55</id>
			<requiredCpuCores>3</requiredCpuCores>
			<requiredMemory>4</requiredMemory>
			<requiredNetworkBandwidth>4</requiredNetworkBandwidth>
		</Cluster>
		<Cluster id="58">
			<id>56</id>
			<requiredCpuCores>6</requiredCpuCores>
			<requiredMemory>8</requiredMemory>
			<requiredNetworkBandwidth>6</requiredNetworkBandwidth>
		</Cluster>
		<Cluster id="59">
			<id>57</id>
			<requiredCpuCores>16</requiredCpuCores>
			<requiredMemory>32</requiredMemory>
			<requiredNetworkBandwidth>20</requiredNetworkBandwidth>
		</Cluster>
		<Cluster id="60">
			<id>58</id>
			<requiredCpuCores>4</requiredCpuCores>
			<requiredMemory>4</requiredMemory>
			<requiredNetworkBandwidth>4</requiredNetworkBandwidth>
		</Cluster>
		<Cluster id="61">
			<id>59</id>
			<requiredCpuCores>16</requiredCpuCores>
			<requiredMemory>64</requiredMemory>
			<requiredNetworkBandwidth>16</requiredNetworkBandwidth>
		</Cluster>
		<Cluster id="62">
			<id>60</id>
			<requiredCpuCores>8</requiredCpuCores>
			<requiredMemory>32</requiredMemory>
			<requiredNetworkBandwidth>8</requiredNetworkBandwidth>
		</Cluster>
		<Cluster id="63">
			<id>61</id>
			<requiredCpuCores>24</requiredCpuCores>
			<requiredMemory>96</requiredMemory>
			<requiredNetworkBandwidth>20</requiredNetworkBandwidth>
		</Cluster>
		<Cluster id="64">
			<id>62</id>
			<requiredCpuCores>16</requiredCpuCores>
			<requiredMemory>96</requiredMemory>
			<requiredNetworkBandwidth>16</requiredNetworkBandwidth>
		</Cluster>
		<Cluster id="65">
			<id>63</id>
			<requiredCpuCores>24</requiredCpuCores>
			<requiredMemory>96</requiredMemory>
			<requiredNetworkBandwidth>20</requiredNetworkBandwidth>
		</Cluster>
		<Cluster id="66">
			<id>64</id>
			<requiredCpuCores>12</requiredCpuCores>
			<requiredMemory>32</requiredMemory>
			<requiredNetworkBandwidth>12</requiredNetworkBandwidth>
		</Cluster>
		<Cluster id="67">
			<id>65</id>
			<requiredCpuCores>12</requiredCpuCores>
			<requiredMemory>32</requiredMemory>
			<requiredNetworkBandwidth>12</requiredNetworkBandwidth>
		</Cluster>
		<Cluster id="68">
			<id>66</id>
			<requiredCpuCores>4</requiredCpuCores>
			<requiredMemory>8</requiredMemory>
			<requiredNetworkBandwidth>4</requiredNetworkBandwidth>
		</Cluster>
		<Cluster id="69">
			<id>67</id>
			<requiredCpuCores>4</requiredCpuCores>
			<requiredMemory>4</requiredMemory>
			<requiredNetworkBandwidth>2</requiredNetworkBandwidth>
		</Cluster>
		<Cluster id="70">
			<id>68</id>
			<requiredCpuCores>8</requiredCpuCores>
			<requiredMemory>8</requiredMemory>
			<requiredNetworkBandwidth>8</requiredNetworkBandwidth>
		</Cluster>
		<Cluster id="71">
			<id>69</id>
			<requiredCpuCores>6</requiredCpuCores>
			<requiredMemory>4</requiredMemory>
			<requiredNetworkBandwidth>4</requiredNetworkBandwidth>
		</Cluster>
		<Cluster id="72">
			<id>70</id>
			<requiredCpuCores>3</requiredCpuCores>
			<requiredMemory>2</requiredMemory>
			<requiredNetworkBandwidth>2</requiredNetworkBandwidth>
		</Cluster>
		<Cluster id="73">
			<id>71</id>
			<requiredCpuCores>24</requiredCpuCores>
			<requiredMemory>64</requiredMemory>
			<requiredNetworkBandwidth>20</requiredNetworkBandwidth>
		</Cluster>
		<Cluster id="74">
			<id>72</id>
			<requiredCpuCores>24</requiredCpuCores>
			<requiredMemory>96</requiredMemory>
			<requiredNetworkBandwidth>16</requiredNetworkBandwidth>
		</Cluster>
		<Cluster id="75">
			<id>73</id>
			<requiredCpuCores>3</requiredCpuCores>
			<requiredMemory>2</requiredMemory>
			<requiredNetworkBandwidth>4</requiredNetworkBandwidth>
		</Cluster>
		<Cluster id="76">
			<id>74</id>
			<requiredCpuCores>16</requiredCpuCores>
			<requiredMemory>96</requiredMemory>
			<requiredNetworkBandwidth>20</requiredNetworkBandwidth>
		</Cluster>
		<Cluster id="77">
			<id>75</id>
			<requiredCpuCores>12</requiredCpuCores>
			<requiredMemory>16</requiredMemory>
			<requiredNetworkBandwidth>8</requiredNetworkBandwidth>
		</Cluster>
		<Cluster id="78">
			<id>76</id>
			<requiredCpuCores>16</requiredCpuCores>
			<requiredMemory>64</requiredMemory>
			<requiredNetworkBandwidth>12</requiredNetworkBandwidth>
		</Cluster>
		<Cluster id="79">
			<id>77</id>
			<requiredCpuCores>12</requiredCpuCores>
			<requiredMemory>32</requiredMemory>
			<requiredNetworkBandwidth>12</requiredNetworkBandwidth>
		</Cluster>
		<Cluster id="80">
			<id>78</id>
			<requiredCpuCores>3</requiredCpuCores>
			<requiredMemory>2</requiredMemory>
			<requiredNetworkBandwidth>4</requiredNetworkBandwidth>
		</Cluster>
		<Cluster id="81">
			<id>79</id>
			<requiredCpuCores>6</requiredCpuCores>
			<requiredMemory>8</requiredMemory>
			<requiredNetworkBandwidth>4</requiredNetworkBandwidth>
		</Cluster>
		<Cluster id="82">
			<id>80</id>
			<requiredCpuCores>24</requiredCpuCores>
			<requiredMemory>32</requiredMemory>
			<requiredNetworkBandwidth>20</requiredNetworkBandwidth>
		</Cluster>
		<Cluster id="83">
			<id>81</id>
			<requiredCpuCores>4</requiredCpuCores>
			<requiredMemory>2</requiredMemory>
			<requiredNetworkBandwidth>4</requiredNetworkBandwidth>
		</Cluster>
		<Cluster id="84">
			<id>82</id>
			<requiredCpuCores>3</requiredCpuCores>
			<requiredMemory>2</requiredMemory>
			<requiredNetworkBandwidth>2</requiredNetworkBandwidth>
		</Cluster>
		<Cluster id="85">
			<id>83</id>
			<requiredCpuCores>6</requiredCpuCores>
			<requiredMemory>16</requiredMemory>
			<requiredNetworkBandwidth>8</requiredNetworkBandwidth>
		</Cluster>
		<Cluster id="86">
			<id>84</id>
			<requiredCpuCores>8</requiredCpuCores>
			<requiredMemory>32</requiredMemory>
			<requiredNetworkBandwidth>8</requiredNetworkBandwidth>
		</Cluster>
		<Cluster id="87">
			<id>85</id>
			<requiredCpuCores>24</requiredCpuCores>
			<requiredMemory>64</requiredMemory>
			<requiredNetworkBandwidth>20</requiredNetworkBandwidth>
		</Cluster>
		<Cluster id="88">
			<id>86</id>
			<requiredCpuCores>8</requiredCpuCores>
			<requiredMemory>16</requiredMemory>
			<requiredNetworkBandwidth>12</requiredNetworkBandwidth>
		</Cluster>
		<Cluster id="89">
			<id>87</id>
			<requiredCpuCores>8</requiredCpuCores>
			<requiredMemory>16</requiredMemory>
			<requiredNetworkBandwidth>8</requiredNetworkBandwidth>
		</Cluster>
		<Cluster id="90">
			<id>88</id>
			<requiredCpuCores>16</requiredCpuCores>
			<requiredMemory>64</requiredMemory>
			<requiredNetworkBandwidth>20</requiredNetworkBandwidth>
		</Cluster>
		<Cluster id="91">
			<id>89</id>
			<requiredCpuCores>24</requiredCpuCores>
			<requiredMemory>64</requiredMemory>
			<requiredNetworkBandwidth>16</requiredNetworkBandwidth>
		</Cluster>
		<Cluster id="92">
			<id>90</id>
			<requiredCpuCores>8</requiredCpuCores>
			<requiredMemory>8</requiredMemory>
			<requiredNetworkBandwidth>8</requiredNetworkBandwidth>
		</Cluster>
		<Cluster id="93">
			<id>91</id>
			<requiredCpuCores>8</requiredCpuCores>
			<requiredMemory>32</requiredMemory>
			<requiredNetworkBandwidth>8</requiredNetworkBandwidth>
		</Cluster>
		<Cluster id="94">
			<id>92</id>
			<requiredCpuCores>24</requiredCpuCores>
			<requiredMemory>96</requiredMemory>
			<requiredNetworkBandwidth>20</requiredNetworkBandwidth>
		</Cluster>
		<Cluster id="95">
			<id>93</id>
			<requiredCpuCores>8</requiredCpuCores>
			<requiredMemory>32</requiredMemory>
			<requiredNetworkBandwidth>8</requiredNetworkBandwidth>
		</Cluster>
		<Cluster id="96">
			<id>94</id>
			<requiredCpuCores>3</requiredCpuCores>
			<requiredMemory>2</requiredMemory>
			<requiredNetworkBandwidth>4</requiredNetworkBandwidth>
		</Cluster>
		<Cluster id="97">
			<id>95</id>
			<requiredCpuCores>12</requiredCpuCores>
			<requiredMemory>16</requiredMemory>
			<requiredNetworkBandwidth>6</requiredNetworkBandwidth>
		</Cluster>
		<Cluster id="98">
			<id>96</id>
			<requiredCpuCores>3</requiredCpuCores>
			<requiredMemory>2</requiredMemory>
			<requiredNetworkBandwidth>2</requiredNetworkBandwidth>
		</Cluster>
		<Cluster id="99">
			<id>97</id>
			<requiredCpuCores>4</requiredCpuCores>
			<requiredMemory>8</requiredMemory>
			<requiredNetworkBandwidth>4</requiredNetworkBandwidth>
		</Cluster>
		<Cluster id="100">
			<id>98</id>
			<requiredCpuCores>8</requiredCpuCores>
			<requiredMemory>16</requiredMemory>
			<requiredNetworkBandwidth>8</requiredNetworkBandwidth>
		</Cluster>
		<Cluster id="101">
			<id>99</id>
			<requiredCpuCores>3</requiredCpuCores>
			<requiredMemory>2</requiredMemory>
			<requiredNetworkBandwidth>2</requiredNetworkBandwidth>
		</Cluster>
		<Cluster id="102">
			<id>100</id>
			<requiredCpuCores>16</requiredCpuCores>
			<requiredMemory>64</requiredMemory>
			<requiredNetworkBandwidth>20</requiredNetworkBandwidth>
		</Cluster>
		<Cluster id="103">
			<id>101</id>
			<requiredCpuCores>3</requiredCpuCores>
			<requiredMemory>2</requiredMemory>
			<requiredNetworkBandwidth>2</requiredNetworkBandwidth>
		</Cluster>
		<Cluster id="104">
			<id>102</id>
			<requiredCpuCores>4</requiredCpuCores>
			<requiredMemory>4</requiredMemory>
			<requiredNetworkBandwidth>4</requiredNetworkBandwidth>
		</Cluster>
		<Cluster id="105">
			<id>103</id>
			<requiredCpuCores>24</requiredCpuCores>
			<requiredMemory>96</requiredMemory>
			<requiredNetworkBandwidth>20</requiredNetworkBandwidth>
		</Cluster>
		<Cluster id="106">
			<id>104</id>
			<requiredCpuCores>6</requiredCpuCores>
			<requiredMemory>8</requiredMemory>
			<requiredNetworkBandwidth>6</requiredNetworkBandwidth>
		</Cluster>
		<Cluster id="107">
			<id>105</id>
			<requiredCpuCores>8</requiredCpuCores>
			<requiredMemory>16</requiredMemory>
			<requiredNetworkBandwidth>8</requiredNetworkBandwidth>
		</Cluster>
		<Cluster id="108">
			<id>106</id>
			<requiredCpuCores>16</requiredCpuCores>
			<requiredMemory>64</requiredMemory>
			<requiredNetworkBandwidth>16</requiredNetworkBandwidth>
		</Cluster>
		<Cluster id="109">
			<id>107</id>
			<requiredCpuCores>3</requiredCpuCores>
			<requiredMemory>2</requiredMemory>
			<requiredNetworkBandwidth>2</requiredNetworkBandwidth>
		</Cluster>
		<Cluster id="110">
			<id>108</id>
			<requiredCpuCores>3</requiredCpuCores>
			<requiredMemory>2</requiredMemory>
			<requiredNetworkBandwidth>2</requiredNetworkBandwidth>
		</Cluster>
		<Cluster id="111">
			<id>109</id>
			<requiredCpuCores>24</requiredCpuCores>
			<requiredMemory>64</requiredMemory>
			<requiredNetworkBandwidth>16</requiredNetworkBandwidth>
		</Cluster>
		<Cluster id="112">
			<id>110</id>
			<requiredCpuCores>3</requiredCpuCores>
			<requiredMemory>2</requiredMemory>
			<requiredNetworkBandwidth>4</requiredNetworkBandwidth>
		</Cluster>
		<Cluster id="113">
			<id>111</id>
			<requiredCpuCores>8</requiredCpuCores>
			<requiredMemory>8</requiredMemory>
			<requiredNetworkBandwidth>6</requiredNetworkBandwidth>
		</Cluster>
		<Cluster id="114">
			<id>112</id>
			<requiredCpuCores>12</requiredCpuCores>
			<requiredMemory>64</requiredMemory>
			<requiredNetworkBandwidth>12</requiredNetworkBandwidth>
		</Cluster>
		<Cluster id="115">
			<id>113</id>
			<requiredCpuCores>6</requiredCpuCores>
			<requiredMemory>16</requiredMemory>
			<requiredNetworkBandwidth>4</requiredNetworkBandwidth>
		</Cluster>
		<Cluster id="116">
			<id>114</id>
			<requiredCpuCores>16</requiredCpuCores>
			<requiredMemory>32</requiredMemory>
			<requiredNetworkBandwidth>16</requiredNetworkBandwidth>
		</Cluster>
		<Cluster id="117">
			<id>115</id>
			<requiredCpuCores>8</requiredCpuCores>
			<requiredMemory>16</requiredMemory>
			<requiredNetworkBandwidth>8</requiredNetworkBandwidth>
		</Cluster>
		<Cluster id="118">
			<id>116</id>
			<requiredCpuCores>3</requiredCpuCores>
			<requiredMemory>4</requiredMemory>
			<requiredNetworkBandwidth>2</requiredNetworkBandwidth>
		</Cluster>
		<Cluster id="119">
			<id>117</id>
			<requiredCpuCores>6</requiredCpuCores>
			<requiredMemory>4</requiredMemory>
			<requiredNetworkBandwidth>4</requiredNetworkBandwidth>
		</Cluster>
		<Cluster id="120">
			<id>118</id>
			<requiredCpuCores>6</requiredCpuCores>
			<requiredMemory>8</requiredMemory>
			<requiredNetworkBandwidth>8</requiredNetworkBandwidth>
		</Cluster>
		<Cluster id="121">
			<id>119</id>
			<requiredCpuCores>12</requiredCpuCores>
			<requiredMemory>32</requiredMemory>
			<requiredNetworkBandwidth>16</requiredNetworkBandwidth>
		</Cluster>
		<Cluster id="122">
			<id>120</id>
			<requiredCpuCores>8</requiredCpuCores>
			<requiredMemory>8</requiredMemory>
			<requiredNetworkBandwidth>6</requiredNetworkBandwidth>
		</Cluster>
		<Cluster id="123">
			<id>121</id>
			<requiredCpuCores>12</requiredCpuCores>
			<requiredMemory>32</requiredMemory>
			<requiredNetworkBandwidth>8</requiredNetworkBandwidth>
		</Cluster>
		<Cluster id="124">
			<id>122</id>
			<requiredCpuCores>12</requiredCpuCores>
			<requiredMemory>32</requiredMemory>
			<requiredNetworkBandwidth>12</requiredNetworkBandwidth>
		</Cluster>
		<Cluster id="125">
			<id>123</id>
			<requiredCpuCores>24</requiredCpuCores>
			<requiredMemory>96</requiredMemory>
			<requiredNetworkBandwidth>16</requiredNetworkBandwidth>
		</Cluster>
		<Cluster id="126">
			<id>124</id>
			<requiredCpuCores>4</requiredCpuCores>
			<requiredMemory>2</requiredMemory>
			<requiredNetworkBandwidth>4</requiredNetworkBandwidth>
		</Cluster>
		<Cluster id="127">
			<id>125</id>
			<requiredCpuCores>16</requiredCpuCores>
			<requiredMemory>64</requiredMemory>
			<requiredNetworkBandwidth>16</requiredNetworkBandwidth>
		</Cluster>
		<Cluster id="128">
			<id>126</id>
			<requiredCpuCores>6</requiredCpuCores>
			<requiredMemory>8</requiredMemory>
			<requiredNetworkBandwidth>4</requiredNetworkBandwidth>
		</Cluster>
		<Cluster id="129">
			<id>127</id>
			<requiredCpuCores>12</requiredCpuCores>
			<requiredMemory>32</requiredMemory>
			<requiredNetworkBandwidth>16</requiredNetworkBandwidth>
		</Cluster>
		<Cluster id="130">
			<id>128</id>
			<requiredCpuCores>8</requiredCpuCores>
			<requiredMemory>32</requiredMemory>
			<requiredNetworkBandwidth>8</requiredNetworkBandwidth>
		</Cluster>
		<Cluster id="131">
			<id>129</id>
			<requiredCpuCores>6</requiredCpuCores>
			<requiredMemory>16</requiredMemory>
			<requiredNetworkBandwidth>8</requiredNetworkBandwidth>
		</Cluster>
		<Cluster id="132">
			<id>130</id>
			<requiredCpuCores>6</requiredCpuCores>
			<requiredMemory>16</requiredMemory>
			<requiredNetworkBandwidth>4</requiredNetworkBandwidth>
		</Cluster>
		<Cluster id="133">
			<id>131</id>
			<requiredCpuCores>8</requiredCpuCores>
			<requiredMemory>8</requiredMemory>
			<requiredNetworkBandwidth>8</requiredNetworkBandwidth>
		</Cluster>
		<Cluster id="134">
			<id>132</id>
			<requiredCpuCores>8</requiredCpuCores>
			<requiredMemory>4</requiredMemory>
			<requiredNetworkBandwidth>6</requiredNetworkBandwidth>
		</Cluster>
		<Cluster id="135">
			<id>133</id>
			<requiredCpuCores>4</requiredCpuCores>
			<requiredMemory>2</requiredMemory>
			<requiredNetworkBandwidth>4</requiredNetworkBandwidth>
		</Cluster>
		<Cluster id="136">
			<id>134</id>
			<requiredCpuCores>3</requiredCpuCores>
			<requiredMemory>4</requiredMemory>
			<requiredNetworkBandwidth>2</requiredNetworkBandwidth>
		</Cluster>
		<Cluster id="137">
			<id>135</id>
			<requiredCpuCores>24</requiredCpuCores>
			<requiredMemory>16</requiredMemory>
			<requiredNetworkBandwidth>16</requiredNetworkBandwidth>
		</Cluster>
		<Cluster id="138">
			<id>136</id>
			<requiredCpuCores>8</requiredCpuCores>
			<requiredMemory>16</requiredMemory>
			<requiredNetworkBandwidth>6</requiredNetworkBandwidth>
		</Cluster>
		<Cluster id="139">
			<id>137</id>
			<requiredCpuCores>16</requiredCpuCores>
			<requiredMemory>32</requiredMemory>
			<requiredNetworkBandwidth>16</requiredNetworkBandwidth>
		</Cluster>
		<Cluster id="140">
			<id>138</id>
			<requiredCpuCores>4</requiredCpuCores>
			<requiredMemory>8</requiredMemory>
			<requiredNetworkBandwidth>4</requiredNetworkBandwidth>
		</Cluster>
		<Cluster id="141">
			<id>139</id>
			<requiredCpuCores>24</requiredCpuCores>
			<requiredMemory>96</requiredMemory>
			<requiredNetworkBandwidth>16</requiredNetworkBandwidth>
		</Cluster>
		<Cluster id="142">
			<id>140</id>
			<requiredCpuCores>12</requiredCpuCores>
			<requiredMemory>16</requiredMemory>
			<requiredNetworkBandwidth>16</requiredNetworkBandwidth>
		</Cluster>
		<Cluster id="143">
			<id>141</id>
			<requiredCpuCores>8</requiredCpuCores>
			<requiredMemory>32</requiredMemory>
			<requiredNetworkBandwidth>8</requiredNetworkBandwidth>
		</Cluster>
		<Cluster id="144">
			<id>142</id>
			<requiredCpuCores>6</requiredCpuCores>
			<requiredMemory>4</requiredMemory>
			<requiredNetworkBandwidth>8</requiredNetworkBandwidth>
		</Cluster>
		<Cluster id="145">
			<id>143</id>
			<requiredCpuCores>4</requiredCpuCores>
			<requiredMemory>4</requiredMemory>
			<requiredNetworkBandwidth>2</requiredNetworkBandwidth>
		</Cluster>
		<Cluster id="146">
			<id>144</id>
			<requiredCpuCores>6</requiredCpuCores>
			<requiredMemory>8</requiredMemory>
			<requiredNetworkBandwidth>4</requiredNetworkBandwidth>
		</Cluster>
		<Cluster id="147">
			<id>145</id>
			<requiredCpuCores>6</requiredCpuCores>
			<requiredMemory>8</requiredMemory>
			<requiredNetworkBandwidth>6</requiredNetworkBandwidth>
		</Cluster>
		<Cluster id="148">
			<id>146</id>
			<requiredCpuCores>24</requiredCpuCores>
			<requiredMemory>96</requiredMemory>
			<requiredNetworkBandwidth>16</requiredNetworkBandwidth>
		</Cluster>
		<Cluster id="149">
			<id>147</id>
			<requiredCpuCores>6</requiredCpuCores>
			<requiredMemory>8</requiredMemory>
			<requiredNetworkBandwidth>4</requiredNetworkBandwidth>
		</Cluster>
		<Cluster id="150">
			<id>148</id>
			<requiredCpuCores>6</requiredCpuCores>
			<requiredMemory>16</requiredMemory>
			<requiredNetworkBandwidth>6</requiredNetworkBandwidth>
		</Cluster>
		<Cluster id="151">
			<id>149</id>
			<requiredCpuCores>3</requiredCpuCores>
			<requiredMemory>2</requiredMemory>
			<requiredNetworkBandwidth>2</requiredNetworkBandwidth>
		</Cluster>
		<Cluster id="152">
			<id>150</id>
			<requiredCpuCores>12</requiredCpuCores>
			<requiredMemory>32</requiredMemory>
			<requiredNetworkBandwidth>8</requiredNetworkBandwidth>
		</Cluster>
		<Cluster id="153">
			<id>151</id>
			<requiredCpuCores>16</requiredCpuCores>
			<requiredMemory>64</requiredMemory>
			<requiredNetworkBandwidth>20</requiredNetworkBandwidth>
		</Cluster>
		<Cluster id="154">
			<id>152</id>
			<requiredCpuCores>12</requiredCpuCores>
			<requiredMemory>32</requiredMemory>
			<requiredNetworkBandwidth>12</requiredNetworkBandwidth>
		</Cluster>
		<Cluster id="155">
			<id>153</id>
			<requiredCpuCores>12</requiredCpuCores>
			<requiredMemory>32</requiredMemory>
			<requiredNetworkBandwidth>12</requiredNetworkBandwidth>
		</Cluster>
		<Cluster id="156">
			<id>154</id>
			<requiredCpuCores>3</requiredCpuCores>
			<requiredMemory>2</requiredMemory>
			<requiredNetworkBandwidth>2</requiredNetworkBandwidth>
		</Cluster>
		<Cluster id="157">
			<id>155</id>
			<requiredCpuCores>8</requiredCpuCores>
			<requiredMemory>16</requiredMemory>
			<requiredNetworkBandwidth>8</requiredNetworkBandwidth>
		</Cluster>
		<Cluster id="158">
			<id>156</id>
			<requiredCpuCores>8</requiredCpuCores>
			<requiredMemory>16</requiredMemory>
			<requiredNetworkBandwidth>8</requiredNetworkBandwidth>
		</Cluster>
		<Cluster id="159">
			<id>157</id>
			<requiredCpuCores>6</requiredCpuCores>
			<requiredMemory>8</requiredMemory>
			<requiredNetworkBandwidth>4</requiredNetworkBandwidth>
		</Cluster>
		<Cluster id="160">
			<id>158</id>
			<requiredCpuCores>6</requiredCpuCores>
			<requiredMemory>4</requiredMemory>
			<requiredNetworkBandwidth>8</requiredNetworkBandwidth>
		</Cluster>
		<Cluster id="161">
			<id>159</id>
			<requiredCpuCores>12</requiredCpuCores>
			<requiredMemory>32</requiredMemory>
			<requiredNetworkBandwidth>12</requiredNetworkBandwidth>
		</Cluster>
		<Cluster id="162">
			<id>160</id>
			<requiredCpuCores>8</requiredCpuCores>
			<requiredMemory>16</requiredMemory>
			<requiredNetworkBandwidth>6</requiredNetworkBandwidth>
		</Cluster>
		<Cluster id="163">
			<id>161</id>
			<requiredCpuCores>3</requiredCpuCores>
			<requiredMemory>2</requiredMemory>
			<requiredNetworkBandwidth>2</requiredNetworkBandwidth>
		</Cluster>
		<Cluster id="164">
			<id>162</id>
			<requiredCpuCores>16</requiredCpuCores>
			<requiredMemory>64</requiredMemory>
			<requiredNetworkBandwidth>20</requiredNetworkBandwidth>
		</Cluster>
		<Cluster id="165">
			<id>163</id>
			<requiredCpuCores>6</requiredCpuCores>
			<requiredMemory>8</requiredMemory>
			<requiredNetworkBandwidth>6</requiredNetworkBandwidth>
		</Cluster>
		<Cluster id="166">
			<id>164</id>
			<requiredCpuCores>6</requiredCpuCores>
			<requiredMemory>16</requiredMemory>
			<requiredNetworkBandwidth>4</requiredNetworkBandwidth>
		</Cluster>
		<Cluster id="167">
			<id>165</id>
			<requiredCpuCores>8</requiredCpuCores>
			<requiredMemory>16</requiredMemory>
			<requiredNetworkBandwidth>12</requiredNetworkBandwidth>
		</Cluster>
		<Cluster id="168">
			<id>166</id>
			<requiredCpuCores>16</requiredCpuCores>
			<requiredMemory>64</requiredMemory>
			<requiredNetworkBandwidth>16</requiredNetworkBandwidth>
		</Cluster>
		<Cluster id="169">
			<id>167</id>
			<requiredCpuCores>4</requiredCpuCores>
			<requiredMemory>2</requiredMemory>
			<requiredNetworkBandwidth>2</requiredNetworkBandwidth>
		</Cluster>
		<Cluster id="170">
			<id>168</id>
			<requiredCpuCores>4</requiredCpuCores>
			<requiredMemory>4</requiredMemory>
			<requiredNetworkBandwidth>4</requiredNetworkBandwidth>
		</Cluster>
		<Cluster id="171">
			<id>169</id>
			<requiredCpuCores>12</requiredCpuCores>
			<requiredMemory>64</requiredMemory>
			<requiredNetworkBandwidth>12</requiredNetworkBandwidth>
		</Cluster>
		<Cluster id="172">
			<id>170</id>
			<requiredCpuCores>6</requiredCpuCores>
			<requiredMemory>32</requiredMemory>
			<requiredNetworkBandwidth>4</requiredNetworkBandwidth>
		</Cluster>
		<Cluster id="173">
			<id>171</id>
			<requiredCpuCores>12</requiredCpuCores>
			<requiredMemory>32</requiredMemory>
			<requiredNetworkBandwidth>20</requiredNetworkBandwidth>
		</Cluster>
		<Cluster id="174">
			<id>172</id>
			<requiredCpuCores>4</requiredCpuCores>
			<requiredMemory>4</requiredMemory>
			<requiredNetworkBandwidth>4</requiredNetworkBandwidth>
		</Cluster>
		<Cluster id="175">
			<id>173</id>
			<requiredCpuCores>8</requiredCpuCores>
			<requiredMemory>8</requiredMemory>
			<requiredNetworkBandwidth>6</requiredNetworkBandwidth>
		</Cluster>
		<Cluster id="176">
			<id>174</id>
			<requiredCpuCores>6</requiredCpuCores>
			<requiredMemory>16</requiredMemory>
			<requiredNetworkBandwidth>6</requiredNetworkBandwidth>
		</Cluster>
		<Cluster id="177">
			<id>175</id>
			<requiredCpuCores>16</requiredCpuCores>
			<requiredMemory>96</requiredMemory>
			<requiredNetworkBandwidth>12</requiredNetworkBandwidth>
		</Cluster>
		<Cluster id="178">
			<id>176</id>
			<requiredCpuCores>8</requiredCpuCores>
			<requiredMemory>8</requiredMemory>
			<requiredNetworkBandwidth>8</requiredNetworkBandwidth>
		</Cluster>
		<Cluster id="179">
			<id>177</id>
			<requiredCpuCores>16</requiredCpuCores>
			<requiredMemory>64</requiredMemory>
			<requiredNetworkBandwidth>16</requiredNetworkBandwidth>
		</Cluster>
		<Cluster id="180">
			<id>178</id>
			<requiredCpuCores>4</requiredCpuCores>
			<requiredMemory>8</requiredMemory>
			<requiredNetworkBandwidth>6</requiredNetworkBandwidth>
		</Cluster>
		<Cluster id="181">
			<id>179</id>
			<requiredCpuCores>16</requiredCpuCores>
			<requiredMemory>32</requiredMemory>
			<requiredNetworkBandwidth>12</requiredNetworkBandwidth>
		</Cluster>
		<Cluster id="182">
			<id>180</id>
			<requiredCpuCores>6</requiredCpuCores>
			<requiredMemory>8</requiredMemory>
			<requiredNetworkBandwidth>6</requiredNetworkBandwidth>
		</Cluster>
		<Cluster id="183">
			<id>181</id>
			<requiredCpuCores>16</requiredCpuCores>
			<requiredMemory>96</requiredMemory>
			<requiredNetworkBandwidth>20</requiredNetworkBandwidth>
		</Cluster>
		<Cluster id="184">
			<id>182</id>
			<requiredCpuCores>16</requiredCpuCores>
			<requiredMemory>96</requiredMemory>
			<requiredNetworkBandwidth>20</requiredNetworkBandwidth>
		</Cluster>
		<Cluster id="185">
			<id>183</id>
			<requiredCpuCores>12</requiredCpuCores>
			<requiredMemory>32</requiredMemory>
			<requiredNetworkBandwidth>16</requiredNetworkBandwidth>
		</Cluster>
		<Cluster id="186">
			<id>184</id>
			<requiredCpuCores>12</requiredCpuCores>
			<requiredMemory>32</requiredMemory>
			<requiredNetworkBandwidth>8</requiredNetworkBandwidth>
		</Cluster>
		<Cluster id="187">
			<id>185</id>
			<requiredCpuCores>24</requiredCpuCores>
			<requiredMemory>96</requiredMemory>
			<requiredNetworkBandwidth>12</requiredNetworkBandwidth>
		</Cluster>
		<Cluster id="188">
			<id>186</id>
			<requiredCpuCores>12</requiredCpuCores>
			<requiredMemory>32</requiredMemory>
			<requiredNetworkBandwidth>12</requiredNetworkBandwidth>
		</Cluster>
		<Cluster id="189">
			<id>187</id>
			<requiredCpuCores>16</requiredCpuCores>
			<requiredMemory>96</requiredMemory>
			<requiredNetworkBandwidth>20</requiredNetworkBandwidth>
		</Cluster>
		<Cluster id="190">
			<id>188</id>
			<requiredCpuCores>8</requiredCpuCores>
			<requiredMemory>16</requiredMemory>
			<requiredNetworkBandwidth>16</requiredNetworkBandwidth>
		</Cluster>
		<Cluster id="191">
			<id>189</id>
			<requiredCpuCores>12</requiredCpuCores>
			<requiredMemory>96</requiredMemory>
			<requiredNetworkBandwidth>16</requiredNetworkBandwidth>
		</Cluster>
		<Cluster id="192">
			<id>190</id>
			<requiredCpuCores>8</requiredCpuCores>
			<requiredMemory>16</requiredMemory>
			<requiredNetworkBandwidth>8</requiredNetworkBandwidth>
		</Cluster>
		<Cluster id="193">
			<id>191</id>
			<requiredCpuCores>24</requiredCpuCores>
			<requiredMemory>96</requiredMemory>
			<requiredNetworkBandwidth>16</requiredNetworkBandwidth>
		</Cluster>
		<Cluster id="194">
			<id>192</id>
			<requiredCpuCores>12</requiredCpuCores>
			<requiredMemory>8</requiredMemory>
			<requiredNetworkBandwidth>6</requiredNetworkBandwidth>
		</Cluster>
		<Cluster id="195">
			<id>193</id>
			<requiredCpuCores>4</requiredCpuCores>
			<requiredMemory>8</requiredMemory>
			<requiredNetworkBandwidth>6</requiredNetworkBandwidth>
		</Cluster>
		<Cluster id="196">
			<id>194</id>
			<requiredCpuCores>4</requiredCpuCores>
			<requiredMemory>8</requiredMemory>
			<requiredNetworkBandwidth>6</requiredNetworkBandwidth>
		</Cluster>
		<Cluster id="197">
			<id>195</id>
			<requiredCpuCores>24</requiredCpuCores>
			<requiredMemory>64</requiredMemory>
			<requiredNetworkBandwidth>16</requiredNetworkBandwidth>
		</Cluster>
		<Cluster id="198">
			<id>196</id>
			<requiredCpuCores>4</requiredCpuCores>
			<requiredMemory>4</requiredMemory>
			<requiredNetworkBandwidth>4</requiredNetworkBandwidth>
		</Cluster>
		<Cluster id="199">
			<id>197</id>
			<requiredCpuCores>12</requiredCpuCores>
			<requiredMemory>16</requiredMemory>
			<requiredNetworkBandwidth>16</requiredNetworkBandwidth>
		</Cluster>
		<Cluster id="200">
			<id>198</id>
			<requiredCpuCores>16</requiredCpuCores>
			<requiredMemory>64</requiredMemory>
			<requiredNetworkBandwidth>20</requiredNetworkBandwidth>
		</Cluster>
		<Cluster id="201">
			<id>199</id>
			<requiredCpuCores>4</requiredCpuCores>
			<requiredMemory>2</requiredMemory>
			<requiredNetworkBandwidth>4</requiredNetworkBandwidth>
		</Cluster>
		<Cluster id="202">
			<id>200</id>
			<requiredCpuCores>16</requiredCpuCores>
			<requiredMemory>96</requiredMemory>
			<requiredNetworkBandwidth>20</requiredNetworkBandwidth>
		</Cluster>
		<Cluster id="203">
			<id>201</id>
			<requiredCpuCores>16</requiredCpuCores>
			<requiredMemory>96</requiredMemory>
			<requiredNetworkBandwidth>16</requiredNetworkBandwidth>
		</Cluster>
		<Cluster id="204">
			<id>202</id>
			<requiredCpuCores>3</requiredCpuCores>
			<requiredMemory>2</requiredMemory>
			<requiredNetworkBandwidth>2</requiredNetworkBandwidth>
		</Cluster>
		<Cluster id="205">
			<id>203</id>
			<requiredCpuCores>16</requiredCpuCores>
			<requiredMemory>64</requiredMemory>
			<requiredNetworkBandwidth>12</requiredNetworkBandwidth>
		</Cluster>
		<Cluster id="206">
			<id>204</id>
			<requiredCpuCores>3</requiredCpuCores>
			<requiredMemory>2</requiredMemory>
			<requiredNetworkBandwidth>2</requiredNetworkBandwidth>
		</Cluster>
		<Cluster id="207">
			<id>205</id>
			<requiredCpuCores>24</requiredCpuCores>
			<requiredMemory>32</requiredMemory>
			<requiredNetworkBandwidth>16</requiredNetworkBandwidth>
		</Cluster>
		<Cluster id="208">
			<id>206</id>
			<requiredCpuCores>8</requiredCpuCores>
			<requiredMemory>8</requiredMemory>
			<requiredNetworkBandwidth>8</requiredNetworkBandwidth>
		</Cluster>
		<Cluster id="209">
			<id>207</id>
			<requiredCpuCores>3</requiredCpuCores>
			<requiredMemory>4</requiredMemory>
			<requiredNetworkBandwidth>2</requiredNetworkBandwidth>
		</Cluster>
		<Cluster id="210">
			<id>208</id>
			<requiredCpuCores>3</requiredCpuCores>
			<requiredMemory>2</requiredMemory>
			<requiredNetworkBandwidth>2</requiredNetworkBandwidth>
		</Cluster>
		<Cluster id="211">
			<id>209</id>
			<requiredCpuCores>24</requiredCpuCores>
			<requiredMemory>96</requiredMemory>
			<requiredNetworkBandwidth>20</requiredNetworkBandwidth>
		</Cluster>
		<Cluster id="212">
			<id>210</id>
			<requiredCpuCores>6</requiredCpuCores>
			<requiredMemory>8</requiredMemory>
			<requiredNetworkBandwidth>6</requiredNetworkBandwidth>
		</Cluster>
		<Cluster id="213">
			<id>211</id>
			<requiredCpuCores>3</requiredCpuCores>
			<requiredMemory>4</requiredMemory>
			<requiredNetworkBandwidth>2</requiredNetworkBandwidth>
		</Cluster>
		<Cluster id="214">
			<id>212</id>
			<requiredCpuCores>24</requiredCpuCores>
			<requiredMemory>96</requiredMemory>
			<requiredNetworkBandwidth>20</requiredNetworkBandwidth>
		</Cluster>
		<Cluster id="215">
			<id>213</id>
			<requiredCpuCores>6</requiredCpuCores>
			<requiredMemory>8</requiredMemory>
			<requiredNetworkBandwidth>6</requiredNetworkBandwidth>
		</Cluster>
		<Cluster id="216">
			<id>214</id>
			<requiredCpuCores>24</requiredCpuCores>
			<requiredMemory>96</requiredMemory>
			<requiredNetworkBandwidth>20</requiredNetworkBandwidth>
		</Cluster>
		<Cluster id="217">
			<id>215</id>
			<requiredCpuCores>8</requiredCpuCores>
			<requiredMemory>32</requiredMemory>
			<requiredNetworkBandwidth>8</requiredNetworkBandwidth>
		</Cluster>
		<Cluster id="218">
			<id>216</id>
			<requiredCpuCores>8</requiredCpuCores>
			<requiredMemory>16</requiredMemory>
			<requiredNetworkBandwidth>12</requiredNetworkBandwidth>
		</Cluster>
		<Cluster id="219">
			<id>217</id>
			<requiredCpuCores>6</requiredCpuCores>
			<requiredMemory>8</requiredMemory>
			<requiredNetworkBandwidth>6</requiredNetworkBandwidth>
		</Cluster>
		<Cluster id="220">
			<id>218</id>
			<requiredCpuCores>8</requiredCpuCores>
			<requiredMemory>32</requiredMemory>
			<requiredNetworkBandwidth>6</requiredNetworkBandwidth>
		</Cluster>
		<Cluster id="221">
			<id>219</id>
			<requiredCpuCores>8</requiredCpuCores>
			<requiredMemory>8</requiredMemory>
			<requiredNetworkBandwidth>6</requiredNetworkBandwidth>
		</Cluster>
		<Cluster id="222">
			<id>220</id>
			<requiredCpuCores>6</requiredCpuCores>
			<requiredMemory>16</requiredMemory>
			<requiredNetworkBandwidth>6</requiredNetworkBandwidth>
		</Cluster>
		<Cluster id="223">
			<id>221</id>
			<requiredCpuCores>8</requiredCpuCores>
			<requiredMemory>16</requiredMemory>
			<requiredNetworkBandwidth>8</requiredNetworkBandwidth>
		</Cluster>
		<Cluster id="224">
			<id>222</id>
			<requiredCpuCores>24</requiredCpuCores>
			<requiredMemory>96</requiredMemory>
			<requiredNetworkBandwidth>20</requiredNetworkBandwidth>
		</Cluster>
		<Cluster id="225">
			<id>223</id>
			<requiredCpuCores>6</requiredCpuCores>
			<requiredMemory>8</requiredMemory>
			<requiredNetworkBandwidth>6</requiredNetworkBandwidth>
		</Cluster>
		<Cluster id="226">
			<id>224</id>
			<requiredCpuCores>16</requiredCpuCores>
			<requiredMemory>64</requiredMemory>
			<requiredNetworkBandwidth>16</requiredNetworkBandwidth>
		</Cluster>
		<Cluster id="227">
			<id>225</id>
			<requiredCpuCores>16</requiredCpuCores>
			<requiredMemory>64</requiredMemory>
			<requiredNetworkBandwidth>20</requiredNetworkBandwidth>
		</Cluster>
		<Cluster id="228">
			<id>226</id>
			<requiredCpuCores>12</requiredCpuCores>
			<requiredMemory>32</requiredMemory>
			<requiredNetworkBandwidth>8</requiredNetworkBandwidth>
		</Cluster>
		<Cluster id="229">
			<id>227</id>
			<requiredCpuCores>16</requiredCpuCores>
			<requiredMemory>96</requiredMemory>
			<requiredNetworkBandwidth>12</requiredNetworkBandwidth>
		</Cluster>
		<Cluster id="230">
			<id>228</id>
			<requiredCpuCores>8</requiredCpuCores>
			<requiredMemory>32</requiredMemory>
			<requiredNetworkBandwidth>8</requiredNetworkBandwidth>
		</Cluster>
		<Cluster id="231">
			<id>229</id>
			<requiredCpuCores>8</requiredCpuCores>
			<requiredMemory>8</requiredMemory>
			<requiredNetworkBandwidth>8</requiredNetworkBandwidth>
		</Cluster>
		<Cluster id="232">
			<id>230</id>
			<requiredCpuCores>16</requiredCpuCores>
			<requiredMemory>64</requiredMemory>
			<requiredNetworkBandwidth>12</requiredNetworkBandwidth>
		</Cluster>
		<Cluster id="233">
			<id>231</id>
			<requiredCpuCores>3</requiredCpuCores>
			<requiredMemory>2</requiredMemory>
			<requiredNetworkBandwidth>2</requiredNetworkBandwidth>
		</Cluster>
		<Cluster id="234">
			<id>232</id>
			<requiredCpuCores>8</requiredCpuCores>
			<requiredMemory>16</requiredMemory>
			<requiredNetworkBandwidth>6</requiredNetworkBandwidth>
		</Cluster>
		<Cluster id="235">
			<id>233</id>
			<requiredCpuCores>4</requiredCpuCores>
			<requiredMemory>2</requiredMemory>
			<requiredNetworkBandwidth>2</requiredNetworkBandwidth>
		</Cluster>
		<Cluster id="236">
			<id>234</id>
			<requiredCpuCores>24</requiredCpuCores>
			<requiredMemory>96</requiredMemory>
			<requiredNetworkBandwidth>20</requiredNetworkBandwidth>
		</Cluster>
		<Cluster id="237">
			<id>235</id>
			<requiredCpuCores>12</requiredCpuCores>
			<requiredMemory>32</requiredMemory>
			<requiredNetworkBandwidth>12</requiredNetworkBandwidth>
		</Cluster>
		<Cluster id="238">
			<id>236</id>
			<requiredCpuCores>6</requiredCpuCores>
			<requiredMemory>8</requiredMemory>
			<requiredNetworkBandwidth>6</requiredNetworkBandwidth>
		</Cluster>
		<Cluster id="239">
			<id>237</id>
			<requiredCpuCores>6</requiredCpuCores>
			<requiredMemory>16</requiredMemory>
			<requiredNetworkBandwidth>4</requiredNetworkBandwidth>
		</Cluster>
		<Cluster id="240">
			<id>238</id>
			<requiredCpuCores>3</requiredCpuCores>
			<requiredMemory>4</requiredMemory>
			<requiredNetworkBandwidth>2</requiredNetworkBandwidth>
		</Cluster>
		<Cluster id="241">
			<id>239</id>
			<requiredCpuCores>16</requiredCpuCores>
			<requiredMemory>64</requiredMemory>
			<requiredNetworkBandwidth>20</requiredNetworkBandwidth>
		</Cluster>
		<Cluster id="242">
			<id>240</id>
			<requiredCpuCores>8</requiredCpuCores>
			<requiredMemory>32</requiredMemory>
			<requiredNetworkBandwidth>8</requiredNetworkBandwidth>
		</Cluster>
		<Cluster id="243">
			<id>241</id>
			<requiredCpuCores>6</requiredCpuCores>
			<requiredMemory>4</requiredMemory>
			<requiredNetworkBandwidth>6</requiredNetworkBandwidth>
		</Cluster>
		<Cluster id="244">
			<id>242</id>
			<requiredCpuCores>4</requiredCpuCores>
			<requiredMemory>8</requiredMemory>
			<requiredNetworkBandwidth>4</requiredNetworkBandwidth>
		</Cluster>
		<Cluster id="245">
			<id>243</id>
			<requiredCpuCores>16</requiredCpuCores>
			<requiredMemory>64</requiredMemory>
			<requiredNetworkBandwidth>20</requiredNetworkBandwidth>
		</Cluster>
		<Cluster id="246">
			<id>244</id>
			<requiredCpuCores>24</requiredCpuCores>
			<requiredMemory>96</requiredMemory>
			<requiredNetworkBandwidth>16</requiredNetworkBandwidth>
		</Cluster>
		<Cluster id="247">
			<id>245</id>
			<requiredCpuCores>24</requiredCpuCores>
			<requiredMemory>96</requiredMemory>
			<requiredNetworkBandwidth>20</requiredNetworkBandwidth>
		</Cluster>
		<Cluster id="248">
			<id>246</id>
			<requiredCpuCores>12</requiredCpuCores>
			<requiredMemory>64</requiredMemory>
			<requiredNetworkBandwidth>6</requiredNetworkBandwidth>
		</Cluster>
		<Cluster id="249">
			<id>247</id>
			<requiredCpuCores>8</requiredCpuCores>
			<requiredMemory>8</requiredMemory>
			<requiredNetworkBandwidth>8</requiredNetworkBandwidth>
		</Cluster>
		<Cluster id="250">
			<id>248</id>
			<requiredCpuCores>6</requiredCpuCores>
			<requiredMemory>32</requiredMemory>
			<requiredNetworkBandwidth>2</requiredNetworkBandwidth>
		</Cluster>
		<Cluster id="251">
			<id>249</id>
			<requiredCpuCores>16</requiredCpuCores>
			<requiredMemory>64</requiredMemory>
			<requiredNetworkBandwidth>16</requiredNetworkBandwidth>
		</Cluster>
		<Cluster id="252">
			<id>250</id>
			<requiredCpuCores>6</requiredCpuCores>
			<requiredMemory>16</requiredMemory>
			<requiredNetworkBandwidth>6</requiredNetworkBandwidth>
		</Cluster>
		<Cluster id="253">
			<id>251</id>
			<requiredCpuCores>6</requiredCpuCores>
			<requiredMemory>4</requiredMemory>
			<requiredNetworkBandwidth>8</requiredNetworkBandwidth>
		</Cluster>
		<Cluster id="254">
			<id>252</id>
			<requiredCpuCores>16</requiredCpuCores>
			<requiredMemory>64</requiredMemory>
			<requiredNetworkBandwidth>16</requiredNetworkBandwidth>
		</Cluster>
		<Cluster id="255">
			<id>253</id>
			<requiredCpuCores>3</requiredCpuCores>
			<requiredMemory>2</requiredMemory>
			<requiredNetworkBandwidth>2</requiredNetworkBandwidth>
		</Cluster>
		<Cluster id="256">
			<id>254</id>
			<requiredCpuCores>24</requiredCpuCores>
			<requiredMemory>96</requiredMemory>
			<requiredNetworkBandwidth>20</requiredNetworkBandwidth>
		</Cluster>
		<Cluster id="257">
			<id>255</id>
			<requiredCpuCores>6</requiredCpuCores>
			<requiredMemory>8</requiredMemory>
			<requiredNetworkBandwidth>6</requiredNetworkBandwidth>
		</Cluster>
		<Cluster id="258">
			<id>256</id>
			<requiredCpuCores>3</requiredCpuCores>
			<requiredMemory>4</requiredMemory>
			<requiredNetworkBandwidth>2</requiredNetworkBandwidth>
		</Cluster>
		<Cluster id="259">
			<id>257</id>
			<requiredCpuCores>8</requiredCpuCores>
			<requiredMemory>16</requiredMemory>
			<requiredNetworkBandwidth>8</requiredNetworkBandwidth>
		</Cluster>
		<Cluster id="260">
			<id>258</id>
			<requiredCpuCores>6</requiredCpuCores>
			<requiredMemory>32</requiredMemory>
			<requiredNetworkBandwidth>4</requiredNetworkBandwidth>
		</Cluster>
		<Cluster id="261">
			<id>259</id>
			<requiredCpuCores>4</requiredCpuCores>
			<requiredMemory>8</requiredMemory>
			<requiredNetworkBandwidth>4</requiredNetworkBandwidth>
		</Cluster>
		<Cluster id="262">
			<id>260</id>
			<requiredCpuCores>24</requiredCpuCores>
			<requiredMemory>64</requiredMemory>
			<requiredNetworkBandwidth>20</requiredNetworkBandwidth>
		</Cluster>
		<Cluster id="263">
			<id>261</id>
			<requiredCpuCores>4</requiredCpuCores>
			<requiredMemory>2</requiredMemory>
			<requiredNetworkBandwidth>6</requiredNetworkBandwidth>
		</Cluster>
		<Cluster id="264">
			<id>262</id>
			<requiredCpuCores>16</requiredCpuCores>
			<requiredMemory>96</requiredMemory>
			<requiredNetworkBandwidth>12</requiredNetworkBandwidth>
		</Cluster>
		<Cluster id="265">
			<id>263</id>
			<requiredCpuCores>4</requiredCpuCores>
			<requiredMemory>2</requiredMemory>
			<requiredNetworkBandwidth>4</requiredNetworkBandwidth>
		</Cluster>
		<Cluster id="266">
			<id>264</id>
			<requiredCpuCores>8</requiredCpuCores>
			<requiredMemory>8</requiredMemory>
			<requiredNetworkBandwidth>12</requiredNetworkBandwidth>
		</Cluster>
		<Cluster id="267">
			<id>265</id>
			<requiredCpuCores>8</requiredCpuCores>
			<requiredMemory>16</requiredMemory>
			<requiredNetworkBandwidth>12</requiredNetworkBandwidth>
		</Cluster>
		<Cluster id="268">
			<id>266</id>
			<requiredCpuCores>8</requiredCpuCores>
			<requiredMemory>32</requiredMemory>
			<requiredNetworkBandwidth>12</requiredNetworkBandwidth>
		</Cluster>
		<Cluster id="269">
			<id>267</id>
			<requiredCpuCores>4</requiredCpuCores>
			<requiredMemory>2</requiredMemory>
			<requiredNetworkBandwidth>2</requiredNetworkBandwidth>
		</Cluster>
		<Cluster id="270">
			<id>268</id>
			<requiredCpuCores>4</requiredCpuCores>
			<requiredMemory>2</requiredMemory>
			<requiredNetworkBandwidth>4</requiredNetworkBandwidth>
		</Cluster>
		<Cluster id="271">
			<id>269</id>
			<requiredCpuCores>3</requiredCpuCores>
			<requiredMemory>2</requiredMemory>
			<requiredNetworkBandwidth>2</requiredNetworkBandwidth>
		</Cluster>
		<Cluster id="272">
			<id>270</id>
			<requiredCpuCores>3</requiredCpuCores>
			<requiredMemory>2</requiredMemory>
			<requiredNetworkBandwidth>6</requiredNetworkBandwidth>
		</Cluster>
		<Cluster id="273">
			<id>271</id>
			<requiredCpuCores>3</requiredCpuCores>
			<requiredMemory>4</requiredMemory>
			<requiredNetworkBandwidth>2</requiredNetworkBandwidth>
		</Cluster>
		<Cluster id="274">
			<id>272</id>
			<requiredCpuCores>24</requiredCpuCores>
			<requiredMemory>96</requiredMemory>
			<requiredNetworkBandwidth>12</requiredNetworkBandwidth>
		</Cluster>
		<Cluster id="275">
			<id>273</id>
			<requiredCpuCores>3</requiredCpuCores>
			<requiredMemory>2</requiredMemory>
			<requiredNetworkBandwidth>2</requiredNetworkBandwidth>
		</Cluster>
		<Cluster id="276">
			<id>274</id>
			<requiredCpuCores>16</requiredCpuCores>
			<requiredMemory>32</requiredMemory>
			<requiredNetworkBandwidth>20</requiredNetworkBandwidth>
		</Cluster>
		<Cluster id="277">
			<id>275</id>
			<requiredCpuCores>16</requiredCpuCores>
			<requiredMemory>96</requiredMemory>
			<requiredNetworkBandwidth>20</requiredNetworkBandwidth>
		</Cluster>
		<Cluster id="278">
			<id>276</id>
			<requiredCpuCores>4</requiredCpuCores>
			<requiredMemory>4</requiredMemory>
			<requiredNetworkBandwidth>4</requiredNetworkBandwidth>
		</Cluster>
		<Cluster id="279">
			<id>277</id>
			<requiredCpuCores>16</requiredCpuCores>
			<requiredMemory>64</requiredMemory>
			<requiredNetworkBandwidth>12</requiredNetworkBandwidth>
		</Cluster>
		<Cluster id="280">
			<id>278</id>
			<requiredCpuCores>3</requiredCpuCores>
			<requiredMemory>4</requiredMemory>
			<requiredNetworkBandwidth>4</requiredNetworkBandwidth>
		</Cluster>
		<Cluster id="281">
			<id>279</id>
			<requiredCpuCores>8</requiredCpuCores>
			<requiredMemory>16</requiredMemory>
			<requiredNetworkBandwidth>6</requiredNetworkBandwidth>
		</Cluster>
		<Cluster id="282">
			<id>280</id>
			<requiredCpuCores>24</requiredCpuCores>
			<requiredMemory>64</requiredMemory>
			<requiredNetworkBandwidth>20</requiredNetworkBandwidth>
		</Cluster>
		<Cluster id="283">
			<id>281</id>
			<requiredCpuCores>12</requiredCpuCores>
			<requiredMemory>32</requiredMemory>
			<requiredNetworkBandwidth>8</requiredNetworkBandwidth>
		</Cluster>
		<Cluster id="284">
			<id>282</id>
			<requiredCpuCores>4</requiredCpuCores>
			<requiredMemory>8</requiredMemory>
			<requiredNetworkBandwidth>2</requiredNetworkBandwidth>
		</Cluster>
		<Cluster id="285">
			<id>283</id>
			<requiredCpuCores>24</requiredCpuCores>
			<requiredMemory>96</requiredMemory>
			<requiredNetworkBandwidth>20</requiredNetworkBandwidth>
		</Cluster>
		<Cluster id="286">
			<id>284</id>
			<requiredCpuCores>6</requiredCpuCores>
			<requiredMemory>16</requiredMemory>
			<requiredNetworkBandwidth>6</requiredNetworkBandwidth>
		</Cluster>
		<Cluster id="287">
			<id>285</id>
			<requiredCpuCores>8</requiredCpuCores>
			<requiredMemory>16</requiredMemory>
			<requiredNetworkBandwidth>6</requiredNetworkBandwidth>
		</Cluster>
		<Cluster id="288">
			<id>286</id>
			<requiredCpuCores>16</requiredCpuCores>
			<requiredMemory>96</requiredMemory>
			<requiredNetworkBandwidth>12</requiredNetworkBandwidth>
		</Cluster>
		<Cluster id="289">
			<id>287</id>
			<requiredCpuCores>4</requiredCpuCores>
			<requiredMemory>4</requiredMemory>
			<requiredNetworkBandwidth>4</requiredNetworkBandwidth>
		</Cluster>
		<Cluster id="290">
			<id>288</id>
			<requiredCpuCores>8</requiredCpuCores>
			<requiredMemory>16</requiredMemory>
			<requiredNetworkBandwidth>8</requiredNetworkBandwidth>
		</Cluster>
		<Cluster id="291">
			<id>289</id>
			<requiredCpuCores>4</requiredCpuCores>
			<requiredMemory>4</requiredMemory>
			<requiredNetworkBandwidth>2</requiredNetworkBandwidth>
		</Cluster>
		<Cluster id="292">
			<id>290</id>
			<requiredCpuCores>16</requiredCpuCores>
			<requiredMemory>96</requiredMemory>
			<requiredNetworkBandwidth>12</requiredNetworkBandwidth>
		</Cluster>
		<Cluster id="293">
			<id>291</id>
			<requiredCpuCores>3</requiredCpuCores>
			<requiredMemory>2</requiredMemory>
			<requiredNetworkBandwidth>2</requiredNetworkBandwidth>
		</Cluster>
		<Cluster id="294">
			<id>292</id>
			<requiredCpuCores>4</requiredCpuCores>
			<requiredMemory>4</requiredMemory>
			<requiredNetworkBandwidth>4</requiredNetworkBandwidth>
		</Cluster>
		<Cluster id="295">
			<id>293</id>
			<requiredCpuCores>12</requiredCpuCores>
			<requiredMemory>32</requiredMemory>
			<requiredNetworkBandwidth>12</requiredNetworkBandwidth>
		</Cluster>
		<Cluster id="296">
			<id>294</id>
			<requiredCpuCores>3</requiredCpuCores>
			<requiredMemory>4</requiredMemory>
			<requiredNetworkBandwidth>2</requiredNetworkBandwidth>
		</Cluster>
		<Cluster id="297">
			<id>295</id>
			<requiredCpuCores>24</requiredCpuCores>
			<requiredMemory>96</requiredMemory>
			<requiredNetworkBandwidth>16</requiredNetworkBandwidth>
		</Cluster>
		<Cluster id="298">
			<id>296</id>
			<requiredCpuCores>8</requiredCpuCores>
			<requiredMemory>8</requiredMemory>
			<requiredNetworkBandwidth>8</requiredNetworkBandwidth>
		</Cluster>
		<Cluster id="299">
			<id>297</id>
			<requiredCpuCores>4</requiredCpuCores>
			<requiredMemory>8</requiredMemory>
			<requiredNetworkBandwidth>4</requiredNetworkBandwidth>
		</Cluster>
		<Cluster id="300">
			<id>298</id>
			<requiredCpuCores>16</requiredCpuCores>
			<requiredMemory>64</requiredMemory>
			<requiredNetworkBandwidth>16</requiredNetworkBandwidth>
		</Cluster>
		<Cluster id="301">
			<id>299</id>
			<requiredCpuCores>4</requiredCpuCores>
			<requiredMemory>2</requiredMemory>
			<requiredNetworkBandwidth>6</requiredNetworkBandwidth>
		</Cluster>
	</clusterList>
	<serverList id="302">
		<Server id="303">
			<id>0</id>
			<cpuCores>3</cpuCores>
			<memory>1</memory>
			<networkBandwidth>1</networkBandwidth>
			<originalCluster>233</originalCluster>
		</Server>
		<Server id="304">
			<id>1</id>
			<cpuCores>2</cpuCores>
			<memory>5</memory>
			<networkBandwidth>1</networkBandwidth>
			<originalCluster>216</originalCluster>
		</Server>
		<Server id="305">
			<id>2</id>
			<cpuCores>1</cpuCores>
			<memory>1</memory>
			<networkBandwidth>1</networkBandwidth>
			<originalCluster>212</originalCluster>
		</Server>
		<Server id="306">
			<id>3</id>
			<cpuCores>1</cpuCores>
			<memory>25</memory>
			<networkBandwidth>5</networkBandwidth>
			<originalCluster>53</originalCluster>
		</Server>
		<Server id="307">
			<id>4</id>
			<cpuCores>1</cpuCores>
			<memory>1</memory>
			<networkBandwidth>3</networkBandwidth>
			<originalCluster>182</originalCluster>
		</Server>
		<Server id="308">
			<id>5</id>
			<cpuCores>3</cpuCores>
			<memory>1</memory>
			<networkBandwidth>3</networkBandwidth>
			<originalCluster>79</originalCluster>
		</Server>
		<Server id="309">
			<id>6</id>
			<cpuCores>1</cpuCores>
			<memory>2</memory>
			<networkBandwidth>1</networkBandwidth>
			<originalCluster>249</originalCluster>
		</Server>
		<Server id="310">
			<id>7</id>
			<cpuCores>6</cpuCores>
			<memory>1</memory>
			<networkBandwidth>1</networkBandwidth>
		</Server>
		<Server id="311">
			<id>8</id>
			<cpuCores>7</cpuCores>
			<memory>1</memory>
			<networkBandwidth>1</networkBandwidth>
			<originalCluster>288</originalCluster>
		</Server>
		<Server id="312">
			<id>9</id>
			<cpuCores>1</cpuCores>
			<memory>1</memory>
			<networkBandwidth>1</networkBandwidth>
			<originalCluster>152</originalCluster>
		</Server>
		<Server id="313">
			<id>10</id>
			<cpuCores>1</cpuCores>
			<memory>4</memory>
			<networkBandwidth>1</networkBandwidth>
			<originalCluster>121</originalCluster>
		</Server>
		<Server id="314">
			<id>11</id>
			<cpuCores>6</cpuCores>
			<memory>1</memory>
			<networkBandwidth>1</networkBandwidth>
		</Server>
		<Server id="315">
			<id>12</id>
			<cpuCores>1</cpuCores>
			<memory>27</memory>
			<networkBandwidth>3</networkBandwidth>
			<originalCluster>38</originalCluster>
		</Server>
		<Server id="316">
			<id>13</id>
			<cpuCores>1</cpuCores>
			<memory>4</memory>
			<networkBandwidth>12</networkBandwidth>
			<originalCluster>60</originalCluster>
		</Server>
		<Server id="317">
			<id>14</id>
			<cpuCores>3</cpuCores>
			<memory>31</memory>
			<networkBandwidth>2</networkBandwidth>
			<originalCluster>112</originalCluster>
		</Server>
		<Server id="318">
			<id>15</id>
			<cpuCores>12</cpuCores>
			<memory>1</memory>
			<networkBandwidth>1</networkBandwidth>
		</Server>
		<Server id="319">
			<id>16</id>
			<cpuCores>6</cpuCores>
			<memory>1</memory>
			<networkBandwidth>7</networkBandwidth>
			<originalCluster>38</originalCluster>
		</Server>
		<Server id="320">
			<id>17</id>
			<cpuCores>1</cpuCores>
			<memory>1</memory>
			<networkBandwidth>4</networkBandwidth>
			<originalCluster>130</originalCluster>
		</Server>
		<Server id="321">
			<id>18</id>
			<cpuCores>3</cpuCores>
			<memory>1</memory>
			<networkBandwidth>5</networkBandwidth>
			<originalCluster>111</originalCluster>
		</Server>
		<Server id="322">
			<id>19</id>
			<cpuCores>1</cpuCores>
			<memory>5</memory>
			<networkBandwidth>1</networkBandwidth>
			<originalCluster>182</originalCluster>
		</Server>
		<Server id="323">
			<id>20</id>
			<cpuCores>7</cpuCores>
			<memory>1</memory>
			<networkBandwidth>1</networkBandwidth>
			<originalCluster>252</originalCluster>
		</Server>
		<Server id="324">
			<id>21</id>
			<cpuCores>3</cpuCores>
			<memory>1</memory>
			<networkBandwidth>7</networkBandwidth>
			<originalCluster>135</originalCluster>
		</Server>
		<Server id="325">
			<id>22</id>
			<cpuCores>1</cpuCores>
			<memory>1</memory>
			<networkBandwidth>3</networkBandwidth>
			<originalCluster>98</originalCluster>
		</Server>
		<Server id="326">
			<id>23</id>
			<cpuCores>9</cpuCores>
			<memory>1</memory>
			<networkBandwidth>5</networkBandwidth>
		</Server>
		<Server id="327">
			<id>24</id>
			<cpuCores>1</cpuCores>
			<memory>1</memory>
			<networkBandwidth>6</networkBandwidth>
			<originalCluster>147</originalCluster>
		</Server>
		<Server id="328">
			<id>25</id>
			<cpuCores>1</cpuCores>
			<memory>1</memory>
			<networkBandwidth>3</networkBandwidth>
			<originalCluster>11</originalCluster>
		</Server>
		<Server id="329">
			<id>26</id>
			<cpuCores>3</cpuCores>
			<memory>1</memory>
			<networkBandwidth>3</networkBandwidth>
			<originalCluster>207</originalCluster>
		</Server>
		<Server id="330">
			<id>27</id>
			<cpuCores>11</cpuCores>
			<memory>7</memory>
			<networkBandwidth>2</networkBandwidth>
		</Server>
		<Server id="331">
			<id>28</id>
			<cpuCores>1</cpuCores>
			<memory>1</memory>
			<networkBandwidth>1</networkBandwidth>
			<originalCluster>194</originalCluster>
		</Server>
		<Server id="332">
			<id>29</id>
			<cpuCores>1</cpuCores>
			<memory>16</memory>
			<networkBandwidth>1</networkBandwidth>
			<originalCluster>88</originalCluster>
		</Server>
		<Server id="333">
			<id>30</id>
			<cpuCores>1</cpuCores>
			<memory>1</memory>
			<networkBandwidth>1</networkBandwidth>
			<originalCluster>218</originalCluster>
		</Server>
		<Server id="334">
			<id>31</id>
			<cpuCores>1</cpuCores>
			<memory>1</memory>
			<networkBandwidth>1</networkBandwidth>
			<originalCluster>270</originalCluster>
		</Server>
		<Server id="335">
			<id>32</id>
			<cpuCores>5</cpuCores>
			<memory>2</memory>
			<networkBandwidth>1</networkBandwidth>
			<originalCluster>223</originalCluster>
		</Server>
		<Server id="336">
			<id>33</id>
			<cpuCores>1</cpuCores>
			<memory>1</memory>
			<networkBandwidth>3</networkBandwidth>
			<originalCluster>146</originalCluster>
		</Server>
		<Server id="337">
			<id>34</id>
			<cpuCores>1</cpuCores>
			<memory>1</memory>
			<networkBandwidth>4</networkBandwidth>
			<originalCluster>205</originalCluster>
		</Server>
		<Server id="338">
			<id>35</id>
			<cpuCores>1</cpuCores>
			<memory>1</memory>
			<networkBandwidth>1</networkBandwidth>
			<originalCluster>182</originalCluster>
		</Server>
		<Server id="339">
			<id>36</id>
			<cpuCores>1</cpuCores>
			<memory>7</memory>
			<networkBandwidth>3</networkBandwidth>
			<originalCluster>10</originalCluster>
		</Server>
		<Server id="340">
			<id>37</id>
			<cpuCores>1</cpuCores>
			<memory>1</memory>
			<networkBandwidth>1</networkBandwidth>
			<originalCluster>4</originalCluster>
		</Server>
		<Server id="341">
			<id>38</id>
			<cpuCores>1</cpuCores>
			<memory>2</memory>
			<networkBandwidth>1</networkBandwidth>
			<originalCluster>261</originalCluster>
		</Server>
		<Server id="342">
			<id>39</id>
			<cpuCores>1</cpuCores>
			<memory>1</memory>
			<networkBandwidth>1</networkBandwidth>
			<originalCluster>266</originalCluster>
		</Server>
		<Server id="343">
			<id>40</id>
			<cpuCores>3</cpuCores>
			<memory>1</memory>
			<networkBandwidth>3</networkBandwidth>
			<originalCluster>190</originalCluster>
		</Server>
		<Server id="344">
			<id>41</id>
			<cpuCores>1</cpuCores>
			<memory>14</memory>
			<networkBandwidth>1</networkBandwidth>
			<originalCluster>71</originalCluster>
		</Server>
		<Server id="345">
			<id>42</id>
			<cpuCores>1</cpuCores>
			<memory>1</memory>
			<networkBandwidth>1</networkBandwidth>
			<originalCluster>98</originalCluster>
		</Server>
		<Server id="346">
			<id>43</id>
			<cpuCores>2</cpuCores>
			<memory>1</memory>
			<networkBandwidth>1</networkBandwidth>
			<originalCluster>19</originalCluster>
		</Server>
		<Server id="347">
			<id>44</id>
			<cpuCores>1</cpuCores>
			<memory>1</memory>
			<networkBandwidth>1</networkBandwidth>
			<originalCluster>60</originalCluster>
		</Server>
		<Server id="348">
			<id>45</id>
			<cpuCores>1</cpuCores>
			<memory>1</memory>
			<networkBandwidth>3</networkBandwidth>
			<originalCluster>151</originalCluster>
		</Server>
		<Server id="349">
			<id>46</id>
			<cpuCores>1</cpuCores>
			<memory>4</memory>
			<networkBandwidth>1</networkBandwidth>
			<originalCluster>256</originalCluster>
		</Server>
		<Server id="350">
			<id>47</id>
			<cpuCores>3</cpuCores>
			<memory>1</memory>
			<networkBandwidth>3</networkBandwidth>
			<originalCluster>275</originalCluster>
		</Server>
		<Server id="351">
			<id>48</id>
			<cpuCores>1</cpuCores>
			<memory>1</memory>
			<networkBandwidth>2</networkBandwidth>
			<originalCluster>241</originalCluster>
		</Server>
		<Server id="352">
			<id>49</id>
			<cpuCores>3</cpuCores>
			<memory>17</memory>
			<networkBandwidth>4</networkBandwidth>
			<originalCluster>227</originalCluster>
		</Server>
		<Server id="353">
			<id>50</id>
			<cpuCores>1</cpuCores>
			<memory>1</memory>
			<networkBandwidth>1</networkBandwidth>
			<originalCluster>179</originalCluster>
		</Server>
		<Server id="354">
			<id>51</id>
			<cpuCores>1</cpuCores>
			<memory>1</memory>
			<networkBandwidth>5</networkBandwidth>
			<originalCluster>3</originalCluster>
		</Server>
		<Server id="355">
			<id>52</id>
			<cpuCores>1</cpuCores>
			<memory>30</memory>
			<networkBandwidth>9</networkBandwidth>
			<originalCluster>59</originalCluster>
		</Server>
		<Server id="356">
			<id>53</id>
			<cpuCores>1</cpuCores>
			<memory>7</memory>
			<networkBandwidth>2</networkBandwidth>
			<originalCluster>204</originalCluster>
		</Server>
		<Server id="357">
			<id>54</id>
			<cpuCores>1</cpuCores>
			<memory>3</memory>
			<networkBandwidth>1</networkBandwidth>
			<originalCluster>194</originalCluster>
		</Server>
		<Server id="358">
			<id>55</id>
			<cpuCores>2</cpuCores>
			<memory>1</memory>
			<networkBandwidth>4</networkBandwidth>
			<originalCluster>129</originalCluster>
		</Server>
		<Server id="359">
			<id>56</id>
			<cpuCores>4</cpuCores>
			<memory>16</memory>
			<networkBandwidth>1</networkBandwidth>
			<originalCluster>123</originalCluster>
		</Server>
		<Server id="360">
			<id>57</id>
			<cpuCores>2</cpuCores>
			<memory>1</memory>
			<networkBandwidth>1</networkBandwidth>
			<originalCluster>183</originalCluster>
		</Server>
		<Server id="361">
			<id>58</id>
			<cpuCores>1</cpuCores>
			<memory>19</memory>
			<networkBandwidth>1</networkBandwidth>
			<originalCluster>182</originalCluster>
		</Server>
		<Server id="362">
			<id>59</id>
			<cpuCores>1</cpuCores>
			<memory>3</memory>
			<networkBandwidth>3</networkBandwidth>
			<originalCluster>226</originalCluster>
		</Server>
		<Server id="363">
			<id>60</id>
			<cpuCores>1</cpuCores>
			<memory>5</memory>
			<networkBandwidth>1</networkBandwidth>
			<originalCluster>135</originalCluster>
		</Server>
		<Server id="364">
			<id>61</id>
			<cpuCores>6</cpuCores>
			<memory>1</memory>
			<networkBandwidth>1</networkBandwidth>
			<originalCluster>224</originalCluster>
		</Server>
		<Server id="365">
			<id>62</id>
			<cpuCores>1</cpuCores>
			<memory>1</memory>
			<networkBandwidth>3</networkBandwidth>
			<originalCluster>19</originalCluster>
		</Server>
		<Server id="366">
			<id>63</id>
			<cpuCores>1</cpuCores>
			<memory>2</memory>
			<networkBandwidth>1</networkBandwidth>
			<originalCluster>70</originalCluster>
		</Server>
		<Server id="367">
			<id>64</id>
			<cpuCores>2</cpuCores>
			<memory>9</memory>
			<networkBandwidth>1</networkBandwidth>
			<originalCluster>109</originalCluster>
		</Server>
		<Server id="368">
			<id>65</id>
			<cpuCores>5</cpuCores>
			<memory>1</memory>
			<networkBandwidth>1</networkBandwidth>
			<originalCluster>139</originalCluster>
		</Server>
		<Server id="369">
			<id>66</id>
			<cpuCores>1</cpuCores>
			<memory>1</memory>
			<networkBandwidth>1</networkBandwidth>
			<originalCluster>178</originalCluster>
		</Server>
		<Server id="370">
			<id>67</id>
			<cpuCores>1</cpuCores>
			<memory>1</memory>
			<networkBandwidth>8</networkBandwidth>
			<originalCluster>196</originalCluster>
		</Server>
		<Server id="371">
			<id>68</id>
			<cpuCores>1</cpuCores>
			<memory>1</memory>
			<networkBandwidth>3</networkBandwidth>
			<originalCluster>254</originalCluster>
		</Server>
		<Server id="372">
			<id>69</id>
			<cpuCores>2</cpuCores>
			<memory>1</memory>
			<networkBandwidth>6</networkBandwidth>
			<originalCluster>195</originalCluster>
		</Server>
		<Server id="373">
			<id>70</id>
			<cpuCores>1</cpuCores>
			<memory>1</memory>
			<networkBandwidth>1</networkBandwidth>
			<originalCluster>86</originalCluster>
		</Server>
		<Server id="374">
			<id>71</id>
			<cpuCores>1</cpuCores>
			<memory>1</memory>
			<networkBandwidth>5</networkBandwidth>
			<originalCluster>249</originalCluster>
		</Server>
		<Server id="375">
			<id>72</id>
			<cpuCores>2</cpuCores>
			<memory>4</memory>
			<networkBandwidth>3</networkBandwidth>
			<originalCluster>7</originalCluster>
		</Server>
		<Server id="376">
			<id>73</id>
			<cpuCores>1</cpuCores>
			<memory>12</memory>
			<networkBandwidth>1</networkBandwidth>
			<originalCluster>216</originalCluster>
		</Server>
		<Server id="377">
			<id>74</id>
			<cpuCores>1</cpuCores>
			<memory>1</memory>
			<networkBandwidth>1</networkBandwidth>
			<originalCluster>150</originalCluster>
		</Server>
		<Server id="378">
			<id>75</id>
			<cpuCores>3</cpuCores>
			<memory>1</memory>
			<networkBandwidth>3</networkBandwidth>
			<originalCluster>288</originalCluster>
		</Server>
		<Server id="379">
			<id>76</id>
			<cpuCores>1</cpuCores>
			<memory>29</memory>
			<networkBandwidth>1</networkBandwidth>
			<originalCluster>189</originalCluster>
		</Server>
		<Server id="380">
			<id>77</id>
			<cpuCores>1</cpuCores>
			<memory>1</memory>
			<networkBandwidth>3</networkBandwidth>
			<originalCluster>176</originalCluster>
		</Server>
		<Server id="381">
			<id>78</id>
			<cpuCores>5</cpuCores>
			<memory>11</memory>
			<networkBandwidth>4</networkBandwidth>
		</Server>
		<Server id="382">
			<id>79</id>
			<cpuCores>1</cpuCores>
			<memory>4</memory>
			<networkBandwidth>5</networkBandwidth>
			<originalCluster>54</originalCluster>
		</Server>
		<Server id="383">
			<id>80</id>
			<cpuCores>1</cpuCores>
			<memory>7</memory>
			<networkBandwidth>1</networkBandwidth>
			<originalCluster>245</originalCluster>
		</Server>
		<Server id="384">
			<id>81</id>
			<cpuCores>1</cpuCores>
			<memory>24</memory>
			<networkBandwidth>1</networkBandwidth>
			<originalCluster>19</originalCluster>
		</Server>
		<Server id="385">
			<id>82</id>
			<cpuCores>1</cpuCores>
			<memory>22</memory>
			<networkBandwidth>1</networkBandwidth>
			<originalCluster>185</originalCluster>
		</Server>
		<Server id="386">
			<id>83</id>
			<cpuCores>1</cpuCores>
			<memory>6</memory>
			<networkBandwidth>1</networkBandwidth>
			<originalCluster>232</originalCluster>
		</Server>
		<Server id="387">
			<id>84</id>
			<cpuCores>1</cpuCores>
			<memory>2</memory>
			<networkBandwidth>1</networkBandwidth>
			<originalCluster>41</originalCluster>
		</Server>
		<Server id="388">
			<id>85</id>
			<cpuCores>1</cpuCores>
			<memory>1</memory>
			<networkBandwidth>1</networkBandwidth>
			<originalCluster>231</originalCluster>
		</Server>
		<Server id="389">
			<id>86</id>
			<cpuCores>1</cpuCores>
			<memory>1</memory>
			<networkBandwidth>1</networkBandwidth>
			<originalCluster>212</originalCluster>
		</Server>
		<Server id="390">
			<id>87</id>
			<cpuCores>3</cpuCores>
			<memory>1</memory>
			<networkBandwidth>1</networkBandwidth>
			<originalCluster>52</originalCluster>
		</Server>
		<Server id="391">
			<id>88</id>
			<cpuCores>1</cpuCores>
			<memory>3</memory>
			<networkBandwidth>1</networkBandwidth>
			<originalCluster>210</originalCluster>
		</Server>
		<Server id="392">
			<id>89</id>
			<cpuCores>1</cpuCores>
			<memory>4</memory>
			<networkBandwidth>1</networkBandwidth>
			<originalCluster>4</originalCluster>
		</Server>
		<Server id="393">
			<id>90</id>
			<cpuCores>1</cpuCores>
			<memory>9</memory>
			<networkBandwidth>1</networkBandwidth>
			<originalCluster>159</originalCluster>
		</Server>
		<Server id="394">
			<id>91</id>
			<cpuCores>2</cpuCores>
			<memory>1</memory>
			<networkBandwidth>1</networkBandwidth>
			<originalCluster>295</originalCluster>
		</Server>
		<Server id="395">
			<id>92</id>
			<cpuCores>1</cpuCores>
			<memory>8</memory>
			<networkBandwidth>1</networkBandwidth>
			<originalCluster>141</originalCluster>
		</Server>
		<Server id="396">
			<id>93</id>
			<cpuCores>8</cpuCores>
			<memory>1</memory>
			<networkBandwidth>3</networkBandwidth>
		</Server>
		<Server id="397">
			<id>94</id>
			<cpuCores>1</cpuCores>
			<memory>13</memory>
			<networkBandwidth>1</networkBandwidth>
			<originalCluster>86</originalCluster>
		</Server>
		<Server id="398">
			<id>95</id>
			<cpuCores>1</cpuCores>
			<memory>12</memory>
			<networkBandwidth>1</networkBandwidth>
			<originalCluster>184</originalCluster>
		</Server>
		<Server id="399">
			<id>96</id>
			<cpuCores>2</cpuCores>
			<memory>1</memory>
			<networkBandwidth>1</networkBandwidth>
			<originalCluster>211</originalCluster>
		</Server>
		<Server id="400">
			<id>97</id>
			<cpuCores>1</cpuCores>
			<memory>17</memory>
			<networkBandwidth>1</networkBandwidth>
			<originalCluster>177</originalCluster>
		</Server>
		<Server id="401">
			<id>98</id>
			<cpuCores>1</cpuCores>
			<memory>2</memory>
			<networkBandwidth>1</networkBandwidth>
			<originalCluster>132</originalCluster>
		</Server>
		<Server id="402">
			<id>99</id>
			<cpuCores>1</cpuCores>
			<memory>4</memory>
			<networkBandwidth>1</networkBandwidth>
			<originalCluster>36</originalCluster>
		</Server>
		<Server id="403">
			<id>100</id>
			<cpuCores>1</cpuCores>
			<memory>1</memory>
			<networkBandwidth>1</networkBandwidth>
			<originalCluster>25</originalCluster>
		</Server>
		<Server id="404">
			<id>101</id>
			<cpuCores>1</cpuCores>
			<memory>1</memory>
			<networkBandwidth>1</networkBandwidth>
			<originalCluster>260</originalCluster>
		</Server>
		<Server id="405">
			<id>102</id>
			<cpuCores>1</cpuCores>
			<memory>1</memory>
			<networkBandwidth>1</networkBandwidth>
			<originalCluster>72</originalCluster>
		</Server>
		<Server id="406">
			<id>103</id>
			<cpuCores>1</cpuCores>
			<memory>19</memory>
			<networkBandwidth>3</networkBandwidth>
			<originalCluster>14</originalCluster>
		</Server>
		<Server id="407">
			<id>104</id>
			<cpuCores>1</cpuCores>
			<memory>2</memory>
			<networkBandwidth>1</networkBandwidth>
			<originalCluster>137</originalCluster>
		</Server>
		<Server id="408">
			<id>105</id>
			<cpuCores>2</cpuCores>
			<memory>3</memory>
			<networkBandwidth>1</networkBandwidth>
			<originalCluster>37</originalCluster>
		</Server>
		<Server id="409">
			<id>106</id>
			<cpuCores>2</cpuCores>
			<memory>1</memory>
			<networkBandwidth>2</networkBandwidth>
			<originalCluster>18</originalCluster>
		</Server>
		<Server id="410">
			<id>107</id>
			<cpuCores>1</cpuCores>
			<memory>3</memory>
			<networkBandwidth>1</networkBandwidth>
			<originalCluster>232</originalCluster>
		</Server>
		<Server id="411">
			<id>108</id>
			<cpuCores>1</cpuCores>
			<memory>19</memory>
			<networkBandwidth>1</networkBandwidth>
			<originalCluster>139</originalCluster>
		</Server>
		<Server id="412">
			<id>109</id>
			<cpuCores>6</cpuCores>
			<memory>1</memory>
			<networkBandwidth>1</networkBandwidth>
			<originalCluster>60</originalCluster>
		</Server>
		<Server id="413">
			<id>110</id>
			<cpuCores>1</cpuCores>
			<memory>4</memory>
			<networkBandwidth>1</networkBandwidth>
			<originalCluster>177</originalCluster>
		</Server>
		<Server id="414">
			<id>111</id>
			<cpuCores>1</cpuCores>
			<memory>3</memory>
			<networkBandwidth>5</networkBandwidth>
			<originalCluster>63</originalCluster>
		</Server>
		<Server id="415">
			<id>112</id>
			<cpuCores>1</cpuCores>
			<memory>21</memory>
			<networkBandwidth>1</networkBandwidth>
			<originalCluster>54</originalCluster>
		</Server>
		<Server id="416">
			<id>113</id>
			<cpuCores>1</cpuCores>
			<memory>1</memory>
			<networkBandwidth>1</networkBandwidth>
			<originalCluster>186</originalCluster>
		</Server>
		<Server id="417">
			<id>114</id>
			<cpuCores>5</cpuCores>
			<memory>1</memory>
			<networkBandwidth>1</networkBandwidth>
			<originalCluster>137</originalCluster>
		</Server>
		<Server id="418">
			<id>115</id>
			<cpuCores>1</cpuCores>
			<memory>1</memory>
			<networkBandwidth>3</networkBandwidth>
			<originalCluster>87</originalCluster>
		</Server>
		<Server id="419">
			<id>116</id>
			<cpuCores>1</cpuCores>
			<memory>1</memory>
			<networkBandwidth>7</networkBandwidth>
			<originalCluster>149</originalCluster>
		</Server>
		<Server id="420">
			<id>117</id>
			<cpuCores>1</cpuCores>
			<memory>4</memory>
			<networkBandwidth>3</networkBandwidth>
			<originalCluster>197</originalCluster>
		</Server>
		<Server id="421">
			<id>118</id>
			<cpuCores>1</cpuCores>
			<memory>1</memory>
			<networkBandwidth>1</networkBandwidth>
			<originalCluster>234</originalCluster>
		</Server>
		<Server id="422">
			<id>119</id>
			<cpuCores>1</cpuCores>
			<memory>1</memory>
			<networkBandwidth>1</networkBandwidth>
			<originalCluster>34</originalCluster>
		</Server>
		<Server id="423">
			<id>120</id>
			<cpuCores>1</cpuCores>
			<memory>1</memory>
			<networkBandwidth>6</networkBandwidth>
			<originalCluster>278</originalCluster>
		</Server>
		<Server id="424">
			<id>121</id>
			<cpuCores>5</cpuCores>
			<memory>1</memory>
			<networkBandwidth>3</networkBandwidth>
			<originalCluster>259</originalCluster>
		</Server>
		<Server id="425">
			<id>122</id>
			<cpuCores>1</cpuCores>
			<memory>1</memory>
			<networkBandwidth>1</networkBandwidth>
			<originalCluster>109</originalCluster>
		</Server>
		<Server id="426">
			<id>123</id>
			<cpuCores>1</cpuCores>
			<memory>1</memory>
			<networkBandwidth>10</networkBandwidth>
			<originalCluster>23</originalCluster>
		</Server>
		<Server id="427">
			<id>124</id>
			<cpuCores>1</cpuCores>
			<memory>5</memory>
			<networkBandwidth>3</networkBandwidth>
			<originalCluster>11</originalCluster>
		</Server>
		<Server id="428">
			<id>125</id>
			<cpuCores>1</cpuCores>
			<memory>9</memory>
			<networkBandwidth>1</networkBandwidth>
			<originalCluster>106</originalCluster>
		</Server>
		<Server id="429">
			<id>126</id>
			<cpuCores>7</cpuCores>
			<memory>12</memory>
			<networkBandwidth>1</networkBandwidth>
			<originalCluster>48</originalCluster>
		</Server>
		<Server id="430">
			<id>127</id>
			<cpuCores>1</cpuCores>
			<memory>4</memory>
			<networkBandwidth>1</networkBandwidth>
			<originalCluster>212</originalCluster>
		</Server>
		<Server id="431">
			<id>128</id>
			<cpuCores>1</cpuCores>
			<memory>1</memory>
			<networkBandwidth>6</networkBandwidth>
			<originalCluster>129</originalCluster>
		</Server>
		<Server id="432">
			<id>129</id>
			<cpuCores>1</cpuCores>
			<memory>6</memory>
			<networkBandwidth>1</networkBandwidth>
			<originalCluster>62</originalCluster>
		</Server>
		<Server id="433">
			<id>130</id>
			<cpuCores>1</cpuCores>
			<memory>5</memory>
			<networkBandwidth>1</networkBandwidth>
			<originalCluster>214</originalCluster>
		</Server>
		<Server id="434">
			<id>131</id>
			<cpuCores>1</cpuCores>
			<memory>1</memory>
			<networkBandwidth>1</networkBandwidth>
			<originalCluster>193</originalCluster>
		</Server>
		<Server id="435">
			<id>132</id>
			<cpuCores>1</cpuCores>
			<memory>1</memory>
			<networkBandwidth>2</networkBandwidth>
			<originalCluster>99</originalCluster>
		</Server>
		<Server id="436">
			<id>133</id>
			<cpuCores>1</cpuCores>
			<memory>1</memory>
			<networkBandwidth>1</networkBandwidth>
			<originalCluster>85</originalCluster>
		</Server>
		<Server id="437">
			<id>134</id>
			<cpuCores>8</cpuCores>
			<memory>1</memory>
			<networkBandwidth>1</networkBandwidth>
			<originalCluster>240</originalCluster>
		</Server>
		<Server id="438">
			<id>135</id>
			<cpuCores>1</cpuCores>
			<memory>1</memory>
			<networkBandwidth>2</networkBandwidth>
			<originalCluster>239</originalCluster>
		</Server>
		<Server id="439">
			<id>136</id>
			<cpuCores>3</cpuCores>
			<memory>1</memory>
			<networkBandwidth>5</networkBandwidth>
			<originalCluster>168</originalCluster>
		</Server>
		<Server id="440">
			<id>137</id>
			<cpuCores>2</cpuCores>
			<memory>1</memory>
			<networkBandwidth>1</networkBandwidth>
			<originalCluster>274</originalCluster>
		</Server>
		<Server id="441">
			<id>138</id>
			<cpuCores>4</cpuCores>
			<memory>10</memory>
			<networkBandwidth>4</networkBandwidth>
			<originalCluster>181</originalCluster>
		</Server>
		<Server id="442">
			<id>139</id>
			<cpuCores>1</cpuCores>
			<memory>2</memory>
			<networkBandwidth>1</networkBandwidth>
			<originalCluster>70</originalCluster>
		</Server>
		<Server id="443">
			<id>140</id>
			<cpuCores>1</cpuCores>
			<memory>2</memory>
			<networkBandwidth>7</networkBandwidth>
			<originalCluster>9</originalCluster>
		</Server>
		<Server id="444">
			<id>141</id>
			<cpuCores>1</cpuCores>
			<memory>1</memory>
			<networkBandwidth>6</networkBandwidth>
			<originalCluster>68</originalCluster>
		</Server>
		<Server id="445">
			<id>142</id>
			<cpuCores>7</cpuCores>
			<memory>1</memory>
			<networkBandwidth>2</networkBandwidth>
		</Server>
		<Server id="446">
			<id>143</id>
			<cpuCores>1</cpuCores>
			<memory>1</memory>
			<networkBandwidth>1</networkBandwidth>
			<originalCluster>131</originalCluster>
		</Server>
		<Server id="447">
			<id>144</id>
			<cpuCores>1</cpuCores>
			<memory>13</memory>
			<networkBandwidth>1</networkBandwidth>
			<originalCluster>148</originalCluster>
		</Server>
		<Server id="448">
			<id>145</id>
			<cpuCores>1</cpuCores>
			<memory>1</memory>
			<networkBandwidth>1</networkBandwidth>
			<originalCluster>160</originalCluster>
		</Server>
		<Server id="449">
			<id>146</id>
			<cpuCores>5</cpuCores>
			<memory>5</memory>
			<networkBandwidth>1</networkBandwidth>
			<originalCluster>197</originalCluster>
		</Server>
		<Server id="450">
			<id>147</id>
			<cpuCores>4</cpuCores>
			<memory>18</memory>
			<networkBandwidth>10</networkBandwidth>
			<originalCluster>169</originalCluster>
		</Server>
		<Server id="451">
			<id>148</id>
			<cpuCores>1</cpuCores>
			<memory>1</memory>
			<networkBandwidth>1</networkBandwidth>
			<originalCluster>252</originalCluster>
		</Server>
		<Server id="452">
			<id>149</id>
			<cpuCores>3</cpuCores>
			<memory>4</memory>
			<networkBandwidth>2</networkBandwidth>
			<originalCluster>133</originalCluster>
		</Server>
		<Server id="453">
			<id>150</id>
			<cpuCores>1</cpuCores>
			<memory>1</memory>
			<networkBandwidth>1</networkBandwidth>
			<originalCluster>223</originalCluster>
		</Server>
		<Server id="454">
			<id>151</id>
			<cpuCores>1</cpuCores>
			<memory>15</memory>
			<networkBandwidth>1</networkBandwidth>
			<originalCluster>72</originalCluster>
		</Server>
		<Server id="455">
			<id>152</id>
			<cpuCores>1</cpuCores>
			<memory>1</memory>
			<networkBandwidth>2</networkBandwidth>
			<originalCluster>31</originalCluster>
		</Server>
		<Server id="456">
			<id>153</id>
			<cpuCores>1</cpuCores>
			<memory>4</memory>
			<networkBandwidth>1</networkBandwidth>
			<originalCluster>2</originalCluster>
		</Server>
		<Server id="457">
			<id>154</id>
			<cpuCores>1</cpuCores>
			<memory>1</memory>
			<networkBandwidth>11</networkBandwidth>
			<originalCluster>59</originalCluster>
		</Server>
		<Server id="458">
			<id>155</id>
			<cpuCores>1</cpuCores>
			<memory>1</memory>
			<networkBandwidth>1</networkBandwidth>
			<originalCluster>242</originalCluster>
		</Server>
		<Server id="459">
			<id>156</id>
			<cpuCores>1</cpuCores>
			<memory>1</memory>
			<networkBandwidth>1</networkBandwidth>
			<originalCluster>277</originalCluster>
		</Server>
		<Server id="460">
			<id>157</id>
			<cpuCores>3</cpuCores>
			<memory>1</memory>
			<networkBandwidth>3</networkBandwidth>
			<originalCluster>189</originalCluster>
		</Server>
		<Server id="461">
			<id>158</id>
			<cpuCores>1</cpuCores>
			<memory>1</memory>
			<networkBandwidth>1</networkBandwidth>
			<originalCluster>208</originalCluster>
		</Server>
		<Server id="462">
			<id>159</id>
			<cpuCores>2</cpuCores>
			<memory>2</memory>
			<networkBandwidth>2</networkBandwidth>
			<originalCluster>295</originalCluster>
		</Server>
		<Server id="463">
			<id>160</id>
			<cpuCores>1</cpuCores>
			<memory>1</memory>
			<networkBandwidth>3</networkBandwidth>
			<originalCluster>122</originalCluster>
		</Server>
		<Server id="464">
			<id>161</id>
			<cpuCores>1</cpuCores>
			<memory>1</memory>
			<networkBandwidth>1</networkBandwidth>
			<originalCluster>49</originalCluster>
		</Server>
		<Server id="465">
			<id>162</id>
			<cpuCores>3</cpuCores>
			<memory>9</memory>
			<networkBandwidth>4</networkBandwidth>
			<originalCluster>254</originalCluster>
		</Server>
		<Server id="466">
			<id>163</id>
			<cpuCores>5</cpuCores>
			<memory>1</memory>
			<networkBandwidth>1</networkBandwidth>
			<originalCluster>100</originalCluster>
		</Server>
		<Server id="467">
			<id>164</id>
			<cpuCores>1</cpuCores>
			<memory>20</memory>
			<networkBandwidth>1</networkBandwidth>
			<originalCluster>249</originalCluster>
		</Server>
		<Server id="468">
			<id>165</id>
			<cpuCores>1</cpuCores>
			<memory>2</memory>
			<networkBandwidth>1</networkBandwidth>
			<originalCluster>64</originalCluster>
		</Server>
		<Server id="469">
			<id>166</id>
			<cpuCores>1</cpuCores>
			<memory>1</memory>
			<networkBandwidth>1</networkBandwidth>
			<originalCluster>111</originalCluster>
		</Server>
		<Server id="470">
			<id>167</id>
			<cpuCores>2</cpuCores>
			<memory>1</memory>
			<networkBandwidth>1</networkBandwidth>
			<originalCluster>39</originalCluster>
		</Server>
		<Server id="471">
			<id>168</id>
			<cpuCores>1</cpuCores>
			<memory>2</memory>
			<networkBandwidth>1</networkBandwidth>
			<originalCluster>211</originalCluster>
		</Server>
		<Server id="472">
			<id>169</id>
			<cpuCores>6</cpuCores>
			<memory>1</memory>
			<networkBandwidth>5</networkBandwidth>
			<originalCluster>92</originalCluster>
		</Server>
		<Server id="473">
			<id>170</id>
			<cpuCores>1</cpuCores>
			<memory>4</memory>
			<networkBandwidth>1</networkBandwidth>
			<originalCluster>91</originalCluster>
		</Server>
		<Server id="474">
			<id>171</id>
			<cpuCores>10</cpuCores>
			<memory>1</memory>
			<networkBandwidth>4</networkBandwidth>
			<originalCluster>95</originalCluster>
		</Server>
		<Server id="475">
			<id>172</id>
			<cpuCores>5</cpuCores>
			<memory>3</memory>
			<networkBandwidth>5</networkBandwidth>
			<originalCluster>295</originalCluster>
		</Server>
		<Server id="476">
			<id>173</id>
			<cpuCores>6</cpuCores>
			<memory>12</memory>
			<networkBandwidth>1</networkBandwidth>
			<originalCluster>166</originalCluster>
		</Server>
		<Server id="477">
			<id>174</id>
			<cpuCores>1</cpuCores>
			<memory>1</memory>
			<networkBandwidth>1</networkBandwidth>
			<originalCluster>257</originalCluster>
		</Server>
		<Server id="478">
			<id>175</id>
			<cpuCores>1</cpuCores>
			<memory>23</memory>
			<networkBandwidth>2</networkBandwidth>
			<originalCluster>286</originalCluster>
		</Server>
		<Server id="479">
			<id>176</id>
			<cpuCores>1</cpuCores>
			<memory>1</memory>
			<networkBandwidth>1</networkBandwidth>
			<originalCluster>227</originalCluster>
		</Server>
		<Server id="480">
			<id>177</id>
			<cpuCores>1</cpuCores>
			<memory>1</memory>
			<networkBandwidth>2</networkBandwidth>
			<originalCluster>104</originalCluster>
		</Server>
		<Server id="481">
			<id>178</id>
			<cpuCores>1</cpuCores>
			<memory>1</memory>
			<networkBandwidth>8</networkBandwidth>
			<originalCluster>44</originalCluster>
		</Server>
		<Server id="482">
			<id>179</id>
			<cpuCores>1</cpuCores>
			<memory>1</memory>
			<networkBandwidth>2</networkBandwidth>
			<originalCluster>169</originalCluster>
		</Server>
		<Server id="483">
			<id>180</id>
			<cpuCores>1</cpuCores>
			<memory>1</memory>
			<networkBandwidth>3</networkBandwidth>
			<originalCluster>251</originalCluster>
		</Server>
		<Server id="484">
			<id>181</id>
			<cpuCores>5</cpuCores>
			<memory>1</memory>
			<networkBandwidth>1</networkBandwidth>
			<originalCluster>236</originalCluster>
		</Server>
		<Server id="485">
			<id>182</id>
			<cpuCores>6</cpuCores>
			<memory>1</memory>
			<networkBandwidth>1</networkBandwidth>
		</Server>
		<Server id="486">
			<id>183</id>
			<cpuCores>1</cpuCores>
			<memory>1</memory>
			<networkBandwidth>2</networkBandwidth>
			<originalCluster>263</originalCluster>
		</Server>
		<Server id="487">
			<id>184</id>
			<cpuCores>1</cpuCores>
			<memory>24</memory>
			<networkBandwidth>1</networkBandwidth>
			<originalCluster>298</originalCluster>
		</Server>
		<Server id="488">
			<id>185</id>
			<cpuCores>9</cpuCores>
			<memory>1</memory>
			<networkBandwidth>1</networkBandwidth>
			<originalCluster>184</originalCluster>
		</Server>
		<Server id="489">
			<id>186</id>
			<cpuCores>3</cpuCores>
			<memory>1</memory>
			<networkBandwidth>1</networkBandwidth>
			<originalCluster>99</originalCluster>
		</Server>
		<Server id="490">
			<id>187</id>
			<cpuCores>6</cpuCores>
			<memory>1</memory>
			<networkBandwidth>4</networkBandwidth>
			<originalCluster>185</originalCluster>
		</Server>
		<Server id="491">
			<id>188</id>
			<cpuCores>1</cpuCores>
			<memory>3</memory>
			<networkBandwidth>1</networkBandwidth>
			<originalCluster>254</originalCluster>
		</Server>
		<Server id="492">
			<id>189</id>
			<cpuCores>1</cpuCores>
			<memory>1</memory>
			<networkBandwidth>1</networkBandwidth>
			<originalCluster>262</originalCluster>
		</Server>
		<Server id="493">
			<id>190</id>
			<cpuCores>2</cpuCores>
			<memory>1</memory>
			<networkBandwidth>1</networkBandwidth>
			<originalCluster>30</originalCluster>
		</Server>
		<Server id="494">
			<id>191</id>
			<cpuCores>1</cpuCores>
			<memory>8</memory>
			<networkBandwidth>4</networkBandwidth>
			<originalCluster>222</originalCluster>
		</Server>
		<Server id="495">
			<id>192</id>
			<cpuCores>1</cpuCores>
			<memory>1</memory>
			<networkBandwidth>4</networkBandwidth>
			<originalCluster>32</originalCluster>
		</Server>
		<Server id="496">
			<id>193</id>
			<cpuCores>1</cpuCores>
			<memory>11</memory>
			<networkBandwidth>1</networkBandwidth>
			<originalCluster>92</originalCluster>
		</Server>
		<Server id="497">
			<id>194</id>
			<cpuCores>1</cpuCores>
			<memory>4</memory>
			<networkBandwidth>1</networkBandwidth>
			<originalCluster>277</originalCluster>
		</Server>
		<Server id="498">
			<id>195</id>
			<cpuCores>1</cpuCores>
			<memory>23</memory>
			<networkBandwidth>1</networkBandwidth>
			<originalCluster>10</originalCluster>
		</Server>
		<Server id="499">
			<id>196</id>
			<cpuCores>12</cpuCores>
			<memory>13</memory>
			<networkBandwidth>2</networkBandwidth>
		</Server>
		<Server id="500">
			<id>197</id>
			<cpuCores>7</cpuCores>
			<memory>1</memory>
			<networkBandwidth>1</networkBandwidth>
			<originalCluster>76</originalCluster>
		</Server>
		<Server id="501">
			<id>198</id>
			<cpuCores>1</cpuCores>
			<memory>6</memory>
			<networkBandwidth>2</networkBandwidth>
			<originalCluster>190</originalCluster>
		</Server>
		<Server id="502">
			<id>199</id>
			<cpuCores>5</cpuCores>
			<memory>1</memory>
			<networkBandwidth>6</networkBandwidth>
			<originalCluster>164</originalCluster>
		</Server>
		<Server id="503">
			<id>200</id>
			<cpuCores>1</cpuCores>
			<memory>2</memory>
			<networkBandwidth>1</networkBandwidth>
			<originalCluster>265</originalCluster>
		</Server>
		<Server id="504">
			<id>201</id>
			<cpuCores>1</cpuCores>
			<memory>1</memory>
			<networkBandwidth>2</networkBandwidth>
			<originalCluster>156</originalCluster>
		</Server>
		<Server id="505">
			<id>202</id>
			<cpuCores>1</cpuCores>
			<memory>3</memory>
			<networkBandwidth>1</networkBandwidth>
			<originalCluster>122</originalCluster>
		</Server>
		<Server id="506">
			<id>203</id>
			<cpuCores>3</cpuCores>
			<memory>5</memory>
			<networkBandwidth>1</networkBandwidth>
			<originalCluster>234</originalCluster>
		</Server>
		<Server id="507">
			<id>204</id>
			<cpuCores>5</cpuCores>
			<memory>1</memory>
			<networkBandwidth>5</networkBandwidth>
		</Server>
		<Server id="508">
			<id>205</id>
			<cpuCores>1</cpuCores>
			<memory>1</memory>
			<networkBandwidth>3</networkBandwidth>
			<originalCluster>72</originalCluster>
		</Server>
		<Server id="509">
			<id>206</id>
			<cpuCores>1</cpuCores>
			<memory>2</memory>
			<networkBandwidth>1</networkBandwidth>
			<originalCluster>161</originalCluster>
		</Server>
		<Server id="510">
			<id>207</id>
			<cpuCores>9</cpuCores>
			<memory>1</memory>
			<networkBandwidth>1</networkBandwidth>
		</Server>
		<Server id="511">
			<id>208</id>
			<cpuCores>1</cpuCores>
			<memory>1</memory>
			<networkBandwidth>1</networkBandwidth>
			<originalCluster>24</originalCluster>
		</Server>
		<Server id="512">
			<id>209</id>
			<cpuCores>12</cpuCores>
			<memory>2</memory>
			<networkBandwidth>7</networkBandwidth>
		</Server>
		<Server id="513">
			<id>210</id>
			<cpuCores>1</cpuCores>
			<memory>1</memory>
			<networkBandwidth>6</networkBandwidth>
			<originalCluster>183</originalCluster>
		</Server>
		<Server id="514">
			<id>211</id>
			<cpuCores>1</cpuCores>
			<memory>1</memory>
			<networkBandwidth>12</networkBandwidth>
			<originalCluster>72</originalCluster>
		</Server>
		<Server id="515">
			<id>212</id>
			<cpuCores>2</cpuCores>
			<memory>1</memory>
			<networkBandwidth>9</networkBandwidth>
			<originalCluster>206</originalCluster>
		</Server>
		<Server id="516">
			<id>213</id>
			<cpuCores>1</cpuCores>
			<memory>3</memory>
			<networkBandwidth>1</networkBandwidth>
			<originalCluster>98</originalCluster>
		</Server>
		<Server id="517">
			<id>214</id>
			<cpuCores>1</cpuCores>
			<memory>1</memory>
			<networkBandwidth>1</networkBandwidth>
			<originalCluster>144</originalCluster>
		</Server>
		<Server id="518">
			<id>215</id>
			<cpuCores>1</cpuCores>
			<memory>2</memory>
			<networkBandwidth>8</networkBandwidth>
			<originalCluster>128</originalCluster>
		</Server>
		<Server id="519">
			<id>216</id>
			<cpuCores>1</cpuCores>
			<memory>1</memory>
			<networkBandwidth>1</networkBandwidth>
			<originalCluster>261</originalCluster>
		</Server>
		<Server id="520">
			<id>217</id>
			<cpuCores>1</cpuCores>
			<memory>10</memory>
			<networkBandwidth>3</networkBandwidth>
			<originalCluster>298</originalCluster>
		</Server>
		<Server id="521">
			<id>218</id>
			<cpuCores>1</cpuCores>
			<memory>1</memory>
			<networkBandwidth>1</networkBandwidth>
			<originalCluster>93</originalCluster>
		</Server>
		<Server id="522">
			<id>219</id>
			<cpuCores>1</cpuCores>
			<memory>1</memory>
			<networkBandwidth>1</networkBandwidth>
			<originalCluster>264</originalCluster>
		</Server>
		<Server id="523">
			<id>220</id>
			<cpuCores>1</cpuCores>
			<memory>10</memory>
			<networkBandwidth>1</networkBandwidth>
			<originalCluster>265</originalCluster>
		</Server>
		<Server id="524">
			<id>221</id>
			<cpuCores>8</cpuCores>
			<memory>3</memory>
			<networkBandwidth>1</networkBandwidth>
			<originalCluster>89</originalCluster>
		</Server>
		<Server id="525">
			<id>222</id>
			<cpuCores>8</cpuCores>
			<memory>1</memory>
			<networkBandwidth>1</networkBandwidth>
		</Server>
		<Server id="526">
			<id>223</id>
			<cpuCores>1</cpuCores>
			<memory>2</memory>
			<networkBandwidth>1</networkBandwidth>
			<originalCluster>23</originalCluster>
		</Server>
		<Server id="527">
			<id>224</id>
			<cpuCores>1</cpuCores>
			<memory>5</memory>
			<networkBandwidth>1</networkBandwidth>
			<originalCluster>166</originalCluster>
		</Server>
		<Server id="528">
			<id>225</id>
			<cpuCores>1</cpuCores>
			<memory>4</memory>
			<networkBandwidth>1</networkBandwidth>
			<originalCluster>169</originalCluster>
		</Server>
		<Server id="529">
			<id>226</id>
			<cpuCores>1</cpuCores>
			<memory>1</memory>
			<networkBandwidth>1</networkBandwidth>
			<originalCluster>13</originalCluster>
		</Server>
		<Server id="530">
			<id>227</id>
			<cpuCores>1</cpuCores>
			<memory>6</memory>
			<networkBandwidth>1</networkBandwidth>
			<originalCluster>71</originalCluster>
		</Server>
		<Server id="531">
			<id>228</id>
			<cpuCores>2</cpuCores>
			<memory>8</memory>
			<networkBandwidth>1</networkBandwidth>
			<originalCluster>185</originalCluster>
		</Server>
		<Server id="532">
			<id>229</id>
			<cpuCores>1</cpuCores>
			<memory>1</memory>
			<networkBandwidth>1</networkBandwidth>
			<originalCluster>5</originalCluster>
		</Server>
		<Server id="533">
			<id>230</id>
			<cpuCores>1</cpuCores>
			<memory>4</memory>
			<networkBandwidth>12</networkBandwidth>
			<originalCluster>146</originalCluster>
		</Server>
		<Server id="534">
			<id>231</id>
			<cpuCores>2</cpuCores>
			<memory>2</memory>
			<networkBandwidth>4</networkBandwidth>
			<originalCluster>198</originalCluster>
		</Server>
		<Server id="535">
			<id>232</id>
			<cpuCores>3</cpuCores>
			<memory>1</memory>
			<networkBandwidth>1</networkBandwidth>
		</Server>
		<Server id="536">
			<id>233</id>
			<cpuCores>2</cpuCores>
			<memory>1</memory>
			<networkBandwidth>1</networkBandwidth>
			<originalCluster>237</originalCluster>
		</Server>
		<Server id="537">
			<id>234</id>
			<cpuCores>1</cpuCores>
			<memory>27</memory>
			<networkBandwidth>1</networkBandwidth>
			<originalCluster>275</originalCluster>
		</Server>
		<Server id="538">
			<id>235</id>
			<cpuCores>1</cpuCores>
			<memory>3</memory>
			<networkBandwidth>3</networkBandwidth>
			<originalCluster>178</originalCluster>
		</Server>
		<Server id="539">
			<id>236</id>
			<cpuCores>1</cpuCores>
			<memory>1</memory>
			<networkBandwidth>1</networkBandwidth>
			<originalCluster>199</originalCluster>
		</Server>
		<Server id="540">
			<id>237</id>
			<cpuCores>7</cpuCores>
			<memory>27</memory>
			<networkBandwidth>6</networkBandwidth>
			<originalCluster>195</originalCluster>
		</Server>
		<Server id="541">
			<id>238</id>
			<cpuCores>1</cpuCores>
			<memory>1</memory>
			<networkBandwidth>3</networkBandwidth>
			<originalCluster>63</originalCluster>
		</Server>
		<Server id="542">
			<id>239</id>
			<cpuCores>1</cpuCores>
			<memory>4</memory>
			<networkBandwidth>2</networkBandwidth>
			<originalCluster>193</originalCluster>
		</Server>
		<Server id="543">
			<id>240</id>
			<cpuCores>1</cpuCores>
			<memory>1</memory>
			<networkBandwidth>1</networkBandwidth>
			<originalCluster>264</originalCluster>
		</Server>
		<Server id="544">
			<id>241</id>
			<cpuCores>1</cpuCores>
			<memory>1</memory>
			<networkBandwidth>3</networkBandwidth>
			<originalCluster>246</originalCluster>
		</Server>
		<Server id="545">
			<id>242</id>
			<cpuCores>3</cpuCores>
			<memory>13</memory>
			<networkBandwidth>1</networkBandwidth>
			<originalCluster>225</originalCluster>
		</Server>
		<Server id="546">
			<id>243</id>
			<cpuCores>1</cpuCores>
			<memory>3</memory>
			<networkBandwidth>5</networkBandwidth>
			<originalCluster>242</originalCluster>
		</Server>
		<Server id="547">
			<id>244</id>
			<cpuCores>1</cpuCores>
			<memory>18</memory>
			<networkBandwidth>2</networkBandwidth>
			<originalCluster>277</originalCluster>
		</Server>
		<Server id="548">
			<id>245</id>
			<cpuCores>1</cpuCores>
			<memory>1</memory>
			<networkBandwidth>1</networkBandwidth>
			<originalCluster>104</originalCluster>
		</Server>
		<Server id="549">
			<id>246</id>
			<cpuCores>11</cpuCores>
			<memory>3</memory>
			<networkBandwidth>1</networkBandwidth>
		</Server>
		<Server id="550">
			<id>247</id>
			<cpuCores>1</cpuCores>
			<memory>10</memory>
			<networkBandwidth>8</networkBandwidth>
			<originalCluster>136</originalCluster>
		</Server>
		<Server id="551">
			<id>248</id>
			<cpuCores>4</cpuCores>
			<memory>1</memory>
			<networkBandwidth>1</networkBandwidth>
			<originalCluster>226</originalCluster>
		</Server>
		<Server id="552">
			<id>249</id>
			<cpuCores>5</cpuCores>
			<memory>1</memory>
			<networkBandwidth>1</networkBandwidth>
			<originalCluster>260</originalCluster>
		</Server>
		<Server id="553">
			<id>250</id>
			<cpuCores>1</cpuCores>
			<memory>24</memory>
			<networkBandwidth>1</networkBandwidth>
			<originalCluster>254</originalCluster>
		</Server>
		<Server id="554">
			<id>251</id>
			<cpuCores>1</cpuCores>
			<memory>10</memory>
			<networkBandwidth>1</networkBandwidth>
			<originalCluster>160</originalCluster>
		</Server>
		<Server id="555">
			<id>252</id>
			<cpuCores>1</cpuCores>
			<memory>1</memory>
			<networkBandwidth>1</networkBandwidth>
			<originalCluster>76</originalCluster>
		</Server>
		<Server id="556">
			<id>253</id>
			<cpuCores>1</cpuCores>
			<memory>1</memory>
			<networkBandwidth>4</networkBandwidth>
			<originalCluster>190</originalCluster>
		</Server>
		<Server id="557">
			<id>254</id>
			<cpuCores>8</cpuCores>
			<memory>6</memory>
			<networkBandwidth>2</networkBandwidth>
			<originalCluster>109</originalCluster>
		</Server>
		<Server id="558">
			<id>255</id>
			<cpuCores>9</cpuCores>
			<memory>4</memory>
			<networkBandwidth>1</networkBandwidth>
			<originalCluster>44</originalCluster>
		</Server>
		<Server id="559">
			<id>256</id>
			<cpuCores>1</cpuCores>
			<memory>3</memory>
			<networkBandwidth>1</networkBandwidth>
			<originalCluster>31</originalCluster>
		</Server>
		<Server id="560">
			<id>257</id>
			<cpuCores>1</cpuCores>
			<memory>1</memory>
			<networkBandwidth>1</networkBandwidth>
			<originalCluster>134</originalCluster>
		</Server>
		<Server id="561">
			<id>258</id>
			<cpuCores>4</cpuCores>
			<memory>1</memory>
			<networkBandwidth>2</networkBandwidth>
			<originalCluster>210</originalCluster>
		</Server>
		<Server id="562">
			<id>259</id>
			<cpuCores>1</cpuCores>
			<memory>1</memory>
			<networkBandwidth>1</networkBandwidth>
			<originalCluster>44</originalCluster>
		</Server>
		<Server id="563">
			<id>260</id>
			<cpuCores>1</cpuCores>
			<memory>6</memory>
			<networkBandwidth>12</networkBandwidth>
			<originalCluster>18</originalCluster>
		</Server>
		<Server id="564">
			<id>261</id>
			<cpuCores>1</cpuCores>
			<memory>1</memory>
			<networkBandwidth>1</networkBandwidth>
			<originalCluster>98</originalCluster>
		</Server>
		<Server id="565">
			<id>262</id>
			<cpuCores>1</cpuCores>
			<memory>1</memory>
			<networkBandwidth>5</networkBandwidth>
		</Server>
		<Server id="566">
			<id>263</id>
			<cpuCores>1</cpuCores>
			<memory>10</memory>
			<networkBandwidth>1</networkBandwidth>
			<originalCluster>49</originalCluster>
		</Server>
		<Server id="567">
			<id>264</id>
			<cpuCores>4</cpuCores>
			<memory>10</memory>
			<networkBandwidth>1</networkBandwidth>
			<originalCluster>244</originalCluster>
		</Server>
		<Server id="568">
			<id>265</id>
			<cpuCores>10</cpuCores>
			<memory>1</memory>
			<networkBandwidth>1</networkBandwidth>
			<originalCluster>28</originalCluster>
		</Server>
		<Server id="569">
			<id>266</id>
			<cpuCores>1</cpuCores>
			<memory>1</memory>
			<networkBandwidth>1</networkBandwidth>
			<originalCluster>69</originalCluster>
		</Server>
		<Server id="570">
			<id>267</id>
			<cpuCores>1</cpuCores>
			<memory>1</memory>
			<networkBandwidth>1</networkBandwidth>
			<originalCluster>222</originalCluster>
		</Server>
		<Server id="571">
			<id>268</id>
			<cpuCores>6</cpuCores>
			<memory>1</memory>
			<networkBandwidth>1</networkBandwidth>
			<originalCluster>295</originalCluster>
		</Server>
		<Server id="572">
			<id>269</id>
			<cpuCores>1</cpuCores>
			<memory>3</memory>
			<networkBandwidth>1</networkBandwidth>
			<originalCluster>180</originalCluster>
		</Server>
		<Server id="573">
			<id>270</id>
			<cpuCores>1</cpuCores>
			<memory>1</memory>
			<networkBandwidth>1</networkBandwidth>
			<originalCluster>33</originalCluster>
		</Server>
		<Server id="574">
			<id>271</id>
			<cpuCores>1</cpuCores>
			<memory>1</memory>
			<networkBandwidth>12</networkBandwidth>
			<originalCluster>5</originalCluster>
		</Server>
		<Server id="575">
			<id>272</id>
			<cpuCores>1</cpuCores>
			<memory>3</memory>
			<networkBandwidth>2</networkBandwidth>
			<originalCluster>185</originalCluster>
		</Server>
		<Server id="576">
			<id>273</id>
			<cpuCores>12</cpuCores>
			<memory>8</memory>
			<networkBandwidth>1</networkBandwidth>
		</Server>
		<Server id="577">
			<id>274</id>
			<cpuCores>1</cpuCores>
			<memory>22</memory>
			<networkBandwidth>1</networkBandwidth>
			<originalCluster>252</originalCluster>
		</Server>
		<Server id="578">
			<id>275</id>
			<cpuCores>6</cpuCores>
			<memory>2</memory>
			<networkBandwidth>2</networkBandwidth>
		</Server>
		<Server id="579">
			<id>276</id>
			<cpuCores>4</cpuCores>
			<memory>1</memory>
			<networkBandwidth>1</networkBandwidth>
			<originalCluster>124</originalCluster>
		</Server>
		<Server id="580">
			<id>277</id>
			<cpuCores>1</cpuCores>
			<memory>1</memory>
			<networkBandwidth>1</networkBandwidth>
			<originalCluster>43</originalCluster>
		</Server>
		<Server id="581">
			<id>278</id>
			<cpuCores>1</cpuCores>
			<memory>1</memory>
			<networkBandwidth>2</networkBandwidth>
			<originalCluster>85</originalCluster>
		</Server>
		<Server id="582">
			<id>279</id>
			<cpuCores>10</cpuCores>
			<memory>2</memory>
			<networkBandwidth>1</networkBandwidth>
		</Server>
		<Server id="583">
			<id>280</id>
			<cpuCores>1</cpuCores>
			<memory>1</memory>
			<networkBandwidth>2</networkBandwidth>
			<originalCluster>245</originalCluster>
		</Server>
		<Server id="584">
			<id>281</id>
			<cpuCores>7</cpuCores>
			<memory>1</memory>
			<networkBandwidth>7</networkBandwidth>
			<originalCluster>124</originalCluster>
		</Server>
		<Server id="585">
			<id>282</id>
			<cpuCores>1</cpuCores>
			<memory>18</memory>
			<networkBandwidth>1</networkBandwidth>
			<originalCluster>175</originalCluster>
		</Server>
		<Server id="586">
			<id>283</id>
			<cpuCores>5</cpuCores>
			<memory>1</memory>
			<networkBandwidth>1</networkBandwidth>
			<originalCluster>198</originalCluster>
		</Server>
		<Server id="587">
			<id>284</id>
			<cpuCores>9</cpuCores>
			<memory>1</memory>
			<networkBandwidth>1</networkBandwidth>
			<originalCluster>280</originalCluster>
		</Server>
		<Server id="588">
			<id>285</id>
			<cpuCores>1</cpuCores>
			<memory>23</memory>
			<networkBandwidth>1</networkBandwidth>
			<originalCluster>0</originalCluster>
		</Server>
		<Server id="589">
			<id>286</id>
			<cpuCores>2</cpuCores>
			<memory>1</memory>
			<networkBandwidth>1</networkBandwidth>
			<originalCluster>204</originalCluster>
		</Server>
		<Server id="590">
			<id>287</id>
			<cpuCores>1</cpuCores>
			<memory>30</memory>
			<networkBandwidth>1</networkBandwidth>
			<originalCluster>245</originalCluster>
		</Server>
		<Server id="591">
			<id>288</id>
			<cpuCores>1</cpuCores>
			<memory>1</memory>
			<networkBandwidth>1</networkBandwidth>
			<originalCluster>163</originalCluster>
		</Server>
		<Server id="592">
			<id>289</id>
			<cpuCores>1</cpuCores>
			<memory>1</memory>
			<networkBandwidth>3</networkBandwidth>
			<originalCluster>164</originalCluster>
		</Server>
		<Server id="593">
			<id>290</id>
			<cpuCores>1</cpuCores>
			<memory>1</memory>
			<networkBandwidth>2</networkBandwidth>
			<originalCluster>267</originalCluster>
		</Server>
		<Server id="594">
			<id>291</id>
			<cpuCores>1</cpuCores>
			<memory>1</memory>
			<networkBandwidth>1</networkBandwidth>
			<originalCluster>35</originalCluster>
		</Server>
		<Server id="595">
			<id>292</id>
			<cpuCores>1</cpuCores>
			<memory>3</memory>
			<networkBandwidth>1</networkBandwidth>
			<originalCluster>104</originalCluster>
		</Server>
		<Server id="596">
			<id>293</id>
			<cpuCores>5</cpuCores>
			<memory>17</memory>
			<networkBandwidth>1</networkBandwidth>
			<originalCluster>3</originalCluster>
		</Server>
		<Server id="597">
			<id>294</id>
			<cpuCores>1</cpuCores>
			<memory>13</memory>
			<networkBandwidth>1</networkBandwidth>
			<originalCluster>184</originalCluster>
		</Server>
		<Server id="598">
			<id>295</id>
			<cpuCores>1</cpuCores>
			<memory>9</memory>
			<networkBandwidth>10</networkBandwidth>
			<originalCluster>227</originalCluster>
		</Server>
		<Server id="599">
			<id>296</id>
			<cpuCores>4</cpuCores>
			<memory>2</memory>
			<networkBandwidth>2</networkBandwidth>
			<originalCluster>11</originalCluster>
		</Server>
		<Server id="600">
			<id>297</id>
			<cpuCores>1</cpuCores>
			<memory>1</memory>
			<networkBandwidth>1</networkBandwidth>
			<originalCluster>238</originalCluster>
		</Server>
		<Server id="601">
			<id>298</id>
			<cpuCores>2</cpuCores>
			<memory>4</memory>
			<networkBandwidth>3</networkBandwidth>
			<originalCluster>65</originalCluster>
		</Server>
		<Server id="602">
			<id>299</id>
			<cpuCores>1</cpuCores>
			<memory>1</memory>
			<networkBandwidth>5</networkBandwidth>
			<originalCluster>253</originalCluster>
		</Server>
		<Server id="603">
			<id>300</id>
			<cpuCores>1</cpuCores>
			<memory>2</memory>
			<networkBandwidth>2</networkBandwidth>
			<originalCluster>154</originalCluster>
		</Server>
		<Server id="604">
			<id>301</id>
			<cpuCores>1</cpuCores>
			<memory>1</memory>
			<networkBandwidth>1</networkBandwidth>
			<originalCluster>220</originalCluster>
		</Server>
		<Server id="605">
			<id>302</id>
			<cpuCores>1</cpuCores>
			<memory>15</memory>
			<networkBandwidth>3</networkBandwidth>
			<originalCluster>106</originalCluster>
		</Server>
		<Server id="606">
			<id>303</id>
			<cpuCores>2</cpuCores>
			<memory>1</memory>
			<networkBandwidth>9</networkBandwidth>
			<originalCluster>105</originalCluster>
		</Server>
		<Server id="607">
			<id>304</id>
			<cpuCores>2</cpuCores>
			<memory>1</memory>
			<networkBandwidth>1</networkBandwidth>
			<originalCluster>80</originalCluster>
		</Server>
		<Server id="608">
			<id>305</id>
			<cpuCores>2</cpuCores>
			<memory>29</memory>
			<networkBandwidth>1</networkBandwidth>
			<originalCluster>162</originalCluster>
		</Server>
		<Server id="609">
			<id>306</id>
			<cpuCores>2</cpuCores>
			<memory>1</memory>
			<networkBandwidth>10</networkBandwidth>
			<originalCluster>276</originalCluster>
		</Server>
		<Server id="610">
			<id>307</id>
			<cpuCores>1</cpuCores>
			<memory>1</memory>
			<networkBandwidth>1</networkBandwidth>
			<originalCluster>207</originalCluster>
		</Server>
		<Server id="611">
			<id>308</id>
			<cpuCores>3</cpuCores>
			<memory>4</memory>
			<networkBandwidth>5</networkBandwidth>
			<originalCluster>61</originalCluster>
		</Server>
		<Server id="612">
			<id>309</id>
			<cpuCores>1</cpuCores>
			<memory>1</memory>
			<networkBandwidth>1</networkBandwidth>
			<originalCluster>86</originalCluster>
		</Server>
		<Server id="613">
			<id>310</id>
			<cpuCores>1</cpuCores>
			<memory>1</memory>
			<networkBandwidth>4</networkBandwidth>
			<originalCluster>197</originalCluster>
		</Server>
		<Server id="614">
			<id>311</id>
			<cpuCores>1</cpuCores>
			<memory>4</memory>
			<networkBandwidth>1</networkBandwidth>
			<originalCluster>135</originalCluster>
		</Server>
		<Server id="615">
			<id>312</id>
			<cpuCores>1</cpuCores>
			<memory>1</memory>
			<networkBandwidth>7</networkBandwidth>
			<originalCluster>257</originalCluster>
		</Server>
		<Server id="616">
			<id>313</id>
			<cpuCores>1</cpuCores>
			<memory>15</memory>
			<networkBandwidth>1</networkBandwidth>
			<originalCluster>49</originalCluster>
		</Server>
		<Server id="617">
			<id>314</id>
			<cpuCores>9</cpuCores>
			<memory>4</memory>
			<networkBandwidth>5</networkBandwidth>
		</Server>
		<Server id="618">
			<id>315</id>
			<cpuCores>6</cpuCores>
			<memory>4</memory>
			<networkBandwidth>1</networkBandwidth>
			<originalCluster>21</originalCluster>
		</Server>
		<Server id="619">
			<id>316</id>
			<cpuCores>1</cpuCores>
			<memory>2</memory>
			<networkBandwidth>1</networkBandwidth>
			<originalCluster>247</originalCluster>
		</Server>
		<Server id="620">
			<id>317</id>
			<cpuCores>1</cpuCores>
			<memory>7</memory>
			<networkBandwidth>1</networkBandwidth>
			<originalCluster>30</originalCluster>
		</Server>
		<Server id="621">
			<id>318</id>
			<cpuCores>1</cpuCores>
			<memory>1</memory>
			<networkBandwidth>7</networkBandwidth>
			<originalCluster>231</originalCluster>
		</Server>
		<Server id="622">
			<id>319</id>
			<cpuCores>1</cpuCores>
			<memory>2</memory>
			<networkBandwidth>1</networkBandwidth>
			<originalCluster>213</originalCluster>
		</Server>
		<Server id="623">
			<id>320</id>
			<cpuCores>1</cpuCores>
			<memory>4</memory>
			<networkBandwidth>2</networkBandwidth>
			<originalCluster>224</originalCluster>
		</Server>
		<Server id="624">
			<id>321</id>
			<cpuCores>1</cpuCores>
			<memory>1</memory>
			<networkBandwidth>1</networkBandwidth>
			<originalCluster>182</originalCluster>
		</Server>
		<Server id="625">
			<id>322</id>
			<cpuCores>4</cpuCores>
			<memory>3</memory>
			<networkBandwidth>4</networkBandwidth>
			<originalCluster>26</originalCluster>
		</Server>
		<Server id="626">
			<id>323</id>
			<cpuCores>1</cpuCores>
			<memory>1</memory>
			<networkBandwidth>5</networkBandwidth>
			<originalCluster>283</originalCluster>
		</Server>
		<Server id="627">
			<id>324</id>
			<cpuCores>1</cpuCores>
			<memory>1</memory>
			<networkBandwidth>1</networkBandwidth>
			<originalCluster>52</originalCluster>
		</Server>
		<Server id="628">
			<id>325</id>
			<cpuCores>2</cpuCores>
			<memory>19</memory>
			<networkBandwidth>1</networkBandwidth>
			<originalCluster>198</originalCluster>
		</Server>
		<Server id="629">
			<id>326</id>
			<cpuCores>1</cpuCores>
			<memory>2</memory>
			<networkBandwidth>1</networkBandwidth>
			<originalCluster>209</originalCluster>
		</Server>
		<Server id="630">
			<id>327</id>
			<cpuCores>1</cpuCores>
			<memory>4</memory>
			<networkBandwidth>2</networkBandwidth>
			<originalCluster>240</originalCluster>
		</Server>
		<Server id="631">
			<id>328</id>
			<cpuCores>1</cpuCores>
			<memory>1</memory>
			<networkBandwidth>1</networkBandwidth>
			<originalCluster>46</originalCluster>
		</Server>
		<Server id="632">
			<id>329</id>
			<cpuCores>1</cpuCores>
			<memory>1</memory>
			<networkBandwidth>1</networkBandwidth>
			<originalCluster>105</originalCluster>
		</Server>
		<Server id="633">
			<id>330</id>
			<cpuCores>1</cpuCores>
			<memory>23</memory>
			<networkBandwidth>1</networkBandwidth>
			<originalCluster>31</originalCluster>
		</Server>
		<Server id="634">
			<id>331</id>
			<cpuCores>8</cpuCores>
			<memory>1</memory>
			<networkBandwidth>1</networkBandwidth>
			<originalCluster>277</originalCluster>
		</Server>
		<Server id="635">
			<id>332</id>
			<cpuCores>2</cpuCores>
			<memory>4</memory>
			<networkBandwidth>1</networkBandwidth>
			<originalCluster>106</originalCluster>
		</Server>
		<Server id="636">
			<id>333</id>
			<cpuCores>2</cpuCores>
			<memory>1</memory>
			<networkBandwidth>1</networkBandwidth>
			<originalCluster>65</originalCluster>
		</Server>
		<Server id="637">
			<id>334</id>
			<cpuCores>1</cpuCores>
			<memory>21</memory>
			<networkBandwidth>12</networkBandwidth>
			<originalCluster>198</originalCluster>
		</Server>
		<Server id="638">
			<id>335</id>
			<cpuCores>1</cpuCores>
			<memory>3</memory>
			<networkBandwidth>1</networkBandwidth>
			<originalCluster>201</originalCluster>
		</Server>
		<Server id="639">
			<id>336</id>
			<cpuCores>2</cpuCores>
			<memory>6</memory>
			<networkBandwidth>1</networkBandwidth>
			<originalCluster>290</originalCluster>
		</Server>
		<Server id="640">
			<id>337</id>
			<cpuCores>9</cpuCores>
			<memory>1</memory>
			<networkBandwidth>1</networkBandwidth>
		</Server>
		<Server id="641">
			<id>338</id>
			<cpuCores>1</cpuCores>
			<memory>3</memory>
			<networkBandwidth>2</networkBandwidth>
			<originalCluster>41</originalCluster>
		</Server>
		<Server id="642">
			<id>339</id>
			<cpuCores>11</cpuCores>
			<memory>2</memory>
			<networkBandwidth>1</networkBandwidth>
		</Server>
		<Server id="643">
			<id>340</id>
			<cpuCores>1</cpuCores>
			<memory>6</memory>
			<networkBandwidth>1</networkBandwidth>
			<originalCluster>21</originalCluster>
		</Server>
		<Server id="644">
			<id>341</id>
			<cpuCores>1</cpuCores>
			<memory>1</memory>
			<networkBandwidth>3</networkBandwidth>
			<originalCluster>204</originalCluster>
		</Server>
		<Server id="645">
			<id>342</id>
			<cpuCores>1</cpuCores>
			<memory>1</memory>
			<networkBandwidth>1</networkBandwidth>
			<originalCluster>54</originalCluster>
		</Server>
		<Server id="646">
			<id>343</id>
			<cpuCores>1</cpuCores>
			<memory>3</memory>
			<networkBandwidth>1</networkBandwidth>
			<originalCluster>295</originalCluster>
		</Server>
		<Server id="647">
			<id>344</id>
			<cpuCores>1</cpuCores>
			<memory>1</memory>
			<networkBandwidth>3</networkBandwidth>
			<originalCluster>276</originalCluster>
		</Server>
		<Server id="648">
			<id>345</id>
			<cpuCores>1</cpuCores>
			<memory>2</memory>
			<networkBandwidth>1</networkBandwidth>
			<originalCluster>279</originalCluster>
		</Server>
		<Server id="649">
			<id>346</id>
			<cpuCores>1</cpuCores>
			<memory>1</memory>
			<networkBandwidth>1</networkBandwidth>
			<originalCluster>293</originalCluster>
		</Server>
		<Server id="650">
			<id>347</id>
			<cpuCores>1</cpuCores>
			<memory>1</memory>
			<networkBandwidth>1</networkBandwidth>
			<originalCluster>238</originalCluster>
		</Server>
		<Server id="651">
			<id>348</id>
			<cpuCores>1</cpuCores>
			<memory>11</memory>
			<networkBandwidth>1</networkBandwidth>
			<originalCluster>266</originalCluster>
		</Server>
		<Server id="652">
			<id>349</id>
			<cpuCores>1</cpuCores>
			<memory>1</memory>
			<networkBandwidth>1</networkBandwidth>
			<originalCluster>263</originalCluster>
		</Server>
		<Server id="653">
			<id>350</id>
			<cpuCores>10</cpuCores>
			<memory>29</memory>
			<networkBandwidth>1</networkBandwidth>
			<originalCluster>254</originalCluster>
		</Server>
		<Server id="654">
			<id>351</id>
			<cpuCores>1</cpuCores>
			<memory>4</memory>
			<networkBandwidth>8</networkBandwidth>
			<originalCluster>129</originalCluster>
		</Server>
		<Server id="655">
			<id>352</id>
			<cpuCores>6</cpuCores>
			<memory>1</memory>
			<networkBandwidth>1</networkBandwidth>
		</Server>
		<Server id="656">
			<id>353</id>
			<cpuCores>1</cpuCores>
			<memory>2</memory>
			<networkBandwidth>1</networkBandwidth>
			<originalCluster>272</originalCluster>
		</Server>
		<Server id="657">
			<id>354</id>
			<cpuCores>5</cpuCores>
			<memory>1</memory>
			<networkBandwidth>1</networkBandwidth>
			<originalCluster>123</originalCluster>
		</Server>
		<Server id="658">
			<id>355</id>
			<cpuCores>1</cpuCores>
			<memory>9</memory>
			<networkBandwidth>2</networkBandwidth>
			<originalCluster>272</originalCluster>
		</Server>
		<Server id="659">
			<id>356</id>
			<cpuCores>1</cpuCores>
			<memory>6</memory>
			<networkBandwidth>1</networkBandwidth>
			<originalCluster>223</originalCluster>
		</Server>
		<Server id="660">
			<id>357</id>
			<cpuCores>1</cpuCores>
			<memory>2</memory>
			<networkBandwidth>1</networkBandwidth>
			<originalCluster>212</originalCluster>
		</Server>
		<Server id="661">
			<id>358</id>
			<cpuCores>4</cpuCores>
			<memory>9</memory>
			<networkBandwidth>1</networkBandwidth>
			<originalCluster>187</originalCluster>
		</Server>
		<Server id="662">
			<id>359</id>
			<cpuCores>8</cpuCores>
			<memory>1</memory>
			<networkBandwidth>1</networkBandwidth>
			<originalCluster>155</originalCluster>
		</Server>
		<Server id="663">
			<id>360</id>
			<cpuCores>1</cpuCores>
			<memory>1</memory>
			<networkBandwidth>1</networkBandwidth>
			<originalCluster>30</originalCluster>
		</Server>
		<Server id="664">
			<id>361</id>
			<cpuCores>1</cpuCores>
			<memory>1</memory>
			<networkBandwidth>1</networkBandwidth>
			<originalCluster>74</originalCluster>
		</Server>
		<Server id="665">
			<id>362</id>
			<cpuCores>7</cpuCores>
			<memory>5</memory>
			<networkBandwidth>1</networkBandwidth>
			<originalCluster>64</originalCluster>
		</Server>
		<Server id="666">
			<id>363</id>
			<cpuCores>12</cpuCores>
			<memory>1</memory>
			<networkBandwidth>1</networkBandwidth>
		</Server>
		<Server id="667">
			<id>364</id>
			<cpuCores>2</cpuCores>
			<memory>1</memory>
			<networkBandwidth>1</networkBandwidth>
			<originalCluster>1</originalCluster>
		</Server>
		<Server id="668">
			<id>365</id>
			<cpuCores>1</cpuCores>
			<memory>3</memory>
			<networkBandwidth>6</networkBandwidth>
			<originalCluster>57</originalCluster>
		</Server>
		<Server id="669">
			<id>366</id>
			<cpuCores>1</cpuCores>
			<memory>1</memory>
			<networkBandwidth>1</networkBandwidth>
			<originalCluster>179</originalCluster>
		</Server>
		<Server id="670">
			<id>367</id>
			<cpuCores>1</cpuCores>
			<memory>1</memory>
			<networkBandwidth>11</networkBandwidth>
			<originalCluster>71</originalCluster>
		</Server>
		<Server id="671">
			<id>368</id>
			<cpuCores>3</cpuCores>
			<memory>1</memory>
			<networkBandwidth>1</networkBandwidth>
			<originalCluster>85</originalCluster>
		</Server>
		<Server id="672">
			<id>369</id>
			<cpuCores>1</cpuCores>
			<memory>1</memory>
			<networkBandwidth>1</networkBandwidth>
			<originalCluster>25</originalCluster>
		</Server>
		<Server id="673">
			<id>370</id>
			<cpuCores>1</cpuCores>
			<memory>1</memory>
			<networkBandwidth>1</networkBandwidth>
			<originalCluster>265</originalCluster>
		</Server>
		<Server id="674">
			<id>371</id>
			<cpuCores>1</cpuCores>
			<memory>5</memory>
			<networkBandwidth>1</networkBandwidth>
			<originalCluster>31</originalCluster>
		</Server>
		<Server id="675">
			<id>372</id>
			<cpuCores>1</cpuCores>
			<memory>1</memory>
			<networkBandwidth>4</networkBandwidth>
			<originalCluster>115</originalCluster>
		</Server>
		<Server id="676">
			<id>373</id>
			<cpuCores>1</cpuCores>
			<memory>1</memory>
			<networkBandwidth>10</networkBandwidth>
			<originalCluster>18</originalCluster>
		</Server>
		<Server id="677">
			<id>374</id>
			<cpuCores>1</cpuCores>
			<memory>6</memory>
			<networkBandwidth>2</networkBandwidth>
			<originalCluster>216</originalCluster>
		</Server>
		<Server id="678">
			<id>375</id>
			<cpuCores>2</cpuCores>
			<memory>2</memory>
			<networkBandwidth>1</networkBandwidth>
			<originalCluster>270</originalCluster>
		</Server>
		<Server id="679">
			<id>376</id>
			<cpuCores>1</cpuCores>
			<memory>1</memory>
			<networkBandwidth>1</networkBandwidth>
			<originalCluster>214</originalCluster>
		</Server>
		<Server id="680">
			<id>377</id>
			<cpuCores>1</cpuCores>
			<memory>3</memory>
			<networkBandwidth>3</networkBandwidth>
			<originalCluster>10</originalCluster>
		</Server>
		<Server id="681">
			<id>378</id>
			<cpuCores>1</cpuCores>
			<memory>10</memory>
			<networkBandwidth>1</networkBandwidth>
			<originalCluster>127</originalCluster>
		</Server>
		<Server id="682">
			<id>379</id>
			<cpuCores>2</cpuCores>
			<memory>1</memory>
			<networkBandwidth>1</networkBandwidth>
			<originalCluster>156</originalCluster>
		</Server>
		<Server id="683">
			<id>380</id>
			<cpuCores>2</cpuCores>
			<memory>9</memory>
			<networkBandwidth>1</networkBandwidth>
			<originalCluster>87</originalCluster>
		</Server>
		<Server id="684">
			<id>381</id>
			<cpuCores>1</cpuCores>
			<memory>1</memory>
			<networkBandwidth>1</networkBandwidth>
			<originalCluster>190</originalCluster>
		</Server>
		<Server id="685">
			<id>382</id>
			<cpuCores>2</cpuCores>
			<memory>1</memory>
			<networkBandwidth>3</networkBandwidth>
			<originalCluster>137</originalCluster>
		</Server>
		<Server id="686">
			<id>383</id>
			<cpuCores>1</cpuCores>
			<memory>14</memory>
			<networkBandwidth>10</networkBandwidth>
			<originalCluster>244</originalCluster>
		</Server>
		<Server id="687">
			<id>384</id>
			<cpuCores>1</cpuCores>
			<memory>1</memory>
			<networkBandwidth>1</networkBandwidth>
			<originalCluster>162</originalCluster>
		</Server>
		<Server id="688">
			<id>385</id>
			<cpuCores>2</cpuCores>
			<memory>2</memory>
			<networkBandwidth>1</networkBandwidth>
			<originalCluster>221</originalCluster>
		</Server>
		<Server id="689">
			<id>386</id>
			<cpuCores>1</cpuCores>
			<memory>11</memory>
			<networkBandwidth>1</networkBandwidth>
			<originalCluster>275</originalCluster>
		</Server>
		<Server id="690">
			<id>387</id>
			<cpuCores>2</cpuCores>
			<memory>2</memory>
			<networkBandwidth>2</networkBandwidth>
			<originalCluster>42</originalCluster>
		</Server>
		<Server id="691">
			<id>388</id>
			<cpuCores>1</cpuCores>
			<memory>1</memory>
			<networkBandwidth>1</networkBandwidth>
			<originalCluster>232</originalCluster>
		</Server>
		<Server id="692">
			<id>389</id>
			<cpuCores>9</cpuCores>
			<memory>1</memory>
			<networkBandwidth>1</networkBandwidth>
		</Server>
		<Server id="693">
			<id>390</id>
			<cpuCores>1</cpuCores>
			<memory>17</memory>
			<networkBandwidth>1</networkBandwidth>
			<originalCluster>187</originalCluster>
		</Server>
		<Server id="694">
			<id>391</id>
			<cpuCores>3</cpuCores>
			<memory>20</memory>
			<networkBandwidth>1</networkBandwidth>
			<originalCluster>230</originalCluster>
		</Server>
		<Server id="695">
			<id>392</id>
			<cpuCores>1</cpuCores>
			<memory>1</memory>
			<networkBandwidth>1</networkBandwidth>
			<originalCluster>35</originalCluster>
		</Server>
		<Server id="696">
			<id>393</id>
			<cpuCores>1</cpuCores>
			<memory>3</memory>
			<networkBandwidth>1</networkBandwidth>
			<originalCluster>124</originalCluster>
		</Server>
		<Server id="697">
			<id>394</id>
			<cpuCores>1</cpuCores>
			<memory>1</memory>
			<networkBandwidth>1</networkBandwidth>
			<originalCluster>52</originalCluster>
		</Server>
		<Server id="698">
			<id>395</id>
			<cpuCores>2</cpuCores>
			<memory>1</memory>
			<networkBandwidth>4</networkBandwidth>
			<originalCluster>10</originalCluster>
		</Server>
		<Server id="699">
			<id>396</id>
			<cpuCores>2</cpuCores>
			<memory>1</memory>
			<networkBandwidth>1</networkBandwidth>
			<originalCluster>14</originalCluster>
		</Server>
		<Server id="700">
			<id>397</id>
			<cpuCores>1</cpuCores>
			<memory>12</memory>
			<networkBandwidth>1</networkBandwidth>
			<originalCluster>290</originalCluster>
		</Server>
		<Server id="701">
			<id>398</id>
			<cpuCores>3</cpuCores>
			<memory>1</memory>
			<networkBandwidth>3</networkBandwidth>
			<originalCluster>56</originalCluster>
		</Server>
		<Server id="702">
			<id>399</id>
			<cpuCores>1</cpuCores>
			<memory>1</memory>
			<networkBandwidth>1</networkBandwidth>
			<originalCluster>203</originalCluster>
		</Server>
		<Server id="703">
			<id>400</id>
			<cpuCores>1</cpuCores>
			<memory>1</memory>
			<networkBandwidth>1</networkBandwidth>
			<originalCluster>127</originalCluster>
		</Server>
		<Server id="704">
			<id>401</id>
			<cpuCores>1</cpuCores>
			<memory>16</memory>
			<networkBandwidth>1</networkBandwidth>
			<originalCluster>88</originalCluster>
		</Server>
		<Server id="705">
			<id>402</id>
			<cpuCores>1</cpuCores>
			<memory>1</memory>
			<networkBandwidth>1</networkBandwidth>
			<originalCluster>78</originalCluster>
		</Server>
		<Server id="706">
			<id>403</id>
			<cpuCores>1</cpuCores>
			<memory>1</memory>
			<networkBandwidth>4</networkBandwidth>
			<originalCluster>259</originalCluster>
		</Server>
		<Server id="707">
			<id>404</id>
			<cpuCores>1</cpuCores>
			<memory>1</memory>
			<networkBandwidth>3</networkBandwidth>
			<originalCluster>62</originalCluster>
		</Server>
		<Server id="708">
			<id>405</id>
			<cpuCores>1</cpuCores>
			<memory>1</memory>
			<networkBandwidth>1</networkBandwidth>
			<originalCluster>134</originalCluster>
		</Server>
		<Server id="709">
			<id>406</id>
			<cpuCores>4</cpuCores>
			<memory>1</memory>
			<networkBandwidth>1</networkBandwidth>
			<originalCluster>120</originalCluster>
		</Server>
		<Server id="710">
			<id>407</id>
			<cpuCores>1</cpuCores>
			<memory>7</memory>
			<networkBandwidth>1</networkBandwidth>
			<originalCluster>120</originalCluster>
		</Server>
		<Server id="711">
			<id>408</id>
			<cpuCores>1</cpuCores>
			<memory>1</memory>
			<networkBandwidth>8</networkBandwidth>
			<originalCluster>40</originalCluster>
		</Server>
		<Server id="712">
			<id>409</id>
			<cpuCores>1</cpuCores>
			<memory>1</memory>
			<networkBandwidth>2</networkBandwidth>
			<originalCluster>298</originalCluster>
		</Server>
		<Server id="713">
			<id>410</id>
			<cpuCores>1</cpuCores>
			<memory>1</memory>
			<networkBandwidth>3</networkBandwidth>
			<originalCluster>53</originalCluster>
		</Server>
		<Server id="714">
			<id>411</id>
			<cpuCores>1</cpuCores>
			<memory>1</memory>
			<networkBandwidth>1</networkBandwidth>
			<originalCluster>46</originalCluster>
		</Server>
		<Server id="715">
			<id>412</id>
			<cpuCores>1</cpuCores>
			<memory>1</memory>
			<networkBandwidth>1</networkBandwidth>
			<originalCluster>177</originalCluster>
		</Server>
		<Server id="716">
			<id>413</id>
			<cpuCores>4</cpuCores>
			<memory>14</memory>
			<networkBandwidth>1</networkBandwidth>
			<originalCluster>130</originalCluster>
		</Server>
		<Server id="717">
			<id>414</id>
			<cpuCores>10</cpuCores>
			<memory>4</memory>
			<networkBandwidth>1</networkBandwidth>
		</Server>
		<Server id="718">
			<id>415</id>
			<cpuCores>1</cpuCores>
			<memory>8</memory>
			<networkBandwidth>4</networkBandwidth>
			<originalCluster>187</originalCluster>
		</Server>
		<Server id="719">
			<id>416</id>
			<cpuCores>1</cpuCores>
			<memory>1</memory>
			<networkBandwidth>2</networkBandwidth>
			<originalCluster>157</originalCluster>
		</Server>
		<Server id="720">
			<id>417</id>
			<cpuCores>1</cpuCores>
			<memory>5</memory>
			<networkBandwidth>1</networkBandwidth>
			<originalCluster>188</originalCluster>
		</Server>
		<Server id="721">
			<id>418</id>
			<cpuCores>4</cpuCores>
			<memory>1</memory>
			<networkBandwidth>1</networkBandwidth>
		</Server>
		<Server id="722">
			<id>419</id>
			<cpuCores>1</cpuCores>
			<memory>1</memory>
			<networkBandwidth>1</networkBandwidth>
			<originalCluster>269</originalCluster>
		</Server>
		<Server id="723">
			<id>420</id>
			<cpuCores>4</cpuCores>
			<memory>4</memory>
			<networkBandwidth>5</networkBandwidth>
			<originalCluster>260</originalCluster>
		</Server>
		<Server id="724">
			<id>421</id>
			<cpuCores>3</cpuCores>
			<memory>1</memory>
			<networkBandwidth>5</networkBandwidth>
			<originalCluster>228</originalCluster>
		</Server>
		<Server id="725">
			<id>422</id>
			<cpuCores>1</cpuCores>
			<memory>1</memory>
			<networkBandwidth>1</networkBandwidth>
			<originalCluster>32</originalCluster>
		</Server>
		<Server id="726">
			<id>423</id>
			<cpuCores>1</cpuCores>
			<memory>1</memory>
			<networkBandwidth>2</networkBandwidth>
			<originalCluster>230</originalCluster>
		</Server>
		<Server id="727">
			<id>424</id>
			<cpuCores>10</cpuCores>
			<memory>1</memory>
			<networkBandwidth>1</networkBandwidth>
		</Server>
		<Server id="728">
			<id>425</id>
			<cpuCores>1</cpuCores>
			<memory>6</memory>
			<networkBandwidth>6</networkBandwidth>
			<originalCluster>226</originalCluster>
		</Server>
		<Server id="729">
			<id>426</id>
			<cpuCores>1</cpuCores>
			<memory>1</memory>
			<networkBandwidth>1</networkBandwidth>
			<originalCluster>167</originalCluster>
		</Server>
		<Server id="730">
			<id>427</id>
			<cpuCores>3</cpuCores>
			<memory>23</memory>
			<networkBandwidth>1</networkBandwidth>
			<originalCluster>218</originalCluster>
		</Server>
		<Server id="731">
			<id>428</id>
			<cpuCores>2</cpuCores>
			<memory>6</memory>
			<networkBandwidth>6</networkBandwidth>
			<originalCluster>206</originalCluster>
		</Server>
		<Server id="732">
			<id>429</id>
			<cpuCores>1</cpuCores>
			<memory>1</memory>
			<networkBandwidth>1</networkBandwidth>
			<originalCluster>111</originalCluster>
		</Server>
		<Server id="733">
			<id>430</id>
			<cpuCores>1</cpuCores>
			<memory>1</memory>
			<networkBandwidth>1</networkBandwidth>
			<originalCluster>56</originalCluster>
		</Server>
		<Server id="734">
			<id>431</id>
			<cpuCores>8</cpuCores>
			<memory>2</memory>
			<networkBandwidth>1</networkBandwidth>
			<originalCluster>144</originalCluster>
		</Server>
		<Server id="735">
			<id>432</id>
			<cpuCores>1</cpuCores>
			<memory>30</memory>
			<networkBandwidth>5</networkBandwidth>
			<originalCluster>170</originalCluster>
		</Server>
		<Server id="736">
			<id>433</id>
			<cpuCores>1</cpuCores>
			<memory>4</memory>
			<networkBandwidth>2</networkBandwidth>
			<originalCluster>210</originalCluster>
		</Server>
		<Server id="737">
			<id>434</id>
			<cpuCores>6</cpuCores>
			<memory>1</memory>
			<networkBandwidth>2</networkBandwidth>
			<originalCluster>296</originalCluster>
		</Server>
		<Server id="738">
			<id>435</id>
			<cpuCores>2</cpuCores>
			<memory>1</memory>
			<networkBandwidth>1</networkBandwidth>
			<originalCluster>188</originalCluster>
		</Server>
		<Server id="739">
			<id>436</id>
			<cpuCores>1</cpuCores>
			<memory>18</memory>
			<networkBandwidth>1</networkBandwidth>
			<originalCluster>239</originalCluster>
		</Server>
		<Server id="740">
			<id>437</id>
			<cpuCores>1</cpuCores>
			<memory>1</memory>
			<networkBandwidth>11</networkBandwidth>
			<originalCluster>223</originalCluster>
		</Server>
		<Server id="741">
			<id>438</id>
			<cpuCores>1</cpuCores>
			<memory>1</memory>
			<networkBandwidth>1</networkBandwidth>
			<originalCluster>187</originalCluster>
		</Server>
		<Server id="742">
			<id>439</id>
			<cpuCores>1</cpuCores>
			<memory>1</memory>
			<networkBandwidth>1</networkBandwidth>
			<originalCluster>241</originalCluster>
		</Server>
		<Server id="743">
			<id>440</id>
			<cpuCores>1</cpuCores>
			<memory>3</memory>
			<networkBandwidth>3</networkBandwidth>
			<originalCluster>115</originalCluster>
		</Server>
		<Server id="744">
			<id>441</id>
			<cpuCores>5</cpuCores>
			<memory>1</memory>
			<networkBandwidth>1</networkBandwidth>
			<originalCluster>270</originalCluster>
		</Server>
		<Server id="745">
			<id>442</id>
			<cpuCores>1</cpuCores>
			<memory>10</memory>
			<networkBandwidth>1</networkBandwidth>
			<originalCluster>249</originalCluster>
		</Server>
		<Server id="746">
			<id>443</id>
			<cpuCores>1</cpuCores>
			<memory>2</memory>
			<networkBandwidth>1</networkBandwidth>
			<originalCluster>126</originalCluster>
		</Server>
		<Server id="747">
			<id>444</id>
			<cpuCores>1</cpuCores>
			<memory>2</memory>
			<networkBandwidth>2</networkBandwidth>
			<originalCluster>127</originalCluster>
		</Server>
		<Server id="748">
			<id>445</id>
			<cpuCores>1</cpuCores>
			<memory>1</memory>
			<networkBandwidth>1</networkBandwidth>
			<originalCluster>209</originalCluster>
		</Server>
		<Server id="749">
			<id>446</id>
			<cpuCores>7</cpuCores>
			<memory>1</memory>
			<networkBandwidth>1</networkBandwidth>
			<originalCluster>142</originalCluster>
		</Server>
		<Server id="750">
			<id>447</id>
			<cpuCores>4</cpuCores>
			<memory>1</memory>
			<networkBandwidth>3</networkBandwidth>
			<originalCluster>140</originalCluster>
		</Server>
		<Server id="751">
			<id>448</id>
			<cpuCores>1</cpuCores>
			<memory>9</memory>
			<networkBandwidth>1</networkBandwidth>
			<originalCluster>212</originalCluster>
		</Server>
		<Server id="752">
			<id>449</id>
			<cpuCores>4</cpuCores>
			<memory>1</memory>
			<networkBandwidth>1</networkBandwidth>
			<originalCluster>191</originalCluster>
		</Server>
		<Server id="753">
			<id>450</id>
			<cpuCores>1</cpuCores>
			<memory>25</memory>
			<networkBandwidth>1</networkBandwidth>
			<originalCluster>11</originalCluster>
		</Server>
		<Server id="754">
			<id>451</id>
			<cpuCores>2</cpuCores>
			<memory>2</memory>
			<networkBandwidth>5</networkBandwidth>
			<originalCluster>242</originalCluster>
		</Server>
		<Server id="755">
			<id>452</id>
			<cpuCores>3</cpuCores>
			<memory>1</memory>
			<networkBandwidth>4</networkBandwidth>
			<originalCluster>279</originalCluster>
		</Server>
		<Server id="756">
			<id>453</id>
			<cpuCores>1</cpuCores>
			<memory>1</memory>
			<networkBandwidth>1</networkBandwidth>
			<originalCluster>294</originalCluster>
		</Server>
		<Server id="757">
			<id>454</id>
			<cpuCores>1</cpuCores>
			<memory>13</memory>
			<networkBandwidth>1</networkBandwidth>
			<originalCluster>44</originalCluster>
		</Server>
		<Server id="758">
			<id>455</id>
			<cpuCores>8</cpuCores>
			<memory>1</memory>
			<networkBandwidth>7</networkBandwidth>
			<originalCluster>160</originalCluster>
		</Server>
		<Server id="759">
			<id>456</id>
			<cpuCores>5</cpuCores>
			<memory>2</memory>
			<networkBandwidth>1</networkBandwidth>
			<originalCluster>171</originalCluster>
		</Server>
		<Server id="760">
			<id>457</id>
			<cpuCores>1</cpuCores>
			<memory>1</memory>
			<networkBandwidth>1</networkBandwidth>
			<originalCluster>271</originalCluster>
		</Server>
		<Server id="761">
			<id>458</id>
			<cpuCores>2</cpuCores>
			<memory>1</memory>
			<networkBandwidth>1</networkBandwidth>
			<originalCluster>105</originalCluster>
		</Server>
		<Server id="762">
			<id>459</id>
			<cpuCores>1</cpuCores>
			<memory>2</memory>
			<networkBandwidth>4</networkBandwidth>
			<originalCluster>155</originalCluster>
		</Server>
		<Server id="763">
			<id>460</id>
			<cpuCores>1</cpuCores>
			<memory>3</memory>
			<networkBandwidth>1</networkBandwidth>
			<originalCluster>143</originalCluster>
		</Server>
		<Server id="764">
			<id>461</id>
			<cpuCores>2</cpuCores>
			<memory>1</memory>
			<networkBandwidth>1</networkBandwidth>
			<originalCluster>273</originalCluster>
		</Server>
		<Server id="765">
			<id>462</id>
			<cpuCores>1</cpuCores>
			<memory>32</memory>
			<networkBandwidth>1</networkBandwidth>
			<originalCluster>19</originalCluster>
		</Server>
		<Server id="766">
			<id>463</id>
			<cpuCores>1</cpuCores>
			<memory>1</memory>
			<networkBandwidth>10</networkBandwidth>
			<originalCluster>288</originalCluster>
		</Server>
		<Server id="767">
			<id>464</id>
			<cpuCores>2</cpuCores>
			<memory>13</memory>
			<networkBandwidth>12</networkBandwidth>
			<originalCluster>235</originalCluster>
		</Server>
		<Server id="768">
			<id>465</id>
			<cpuCores>1</cpuCores>
			<memory>1</memory>
			<networkBandwidth>1</networkBandwidth>
			<originalCluster>159</originalCluster>
		</Server>
		<Server id="769">
			<id>466</id>
			<cpuCores>1</cpuCores>
			<memory>1</memory>
			<networkBandwidth>2</networkBandwidth>
			<originalCluster>79</originalCluster>
		</Server>
		<Server id="770">
			<id>467</id>
			<cpuCores>1</cpuCores>
			<memory>3</memory>
			<networkBandwidth>1</networkBandwidth>
			<originalCluster>243</originalCluster>
		</Server>
		<Server id="771">
			<id>468</id>
			<cpuCores>1</cpuCores>
			<memory>12</memory>
			<networkBandwidth>1</networkBandwidth>
			<originalCluster>72</originalCluster>
		</Server>
		<Server id="772">
			<id>469</id>
			<cpuCores>1</cpuCores>
			<memory>2</memory>
			<networkBandwidth>4</networkBandwidth>
			<originalCluster>236</originalCluster>
		</Server>
		<Server id="773">
			<id>470</id>
			<cpuCores>7</cpuCores>
			<memory>12</memory>
			<networkBandwidth>1</networkBandwidth>
		</Server>
		<Server id="774">
			<id>471</id>
			<cpuCores>1</cpuCores>
			<memory>1</memory>
			<networkBandwidth>1</networkBandwidth>
			<originalCluster>69</originalCluster>
		</Server>
		<Server id="775">
			<id>472</id>
			<cpuCores>6</cpuCores>
			<memory>2</memory>
			<networkBandwidth>1</networkBandwidth>
			<originalCluster>14</originalCluster>
		</Server>
		<Server id="776">
			<id>473</id>
			<cpuCores>1</cpuCores>
			<memory>15</memory>
			<networkBandwidth>1</networkBandwidth>
			<originalCluster>189</originalCluster>
		</Server>
		<Server id="777">
			<id>474</id>
			<cpuCores>1</cpuCores>
			<memory>10</memory>
			<networkBandwidth>1</networkBandwidth>
			<originalCluster>243</originalCluster>
		</Server>
		<Server id="778">
			<id>475</id>
			<cpuCores>1</cpuCores>
			<memory>1</memory>
			<networkBandwidth>2</networkBandwidth>
			<originalCluster>237</originalCluster>
		</Server>
		<Server id="779">
			<id>476</id>
			<cpuCores>1</cpuCores>
			<memory>2</memory>
			<networkBandwidth>3</networkBandwidth>
			<originalCluster>286</originalCluster>
		</Server>
		<Server id="780">
			<id>477</id>
			<cpuCores>7</cpuCores>
			<memory>10</memory>
			<networkBandwidth>1</networkBandwidth>
			<originalCluster>257</originalCluster>
		</Server>
		<Server id="781">
			<id>478</id>
			<cpuCores>1</cpuCores>
			<memory>1</memory>
			<networkBandwidth>1</networkBandwidth>
			<originalCluster>139</originalCluster>
		</Server>
		<Server id="782">
			<id>479</id>
			<cpuCores>1</cpuCores>
			<memory>2</memory>
			<networkBandwidth>4</networkBandwidth>
			<originalCluster>279</originalCluster>
		</Server>
		<Server id="783">
			<id>480</id>
			<cpuCores>3</cpuCores>
			<memory>2</memory>
			<networkBandwidth>1</networkBandwidth>
		</Server>
		<Server id="784">
			<id>481</id>
			<cpuCores>1</cpuCores>
			<memory>1</memory>
			<networkBandwidth>1</networkBandwidth>
			<originalCluster>38</originalCluster>
		</Server>
		<Server id="785">
			<id>482</id>
			<cpuCores>3</cpuCores>
			<memory>10</memory>
			<networkBandwidth>3</networkBandwidth>
			<originalCluster>243</originalCluster>
		</Server>
		<Server id="786">
			<id>483</id>
			<cpuCores>1</cpuCores>
			<memory>1</memory>
			<networkBandwidth>1</networkBandwidth>
			<originalCluster>162</originalCluster>
		</Server>
		<Server id="787">
			<id>484</id>
			<cpuCores>1</cpuCores>
			<memory>3</memory>
			<networkBandwidth>1</networkBandwidth>
			<originalCluster>258</originalCluster>
		</Server>
		<Server id="788">
			<id>485</id>
			<cpuCores>1</cpuCores>
			<memory>3</memory>
			<networkBandwidth>1</networkBandwidth>
			<originalCluster>51</originalCluster>
		</Server>
		<Server id="789">
			<id>486</id>
			<cpuCores>7</cpuCores>
			<memory>1</memory>
			<networkBandwidth>1</networkBandwidth>
		</Server>
		<Server id="790">
			<id>487</id>
			<cpuCores>1</cpuCores>
			<memory>1</memory>
			<networkBandwidth>2</networkBandwidth>
			<originalCluster>136</originalCluster>
		</Server>
		<Server id="791">
			<id>488</id>
			<cpuCores>1</cpuCores>
			<memory>7</memory>
			<networkBandwidth>1</networkBandwidth>
			<originalCluster>84</originalCluster>
		</Server>
		<Server id="792">
			<id>489</id>
			<cpuCores>4</cpuCores>
			<memory>22</memory>
			<networkBandwidth>4</networkBandwidth>
			<originalCluster>286</originalCluster>
		</Server>
		<Server id="793">
			<id>490</id>
			<cpuCores>1</cpuCores>
			<memory>14</memory>
			<networkBandwidth>6</networkBandwidth>
			<originalCluster>248</originalCluster>
		</Server>
		<Server id="794">
			<id>491</id>
			<cpuCores>1</cpuCores>
			<memory>2</memory>
			<networkBandwidth>1</networkBandwidth>
			<originalCluster>11</originalCluster>
		</Server>
		<Server id="795">
			<id>492</id>
			<cpuCores>9</cpuCores>
			<memory>2</memory>
			<networkBandwidth>2</networkBandwidth>
			<originalCluster>153</originalCluster>
		</Server>
		<Server id="796">
			<id>493</id>
			<cpuCores>1</cpuCores>
			<memory>4</memory>
			<networkBandwidth>6</networkBandwidth>
			<originalCluster>167</originalCluster>
		</Server>
		<Server id="797">
			<id>494</id>
			<cpuCores>1</cpuCores>
			<memory>1</memory>
			<networkBandwidth>1</networkBandwidth>
			<originalCluster>29</originalCluster>
		</Server>
		<Server id="798">
			<id>495</id>
			<cpuCores>1</cpuCores>
			<memory>6</memory>
			<networkBandwidth>1</networkBandwidth>
			<originalCluster>175</originalCluster>
		</Server>
		<Server id="799">
			<id>496</id>
			<cpuCores>1</cpuCores>
			<memory>6</memory>
			<networkBandwidth>1</networkBandwidth>
			<originalCluster>89</originalCluster>
		</Server>
		<Server id="800">
			<id>497</id>
			<cpuCores>1</cpuCores>
			<memory>1</memory>
			<networkBandwidth>5</networkBandwidth>
			<originalCluster>202</originalCluster>
		</Server>
		<Server id="801">
			<id>498</id>
			<cpuCores>2</cpuCores>
			<memory>5</memory>
			<networkBandwidth>1</networkBandwidth>
			<originalCluster>111</originalCluster>
		</Server>
		<Server id="802">
			<id>499</id>
			<cpuCores>6</cpuCores>
			<memory>1</memory>
			<networkBandwidth>7</networkBandwidth>
			<originalCluster>274</originalCluster>
		</Server>
		<Server id="803">
			<id>500</id>
			<cpuCores>1</cpuCores>
			<memory>1</memory>
			<networkBandwidth>8</networkBandwidth>
			<originalCluster>141</originalCluster>
		</Server>
		<Server id="804">
			<id>501</id>
			<cpuCores>1</cpuCores>
			<memory>1</memory>
			<networkBandwidth>1</networkBandwidth>
			<originalCluster>217</originalCluster>
		</Server>
		<Server id="805">
			<id>502</id>
			<cpuCores>2</cpuCores>
			<memory>1</memory>
			<networkBandwidth>7</networkBandwidth>
			<originalCluster>173</originalCluster>
		</Server>
		<Server id="806">
			<id>503</id>
			<cpuCores>1</cpuCores>
			<memory>1</memory>
			<networkBandwidth>1</networkBandwidth>
			<originalCluster>134</originalCluster>
		</Server>
		<Server id="807">
			<id>504</id>
			<cpuCores>1</cpuCores>
			<memory>30</memory>
			<networkBandwidth>1</networkBandwidth>
			<originalCluster>63</originalCluster>
		</Server>
		<Server id="808">
			<id>505</id>
			<cpuCores>5</cpuCores>
			<memory>2</memory>
			<networkBandwidth>1</networkBandwidth>
		</Server>
		<Server id="809">
			<id>506</id>
			<cpuCores>1</cpuCores>
			<memory>2</memory>
			<networkBandwidth>1</networkBandwidth>
			<originalCluster>249</originalCluster>
		</Server>
		<Server id="810">
			<id>507</id>
			<cpuCores>1</cpuCores>
			<memory>4</memory>
			<networkBandwidth>2</networkBandwidth>
			<originalCluster>215</originalCluster>
		</Server>
		<Server id="811">
			<id>508</id>
			<cpuCores>2</cpuCores>
			<memory>1</memory>
			<networkBandwidth>2</networkBandwidth>
			<originalCluster>260</originalCluster>
		</Server>
		<Server id="812">
			<id>509</id>
			<cpuCores>9</cpuCores>
			<memory>1</memory>
			<networkBandwidth>3</networkBandwidth>
		</Server>
		<Server id="813">
			<id>510</id>
			<cpuCores>1</cpuCores>
			<memory>2</memory>
			<networkBandwidth>1</networkBandwidth>
			<originalCluster>59</originalCluster>
		</Server>
		<Server id="814">
			<id>511</id>
			<cpuCores>1</cpuCores>
			<memory>1</memory>
			<networkBandwidth>1</networkBandwidth>
			<originalCluster>61</originalCluster>
		</Server>
		<Server id="815">
			<id>512</id>
			<cpuCores>1</cpuCores>
			<memory>1</memory>
			<networkBandwidth>1</networkBandwidth>
			<originalCluster>79</originalCluster>
		</Server>
		<Server id="816">
			<id>513</id>
			<cpuCores>3</cpuCores>
			<memory>1</memory>
			<networkBandwidth>10</networkBandwidth>
			<originalCluster>5</originalCluster>
		</Server>
		<Server id="817">
			<id>514</id>
			<cpuCores>6</cpuCores>
			<memory>28</memory>
			<networkBandwidth>1</networkBandwidth>
			<originalCluster>31</originalCluster>
		</Server>
		<Server id="818">
			<id>515</id>
			<cpuCores>4</cpuCores>
			<memory>7</memory>
			<networkBandwidth>1</networkBandwidth>
			<originalCluster>228</originalCluster>
		</Server>
		<Server id="819">
			<id>516</id>
			<cpuCores>1</cpuCores>
			<memory>1</memory>
			<networkBandwidth>1</networkBandwidth>
			<originalCluster>222</originalCluster>
		</Server>
		<Server id="820">
			<id>517</id>
			<cpuCores>3</cpuCores>
			<memory>1</memory>
			<networkBandwidth>6</networkBandwidth>
			<originalCluster>153</originalCluster>
		</Server>
		<Server id="821">
			<id>518</id>
			<cpuCores>1</cpuCores>
			<memory>1</memory>
			<networkBandwidth>1</networkBandwidth>
			<originalCluster>250</originalCluster>
		</Server>
		<Server id="822">
			<id>519</id>
			<cpuCores>1</cpuCores>
			<memory>1</memory>
			<networkBandwidth>1</networkBandwidth>
			<originalCluster>217</originalCluster>
		</Server>
		<Server id="823">
			<id>520</id>
			<cpuCores>6</cpuCores>
			<memory>1</memory>
			<networkBandwidth>1</networkBandwidth>
			<originalCluster>118</originalCluster>
		</Server>
		<Server id="824">
			<id>521</id>
			<cpuCores>5</cpuCores>
			<memory>1</memory>
			<networkBandwidth>1</networkBandwidth>
			<originalCluster>170</originalCluster>
		</Server>
		<Server id="825">
			<id>522</id>
			<cpuCores>1</cpuCores>
			<memory>11</memory>
			<networkBandwidth>1</networkBandwidth>
			<originalCluster>6</originalCluster>
		</Server>
		<Server id="826">
			<id>523</id>
			<cpuCores>1</cpuCores>
			<memory>24</memory>
			<networkBandwidth>3</networkBandwidth>
			<originalCluster>182</originalCluster>
		</Server>
		<Server id="827">
			<id>524</id>
			<cpuCores>1</cpuCores>
			<memory>1</memory>
			<networkBandwidth>1</networkBandwidth>
			<originalCluster>232</originalCluster>
		</Server>
		<Server id="828">
			<id>525</id>
			<cpuCores>3</cpuCores>
			<memory>12</memory>
			<networkBandwidth>1</networkBandwidth>
			<originalCluster>27</originalCluster>
		</Server>
		<Server id="829">
			<id>526</id>
			<cpuCores>11</cpuCores>
			<memory>1</memory>
			<networkBandwidth>1</networkBandwidth>
		</Server>
		<Server id="830">
			<id>527</id>
			<cpuCores>1</cpuCores>
			<memory>3</memory>
			<networkBandwidth>1</networkBandwidth>
			<originalCluster>5</originalCluster>
		</Server>
		<Server id="831">
			<id>528</id>
			<cpuCores>11</cpuCores>
			<memory>1</memory>
			<networkBandwidth>1</networkBandwidth>
		</Server>
		<Server id="832">
			<id>529</id>
			<cpuCores>7</cpuCores>
			<memory>1</memory>
			<networkBandwidth>1</networkBandwidth>
			<originalCluster>61</originalCluster>
		</Server>
		<Server id="833">
			<id>530</id>
			<cpuCores>1</cpuCores>
			<memory>2</memory>
			<networkBandwidth>8</networkBandwidth>
			<originalCluster>74</originalCluster>
		</Server>
		<Server id="834">
			<id>531</id>
			<cpuCores>2</cpuCores>
			<memory>8</memory>
			<networkBandwidth>1</networkBandwidth>
			<originalCluster>286</originalCluster>
		</Server>
		<Server id="835">
			<id>532</id>
			<cpuCores>10</cpuCores>
			<memory>6</memory>
			<networkBandwidth>1</networkBandwidth>
			<originalCluster>173</originalCluster>
		</Server>
		<Server id="836">
			<id>533</id>
			<cpuCores>1</cpuCores>
			<memory>4</memory>
			<networkBandwidth>3</networkBandwidth>
			<originalCluster>64</originalCluster>
		</Server>
		<Server id="837">
			<id>534</id>
			<cpuCores>1</cpuCores>
			<memory>1</memory>
			<networkBandwidth>4</networkBandwidth>
			<originalCluster>34</originalCluster>
		</Server>
		<Server id="838">
			<id>535</id>
			<cpuCores>5</cpuCores>
			<memory>1</memory>
			<networkBandwidth>2</networkBandwidth>
			<originalCluster>169</originalCluster>
		</Server>
		<Server id="839">
			<id>536</id>
			<cpuCores>3</cpuCores>
			<memory>10</memory>
			<networkBandwidth>1</networkBandwidth>
		</Server>
		<Server id="840">
			<id>537</id>
			<cpuCores>1</cpuCores>
			<memory>1</memory>
			<networkBandwidth>1</networkBandwidth>
			<originalCluster>19</originalCluster>
		</Server>
		<Server id="841">
			<id>538</id>
			<cpuCores>2</cpuCores>
			<memory>3</memory>
			<networkBandwidth>1</networkBandwidth>
			<originalCluster>257</originalCluster>
		</Server>
		<Server id="842">
			<id>539</id>
			<cpuCores>3</cpuCores>
			<memory>3</memory>
			<networkBandwidth>2</networkBandwidth>
			<originalCluster>162</originalCluster>
		</Server>
		<Server id="843">
			<id>540</id>
			<cpuCores>3</cpuCores>
			<memory>7</memory>
			<networkBandwidth>12</networkBandwidth>
			<originalCluster>252</originalCluster>
		</Server>
		<Server id="844">
			<id>541</id>
			<cpuCores>1</cpuCores>
			<memory>4</memory>
			<networkBandwidth>12</networkBandwidth>
			<originalCluster>38</originalCluster>
		</Server>
		<Server id="845">
			<id>542</id>
			<cpuCores>1</cpuCores>
			<memory>31</memory>
			<networkBandwidth>1</networkBandwidth>
			<originalCluster>201</originalCluster>
		</Server>
		<Server id="846">
			<id>543</id>
			<cpuCores>2</cpuCores>
			<memory>1</memory>
			<networkBandwidth>1</networkBandwidth>
			<originalCluster>54</originalCluster>
		</Server>
		<Server id="847">
			<id>544</id>
			<cpuCores>2</cpuCores>
			<memory>3</memory>
			<networkBandwidth>2</networkBandwidth>
			<originalCluster>260</originalCluster>
		</Server>
		<Server id="848">
			<id>545</id>
			<cpuCores>4</cpuCores>
			<memory>6</memory>
			<networkBandwidth>1</networkBandwidth>
			<originalCluster>83</originalCluster>
		</Server>
		<Server id="849">
			<id>546</id>
			<cpuCores>1</cpuCores>
			<memory>2</memory>
			<networkBandwidth>9</networkBandwidth>
			<originalCluster>109</originalCluster>
		</Server>
		<Server id="850">
			<id>547</id>
			<cpuCores>1</cpuCores>
			<memory>1</memory>
			<networkBandwidth>1</networkBandwidth>
			<originalCluster>255</originalCluster>
		</Server>
		<Server id="851">
			<id>548</id>
			<cpuCores>1</cpuCores>
			<memory>13</memory>
			<networkBandwidth>2</networkBandwidth>
			<originalCluster>8</originalCluster>
		</Server>
		<Server id="852">
			<id>549</id>
			<cpuCores>7</cpuCores>
			<memory>20</memory>
			<networkBandwidth>1</networkBandwidth>
			<originalCluster>201</originalCluster>
		</Server>
		<Server id="853">
			<id>550</id>
			<cpuCores>1</cpuCores>
			<memory>1</memory>
			<networkBandwidth>1</networkBandwidth>
			<originalCluster>192</originalCluster>
		</Server>
		<Server id="854">
			<id>551</id>
			<cpuCores>7</cpuCores>
			<memory>1</memory>
			<networkBandwidth>1</networkBandwidth>
			<originalCluster>112</originalCluster>
		</Server>
		<Server id="855">
			<id>552</id>
			<cpuCores>1</cpuCores>
			<memory>1</memory>
			<networkBandwidth>2</networkBandwidth>
			<originalCluster>182</originalCluster>
		</Server>
		<Server id="856">
			<id>553</id>
			<cpuCores>1</cpuCores>
			<memory>1</memory>
			<networkBandwidth>5</networkBandwidth>
			<originalCluster>75</originalCluster>
		</Server>
		<Server id="857">
			<id>554</id>
			<cpuCores>5</cpuCores>
			<memory>1</memory>
			<networkBandwidth>1</networkBandwidth>
			<originalCluster>177</originalCluster>
		</Server>
		<Server id="858">
			<id>555</id>
			<cpuCores>1</cpuCores>
			<memory>11</memory>
			<networkBandwidth>2</networkBandwidth>
			<originalCluster>35</originalCluster>
		</Server>
		<Server id="859">
			<id>556</id>
			<cpuCores>2</cpuCores>
			<memory>10</memory>
			<networkBandwidth>5</networkBandwidth>
			<originalCluster>74</originalCluster>
		</Server>
		<Server id="860">
			<id>557</id>
			<cpuCores>8</cpuCores>
			<memory>3</memory>
			<networkBandwidth>8</networkBandwidth>
			<originalCluster>293</originalCluster>
		</Server>
		<Server id="861">
			<id>558</id>
			<cpuCores>1</cpuCores>
			<memory>1</memory>
			<networkBandwidth>1</networkBandwidth>
			<originalCluster>64</originalCluster>
		</Server>
		<Server id="862">
			<id>559</id>
			<cpuCores>1</cpuCores>
			<memory>1</memory>
			<networkBandwidth>1</networkBandwidth>
			<originalCluster>269</originalCluster>
		</Server>
		<Server id="863">
			<id>560</id>
			<cpuCores>3</cpuCores>
			<memory>22</memory>
			<networkBandwidth>1</networkBandwidth>
			<originalCluster>215</originalCluster>
		</Server>
		<Server id="864">
			<id>561</id>
			<cpuCores>1</cpuCores>
			<memory>1</memory>
			<networkBandwidth>1</networkBandwidth>
			<originalCluster>21</originalCluster>
		</Server>
		<Server id="865">
			<id>562</id>
			<cpuCores>4</cpuCores>
			<memory>3</memory>
			<networkBandwidth>1</networkBandwidth>
			<originalCluster>47</originalCluster>
		</Server>
		<Server id="866">
			<id>563</id>
			<cpuCores>1</cpuCores>
			<memory>1</memory>
			<networkBandwidth>1</networkBandwidth>
			<originalCluster>255</originalCluster>
		</Server>
		<Server id="867">
			<id>564</id>
			<cpuCores>1</cpuCores>
			<memory>1</memory>
			<networkBandwidth>1</networkBandwidth>
			<originalCluster>212</originalCluster>
		</Server>
		<Server id="868">
			<id>565</id>
			<cpuCores>1</cpuCores>
			<memory>1</memory>
			<networkBandwidth>2</networkBandwidth>
			<originalCluster>211</originalCluster>
		</Server>
		<Server id="869">
			<id>566</id>
			<cpuCores>1</cpuCores>
			<memory>19</memory>
			<networkBandwidth>1</networkBandwidth>
			<originalCluster>18</originalCluster>
		</Server>
		<Server id="870">
			<id>567</id>
			<cpuCores>3</cpuCores>
			<memory>10</memory>
			<networkBandwidth>1</networkBandwidth>
			<originalCluster>244</originalCluster>
		</Server>
		<Server id="871">
			<id>568</id>
			<cpuCores>1</cpuCores>
			<memory>21</memory>
			<networkBandwidth>8</networkBandwidth>
			<originalCluster>92</originalCluster>
		</Server>
		<Server id="872">
			<id>569</id>
			<cpuCores>1</cpuCores>
			<memory>4</memory>
			<networkBandwidth>1</networkBandwidth>
			<originalCluster>53</originalCluster>
		</Server>
		<Server id="873">
			<id>570</id>
			<cpuCores>1</cpuCores>
			<memory>1</memory>
			<networkBandwidth>3</networkBandwidth>
			<originalCluster>93</originalCluster>
		</Server>
		<Server id="874">
			<id>571</id>
			<cpuCores>1</cpuCores>
			<memory>2</memory>
			<networkBandwidth>1</networkBandwidth>
			<originalCluster>8</originalCluster>
		</Server>
		<Server id="875">
			<id>572</id>
			<cpuCores>2</cpuCores>
			<memory>8</memory>
			<networkBandwidth>1</networkBandwidth>
			<originalCluster>234</originalCluster>
		</Server>
		<Server id="876">
			<id>573</id>
			<cpuCores>2</cpuCores>
			<memory>1</memory>
			<networkBandwidth>7</networkBandwidth>
			<originalCluster>294</originalCluster>
		</Server>
		<Server id="877">
			<id>574</id>
			<cpuCores>4</cpuCores>
			<memory>1</memory>
			<networkBandwidth>6</networkBandwidth>
			<originalCluster>92</originalCluster>
		</Server>
		<Server id="878">
			<id>575</id>
			<cpuCores>1</cpuCores>
			<memory>6</memory>
			<networkBandwidth>1</networkBandwidth>
			<originalCluster>186</originalCluster>
		</Server>
		<Server id="879">
			<id>576</id>
			<cpuCores>1</cpuCores>
			<memory>4</memory>
			<networkBandwidth>3</networkBandwidth>
			<originalCluster>105</originalCluster>
		</Server>
		<Server id="880">
			<id>577</id>
			<cpuCores>1</cpuCores>
			<memory>14</memory>
			<networkBandwidth>1</networkBandwidth>
			<originalCluster>109</originalCluster>
		</Server>
		<Server id="881">
			<id>578</id>
			<cpuCores>4</cpuCores>
			<memory>2</memory>
			<networkBandwidth>2</networkBandwidth>
			<originalCluster>295</originalCluster>
		</Server>
		<Server id="882">
			<id>579</id>
			<cpuCores>1</cpuCores>
			<memory>1</memory>
			<networkBandwidth>10</networkBandwidth>
			<originalCluster>261</originalCluster>
		</Server>
		<Server id="883">
			<id>580</id>
			<cpuCores>1</cpuCores>
			<memory>1</memory>
			<networkBandwidth>1</networkBandwidth>
			<originalCluster>23</originalCluster>
		</Server>
		<Server id="884">
			<id>581</id>
			<cpuCores>2</cpuCores>
			<memory>1</memory>
			<networkBandwidth>4</networkBandwidth>
			<originalCluster>82</originalCluster>
		</Server>
		<Server id="885">
			<id>582</id>
			<cpuCores>2</cpuCores>
			<memory>1</memory>
			<networkBandwidth>1</networkBandwidth>
			<originalCluster>231</originalCluster>
		</Server>
		<Server id="886">
			<id>583</id>
			<cpuCores>1</cpuCores>
			<memory>1</memory>
			<networkBandwidth>5</networkBandwidth>
			<originalCluster>169</originalCluster>
		</Server>
		<Server id="887">
			<id>584</id>
			<cpuCores>1</cpuCores>
			<memory>1</memory>
			<networkBandwidth>1</networkBandwidth>
			<originalCluster>102</originalCluster>
		</Server>
		<Server id="888">
			<id>585</id>
			<cpuCores>10</cpuCores>
			<memory>1</memory>
			<networkBandwidth>1</networkBandwidth>
			<originalCluster>71</originalCluster>
		</Server>
		<Server id="889">
			<id>586</id>
			<cpuCores>1</cpuCores>
			<memory>16</memory>
			<networkBandwidth>1</networkBandwidth>
			<originalCluster>230</originalCluster>
		</Server>
		<Server id="890">
			<id>587</id>
			<cpuCores>1</cpuCores>
			<memory>15</memory>
			<networkBandwidth>11</networkBandwidth>
			<originalCluster>44</originalCluster>
		</Server>
		<Server id="891">
			<id>588</id>
			<cpuCores>1</cpuCores>
			<memory>1</memory>
			<networkBandwidth>10</networkBandwidth>
			<originalCluster>288</originalCluster>
		</Server>
		<Server id="892">
			<id>589</id>
			<cpuCores>1</cpuCores>
			<memory>4</memory>
			<networkBandwidth>2</networkBandwidth>
			<originalCluster>225</originalCluster>
		</Server>
		<Server id="893">
			<id>590</id>
			<cpuCores>4</cpuCores>
			<memory>1</memory>
			<networkBandwidth>3</networkBandwidth>
			<originalCluster>224</originalCluster>
		</Server>
		<Server id="894">
			<id>591</id>
			<cpuCores>1</cpuCores>
			<memory>1</memory>
			<networkBandwidth>1</networkBandwidth>
			<originalCluster>217</originalCluster>
		</Server>
		<Server id="895">
			<id>592</id>
			<cpuCores>1</cpuCores>
			<memory>1</memory>
			<networkBandwidth>1</networkBandwidth>
			<originalCluster>178</originalCluster>
		</Server>
		<Server id="896">
			<id>593</id>
			<cpuCores>1</cpuCores>
			<memory>1</memory>
			<networkBandwidth>8</networkBandwidth>
			<originalCluster>180</originalCluster>
		</Server>
		<Server id="897">
			<id>594</id>
			<cpuCores>6</cpuCores>
			<memory>1</memory>
			<networkBandwidth>3</networkBandwidth>
			<originalCluster>88</originalCluster>
		</Server>
		<Server id="898">
			<id>595</id>
			<cpuCores>1</cpuCores>
			<memory>1</memory>
			<networkBandwidth>1</networkBandwidth>
			<originalCluster>88</originalCluster>
		</Server>
		<Server id="899">
			<id>596</id>
			<cpuCores>1</cpuCores>
			<memory>1</memory>
			<networkBandwidth>3</networkBandwidth>
			<originalCluster>108</originalCluster>
		</Server>
		<Server id="900">
			<id>597</id>
			<cpuCores>2</cpuCores>
			<memory>1</memory>
			<networkBandwidth>1</networkBandwidth>
			<originalCluster>125</originalCluster>
		</Server>
		<Server id="901">
			<id>598</id>
			<cpuCores>1</cpuCores>
			<memory>1</memory>
			<networkBandwidth>1</networkBandwidth>
			<originalCluster>90</originalCluster>
		</Server>
		<Server id="902">
			<id>599</id>
			<cpuCores>1</cpuCores>
			<memory>13</memory>
			<networkBandwidth>1</networkBandwidth>
			<originalCluster>44</originalCluster>
		</Server>
		<Server id="903">
			<id>600</id>
			<cpuCores>4</cpuCores>
			<memory>1</memory>
			<networkBandwidth>1</networkBandwidth>
			<originalCluster>95</originalCluster>
		</Server>
		<Server id="904">
			<id>601</id>
			<cpuCores>2</cpuCores>
			<memory>2</memory>
			<networkBandwidth>1</networkBandwidth>
			<originalCluster>135</originalCluster>
		</Server>
		<Server id="905">
			<id>602</id>
			<cpuCores>1</cpuCores>
			<memory>1</memory>
			<networkBandwidth>12</networkBandwidth>
			<originalCluster>155</originalCluster>
		</Server>
		<Server id="906">
			<id>603</id>
			<cpuCores>3</cpuCores>
			<memory>3</memory>
			<networkBandwidth>1</networkBandwidth>
			<originalCluster>165</originalCluster>
		</Server>
		<Server id="907">
			<id>604</id>
			<cpuCores>1</cpuCores>
			<memory>1</memory>
			<networkBandwidth>1</networkBandwidth>
			<originalCluster>172</originalCluster>
		</Server>
		<Server id="908">
			<id>605</id>
			<cpuCores>1</cpuCores>
			<memory>1</memory>
			<networkBandwidth>3</networkBandwidth>
			<originalCluster>194</originalCluster>
		</Server>
		<Server id="909">
			<id>606</id>
			<cpuCores>1</cpuCores>
			<memory>4</memory>
			<networkBandwidth>1</networkBandwidth>
			<originalCluster>118</originalCluster>
		</Server>
		<Server id="910">
			<id>607</id>
			<cpuCores>1</cpuCores>
			<memory>7</memory>
			<networkBandwidth>1</networkBandwidth>
			<originalCluster>49</originalCluster>
		</Server>
		<Server id="911">
			<id>608</id>
			<cpuCores>1</cpuCores>
			<memory>13</memory>
			<networkBandwidth>1</networkBandwidth>
			<originalCluster>189</originalCluster>
		</Server>
		<Server id="912">
			<id>609</id>
			<cpuCores>2</cpuCores>
			<memory>28</memory>
			<networkBandwidth>1</networkBandwidth>
			<originalCluster>295</originalCluster>
		</Server>
		<Server id="913">
			<id>610</id>
			<cpuCores>1</cpuCores>
			<memory>7</memory>
			<networkBandwidth>1</networkBandwidth>
			<originalCluster>262</originalCluster>
		</Server>
		<Server id="914">
			<id>611</id>
			<cpuCores>2</cpuCores>
			<memory>2</memory>
			<networkBandwidth>1</networkBandwidth>
			<originalCluster>38</originalCluster>
		</Server>
		<Server id="915">
			<id>612</id>
			<cpuCores>1</cpuCores>
			<memory>1</memory>
			<networkBandwidth>1</networkBandwidth>
			<originalCluster>185</originalCluster>
		</Server>
		<Server id="916">
			<id>613</id>
			<cpuCores>1</cpuCores>
			<memory>1</memory>
			<networkBandwidth>1</networkBandwidth>
			<originalCluster>54</originalCluster>
		</Server>
		<Server id="917">
			<id>614</id>
			<cpuCores>1</cpuCores>
			<memory>25</memory>
			<networkBandwidth>1</networkBandwidth>
			<originalCluster>123</originalCluster>
		</Server>
		<Server id="918">
			<id>615</id>
			<cpuCores>3</cpuCores>
			<memory>1</memory>
			<networkBandwidth>7</networkBandwidth>
			<originalCluster>165</originalCluster>
		</Server>
		<Server id="919">
			<id>616</id>
			<cpuCores>7</cpuCores>
			<memory>2</memory>
			<networkBandwidth>1</networkBandwidth>
		</Server>
		<Server id="920">
			<id>617</id>
			<cpuCores>1</cpuCores>
			<memory>8</memory>
			<networkBandwidth>6</networkBandwidth>
			<originalCluster>275</originalCluster>
		</Server>
		<Server id="921">
			<id>618</id>
			<cpuCores>1</cpuCores>
			<memory>1</memory>
			<networkBandwidth>1</networkBandwidth>
			<originalCluster>26</originalCluster>
		</Server>
		<Server id="922">
			<id>619</id>
			<cpuCores>7</cpuCores>
			<memory>1</memory>
			<networkBandwidth>1</networkBandwidth>
			<originalCluster>150</originalCluster>
		</Server>
		<Server id="923">
			<id>620</id>
			<cpuCores>1</cpuCores>
			<memory>2</memory>
			<networkBandwidth>6</networkBandwidth>
			<originalCluster>114</originalCluster>
		</Server>
		<Server id="924">
			<id>621</id>
			<cpuCores>1</cpuCores>
			<memory>1</memory>
			<networkBandwidth>1</networkBandwidth>
			<originalCluster>179</originalCluster>
		</Server>
		<Server id="925">
			<id>622</id>
			<cpuCores>1</cpuCores>
			<memory>17</memory>
			<networkBandwidth>7</networkBandwidth>
			<originalCluster>187</originalCluster>
		</Server>
		<Server id="926">
			<id>623</id>
			<cpuCores>2</cpuCores>
			<memory>1</memory>
			<networkBandwidth>1</networkBandwidth>
			<originalCluster>69</originalCluster>
		</Server>
		<Server id="927">
			<id>624</id>
			<cpuCores>1</cpuCores>
			<memory>1</memory>
			<networkBandwidth>4</networkBandwidth>
			<originalCluster>172</originalCluster>
		</Server>
		<Server id="928">
			<id>625</id>
			<cpuCores>1</cpuCores>
			<memory>8</memory>
			<networkBandwidth>1</networkBandwidth>
			<originalCluster>62</originalCluster>
		</Server>
		<Server id="929">
			<id>626</id>
			<cpuCores>1</cpuCores>
			<memory>6</memory>
			<networkBandwidth>1</networkBandwidth>
			<originalCluster>295</originalCluster>
		</Server>
		<Server id="930">
			<id>627</id>
			<cpuCores>4</cpuCores>
			<memory>1</memory>
			<networkBandwidth>1</networkBandwidth>
			<originalCluster>100</originalCluster>
		</Server>
		<Server id="931">
			<id>628</id>
			<cpuCores>1</cpuCores>
			<memory>1</memory>
			<networkBandwidth>1</networkBandwidth>
			<originalCluster>25</originalCluster>
		</Server>
		<Server id="932">
			<id>629</id>
			<cpuCores>1</cpuCores>
			<memory>2</memory>
			<networkBandwidth>1</networkBandwidth>
			<originalCluster>125</originalCluster>
		</Server>
		<Server id="933">
			<id>630</id>
			<cpuCores>1</cpuCores>
			<memory>2</memory>
			<networkBandwidth>1</networkBandwidth>
			<originalCluster>197</originalCluster>
		</Server>
		<Server id="934">
			<id>631</id>
			<cpuCores>1</cpuCores>
			<memory>4</memory>
			<networkBandwidth>1</networkBandwidth>
			<originalCluster>228</originalCluster>
		</Server>
		<Server id="935">
			<id>632</id>
			<cpuCores>1</cpuCores>
			<memory>1</memory>
			<networkBandwidth>1</networkBandwidth>
			<originalCluster>152</originalCluster>
		</Server>
		<Server id="936">
			<id>633</id>
			<cpuCores>1</cpuCores>
			<memory>28</memory>
			<networkBandwidth>1</networkBandwidth>
			<originalCluster>272</originalCluster>
		</Server>
		<Server id="937">
			<id>634</id>
			<cpuCores>1</cpuCores>
			<memory>1</memory>
			<networkBandwidth>1</networkBandwidth>
			<originalCluster>94</originalCluster>
		</Server>
		<Server id="938">
			<id>635</id>
			<cpuCores>1</cpuCores>
			<memory>1</memory>
			<networkBandwidth>1</networkBandwidth>
			<originalCluster>248</originalCluster>
		</Server>
		<Server id="939">
			<id>636</id>
			<cpuCores>1</cpuCores>
			<memory>1</memory>
			<networkBandwidth>1</networkBandwidth>
			<originalCluster>224</originalCluster>
		</Server>
		<Server id="940">
			<id>637</id>
			<cpuCores>1</cpuCores>
			<memory>1</memory>
			<networkBandwidth>1</networkBandwidth>
			<originalCluster>290</originalCluster>
		</Server>
		<Server id="941">
			<id>638</id>
			<cpuCores>8</cpuCores>
			<memory>2</memory>
			<networkBandwidth>5</networkBandwidth>
		</Server>
		<Server id="942">
			<id>639</id>
			<cpuCores>1</cpuCores>
			<memory>1</memory>
			<networkBandwidth>1</networkBandwidth>
			<originalCluster>262</originalCluster>
		</Server>
		<Server id="943">
			<id>640</id>
			<cpuCores>1</cpuCores>
			<memory>11</memory>
			<networkBandwidth>1</networkBandwidth>
			<originalCluster>72</originalCluster>
		</Server>
		<Server id="944">
			<id>641</id>
			<cpuCores>1</cpuCores>
			<memory>1</memory>
			<networkBandwidth>6</networkBandwidth>
			<originalCluster>184</originalCluster>
		</Server>
		<Server id="945">
			<id>642</id>
			<cpuCores>2</cpuCores>
			<memory>1</memory>
			<networkBandwidth>1</networkBandwidth>
			<originalCluster>134</originalCluster>
		</Server>
		<Server id="946">
			<id>643</id>
			<cpuCores>1</cpuCores>
			<memory>7</memory>
			<networkBandwidth>1</networkBandwidth>
			<originalCluster>156</originalCluster>
		</Server>
		<Server id="947">
			<id>644</id>
			<cpuCores>7</cpuCores>
			<memory>1</memory>
			<networkBandwidth>2</networkBandwidth>
		</Server>
		<Server id="948">
			<id>645</id>
			<cpuCores>1</cpuCores>
			<memory>1</memory>
			<networkBandwidth>1</networkBandwidth>
		</Server>
		<Server id="949">
			<id>646</id>
			<cpuCores>3</cpuCores>
			<memory>1</memory>
			<networkBandwidth>6</networkBandwidth>
			<originalCluster>130</originalCluster>
		</Server>
		<Server id="950">
			<id>647</id>
			<cpuCores>4</cpuCores>
			<memory>2</memory>
			<networkBandwidth>2</networkBandwidth>
			<originalCluster>160</originalCluster>
		</Server>
		<Server id="951">
			<id>648</id>
			<cpuCores>1</cpuCores>
			<memory>1</memory>
			<networkBandwidth>1</networkBandwidth>
			<originalCluster>190</originalCluster>
		</Server>
		<Server id="952">
			<id>649</id>
			<cpuCores>1</cpuCores>
			<memory>32</memory>
			<networkBandwidth>1</networkBandwidth>
			<originalCluster>212</originalCluster>
		</Server>
		<Server id="953">
			<id>650</id>
			<cpuCores>1</cpuCores>
			<memory>1</memory>
			<networkBandwidth>3</networkBandwidth>
			<originalCluster>274</originalCluster>
		</Server>
		<Server id="954">
			<id>651</id>
			<cpuCores>3</cpuCores>
			<memory>1</memory>
			<networkBandwidth>1</networkBandwidth>
			<originalCluster>171</originalCluster>
		</Server>
		<Server id="955">
			<id>652</id>
			<cpuCores>3</cpuCores>
			<memory>2</memory>
			<networkBandwidth>1</networkBandwidth>
			<originalCluster>232</originalCluster>
		</Server>
		<Server id="956">
			<id>653</id>
			<cpuCores>1</cpuCores>
			<memory>1</memory>
			<networkBandwidth>1</networkBandwidth>
			<originalCluster>296</originalCluster>
		</Server>
		<Server id="957">
			<id>654</id>
			<cpuCores>2</cpuCores>
			<memory>6</memory>
			<networkBandwidth>1</networkBandwidth>
			<originalCluster>35</originalCluster>
		</Server>
		<Server id="958">
			<id>655</id>
			<cpuCores>4</cpuCores>
			<memory>4</memory>
			<networkBandwidth>3</networkBandwidth>
			<originalCluster>283</originalCluster>
		</Server>
		<Server id="959">
			<id>656</id>
			<cpuCores>1</cpuCores>
			<memory>1</memory>
			<networkBandwidth>1</networkBandwidth>
			<originalCluster>10</originalCluster>
		</Server>
		<Server id="960">
			<id>657</id>
			<cpuCores>1</cpuCores>
			<memory>1</memory>
			<networkBandwidth>7</networkBandwidth>
			<originalCluster>106</originalCluster>
		</Server>
		<Server id="961">
			<id>658</id>
			<cpuCores>1</cpuCores>
			<memory>4</memory>
			<networkBandwidth>3</networkBandwidth>
			<originalCluster>277</originalCluster>
		</Server>
		<Server id="962">
			<id>659</id>
			<cpuCores>1</cpuCores>
			<memory>4</memory>
			<networkBandwidth>6</networkBandwidth>
			<originalCluster>102</originalCluster>
		</Server>
		<Server id="963">
			<id>660</id>
			<cpuCores>1</cpuCores>
			<memory>13</memory>
			<networkBandwidth>2</networkBandwidth>
			<originalCluster>248</originalCluster>
		</Server>
		<Server id="964">
			<id>661</id>
			<cpuCores>1</cpuCores>
			<memory>12</memory>
			<networkBandwidth>1</networkBandwidth>
			<originalCluster>191</originalCluster>
		</Server>
		<Server id="965">
			<id>662</id>
			<cpuCores>1</cpuCores>
			<memory>10</memory>
			<networkBandwidth>5</networkBandwidth>
			<originalCluster>286</originalCluster>
		</Server>
		<Server id="966">
			<id>663</id>
			<cpuCores>1</cpuCores>
			<memory>1</memory>
			<networkBandwidth>12</networkBandwidth>
			<originalCluster>242</originalCluster>
		</Server>
		<Server id="967">
			<id>664</id>
			<cpuCores>1</cpuCores>
			<memory>1</memory>
			<networkBandwidth>7</networkBandwidth>
			<originalCluster>136</originalCluster>
		</Server>
		<Server id="968">
			<id>665</id>
			<cpuCores>1</cpuCores>
			<memory>1</memory>
			<networkBandwidth>1</networkBandwidth>
			<originalCluster>56</originalCluster>
		</Server>
		<Server id="969">
			<id>666</id>
			<cpuCores>1</cpuCores>
			<memory>24</memory>
			<networkBandwidth>1</networkBandwidth>
			<originalCluster>38</originalCluster>
		</Server>
		<Server id="970">
			<id>667</id>
			<cpuCores>1</cpuCores>
			<memory>2</memory>
			<networkBandwidth>1</networkBandwidth>
			<originalCluster>137</originalCluster>
		</Server>
		<Server id="971">
			<id>668</id>
			<cpuCores>1</cpuCores>
			<memory>1</memory>
			<networkBandwidth>1</networkBandwidth>
			<originalCluster>102</originalCluster>
		</Server>
		<Server id="972">
			<id>669</id>
			<cpuCores>1</cpuCores>
			<memory>3</memory>
			<networkBandwidth>12</networkBandwidth>
			<originalCluster>42</originalCluster>
		</Server>
		<Server id="973">
			<id>670</id>
			<cpuCores>10</cpuCores>
			<memory>1</memory>
			<networkBandwidth>1</networkBandwidth>
		</Server>
		<Server id="974">
			<id>671</id>
			<cpuCores>1</cpuCores>
			<memory>1</memory>
			<networkBandwidth>1</networkBandwidth>
			<originalCluster>109</originalCluster>
		</Server>
		<Server id="975">
			<id>672</id>
			<cpuCores>7</cpuCores>
			<memory>8</memory>
			<networkBandwidth>2</networkBandwidth>
			<originalCluster>77</originalCluster>
		</Server>
		<Server id="976">
			<id>673</id>
			<cpuCores>1</cpuCores>
			<memory>15</memory>
			<networkBandwidth>1</networkBandwidth>
			<originalCluster>60</originalCluster>
		</Server>
		<Server id="977">
			<id>674</id>
			<cpuCores>1</cpuCores>
			<memory>2</memory>
			<networkBandwidth>1</networkBandwidth>
			<originalCluster>279</originalCluster>
		</Server>
		<Server id="978">
			<id>675</id>
			<cpuCores>1</cpuCores>
			<memory>1</memory>
			<networkBandwidth>1</networkBandwidth>
			<originalCluster>223</originalCluster>
		</Server>
		<Server id="979">
			<id>676</id>
			<cpuCores>1</cpuCores>
			<memory>23</memory>
			<networkBandwidth>11</networkBandwidth>
			<originalCluster>64</originalCluster>
		</Server>
		<Server id="980">
			<id>677</id>
			<cpuCores>1</cpuCores>
			<memory>1</memory>
			<networkBandwidth>1</networkBandwidth>
			<originalCluster>158</originalCluster>
		</Server>
		<Server id="981">
			<id>678</id>
			<cpuCores>1</cpuCores>
			<memory>2</memory>
			<networkBandwidth>1</networkBandwidth>
			<originalCluster>51</originalCluster>
		</Server>
		<Server id="982">
			<id>679</id>
			<cpuCores>1</cpuCores>
			<memory>1</memory>
			<networkBandwidth>1</networkBandwidth>
			<originalCluster>83</originalCluster>
		</Server>
		<Server id="983">
			<id>680</id>
			<cpuCores>1</cpuCores>
			<memory>9</memory>
			<networkBandwidth>2</networkBandwidth>
			<originalCluster>190</originalCluster>
		</Server>
		<Server id="984">
			<id>681</id>
			<cpuCores>3</cpuCores>
			<memory>1</memory>
			<networkBandwidth>10</networkBandwidth>
			<originalCluster>221</originalCluster>
		</Server>
		<Server id="985">
			<id>682</id>
			<cpuCores>1</cpuCores>
			<memory>20</memory>
			<networkBandwidth>1</networkBandwidth>
			<originalCluster>262</originalCluster>
		</Server>
		<Server id="986">
			<id>683</id>
			<cpuCores>1</cpuCores>
			<memory>16</memory>
			<networkBandwidth>1</networkBandwidth>
			<originalCluster>225</originalCluster>
		</Server>
		<Server id="987">
			<id>684</id>
			<cpuCores>3</cpuCores>
			<memory>1</memory>
			<networkBandwidth>5</networkBandwidth>
			<originalCluster>157</originalCluster>
		</Server>
		<Server id="988">
			<id>685</id>
			<cpuCores>1</cpuCores>
			<memory>9</memory>
			<networkBandwidth>7</networkBandwidth>
			<originalCluster>48</originalCluster>
		</Server>
		<Server id="989">
			<id>686</id>
			<cpuCores>1</cpuCores>
			<memory>1</memory>
			<networkBandwidth>10</networkBandwidth>
			<originalCluster>255</originalCluster>
		</Server>
		<Server id="990">
			<id>687</id>
			<cpuCores>7</cpuCores>
			<memory>1</memory>
			<networkBandwidth>1</networkBandwidth>
			<originalCluster>283</originalCluster>
		</Server>
		<Server id="991">
			<id>688</id>
			<cpuCores>1</cpuCores>
			<memory>1</memory>
			<networkBandwidth>1</networkBandwidth>
			<originalCluster>27</originalCluster>
		</Server>
		<Server id="992">
			<id>689</id>
			<cpuCores>1</cpuCores>
			<memory>1</memory>
			<networkBandwidth>1</networkBandwidth>
			<originalCluster>68</originalCluster>
		</Server>
		<Server id="993">
			<id>690</id>
			<cpuCores>2</cpuCores>
			<memory>20</memory>
			<networkBandwidth>10</networkBandwidth>
			<originalCluster>275</originalCluster>
		</Server>
		<Server id="994">
			<id>691</id>
			<cpuCores>1</cpuCores>
			<memory>12</memory>
			<networkBandwidth>1</networkBandwidth>
			<originalCluster>166</originalCluster>
		</Server>
		<Server id="995">
			<id>692</id>
			<cpuCores>1</cpuCores>
			<memory>1</memory>
			<networkBandwidth>6</networkBandwidth>
			<originalCluster>232</originalCluster>
		</Server>
		<Server id="996">
			<id>693</id>
			<cpuCores>4</cpuCores>
			<memory>1</memory>
			<networkBandwidth>1</networkBandwidth>
			<originalCluster>116</originalCluster>
		</Server>
		<Server id="997">
			<id>694</id>
			<cpuCores>1</cpuCores>
			<memory>1</memory>
			<networkBandwidth>10</networkBandwidth>
			<originalCluster>118</originalCluster>
		</Server>
		<Server id="998">
			<id>695</id>
			<cpuCores>1</cpuCores>
			<memory>1</memory>
			<networkBandwidth>1</networkBandwidth>
			<originalCluster>209</originalCluster>
		</Server>
		<Server id="999">
			<id>696</id>
			<cpuCores>1</cpuCores>
			<memory>1</memory>
			<networkBandwidth>1</networkBandwidth>
			<originalCluster>65</originalCluster>
		</Server>
		<Server id="1000">
			<id>697</id>
			<cpuCores>1</cpuCores>
			<memory>4</memory>
			<networkBandwidth>1</networkBandwidth>
			<originalCluster>39</originalCluster>
		</Server>
		<Server id="1001">
			<id>698</id>
			<cpuCores>1</cpuCores>
			<memory>1</memory>
			<networkBandwidth>1</networkBandwidth>
			<originalCluster>129</originalCluster>
		</Server>
		<Server id="1002">
			<id>699</id>
			<cpuCores>1</cpuCores>
			<memory>17</memory>
			<networkBandwidth>1</networkBandwidth>
			<originalCluster>182</originalCluster>
		</Server>
		<Server id="1003">
			<id>700</id>
			<cpuCores>2</cpuCores>
			<memory>1</memory>
			<networkBandwidth>1</networkBandwidth>
			<originalCluster>60</originalCluster>
		</Server>
		<Server id="1004">
			<id>701</id>
			<cpuCores>1</cpuCores>
			<memory>2</memory>
			<networkBandwidth>1</networkBandwidth>
			<originalCluster>2</originalCluster>
		</Server>
		<Server id="1005">
			<id>702</id>
			<cpuCores>1</cpuCores>
			<memory>1</memory>
			<networkBandwidth>1</networkBandwidth>
			<originalCluster>222</originalCluster>
		</Server>
		<Server id="1006">
			<id>703</id>
			<cpuCores>1</cpuCores>
			<memory>3</memory>
			<networkBandwidth>1</networkBandwidth>
			<originalCluster>109</originalCluster>
		</Server>
		<Server id="1007">
			<id>704</id>
			<cpuCores>1</cpuCores>
			<memory>1</memory>
			<networkBandwidth>3</networkBandwidth>
			<originalCluster>262</originalCluster>
		</Server>
		<Server id="1008">
			<id>705</id>
			<cpuCores>1</cpuCores>
			<memory>4</memory>
			<networkBandwidth>1</networkBandwidth>
			<originalCluster>153</originalCluster>
		</Server>
		<Server id="1009">
			<id>706</id>
			<cpuCores>6</cpuCores>
			<memory>3</memory>
			<networkBandwidth>1</networkBandwidth>
			<originalCluster>137</originalCluster>
		</Server>
		<Server id="1010">
			<id>707</id>
			<cpuCores>1</cpuCores>
			<memory>1</memory>
			<networkBandwidth>3</networkBandwidth>
			<originalCluster>168</originalCluster>
		</Server>
		<Server id="1011">
			<id>708</id>
			<cpuCores>2</cpuCores>
			<memory>4</memory>
			<networkBandwidth>1</networkBandwidth>
			<originalCluster>122</originalCluster>
		</Server>
		<Server id="1012">
			<id>709</id>
			<cpuCores>1</cpuCores>
			<memory>2</memory>
			<networkBandwidth>1</networkBandwidth>
			<originalCluster>161</originalCluster>
		</Server>
		<Server id="1013">
			<id>710</id>
			<cpuCores>5</cpuCores>
			<memory>5</memory>
			<networkBandwidth>12</networkBandwidth>
			<originalCluster>155</originalCluster>
		</Server>
		<Server id="1014">
			<id>711</id>
			<cpuCores>1</cpuCores>
			<memory>5</memory>
			<networkBandwidth>1</networkBandwidth>
			<originalCluster>88</originalCluster>
		</Server>
		<Server id="1015">
			<id>712</id>
			<cpuCores>1</cpuCores>
			<memory>7</memory>
			<networkBandwidth>6</networkBandwidth>
			<originalCluster>80</originalCluster>
		</Server>
		<Server id="1016">
			<id>713</id>
			<cpuCores>1</cpuCores>
			<memory>3</memory>
			<networkBandwidth>1</networkBandwidth>
			<originalCluster>192</originalCluster>
		</Server>
		<Server id="1017">
			<id>714</id>
			<cpuCores>2</cpuCores>
			<memory>8</memory>
			<networkBandwidth>1</networkBandwidth>
			<originalCluster>93</originalCluster>
		</Server>
		<Server id="1018">
			<id>715</id>
			<cpuCores>3</cpuCores>
			<memory>1</memory>
			<networkBandwidth>1</networkBandwidth>
			<originalCluster>261</originalCluster>
		</Server>
		<Server id="1019">
			<id>716</id>
			<cpuCores>1</cpuCores>
			<memory>1</memory>
			<networkBandwidth>3</networkBandwidth>
			<originalCluster>213</originalCluster>
		</Server>
		<Server id="1020">
			<id>717</id>
			<cpuCores>1</cpuCores>
			<memory>1</memory>
			<networkBandwidth>1</networkBandwidth>
			<originalCluster>84</originalCluster>
		</Server>
		<Server id="1021">
			<id>718</id>
			<cpuCores>2</cpuCores>
			<memory>1</memory>
			<networkBandwidth>2</networkBandwidth>
			<originalCluster>220</originalCluster>
		</Server>
		<Server id="1022">
			<id>719</id>
			<cpuCores>1</cpuCores>
			<memory>6</memory>
			<networkBandwidth>2</networkBandwidth>
			<originalCluster>185</originalCluster>
		</Server>
		<Server id="1023">
			<id>720</id>
			<cpuCores>1</cpuCores>
			<memory>1</memory>
			<networkBandwidth>1</networkBandwidth>
			<originalCluster>90</originalCluster>
		</Server>
		<Server id="1024">
			<id>721</id>
			<cpuCores>1</cpuCores>
			<memory>1</memory>
			<networkBandwidth>1</networkBandwidth>
			<originalCluster>118</originalCluster>
		</Server>
		<Server id="1025">
			<id>722</id>
			<cpuCores>11</cpuCores>
			<memory>1</memory>
			<networkBandwidth>3</networkBandwidth>
		</Server>
		<Server id="1026">
			<id>723</id>
			<cpuCores>1</cpuCores>
			<memory>1</memory>
			<networkBandwidth>1</networkBandwidth>
			<originalCluster>205</originalCluster>
		</Server>
		<Server id="1027">
			<id>724</id>
			<cpuCores>1</cpuCores>
			<memory>1</memory>
			<networkBandwidth>1</networkBandwidth>
			<originalCluster>181</originalCluster>
		</Server>
		<Server id="1028">
			<id>725</id>
			<cpuCores>1</cpuCores>
			<memory>1</memory>
			<networkBandwidth>1</networkBandwidth>
			<originalCluster>101</originalCluster>
		</Server>
		<Server id="1029">
			<id>726</id>
			<cpuCores>1</cpuCores>
			<memory>1</memory>
			<networkBandwidth>5</networkBandwidth>
			<originalCluster>89</originalCluster>
		</Server>
		<Server id="1030">
			<id>727</id>
			<cpuCores>11</cpuCores>
			<memory>1</memory>
			<networkBandwidth>1</networkBandwidth>
		</Server>
		<Server id="1031">
			<id>728</id>
			<cpuCores>6</cpuCores>
			<memory>12</memory>
			<networkBandwidth>3</networkBandwidth>
			<originalCluster>72</originalCluster>
		</Server>
		<Server id="1032">
			<id>729</id>
			<cpuCores>1</cpuCores>
			<memory>1</memory>
			<networkBandwidth>1</networkBandwidth>
			<originalCluster>259</originalCluster>
		</Server>
		<Server id="1033">
			<id>730</id>
			<cpuCores>1</cpuCores>
			<memory>1</memory>
			<networkBandwidth>2</networkBandwidth>
			<originalCluster>208</originalCluster>
		</Server>
		<Server id="1034">
			<id>731</id>
			<cpuCores>5</cpuCores>
			<memory>2</memory>
			<networkBandwidth>1</networkBandwidth>
			<originalCluster>139</originalCluster>
		</Server>
		<Server id="1035">
			<id>732</id>
			<cpuCores>3</cpuCores>
			<memory>27</memory>
			<networkBandwidth>1</networkBandwidth>
			<originalCluster>175</originalCluster>
		</Server>
		<Server id="1036">
			<id>733</id>
			<cpuCores>1</cpuCores>
			<memory>1</memory>
			<networkBandwidth>1</networkBandwidth>
			<originalCluster>170</originalCluster>
		</Server>
		<Server id="1037">
			<id>734</id>
			<cpuCores>1</cpuCores>
			<memory>1</memory>
			<networkBandwidth>1</networkBandwidth>
			<originalCluster>239</originalCluster>
		</Server>
		<Server id="1038">
			<id>735</id>
			<cpuCores>6</cpuCores>
			<memory>4</memory>
			<networkBandwidth>4</networkBandwidth>
			<originalCluster>186</originalCluster>
		</Server>
		<Server id="1039">
			<id>736</id>
			<cpuCores>1</cpuCores>
			<memory>14</memory>
			<networkBandwidth>1</networkBandwidth>
			<originalCluster>182</originalCluster>
		</Server>
		<Server id="1040">
			<id>737</id>
			<cpuCores>1</cpuCores>
			<memory>1</memory>
			<networkBandwidth>1</networkBandwidth>
			<originalCluster>136</originalCluster>
		</Server>
		<Server id="1041">
			<id>738</id>
			<cpuCores>1</cpuCores>
			<memory>10</memory>
			<networkBandwidth>4</networkBandwidth>
			<originalCluster>290</originalCluster>
		</Server>
		<Server id="1042">
			<id>739</id>
			<cpuCores>1</cpuCores>
			<memory>1</memory>
			<networkBandwidth>1</networkBandwidth>
			<originalCluster>72</originalCluster>
		</Server>
		<Server id="1043">
			<id>740</id>
			<cpuCores>10</cpuCores>
			<memory>1</memory>
			<networkBandwidth>1</networkBandwidth>
		</Server>
		<Server id="1044">
			<id>741</id>
			<cpuCores>1</cpuCores>
			<memory>1</memory>
			<networkBandwidth>1</networkBandwidth>
			<originalCluster>167</originalCluster>
		</Server>
		<Server id="1045">
			<id>742</id>
			<cpuCores>1</cpuCores>
			<memory>1</memory>
			<networkBandwidth>1</networkBandwidth>
			<originalCluster>62</originalCluster>
		</Server>
		<Server id="1046">
			<id>743</id>
			<cpuCores>1</cpuCores>
			<memory>1</memory>
			<networkBandwidth>1</networkBandwidth>
			<originalCluster>141</originalCluster>
		</Server>
		<Server id="1047">
			<id>744</id>
			<cpuCores>10</cpuCores>
			<memory>2</memory>
			<networkBandwidth>4</networkBandwidth>
		</Server>
		<Server id="1048">
			<id>745</id>
			<cpuCores>1</cpuCores>
			<memory>1</memory>
			<networkBandwidth>2</networkBandwidth>
			<originalCluster>42</originalCluster>
		</Server>
		<Server id="1049">
			<id>746</id>
			<cpuCores>1</cpuCores>
			<memory>21</memory>
			<networkBandwidth>1</networkBandwidth>
			<originalCluster>150</originalCluster>
		</Server>
		<Server id="1050">
			<id>747</id>
			<cpuCores>2</cpuCores>
			<memory>3</memory>
			<networkBandwidth>2</networkBandwidth>
			<originalCluster>274</originalCluster>
		</Server>
		<Server id="1051">
			<id>748</id>
			<cpuCores>1</cpuCores>
			<memory>1</memory>
			<networkBandwidth>3</networkBandwidth>
			<originalCluster>98</originalCluster>
		</Server>
		<Server id="1052">
			<id>749</id>
			<cpuCores>1</cpuCores>
			<memory>1</memory>
			<networkBandwidth>3</networkBandwidth>
			<originalCluster>177</originalCluster>
		</Server>
		<Server id="1053">
			<id>750</id>
			<cpuCores>6</cpuCores>
			<memory>1</memory>
			<networkBandwidth>9</networkBandwidth>
			<originalCluster>71</originalCluster>
		</Server>
		<Server id="1054">
			<id>751</id>
			<cpuCores>1</cpuCores>
			<memory>6</memory>
			<networkBandwidth>1</networkBandwidth>
			<originalCluster>84</originalCluster>
		</Server>
		<Server id="1055">
			<id>752</id>
			<cpuCores>5</cpuCores>
			<memory>1</memory>
			<networkBandwidth>2</networkBandwidth>
			<originalCluster>80</originalCluster>
		</Server>
		<Server id="1056">
			<id>753</id>
			<cpuCores>1</cpuCores>
			<memory>28</memory>
			<networkBandwidth>1</networkBandwidth>
			<originalCluster>53</originalCluster>
		</Server>
		<Server id="1057">
			<id>754</id>
			<cpuCores>5</cpuCores>
			<memory>1</memory>
			<networkBandwidth>1</networkBandwidth>
			<originalCluster>193</originalCluster>
		</Server>
		<Server id="1058">
			<id>755</id>
			<cpuCores>2</cpuCores>
			<memory>3</memory>
			<networkBandwidth>1</networkBandwidth>
			<originalCluster>21</originalCluster>
		</Server>
		<Server id="1059">
			<id>756</id>
			<cpuCores>5</cpuCores>
			<memory>6</memory>
			<networkBandwidth>4</networkBandwidth>
			<originalCluster>71</originalCluster>
		</Server>
		<Server id="1060">
			<id>757</id>
			<cpuCores>1</cpuCores>
			<memory>1</memory>
			<networkBandwidth>5</networkBandwidth>
			<originalCluster>101</originalCluster>
		</Server>
		<Server id="1061">
			<id>758</id>
			<cpuCores>1</cpuCores>
			<memory>2</memory>
			<networkBandwidth>1</networkBandwidth>
			<originalCluster>205</originalCluster>
		</Server>
		<Server id="1062">
			<id>759</id>
			<cpuCores>1</cpuCores>
			<memory>1</memory>
			<networkBandwidth>1</networkBandwidth>
			<originalCluster>132</originalCluster>
		</Server>
		<Server id="1063">
			<id>760</id>
			<cpuCores>1</cpuCores>
			<memory>1</memory>
			<networkBandwidth>1</networkBandwidth>
			<originalCluster>292</originalCluster>
		</Server>
		<Server id="1064">
			<id>761</id>
			<cpuCores>1</cpuCores>
			<memory>1</memory>
			<networkBandwidth>2</networkBandwidth>
			<originalCluster>183</originalCluster>
		</Server>
		<Server id="1065">
			<id>762</id>
			<cpuCores>1</cpuCores>
			<memory>6</memory>
			<networkBandwidth>3</networkBandwidth>
			<originalCluster>92</originalCluster>
		</Server>
		<Server id="1066">
			<id>763</id>
			<cpuCores>1</cpuCores>
			<memory>1</memory>
			<networkBandwidth>8</networkBandwidth>
			<originalCluster>123</originalCluster>
		</Server>
		<Server id="1067">
			<id>764</id>
			<cpuCores>1</cpuCores>
			<memory>1</memory>
			<networkBandwidth>8</networkBandwidth>
			<originalCluster>45</originalCluster>
		</Server>
		<Server id="1068">
			<id>765</id>
			<cpuCores>1</cpuCores>
			<memory>1</memory>
			<networkBandwidth>1</networkBandwidth>
			<originalCluster>30</originalCluster>
		</Server>
		<Server id="1069">
			<id>766</id>
			<cpuCores>1</cpuCores>
			<memory>2</memory>
			<networkBandwidth>1</networkBandwidth>
			<originalCluster>189</originalCluster>
		</Server>
		<Server id="1070">
			<id>767</id>
			<cpuCores>1</cpuCores>
			<memory>1</memory>
			<networkBandwidth>1</networkBandwidth>
			<originalCluster>86</originalCluster>
		</Server>
		<Server id="1071">
			<id>768</id>
			<cpuCores>2</cpuCores>
			<memory>6</memory>
			<networkBandwidth>1</networkBandwidth>
			<originalCluster>59</originalCluster>
		</Server>
		<Server id="1072">
			<id>769</id>
			<cpuCores>2</cpuCores>
			<memory>7</memory>
			<networkBandwidth>2</networkBandwidth>
			<originalCluster>203</originalCluster>
		</Server>
		<Server id="1073">
			<id>770</id>
			<cpuCores>2</cpuCores>
			<memory>5</memory>
			<networkBandwidth>1</networkBandwidth>
			<originalCluster>93</originalCluster>
		</Server>
		<Server id="1074">
			<id>771</id>
			<cpuCores>3</cpuCores>
			<memory>1</memory>
			<networkBandwidth>1</networkBandwidth>
			<originalCluster>188</originalCluster>
		</Server>
		<Server id="1075">
			<id>772</id>
			<cpuCores>1</cpuCores>
			<memory>1</memory>
			<networkBandwidth>1</networkBandwidth>
			<originalCluster>85</originalCluster>
		</Server>
		<Server id="1076">
			<id>773</id>
			<cpuCores>1</cpuCores>
			<memory>1</memory>
			<networkBandwidth>1</networkBandwidth>
			<originalCluster>118</originalCluster>
		</Server>
		<Server id="1077">
			<id>774</id>
			<cpuCores>2</cpuCores>
			<memory>1</memory>
			<networkBandwidth>1</networkBandwidth>
			<originalCluster>267</originalCluster>
		</Server>
		<Server id="1078">
			<id>775</id>
			<cpuCores>3</cpuCores>
			<memory>1</memory>
			<networkBandwidth>1</networkBandwidth>
			<originalCluster>173</originalCluster>
		</Server>
		<Server id="1079">
			<id>776</id>
			<cpuCores>1</cpuCores>
			<memory>7</memory>
			<networkBandwidth>1</networkBandwidth>
			<originalCluster>131</originalCluster>
		</Server>
		<Server id="1080">
			<id>777</id>
			<cpuCores>4</cpuCores>
			<memory>2</memory>
			<networkBandwidth>3</networkBandwidth>
			<originalCluster>154</originalCluster>
		</Server>
		<Server id="1081">
			<id>778</id>
			<cpuCores>10</cpuCores>
			<memory>2</memory>
			<networkBandwidth>2</networkBandwidth>
		</Server>
		<Server id="1082">
			<id>779</id>
			<cpuCores>4</cpuCores>
			<memory>18</memory>
			<networkBandwidth>1</networkBandwidth>
			<originalCluster>183</originalCluster>
		</Server>
		<Server id="1083">
			<id>780</id>
			<cpuCores>1</cpuCores>
			<memory>2</memory>
			<networkBandwidth>1</networkBandwidth>
			<originalCluster>264</originalCluster>
		</Server>
		<Server id="1084">
			<id>781</id>
			<cpuCores>1</cpuCores>
			<memory>1</memory>
			<networkBandwidth>1</networkBandwidth>
			<originalCluster>43</originalCluster>
		</Server>
		<Server id="1085">
			<id>782</id>
			<cpuCores>1</cpuCores>
			<memory>1</memory>
			<networkBandwidth>1</networkBandwidth>
			<originalCluster>198</originalCluster>
		</Server>
		<Server id="1086">
			<id>783</id>
			<cpuCores>2</cpuCores>
			<memory>1</memory>
			<networkBandwidth>1</networkBandwidth>
			<originalCluster>119</originalCluster>
		</Server>
		<Server id="1087">
			<id>784</id>
			<cpuCores>5</cpuCores>
			<memory>1</memory>
			<networkBandwidth>7</networkBandwidth>
			<originalCluster>140</originalCluster>
		</Server>
		<Server id="1088">
			<id>785</id>
			<cpuCores>1</cpuCores>
			<memory>5</memory>
			<networkBandwidth>5</networkBandwidth>
		</Server>
		<Server id="1089">
			<id>786</id>
			<cpuCores>1</cpuCores>
			<memory>12</memory>
			<networkBandwidth>1</networkBandwidth>
			<originalCluster>228</originalCluster>
		</Server>
		<Server id="1090">
			<id>787</id>
			<cpuCores>1</cpuCores>
			<memory>4</memory>
			<networkBandwidth>1</networkBandwidth>
			<originalCluster>184</originalCluster>
		</Server>
		<Server id="1091">
			<id>788</id>
			<cpuCores>2</cpuCores>
			<memory>1</memory>
			<networkBandwidth>1</networkBandwidth>
			<originalCluster>176</originalCluster>
		</Server>
		<Server id="1092">
			<id>789</id>
			<cpuCores>1</cpuCores>
			<memory>1</memory>
			<networkBandwidth>1</networkBandwidth>
			<originalCluster>196</originalCluster>
		</Server>
		<Server id="1093">
			<id>790</id>
			<cpuCores>2</cpuCores>
			<memory>23</memory>
			<networkBandwidth>1</networkBandwidth>
			<originalCluster>200</originalCluster>
		</Server>
		<Server id="1094">
			<id>791</id>
			<cpuCores>4</cpuCores>
			<memory>24</memory>
			<networkBandwidth>1</networkBandwidth>
			<originalCluster>62</originalCluster>
		</Server>
		<Server id="1095">
			<id>792</id>
			<cpuCores>1</cpuCores>
			<memory>1</memory>
			<networkBandwidth>2</networkBandwidth>
			<originalCluster>241</originalCluster>
		</Server>
		<Server id="1096">
			<id>793</id>
			<cpuCores>1</cpuCores>
			<memory>1</memory>
			<networkBandwidth>9</networkBandwidth>
			<originalCluster>116</originalCluster>
		</Server>
		<Server id="1097">
			<id>794</id>
			<cpuCores>1</cpuCores>
			<memory>11</memory>
			<networkBandwidth>3</networkBandwidth>
			<originalCluster>85</originalCluster>
		</Server>
		<Server id="1098">
			<id>795</id>
			<cpuCores>1</cpuCores>
			<memory>1</memory>
			<networkBandwidth>1</networkBandwidth>
			<originalCluster>215</originalCluster>
		</Server>
		<Server id="1099">
			<id>796</id>
			<cpuCores>1</cpuCores>
			<memory>1</memory>
			<networkBandwidth>1</networkBandwidth>
			<originalCluster>159</originalCluster>
		</Server>
		<Server id="1100">
			<id>797</id>
			<cpuCores>2</cpuCores>
			<memory>1</memory>
			<networkBandwidth>5</networkBandwidth>
		</Server>
		<Server id="1101">
			<id>798</id>
			<cpuCores>1</cpuCores>
			<memory>1</memory>
			<networkBandwidth>6</networkBandwidth>
			<originalCluster>117</originalCluster>
		</Server>
		<Server id="1102">
			<id>799</id>
			<cpuCores>1</cpuCores>
			<memory>25</memory>
			<networkBandwidth>5</networkBandwidth>
			<originalCluster>61</originalCluster>
		</Server>
		<Server id="1103">
			<id>800</id>
			<cpuCores>1</cpuCores>
			<memory>7</memory>
			<networkBandwidth>3</networkBandwidth>
			<originalCluster>252</originalCluster>
		</Server>
		<Server id="1104">
			<id>801</id>
			<cpuCores>1</cpuCores>
			<memory>1</memory>
			<networkBandwidth>1</networkBandwidth>
			<originalCluster>42</originalCluster>
		</Server>
		<Server id="1105">
			<id>802</id>
			<cpuCores>1</cpuCores>
			<memory>12</memory>
			<networkBandwidth>3</networkBandwidth>
			<originalCluster>153</originalCluster>
		</Server>
		<Server id="1106">
			<id>803</id>
			<cpuCores>1</cpuCores>
			<memory>1</memory>
			<networkBandwidth>2</networkBandwidth>
			<originalCluster>187</originalCluster>
		</Server>
		<Server id="1107">
			<id>804</id>
			<cpuCores>4</cpuCores>
			<memory>3</memory>
			<networkBandwidth>3</networkBandwidth>
			<originalCluster>16</originalCluster>
		</Server>
		<Server id="1108">
			<id>805</id>
			<cpuCores>1</cpuCores>
			<memory>1</memory>
			<networkBandwidth>2</networkBandwidth>
			<originalCluster>29</originalCluster>
		</Server>
		<Server id="1109">
			<id>806</id>
			<cpuCores>1</cpuCores>
			<memory>1</memory>
			<networkBandwidth>1</networkBandwidth>
			<originalCluster>231</originalCluster>
		</Server>
		<Server id="1110">
			<id>807</id>
			<cpuCores>1</cpuCores>
			<memory>1</memory>
			<networkBandwidth>1</networkBandwidth>
			<originalCluster>10</originalCluster>
		</Server>
		<Server id="1111">
			<id>808</id>
			<cpuCores>1</cpuCores>
			<memory>3</memory>
			<networkBandwidth>1</networkBandwidth>
			<originalCluster>31</originalCluster>
		</Server>
		<Server id="1112">
			<id>809</id>
			<cpuCores>12</cpuCores>
			<memory>13</memory>
			<networkBandwidth>4</networkBandwidth>
		</Server>
		<Server id="1113">
			<id>810</id>
			<cpuCores>4</cpuCores>
			<memory>1</memory>
			<networkBandwidth>3</networkBandwidth>
			<originalCluster>285</originalCluster>
		</Server>
		<Server id="1114">
			<id>811</id>
			<cpuCores>3</cpuCores>
			<memory>2</memory>
			<networkBandwidth>1</networkBandwidth>
			<originalCluster>4</originalCluster>
		</Server>
		<Server id="1115">
			<id>812</id>
			<cpuCores>3</cpuCores>
			<memory>1</memory>
			<networkBandwidth>2</networkBandwidth>
			<originalCluster>22</originalCluster>
		</Server>
		<Server id="1116">
			<id>813</id>
			<cpuCores>6</cpuCores>
			<memory>1</memory>
			<networkBandwidth>10</networkBandwidth>
		</Server>
		<Server id="1117">
			<id>814</id>
			<cpuCores>1</cpuCores>
			<memory>1</memory>
			<networkBandwidth>1</networkBandwidth>
			<originalCluster>184</originalCluster>
		</Server>
		<Server id="1118">
			<id>815</id>
			<cpuCores>1</cpuCores>
			<memory>30</memory>
			<networkBandwidth>1</networkBandwidth>
			<originalCluster>85</originalCluster>
		</Server>
		<Server id="1119">
			<id>816</id>
			<cpuCores>5</cpuCores>
			<memory>23</memory>
			<networkBandwidth>1</networkBandwidth>
			<originalCluster>63</originalCluster>
		</Server>
		<Server id="1120">
			<id>817</id>
			<cpuCores>8</cpuCores>
			<memory>1</memory>
			<networkBandwidth>2</networkBandwidth>
			<originalCluster>231</originalCluster>
		</Server>
		<Server id="1121">
			<id>818</id>
			<cpuCores>4</cpuCores>
			<memory>19</memory>
			<networkBandwidth>1</networkBandwidth>
			<originalCluster>224</originalCluster>
		</Server>
		<Server id="1122">
			<id>819</id>
			<cpuCores>1</cpuCores>
			<memory>1</memory>
			<networkBandwidth>1</networkBandwidth>
			<originalCluster>236</originalCluster>
		</Server>
		<Server id="1123">
			<id>820</id>
			<cpuCores>1</cpuCores>
			<memory>21</memory>
			<networkBandwidth>1</networkBandwidth>
			<originalCluster>28</originalCluster>
		</Server>
		<Server id="1124">
			<id>821</id>
			<cpuCores>1</cpuCores>
			<memory>11</memory>
			<networkBandwidth>1</networkBandwidth>
			<originalCluster>191</originalCluster>
		</Server>
		<Server id="1125">
			<id>822</id>
			<cpuCores>1</cpuCores>
			<memory>2</memory>
			<networkBandwidth>4</networkBandwidth>
			<originalCluster>127</originalCluster>
		</Server>
		<Server id="1126">
			<id>823</id>
			<cpuCores>1</cpuCores>
			<memory>2</memory>
			<networkBandwidth>1</networkBandwidth>
			<originalCluster>144</originalCluster>
		</Server>
		<Server id="1127">
			<id>824</id>
			<cpuCores>9</cpuCores>
			<memory>6</memory>
			<networkBandwidth>1</networkBandwidth>
		</Server>
		<Server id="1128">
			<id>825</id>
			<cpuCores>6</cpuCores>
			<memory>1</memory>
			<networkBandwidth>4</networkBandwidth>
			<originalCluster>80</originalCluster>
		</Server>
		<Server id="1129">
			<id>826</id>
			<cpuCores>4</cpuCores>
			<memory>1</memory>
			<networkBandwidth>1</networkBandwidth>
			<originalCluster>47</originalCluster>
		</Server>
		<Server id="1130">
			<id>827</id>
			<cpuCores>1</cpuCores>
			<memory>2</memory>
			<networkBandwidth>11</networkBandwidth>
			<originalCluster>84</originalCluster>
		</Server>
		<Server id="1131">
			<id>828</id>
			<cpuCores>6</cpuCores>
			<memory>9</memory>
			<networkBandwidth>1</networkBandwidth>
			<originalCluster>49</originalCluster>
		</Server>
		<Server id="1132">
			<id>829</id>
			<cpuCores>6</cpuCores>
			<memory>4</memory>
			<networkBandwidth>2</networkBandwidth>
			<originalCluster>279</originalCluster>
		</Server>
		<Server id="1133">
			<id>830</id>
			<cpuCores>1</cpuCores>
			<memory>1</memory>
			<networkBandwidth>1</networkBandwidth>
			<originalCluster>13</originalCluster>
		</Server>
		<Server id="1134">
			<id>831</id>
			<cpuCores>4</cpuCores>
			<memory>8</memory>
			<networkBandwidth>1</networkBandwidth>
			<originalCluster>159</originalCluster>
		</Server>
		<Server id="1135">
			<id>832</id>
			<cpuCores>1</cpuCores>
			<memory>1</memory>
			<networkBandwidth>2</networkBandwidth>
			<originalCluster>103</originalCluster>
		</Server>
		<Server id="1136">
			<id>833</id>
			<cpuCores>3</cpuCores>
			<memory>2</memory>
			<networkBandwidth>1</networkBandwidth>
			<originalCluster>84</originalCluster>
		</Server>
		<Server id="1137">
			<id>834</id>
			<cpuCores>1</cpuCores>
			<memory>1</memory>
			<networkBandwidth>2</networkBandwidth>
			<originalCluster>285</originalCluster>
		</Server>
		<Server id="1138">
			<id>835</id>
			<cpuCores>1</cpuCores>
			<memory>2</memory>
			<networkBandwidth>1</networkBandwidth>
			<originalCluster>247</originalCluster>
		</Server>
		<Server id="1139">
			<id>836</id>
			<cpuCores>1</cpuCores>
			<memory>13</memory>
			<networkBandwidth>7</networkBandwidth>
			<originalCluster>166</originalCluster>
		</Server>
		<Server id="1140">
			<id>837</id>
			<cpuCores>1</cpuCores>
			<memory>1</memory>
			<networkBandwidth>1</networkBandwidth>
			<originalCluster>173</originalCluster>
		</Server>
		<Server id="1141">
			<id>838</id>
			<cpuCores>1</cpuCores>
			<memory>1</memory>
			<networkBandwidth>1</networkBandwidth>
			<originalCluster>51</originalCluster>
		</Server>
		<Server id="1142">
			<id>839</id>
			<cpuCores>1</cpuCores>
			<memory>2</memory>
			<networkBandwidth>1</networkBandwidth>
			<originalCluster>166</originalCluster>
		</Server>
		<Server id="1143">
			<id>840</id>
			<cpuCores>1</cpuCores>
			<memory>1</memory>
			<networkBandwidth>1</networkBandwidth>
			<originalCluster>141</originalCluster>
		</Server>
		<Server id="1144">
			<id>841</id>
			<cpuCores>2</cpuCores>
			<memory>14</memory>
			<networkBandwidth>1</networkBandwidth>
			<originalCluster>174</originalCluster>
		</Server>
		<Server id="1145">
			<id>842</id>
			<cpuCores>4</cpuCores>
			<memory>23</memory>
			<networkBandwidth>1</networkBandwidth>
			<originalCluster>295</originalCluster>
		</Server>
		<Server id="1146">
			<id>843</id>
			<cpuCores>1</cpuCores>
			<memory>1</memory>
			<networkBandwidth>6</networkBandwidth>
			<originalCluster>278</originalCluster>
		</Server>
		<Server id="1147">
			<id>844</id>
			<cpuCores>2</cpuCores>
			<memory>2</memory>
			<networkBandwidth>1</networkBandwidth>
			<originalCluster>62</originalCluster>
		</Server>
		<Server id="1148">
			<id>845</id>
			<cpuCores>1</cpuCores>
			<memory>1</memory>
			<networkBandwidth>1</networkBandwidth>
			<originalCluster>254</originalCluster>
		</Server>
		<Server id="1149">
			<id>846</id>
			<cpuCores>12</cpuCores>
			<memory>2</memory>
			<networkBandwidth>1</networkBandwidth>
		</Server>
		<Server id="1150">
			<id>847</id>
			<cpuCores>1</cpuCores>
			<memory>2</memory>
			<networkBandwidth>7</networkBandwidth>
			<originalCluster>179</originalCluster>
		</Server>
		<Server id="1151">
			<id>848</id>
			<cpuCores>12</cpuCores>
			<memory>1</memory>
			<networkBandwidth>11</networkBandwidth>
		</Server>
		<Server id="1152">
			<id>849</id>
			<cpuCores>1</cpuCores>
			<memory>11</memory>
			<networkBandwidth>12</networkBandwidth>
			<originalCluster>275</originalCluster>
		</Server>
		<Server id="1153">
			<id>850</id>
			<cpuCores>1</cpuCores>
			<memory>3</memory>
			<networkBandwidth>1</networkBandwidth>
			<originalCluster>159</originalCluster>
		</Server>
		<Server id="1154">
			<id>851</id>
			<cpuCores>1</cpuCores>
			<memory>4</memory>
			<networkBandwidth>1</networkBandwidth>
			<originalCluster>79</originalCluster>
		</Server>
		<Server id="1155">
			<id>852</id>
			<cpuCores>4</cpuCores>
			<memory>1</memory>
			<networkBandwidth>1</networkBandwidth>
			<originalCluster>234</originalCluster>
		</Server>
		<Server id="1156">
			<id>853</id>
			<cpuCores>2</cpuCores>
			<memory>1</memory>
			<networkBandwidth>1</networkBandwidth>
			<originalCluster>27</originalCluster>
		</Server>
		<Server id="1157">
			<id>854</id>
			<cpuCores>1</cpuCores>
			<memory>1</memory>
			<networkBandwidth>1</networkBandwidth>
			<originalCluster>126</originalCluster>
		</Server>
		<Server id="1158">
			<id>855</id>
			<cpuCores>2</cpuCores>
			<memory>1</memory>
			<networkBandwidth>1</networkBandwidth>
			<originalCluster>166</originalCluster>
		</Server>
		<Server id="1159">
			<id>856</id>
			<cpuCores>1</cpuCores>
			<memory>1</memory>
			<networkBandwidth>3</networkBandwidth>
			<originalCluster>277</originalCluster>
		</Server>
		<Server id="1160">
			<id>857</id>
			<cpuCores>1</cpuCores>
			<memory>1</memory>
			<networkBandwidth>1</networkBandwidth>
			<originalCluster>89</originalCluster>
		</Server>
		<Server id="1161">
			<id>858</id>
			<cpuCores>1</cpuCores>
			<memory>3</memory>
			<networkBandwidth>1</networkBandwidth>
			<originalCluster>26</originalCluster>
		</Server>
		<Server id="1162">
			<id>859</id>
			<cpuCores>2</cpuCores>
			<memory>1</memory>
			<networkBandwidth>2</networkBandwidth>
			<originalCluster>57</originalCluster>
		</Server>
		<Server id="1163">
			<id>860</id>
			<cpuCores>1</cpuCores>
			<memory>19</memory>
			<networkBandwidth>6</networkBandwidth>
			<originalCluster>5</originalCluster>
		</Server>
		<Server id="1164">
			<id>861</id>
			<cpuCores>6</cpuCores>
			<memory>26</memory>
			<networkBandwidth>1</networkBandwidth>
			<originalCluster>162</originalCluster>
		</Server>
		<Server id="1165">
			<id>862</id>
			<cpuCores>9</cpuCores>
			<memory>8</memory>
			<networkBandwidth>2</networkBandwidth>
		</Server>
		<Server id="1166">
			<id>863</id>
			<cpuCores>1</cpuCores>
			<memory>1</memory>
			<networkBandwidth>1</networkBandwidth>
			<originalCluster>115</originalCluster>
		</Server>
		<Server id="1167">
			<id>864</id>
			<cpuCores>12</cpuCores>
			<memory>13</memory>
			<networkBandwidth>1</networkBandwidth>
			<originalCluster>44</originalCluster>
		</Server>
		<Server id="1168">
			<id>865</id>
			<cpuCores>1</cpuCores>
			<memory>2</memory>
			<networkBandwidth>3</networkBandwidth>
			<originalCluster>94</originalCluster>
		</Server>
		<Server id="1169">
			<id>866</id>
			<cpuCores>9</cpuCores>
			<memory>2</memory>
			<networkBandwidth>1</networkBandwidth>
			<originalCluster>222</originalCluster>
		</Server>
		<Server id="1170">
			<id>867</id>
			<cpuCores>1</cpuCores>
			<memory>1</memory>
			<networkBandwidth>1</networkBandwidth>
			<originalCluster>36</originalCluster>
		</Server>
		<Server id="1171">
			<id>868</id>
			<cpuCores>1</cpuCores>
			<memory>1</memory>
			<networkBandwidth>1</networkBandwidth>
			<originalCluster>256</originalCluster>
		</Server>
		<Server id="1172">
			<id>869</id>
			<cpuCores>3</cpuCores>
			<memory>1</memory>
			<networkBandwidth>11</networkBandwidth>
			<originalCluster>8</originalCluster>
		</Server>
		<Server id="1173">
			<id>870</id>
			<cpuCores>1</cpuCores>
			<memory>1</memory>
			<networkBandwidth>11</networkBandwidth>
			<originalCluster>204</originalCluster>
		</Server>
		<Server id="1174">
			<id>871</id>
			<cpuCores>1</cpuCores>
			<memory>1</memory>
			<networkBandwidth>1</networkBandwidth>
			<originalCluster>197</originalCluster>
		</Server>
		<Server id="1175">
			<id>872</id>
			<cpuCores>1</cpuCores>
			<memory>1</memory>
			<networkBandwidth>1</networkBandwidth>
			<originalCluster>129</originalCluster>
		</Server>
		<Server id="1176">
			<id>873</id>
			<cpuCores>1</cpuCores>
			<memory>3</memory>
			<networkBandwidth>1</networkBandwidth>
			<originalCluster>25</originalCluster>
		</Server>
		<Server id="1177">
			<id>874</id>
			<cpuCores>4</cpuCores>
			<memory>1</memory>
			<networkBandwidth>1</networkBandwidth>
			<originalCluster>206</originalCluster>
		</Server>
		<Server id="1178">
			<id>875</id>
			<cpuCores>1</cpuCores>
			<memory>1</memory>
			<networkBandwidth>1</networkBandwidth>
			<originalCluster>235</originalCluster>
		</Server>
		<Server id="1179">
			<id>876</id>
			<cpuCores>1</cpuCores>
			<memory>1</memory>
			<networkBandwidth>2</networkBandwidth>
			<originalCluster>148</originalCluster>
		</Server>
		<Server id="1180">
			<id>877</id>
			<cpuCores>1</cpuCores>
			<memory>4</memory>
			<networkBandwidth>3</networkBandwidth>
			<originalCluster>230</originalCluster>
		</Server>
		<Server id="1181">
			<id>878</id>
			<cpuCores>2</cpuCores>
			<memory>3</memory>
			<networkBandwidth>1</networkBandwidth>
			<originalCluster>245</originalCluster>
		</Server>
		<Server id="1182">
			<id>879</id>
			<cpuCores>10</cpuCores>
			<memory>7</memory>
			<networkBandwidth>1</networkBandwidth>
			<originalCluster>80</originalCluster>
		</Server>
		<Server id="1183">
			<id>880</id>
			<cpuCores>1</cpuCores>
			<memory>1</memory>
			<networkBandwidth>1</networkBandwidth>
			<originalCluster>179</originalCluster>
		</Server>
		<Server id="1184">
			<id>881</id>
			<cpuCores>1</cpuCores>
			<memory>1</memory>
			<networkBandwidth>1</networkBandwidth>
			<originalCluster>68</originalCluster>
		</Server>
		<Server id="1185">
			<id>882</id>
			<cpuCores>1</cpuCores>
			<memory>1</memory>
			<networkBandwidth>3</networkBandwidth>
			<originalCluster>200</originalCluster>
		</Server>
		<Server id="1186">
			<id>883</id>
			<cpuCores>1</cpuCores>
			<memory>19</memory>
			<networkBandwidth>1</networkBandwidth>
			<originalCluster>200</originalCluster>
		</Server>
		<Server id="1187">
			<id>884</id>
			<cpuCores>10</cpuCores>
			<memory>1</memory>
			<networkBandwidth>1</networkBandwidth>
		</Server>
		<Server id="1188">
			<id>885</id>
			<cpuCores>1</cpuCores>
			<memory>1</memory>
			<networkBandwidth>1</networkBandwidth>
			<originalCluster>251</originalCluster>
		</Server>
		<Server id="1189">
			<id>886</id>
			<cpuCores>2</cpuCores>
			<memory>27</memory>
			<networkBandwidth>1</networkBandwidth>
			<originalCluster>181</originalCluster>
		</Server>
		<Server id="1190">
			<id>887</id>
			<cpuCores>12</cpuCores>
			<memory>1</memory>
			<networkBandwidth>1</networkBandwidth>
		</Server>
		<Server id="1191">
			<id>888</id>
			<cpuCores>10</cpuCores>
			<memory>1</memory>
			<networkBandwidth>1</networkBandwidth>
		</Server>
		<Server id="1192">
			<id>889</id>
			<cpuCores>1</cpuCores>
			<memory>2</memory>
			<networkBandwidth>1</networkBandwidth>
			<originalCluster>139</originalCluster>
		</Server>
		<Server id="1193">
			<id>890</id>
			<cpuCores>1</cpuCores>
			<memory>1</memory>
			<networkBandwidth>1</networkBandwidth>
			<originalCluster>61</originalCluster>
		</Server>
		<Server id="1194">
			<id>891</id>
			<cpuCores>1</cpuCores>
			<memory>1</memory>
			<networkBandwidth>1</networkBandwidth>
			<originalCluster>1</originalCluster>
		</Server>
		<Server id="1195">
			<id>892</id>
			<cpuCores>12</cpuCores>
			<memory>1</memory>
			<networkBandwidth>1</networkBandwidth>
		</Server>
		<Server id="1196">
			<id>893</id>
			<cpuCores>1</cpuCores>
			<memory>5</memory>
			<networkBandwidth>9</networkBandwidth>
			<originalCluster>257</originalCluster>
		</Server>
		<Server id="1197">
			<id>894</id>
			<cpuCores>12</cpuCores>
			<memory>28</memory>
			<networkBandwidth>1</networkBandwidth>
		</Server>
		<Server id="1198">
			<id>895</id>
			<cpuCores>1</cpuCores>
			<memory>1</memory>
			<networkBandwidth>1</networkBandwidth>
			<originalCluster>240</originalCluster>
		</Server>
		<Server id="1199">
			<id>896</id>
			<cpuCores>3</cpuCores>
			<memory>24</memory>
			<networkBandwidth>8</networkBandwidth>
			<originalCluster>137</originalCluster>
		</Server>
		<Server id="1200">
			<id>897</id>
			<cpuCores>3</cpuCores>
			<memory>1</memory>
			<networkBandwidth>1</networkBandwidth>
			<originalCluster>245</originalCluster>
		</Server>
		<Server id="1201">
			<id>898</id>
			<cpuCores>1</cpuCores>
			<memory>2</memory>
			<networkBandwidth>9</networkBandwidth>
			<originalCluster>214</originalCluster>
		</Server>
		<Server id="1202">
			<id>899</id>
			<cpuCores>1</cpuCores>
			<memory>1</memory>
			<networkBandwidth>2</networkBandwidth>
			<originalCluster>43</originalCluster>
		</Server>
		<Server id="1203">
			<id>900</id>
			<cpuCores>1</cpuCores>
			<memory>1</memory>
			<networkBandwidth>1</networkBandwidth>
			<originalCluster>291</originalCluster>
		</Server>
		<Server id="1204">
			<id>901</id>
			<cpuCores>1</cpuCores>
			<memory>1</memory>
			<networkBandwidth>8</networkBandwidth>
			<originalCluster>139</originalCluster>
		</Server>
		<Server id="1205">
			<id>902</id>
			<cpuCores>1</cpuCores>
			<memory>1</memory>
			<networkBandwidth>1</networkBandwidth>
			<originalCluster>185</originalCluster>
		</Server>
		<Server id="1206">
			<id>903</id>
			<cpuCores>2</cpuCores>
			<memory>1</memory>
			<networkBandwidth>2</networkBandwidth>
			<originalCluster>12</originalCluster>
		</Server>
		<Server id="1207">
			<id>904</id>
			<cpuCores>1</cpuCores>
			<memory>1</memory>
			<networkBandwidth>1</networkBandwidth>
			<originalCluster>267</originalCluster>
		</Server>
		<Server id="1208">
			<id>905</id>
			<cpuCores>10</cpuCores>
			<memory>6</memory>
			<networkBandwidth>5</networkBandwidth>
			<originalCluster>151</originalCluster>
		</Server>
		<Server id="1209">
			<id>906</id>
			<cpuCores>1</cpuCores>
			<memory>1</memory>
			<networkBandwidth>1</networkBandwidth>
			<originalCluster>220</originalCluster>
		</Server>
		<Server id="1210">
			<id>907</id>
			<cpuCores>4</cpuCores>
			<memory>5</memory>
			<networkBandwidth>1</networkBandwidth>
			<originalCluster>156</originalCluster>
		</Server>
		<Server id="1211">
			<id>908</id>
			<cpuCores>3</cpuCores>
			<memory>2</memory>
			<networkBandwidth>2</networkBandwidth>
			<originalCluster>100</originalCluster>
		</Server>
		<Server id="1212">
			<id>909</id>
			<cpuCores>9</cpuCores>
			<memory>9</memory>
			<networkBandwidth>1</networkBandwidth>
			<originalCluster>63</originalCluster>
		</Server>
		<Server id="1213">
			<id>910</id>
			<cpuCores>1</cpuCores>
			<memory>7</memory>
			<networkBandwidth>1</networkBandwidth>
			<originalCluster>77</originalCluster>
		</Server>
		<Server id="1214">
			<id>911</id>
			<cpuCores>2</cpuCores>
			<memory>13</memory>
			<networkBandwidth>3</networkBandwidth>
			<originalCluster>281</originalCluster>
		</Server>
		<Server id="1215">
			<id>912</id>
			<cpuCores>5</cpuCores>
			<memory>1</memory>
			<networkBandwidth>10</networkBandwidth>
			<originalCluster>172</originalCluster>
		</Server>
		<Server id="1216">
			<id>913</id>
			<cpuCores>5</cpuCores>
			<memory>16</memory>
			<networkBandwidth>2</networkBandwidth>
			<originalCluster>209</originalCluster>
		</Server>
		<Server id="1217">
			<id>914</id>
			<cpuCores>1</cpuCores>
			<memory>1</memory>
			<networkBandwidth>1</networkBandwidth>
			<originalCluster>123</originalCluster>
		</Server>
		<Server id="1218">
			<id>915</id>
			<cpuCores>1</cpuCores>
			<memory>25</memory>
			<networkBandwidth>1</networkBandwidth>
			<originalCluster>185</originalCluster>
		</Server>
		<Server id="1219">
			<id>916</id>
			<cpuCores>1</cpuCores>
			<memory>2</memory>
			<networkBandwidth>1</networkBandwidth>
			<originalCluster>37</originalCluster>
		</Server>
		<Server id="1220">
			<id>917</id>
			<cpuCores>1</cpuCores>
			<memory>4</memory>
			<networkBandwidth>1</networkBandwidth>
			<originalCluster>244</originalCluster>
		</Server>
		<Server id="1221">
			<id>918</id>
			<cpuCores>1</cpuCores>
			<memory>1</memory>
			<networkBandwidth>11</networkBandwidth>
			<originalCluster>205</originalCluster>
		</Server>
		<Server id="1222">
			<id>919</id>
			<cpuCores>1</cpuCores>
			<memory>1</memory>
			<networkBandwidth>2</networkBandwidth>
			<originalCluster>18</originalCluster>
		</Server>
		<Server id="1223">
			<id>920</id>
			<cpuCores>1</cpuCores>
			<memory>1</memory>
			<networkBandwidth>5</networkBandwidth>
			<originalCluster>27</originalCluster>
		</Server>
		<Server id="1224">
			<id>921</id>
			<cpuCores>11</cpuCores>
			<memory>1</memory>
			<networkBandwidth>11</networkBandwidth>
			<originalCluster>135</originalCluster>
		</Server>
		<Server id="1225">
			<id>922</id>
			<cpuCores>1</cpuCores>
			<memory>2</memory>
			<networkBandwidth>1</networkBandwidth>
			<originalCluster>192</originalCluster>
		</Server>
		<Server id="1226">
			<id>923</id>
			<cpuCores>1</cpuCores>
			<memory>16</memory>
			<networkBandwidth>1</networkBandwidth>
			<originalCluster>125</originalCluster>
		</Server>
		<Server id="1227">
			<id>924</id>
			<cpuCores>1</cpuCores>
			<memory>3</memory>
			<networkBandwidth>2</networkBandwidth>
			<originalCluster>87</originalCluster>
		</Server>
		<Server id="1228">
			<id>925</id>
			<cpuCores>1</cpuCores>
			<memory>1</memory>
			<networkBandwidth>1</networkBandwidth>
			<originalCluster>266</originalCluster>
		</Server>
		<Server id="1229">
			<id>926</id>
			<cpuCores>11</cpuCores>
			<memory>25</memory>
			<networkBandwidth>1</networkBandwidth>
			<originalCluster>214</originalCluster>
		</Server>
		<Server id="1230">
			<id>927</id>
			<cpuCores>1</cpuCores>
			<memory>1</memory>
			<networkBandwidth>1</networkBandwidth>
			<originalCluster>16</originalCluster>
		</Server>
		<Server id="1231">
			<id>928</id>
			<cpuCores>1</cpuCores>
			<memory>5</memory>
			<networkBandwidth>1</networkBandwidth>
			<originalCluster>195</originalCluster>
		</Server>
		<Server id="1232">
			<id>929</id>
			<cpuCores>1</cpuCores>
			<memory>4</memory>
			<networkBandwidth>10</networkBandwidth>
			<originalCluster>225</originalCluster>
		</Server>
		<Server id="1233">
			<id>930</id>
			<cpuCores>1</cpuCores>
			<memory>2</memory>
			<networkBandwidth>1</networkBandwidth>
			<originalCluster>280</originalCluster>
		</Server>
		<Server id="1234">
			<id>931</id>
			<cpuCores>1</cpuCores>
			<memory>1</memory>
			<networkBandwidth>5</networkBandwidth>
			<originalCluster>75</originalCluster>
		</Server>
		<Server id="1235">
			<id>932</id>
			<cpuCores>1</cpuCores>
			<memory>11</memory>
			<networkBandwidth>1</networkBandwidth>
			<originalCluster>250</originalCluster>
		</Server>
		<Server id="1236">
			<id>933</id>
			<cpuCores>7</cpuCores>
			<memory>1</memory>
			<networkBandwidth>1</networkBandwidth>
		</Server>
		<Server id="1237">
			<id>934</id>
			<cpuCores>1</cpuCores>
			<memory>1</memory>
			<networkBandwidth>1</networkBandwidth>
			<originalCluster>26</originalCluster>
		</Server>
		<Server id="1238">
			<id>935</id>
			<cpuCores>3</cpuCores>
			<memory>1</memory>
			<networkBandwidth>1</networkBandwidth>
			<originalCluster>262</originalCluster>
		</Server>
		<Server id="1239">
			<id>936</id>
			<cpuCores>12</cpuCores>
			<memory>2</memory>
			<networkBandwidth>1</networkBandwidth>
			<originalCluster>286</originalCluster>
		</Server>
		<Server id="1240">
			<id>937</id>
			<cpuCores>2</cpuCores>
			<memory>1</memory>
			<networkBandwidth>2</networkBandwidth>
			<originalCluster>83</originalCluster>
		</Server>
		<Server id="1241">
			<id>938</id>
			<cpuCores>1</cpuCores>
			<memory>9</memory>
			<networkBandwidth>2</networkBandwidth>
			<originalCluster>38</originalCluster>
		</Server>
		<Server id="1242">
			<id>939</id>
			<cpuCores>1</cpuCores>
			<memory>1</memory>
			<networkBandwidth>1</networkBandwidth>
			<originalCluster>122</originalCluster>
		</Server>
		<Server id="1243">
			<id>940</id>
			<cpuCores>2</cpuCores>
			<memory>3</memory>
			<networkBandwidth>2</networkBandwidth>
			<originalCluster>223</originalCluster>
		</Server>
		<Server id="1244">
			<id>941</id>
			<cpuCores>1</cpuCores>
			<memory>13</memory>
			<networkBandwidth>1</networkBandwidth>
			<originalCluster>11</originalCluster>
		</Server>
		<Server id="1245">
			<id>942</id>
			<cpuCores>1</cpuCores>
			<memory>1</memory>
			<networkBandwidth>1</networkBandwidth>
			<originalCluster>61</originalCluster>
		</Server>
		<Server id="1246">
			<id>943</id>
			<cpuCores>5</cpuCores>
			<memory>1</memory>
			<networkBandwidth>1</networkBandwidth>
			<originalCluster>71</originalCluster>
		</Server>
		<Server id="1247">
			<id>944</id>
			<cpuCores>1</cpuCores>
			<memory>1</memory>
			<networkBandwidth>1</networkBandwidth>
			<originalCluster>79</originalCluster>
		</Server>
		<Server id="1248">
			<id>945</id>
			<cpuCores>1</cpuCores>
			<memory>6</memory>
			<networkBandwidth>1</networkBandwidth>
			<originalCluster>42</originalCluster>
		</Server>
		<Server id="1249">
			<id>946</id>
			<cpuCores>6</cpuCores>
			<memory>25</memory>
			<networkBandwidth>1</networkBandwidth>
			<originalCluster>200</originalCluster>
		</Server>
		<Server id="1250">
			<id>947</id>
			<cpuCores>1</cpuCores>
			<memory>1</memory>
			<networkBandwidth>1</networkBandwidth>
			<originalCluster>63</originalCluster>
		</Server>
		<Server id="1251">
			<id>948</id>
			<cpuCores>11</cpuCores>
			<memory>19</memory>
			<networkBandwidth>4</networkBandwidth>
			<originalCluster>191</originalCluster>
		</Server>
		<Server id="1252">
			<id>949</id>
			<cpuCores>2</cpuCores>
			<memory>3</memory>
			<networkBandwidth>1</networkBandwidth>
			<originalCluster>174</originalCluster>
		</Server>
		<Server id="1253">
			<id>950</id>
			<cpuCores>1</cpuCores>
			<memory>1</memory>
			<networkBandwidth>1</networkBandwidth>
			<originalCluster>133</originalCluster>
		</Server>
		<Server id="1254">
			<id>951</id>
			<cpuCores>1</cpuCores>
			<memory>19</memory>
			<networkBandwidth>1</networkBandwidth>
			<originalCluster>146</originalCluster>
		</Server>
		<Server id="1255">
			<id>952</id>
			<cpuCores>8</cpuCores>
			<memory>1</memory>
			<networkBandwidth>1</networkBandwidth>
			<originalCluster>195</originalCluster>
		</Server>
		<Server id="1256">
			<id>953</id>
			<cpuCores>5</cpuCores>
			<memory>3</memory>
			<networkBandwidth>1</networkBandwidth>
			<originalCluster>141</originalCluster>
		</Server>
		<Server id="1257">
			<id>954</id>
			<cpuCores>1</cpuCores>
			<memory>5</memory>
			<networkBandwidth>10</networkBandwidth>
			<originalCluster>137</originalCluster>
		</Server>
		<Server id="1258">
			<id>955</id>
			<cpuCores>1</cpuCores>
			<memory>1</memory>
			<networkBandwidth>4</networkBandwidth>
			<originalCluster>54</originalCluster>
		</Server>
		<Server id="1259">
			<id>956</id>
			<cpuCores>1</cpuCores>
			<memory>3</memory>
			<networkBandwidth>2</networkBandwidth>
			<originalCluster>268</originalCluster>
		</Server>
		<Server id="1260">
			<id>957</id>
			<cpuCores>1</cpuCores>
			<memory>1</memory>
			<networkBandwidth>1</networkBandwidth>
			<originalCluster>44</originalCluster>
		</Server>
		<Server id="1261">
			<id>958</id>
			<cpuCores>1</cpuCores>
			<memory>2</memory>
			<networkBandwidth>3</networkBandwidth>
			<originalCluster>159</originalCluster>
		</Server>
		<Server id="1262">
			<id>959</id>
			<cpuCores>5</cpuCores>
			<memory>5</memory>
			<networkBandwidth>1</networkBandwidth>
			<originalCluster>81</originalCluster>
		</Server>
		<Server id="1263">
			<id>960</id>
			<cpuCores>3</cpuCores>
			<memory>1</memory>
			<networkBandwidth>1</networkBandwidth>
			<originalCluster>110</originalCluster>
		</Server>
		<Server id="1264">
			<id>961</id>
			<cpuCores>2</cpuCores>
			<memory>5</memory>
			<networkBandwidth>1</networkBandwidth>
			<originalCluster>223</originalCluster>
		</Server>
		<Server id="1265">
			<id>962</id>
			<cpuCores>2</cpuCores>
			<memory>1</memory>
			<networkBandwidth>10</networkBandwidth>
			<originalCluster>241</originalCluster>
		</Server>
		<Server id="1266">
			<id>963</id>
			<cpuCores>1</cpuCores>
			<memory>1</memory>
			<networkBandwidth>2</networkBandwidth>
			<originalCluster>33</originalCluster>
		</Server>
		<Server id="1267">
			<id>964</id>
			<cpuCores>1</cpuCores>
			<memory>18</memory>
			<networkBandwidth>4</networkBandwidth>
			<originalCluster>47</originalCluster>
		</Server>
		<Server id="1268">
			<id>965</id>
			<cpuCores>12</cpuCores>
			<memory>29</memory>
			<networkBandwidth>10</networkBandwidth>
			<originalCluster>19</originalCluster>
		</Server>
		<Server id="1269">
			<id>966</id>
			<cpuCores>1</cpuCores>
			<memory>1</memory>
			<networkBandwidth>3</networkBandwidth>
			<originalCluster>280</originalCluster>
		</Server>
		<Server id="1270">
			<id>967</id>
			<cpuCores>1</cpuCores>
			<memory>1</memory>
			<networkBandwidth>1</networkBandwidth>
			<originalCluster>2</originalCluster>
		</Server>
		<Server id="1271">
			<id>968</id>
			<cpuCores>1</cpuCores>
			<memory>1</memory>
			<networkBandwidth>1</networkBandwidth>
			<originalCluster>19</originalCluster>
		</Server>
		<Server id="1272">
			<id>969</id>
			<cpuCores>1</cpuCores>
			<memory>2</memory>
			<networkBandwidth>1</networkBandwidth>
			<originalCluster>127</originalCluster>
		</Server>
		<Server id="1273">
			<id>970</id>
			<cpuCores>4</cpuCores>
			<memory>1</memory>
			<networkBandwidth>1</networkBandwidth>
			<originalCluster>164</originalCluster>
		</Server>
		<Server id="1274">
			<id>971</id>
			<cpuCores>1</cpuCores>
			<memory>1</memory>
			<networkBandwidth>2</networkBandwidth>
			<originalCluster>198</originalCluster>
		</Server>
		<Server id="1275">
			<id>972</id>
			<cpuCores>1</cpuCores>
			<memory>1</memory>
			<networkBandwidth>5</networkBandwidth>
			<originalCluster>288</originalCluster>
		</Server>
		<Server id="1276">
			<id>973</id>
			<cpuCores>1</cpuCores>
			<memory>1</memory>
			<networkBandwidth>4</networkBandwidth>
			<originalCluster>132</originalCluster>
		</Server>
		<Server id="1277">
			<id>974</id>
			<cpuCores>1</cpuCores>
			<memory>1</memory>
			<networkBandwidth>1</networkBandwidth>
			<originalCluster>193</originalCluster>
		</Server>
		<Server id="1278">
			<id>975</id>
			<cpuCores>1</cpuCores>
			<memory>3</memory>
			<networkBandwidth>3</networkBandwidth>
			<originalCluster>103</originalCluster>
		</Server>
		<Server id="1279">
			<id>976</id>
			<cpuCores>5</cpuCores>
			<memory>1</memory>
			<networkBandwidth>3</networkBandwidth>
			<originalCluster>45</originalCluster>
		</Server>
		<Server id="1280">
			<id>977</id>
			<cpuCores>1</cpuCores>
			<memory>3</memory>
			<networkBandwidth>1</networkBandwidth>
			<originalCluster>240</originalCluster>
		</Server>
		<Server id="1281">
			<id>978</id>
			<cpuCores>1</cpuCores>
			<memory>1</memory>
			<networkBandwidth>4</networkBandwidth>
			<originalCluster>49</originalCluster>
		</Server>
		<Server id="1282">
			<id>979</id>
			<cpuCores>1</cpuCores>
			<memory>2</memory>
			<networkBandwidth>1</networkBandwidth>
			<originalCluster>174</originalCluster>
		</Server>
		<Server id="1283">
			<id>980</id>
			<cpuCores>2</cpuCores>
			<memory>8</memory>
			<networkBandwidth>1</networkBandwidth>
			<originalCluster>74</originalCluster>
		</Server>
		<Server id="1284">
			<id>981</id>
			<cpuCores>1</cpuCores>
			<memory>1</memory>
			<networkBandwidth>1</networkBandwidth>
			<originalCluster>82</originalCluster>
		</Server>
		<Server id="1285">
			<id>982</id>
			<cpuCores>1</cpuCores>
			<memory>3</memory>
			<networkBandwidth>1</networkBandwidth>
			<originalCluster>181</originalCluster>
		</Server>
		<Server id="1286">
			<id>983</id>
			<cpuCores>1</cpuCores>
			<memory>7</memory>
			<networkBandwidth>1</networkBandwidth>
			<originalCluster>295</originalCluster>
		</Server>
		<Server id="1287">
			<id>984</id>
			<cpuCores>1</cpuCores>
			<memory>4</memory>
			<networkBandwidth>2</networkBandwidth>
			<originalCluster>243</originalCluster>
		</Server>
		<Server id="1288">
			<id>985</id>
			<cpuCores>8</cpuCores>
			<memory>2</memory>
			<networkBandwidth>1</networkBandwidth>
		</Server>
		<Server id="1289">
			<id>986</id>
			<cpuCores>1</cpuCores>
			<memory>1</memory>
			<networkBandwidth>1</networkBandwidth>
			<originalCluster>127</originalCluster>
		</Server>
		<Server id="1290">
			<id>987</id>
			<cpuCores>1</cpuCores>
			<memory>1</memory>
			<networkBandwidth>5</networkBandwidth>
			<originalCluster>171</originalCluster>
		</Server>
		<Server id="1291">
			<id>988</id>
			<cpuCores>1</cpuCores>
			<memory>1</memory>
			<networkBandwidth>1</networkBandwidth>
			<originalCluster>233</originalCluster>
		</Server>
		<Server id="1292">
			<id>989</id>
			<cpuCores>5</cpuCores>
			<memory>1</memory>
			<networkBandwidth>1</networkBandwidth>
			<originalCluster>227</originalCluster>
		</Server>
		<Server id="1293">
			<id>990</id>
			<cpuCores>1</cpuCores>
			<memory>11</memory>
			<networkBandwidth>1</networkBandwidth>
			<originalCluster>209</originalCluster>
		</Server>
		<Server id="1294">
			<id>991</id>
			<cpuCores>4</cpuCores>
			<memory>1</memory>
			<networkBandwidth>1</networkBandwidth>
			<originalCluster>116</originalCluster>
		</Server>
		<Server id="1295">
			<id>992</id>
			<cpuCores>1</cpuCores>
			<memory>2</memory>
			<networkBandwidth>1</networkBandwidth>
			<originalCluster>229</originalCluster>
		</Server>
		<Server id="1296">
			<id>993</id>
			<cpuCores>1</cpuCores>
			<memory>1</memory>
			<networkBandwidth>1</networkBandwidth>
			<originalCluster>285</originalCluster>
		</Server>
		<Server id="1297">
			<id>994</id>
			<cpuCores>1</cpuCores>
			<memory>3</memory>
			<networkBandwidth>1</networkBandwidth>
			<originalCluster>76</originalCluster>
		</Server>
		<Server id="1298">
			<id>995</id>
			<cpuCores>1</cpuCores>
			<memory>1</memory>
			<networkBandwidth>1</networkBandwidth>
			<originalCluster>264</originalCluster>
		</Server>
		<Server id="1299">
			<id>996</id>
			<cpuCores>1</cpuCores>
			<memory>7</memory>
			<networkBandwidth>1</networkBandwidth>
			<originalCluster>32</originalCluster>
		</Server>
		<Server id="1300">
			<id>997</id>
			<cpuCores>1</cpuCores>
			<memory>1</memory>
			<networkBandwidth>1</networkBandwidth>
			<originalCluster>163</originalCluster>
		</Server>
		<Server id="1301">
			<id>998</id>
			<cpuCores>2</cpuCores>
			<memory>1</memory>
			<networkBandwidth>1</networkBandwidth>
			<originalCluster>158</originalCluster>
		</Server>
		<Server id="1302">
			<id>999</id>
			<cpuCores>1</cpuCores>
			<memory>1</memory>
			<networkBandwidth>1</networkBandwidth>
			<originalCluster>122</originalCluster>
		</Server>
		<Server id="1303">
			<id>1000</id>
			<cpuCores>1</cpuCores>
			<memory>1</memory>
			<networkBandwidth>1</networkBandwidth>
			<originalCluster>132</originalCluster>
		</Server>
		<Server id="1304">
			<id>1001</id>
			<cpuCores>1</cpuCores>
			<memory>1</memory>
			<networkBandwidth>1</networkBandwidth>
			<originalCluster>69</originalCluster>
		</Server>
		<Server id="1305">
			<id>1002</id>
			<cpuCores>1</cpuCores>
			<memory>2</memory>
			<networkBandwidth>1</networkBandwidth>
			<originalCluster>26</originalCluster>
		</Server>
		<Server id="1306">
			<id>1003</id>
			<cpuCores>1</cpuCores>
			<memory>1</memory>
			<networkBandwidth>1</networkBandwidth>
			<originalCluster>5</originalCluster>
		</Server>
		<Server id="1307">
			<id>1004</id>
			<cpuCores>4</cpuCores>
			<memory>1</memory>
			<networkBandwidth>1</networkBandwidth>
		</Server>
		<Server id="1308">
			<id>1005</id>
			<cpuCores>1</cpuCores>
			<memory>3</memory>
			<networkBandwidth>1</networkBandwidth>
			<originalCluster>97</originalCluster>
		</Server>
		<Server id="1309">
			<id>1006</id>
			<cpuCores>1</cpuCores>
			<memory>1</memory>
			<networkBandwidth>2</networkBandwidth>
			<originalCluster>202</originalCluster>
		</Server>
		<Server id="1310">
			<id>1007</id>
			<cpuCores>1</cpuCores>
			<memory>4</memory>
			<networkBandwidth>4</networkBandwidth>
			<originalCluster>1</originalCluster>
		</Server>
		<Server id="1311">
			<id>1008</id>
			<cpuCores>1</cpuCores>
			<memory>5</memory>
			<networkBandwidth>1</networkBandwidth>
			<originalCluster>59</originalCluster>
		</Server>
		<Server id="1312">
			<id>1009</id>
			<cpuCores>1</cpuCores>
			<memory>6</memory>
			<networkBandwidth>6</networkBandwidth>
			<originalCluster>47</originalCluster>
		</Server>
		<Server id="1313">
			<id>1010</id>
			<cpuCores>1</cpuCores>
			<memory>6</memory>
			<networkBandwidth>1</networkBandwidth>
			<originalCluster>62</originalCluster>
		</Server>
		<Server id="1314">
			<id>1011</id>
			<cpuCores>1</cpuCores>
			<memory>1</memory>
			<networkBandwidth>1</networkBandwidth>
			<originalCluster>172</originalCluster>
		</Server>
		<Server id="1315">
			<id>1012</id>
			<cpuCores>1</cpuCores>
			<memory>8</memory>
			<networkBandwidth>5</networkBandwidth>
			<originalCluster>48</originalCluster>
		</Server>
		<Server id="1316">
			<id>1013</id>
			<cpuCores>1</cpuCores>
			<memory>2</memory>
			<networkBandwidth>1</networkBandwidth>
			<originalCluster>106</originalCluster>
		</Server>
		<Server id="1317">
			<id>1014</id>
			<cpuCores>1</cpuCores>
			<memory>1</memory>
			<networkBandwidth>4</networkBandwidth>
			<originalCluster>58</originalCluster>
		</Server>
		<Server id="1318">
			<id>1015</id>
			<cpuCores>2</cpuCores>
			<memory>15</memory>
			<networkBandwidth>1</networkBandwidth>
			<originalCluster>175</originalCluster>
		</Server>
		<Server id="1319">
			<id>1016</id>
			<cpuCores>1</cpuCores>
			<memory>1</memory>
			<networkBandwidth>1</networkBandwidth>
			<originalCluster>258</originalCluster>
		</Server>
		<Server id="1320">
			<id>1017</id>
			<cpuCores>1</cpuCores>
			<memory>1</memory>
			<networkBandwidth>10</networkBandwidth>
			<originalCluster>11</originalCluster>
		</Server>
		<Server id="1321">
			<id>1018</id>
			<cpuCores>1</cpuCores>
			<memory>3</memory>
			<networkBandwidth>1</networkBandwidth>
			<originalCluster>221</originalCluster>
		</Server>
		<Server id="1322">
			<id>1019</id>
			<cpuCores>1</cpuCores>
			<memory>1</memory>
			<networkBandwidth>1</networkBandwidth>
			<originalCluster>209</originalCluster>
		</Server>
		<Server id="1323">
			<id>1020</id>
			<cpuCores>1</cpuCores>
			<memory>1</memory>
			<networkBandwidth>1</networkBandwidth>
			<originalCluster>98</originalCluster>
		</Server>
		<Server id="1324">
			<id>1021</id>
			<cpuCores>1</cpuCores>
			<memory>1</memory>
			<networkBandwidth>1</networkBandwidth>
			<originalCluster>200</originalCluster>
		</Server>
		<Server id="1325">
			<id>1022</id>
			<cpuCores>1</cpuCores>
			<memory>1</memory>
			<networkBandwidth>1</networkBandwidth>
			<originalCluster>240</originalCluster>
		</Server>
		<Server id="1326">
			<id>1023</id>
			<cpuCores>1</cpuCores>
			<memory>2</memory>
			<networkBandwidth>5</networkBandwidth>
			<originalCluster>217</originalCluster>
		</Server>
		<Server id="1327">
			<id>1024</id>
			<cpuCores>1</cpuCores>
			<memory>1</memory>
			<networkBandwidth>1</networkBandwidth>
			<originalCluster>143</originalCluster>
		</Server>
		<Server id="1328">
			<id>1025</id>
			<cpuCores>1</cpuCores>
			<memory>3</memory>
			<networkBandwidth>1</networkBandwidth>
			<originalCluster>198</originalCluster>
		</Server>
		<Server id="1329">
			<id>1026</id>
			<cpuCores>1</cpuCores>
			<memory>1</memory>
			<networkBandwidth>1</networkBandwidth>
			<originalCluster>104</originalCluster>
		</Server>
		<Server id="1330">
			<id>1027</id>
			<cpuCores>1</cpuCores>
			<memory>1</memory>
			<networkBandwidth>5</networkBandwidth>
			<originalCluster>206</originalCluster>
		</Server>
		<Server id="1331">
			<id>1028</id>
			<cpuCores>1</cpuCores>
			<memory>10</memory>
			<networkBandwidth>7</networkBandwidth>
			<originalCluster>244</originalCluster>
		</Server>
		<Server id="1332">
			<id>1029</id>
			<cpuCores>1</cpuCores>
			<memory>1</memory>
			<networkBandwidth>1</networkBandwidth>
			<originalCluster>288</originalCluster>
		</Server>
		<Server id="1333">
			<id>1030</id>
			<cpuCores>1</cpuCores>
			<memory>2</memory>
			<networkBandwidth>1</networkBandwidth>
			<originalCluster>258</originalCluster>
		</Server>
		<Server id="1334">
			<id>1031</id>
			<cpuCores>1</cpuCores>
			<memory>1</memory>
			<networkBandwidth>1</networkBandwidth>
			<originalCluster>235</originalCluster>
		</Server>
		<Server id="1335">
			<id>1032</id>
			<cpuCores>1</cpuCores>
			<memory>9</memory>
			<networkBandwidth>5</networkBandwidth>
			<originalCluster>119</originalCluster>
		</Server>
		<Server id="1336">
			<id>1033</id>
			<cpuCores>1</cpuCores>
			<memory>1</memory>
			<networkBandwidth>1</networkBandwidth>
			<originalCluster>251</originalCluster>
		</Server>
		<Server id="1337">
			<id>1034</id>
			<cpuCores>1</cpuCores>
			<memory>1</memory>
			<networkBandwidth>1</networkBandwidth>
			<originalCluster>0</originalCluster>
		</Server>
		<Server id="1338">
			<id>1035</id>
			<cpuCores>1</cpuCores>
			<memory>2</memory>
			<networkBandwidth>1</networkBandwidth>
			<originalCluster>107</originalCluster>
		</Server>
		<Server id="1339">
			<id>1036</id>
			<cpuCores>2</cpuCores>
			<memory>1</memory>
			<networkBandwidth>1</networkBandwidth>
			<originalCluster>158</originalCluster>
		</Server>
		<Server id="1340">
			<id>1037</id>
			<cpuCores>3</cpuCores>
			<memory>5</memory>
			<networkBandwidth>1</networkBandwidth>
			<originalCluster>179</originalCluster>
		</Server>
		<Server id="1341">
			<id>1038</id>
			<cpuCores>1</cpuCores>
			<memory>6</memory>
			<networkBandwidth>3</networkBandwidth>
			<originalCluster>252</originalCluster>
		</Server>
		<Server id="1342">
			<id>1039</id>
			<cpuCores>2</cpuCores>
			<memory>1</memory>
			<networkBandwidth>2</networkBandwidth>
			<originalCluster>58</originalCluster>
		</Server>
		<Server id="1343">
			<id>1040</id>
			<cpuCores>1</cpuCores>
			<memory>9</memory>
			<networkBandwidth>1</networkBandwidth>
			<originalCluster>277</originalCluster>
		</Server>
		<Server id="1344">
			<id>1041</id>
			<cpuCores>1</cpuCores>
			<memory>1</memory>
			<networkBandwidth>5</networkBandwidth>
			<originalCluster>232</originalCluster>
		</Server>
		<Server id="1345">
			<id>1042</id>
			<cpuCores>1</cpuCores>
			<memory>1</memory>
			<networkBandwidth>1</networkBandwidth>
			<originalCluster>216</originalCluster>
		</Server>
		<Server id="1346">
			<id>1043</id>
			<cpuCores>1</cpuCores>
			<memory>1</memory>
			<networkBandwidth>1</networkBandwidth>
			<originalCluster>209</originalCluster>
		</Server>
		<Server id="1347">
			<id>1044</id>
			<cpuCores>1</cpuCores>
			<memory>1</memory>
			<networkBandwidth>10</networkBandwidth>
			<originalCluster>115</originalCluster>
		</Server>
		<Server id="1348">
			<id>1045</id>
			<cpuCores>1</cpuCores>
			<memory>1</memory>
			<networkBandwidth>5</networkBandwidth>
			<originalCluster>261</originalCluster>
		</Server>
		<Server id="1349">
			<id>1046</id>
			<cpuCores>2</cpuCores>
			<memory>1</memory>
			<networkBandwidth>1</networkBandwidth>
			<originalCluster>162</originalCluster>
		</Server>
		<Server id="1350">
			<id>1047</id>
			<cpuCores>1</cpuCores>
			<memory>1</memory>
			<networkBandwidth>12</networkBandwidth>
			<originalCluster>80</originalCluster>
		</Server>
		<Server id="1351">
			<id>1048</id>
			<cpuCores>5</cpuCores>
			<memory>1</memory>
			<networkBandwidth>1</networkBandwidth>
			<originalCluster>12</originalCluster>
		</Server>
		<Server id="1352">
			<id>1049</id>
			<cpuCores>1</cpuCores>
			<memory>1</memory>
			<networkBandwidth>2</networkBandwidth>
			<originalCluster>100</originalCluster>
		</Server>
		<Server id="1353">
			<id>1050</id>
			<cpuCores>1</cpuCores>
			<memory>15</memory>
			<networkBandwidth>3</networkBandwidth>
			<originalCluster>0</originalCluster>
		</Server>
		<Server id="1354">
			<id>1051</id>
			<cpuCores>1</cpuCores>
			<memory>1</memory>
			<networkBandwidth>1</networkBandwidth>
			<originalCluster>225</originalCluster>
		</Server>
		<Server id="1355">
			<id>1052</id>
			<cpuCores>4</cpuCores>
			<memory>10</memory>
			<networkBandwidth>1</networkBandwidth>
			<originalCluster>288</originalCluster>
		</Server>
		<Server id="1356">
			<id>1053</id>
			<cpuCores>6</cpuCores>
			<memory>5</memory>
			<networkBandwidth>1</networkBandwidth>
			<originalCluster>186</originalCluster>
		</Server>
		<Server id="1357">
			<id>1054</id>
			<cpuCores>1</cpuCores>
			<memory>4</memory>
			<networkBandwidth>1</networkBandwidth>
			<originalCluster>209</originalCluster>
		</Server>
		<Server id="1358">
			<id>1055</id>
			<cpuCores>3</cpuCores>
			<memory>1</memory>
			<networkBandwidth>6</networkBandwidth>
			<originalCluster>50</originalCluster>
		</Server>
		<Server id="1359">
			<id>1056</id>
			<cpuCores>1</cpuCores>
			<memory>14</memory>
			<networkBandwidth>1</networkBandwidth>
			<originalCluster>286</originalCluster>
		</Server>
		<Server id="1360">
			<id>1057</id>
			<cpuCores>1</cpuCores>
			<memory>1</memory>
			<networkBandwidth>1</networkBandwidth>
			<originalCluster>7</originalCluster>
		</Server>
		<Server id="1361">
			<id>1058</id>
			<cpuCores>1</cpuCores>
			<memory>1</memory>
			<networkBandwidth>1</networkBandwidth>
			<originalCluster>153</originalCluster>
		</Server>
		<Server id="1362">
			<id>1059</id>
			<cpuCores>1</cpuCores>
			<memory>1</memory>
			<networkBandwidth>1</networkBandwidth>
			<originalCluster>95</originalCluster>
		</Server>
		<Server id="1363">
			<id>1060</id>
			<cpuCores>5</cpuCores>
			<memory>1</memory>
			<networkBandwidth>5</networkBandwidth>
			<originalCluster>51</originalCluster>
		</Server>
		<Server id="1364">
			<id>1061</id>
			<cpuCores>9</cpuCores>
			<memory>6</memory>
			<networkBandwidth>10</networkBandwidth>
		</Server>
		<Server id="1365">
			<id>1062</id>
			<cpuCores>7</cpuCores>
			<memory>1</memory>
			<networkBandwidth>1</networkBandwidth>
			<originalCluster>163</originalCluster>
		</Server>
		<Server id="1366">
			<id>1063</id>
			<cpuCores>1</cpuCores>
			<memory>1</memory>
			<networkBandwidth>1</networkBandwidth>
			<originalCluster>136</originalCluster>
		</Server>
		<Server id="1367">
			<id>1064</id>
			<cpuCores>1</cpuCores>
			<memory>1</memory>
			<networkBandwidth>3</networkBandwidth>
			<originalCluster>167</originalCluster>
		</Server>
		<Server id="1368">
			<id>1065</id>
			<cpuCores>7</cpuCores>
			<memory>1</memory>
			<networkBandwidth>1</networkBandwidth>
			<originalCluster>298</originalCluster>
		</Server>
		<Server id="1369">
			<id>1066</id>
			<cpuCores>1</cpuCores>
			<memory>13</memory>
			<networkBandwidth>1</networkBandwidth>
			<originalCluster>171</originalCluster>
		</Server>
		<Server id="1370">
			<id>1067</id>
			<cpuCores>2</cpuCores>
			<memory>3</memory>
			<networkBandwidth>1</networkBandwidth>
			<originalCluster>249</originalCluster>
		</Server>
		<Server id="1371">
			<id>1068</id>
			<cpuCores>1</cpuCores>
			<memory>1</memory>
			<networkBandwidth>1</networkBandwidth>
			<originalCluster>229</originalCluster>
		</Server>
		<Server id="1372">
			<id>1069</id>
			<cpuCores>4</cpuCores>
			<memory>10</memory>
			<networkBandwidth>1</networkBandwidth>
			<originalCluster>66</originalCluster>
		</Server>
		<Server id="1373">
			<id>1070</id>
			<cpuCores>8</cpuCores>
			<memory>2</memory>
			<networkBandwidth>1</networkBandwidth>
		</Server>
		<Server id="1374">
			<id>1071</id>
			<cpuCores>1</cpuCores>
			<memory>1</memory>
			<networkBandwidth>2</networkBandwidth>
			<originalCluster>278</originalCluster>
		</Server>
		<Server id="1375">
			<id>1072</id>
			<cpuCores>6</cpuCores>
			<memory>1</memory>
			<networkBandwidth>1</networkBandwidth>
			<originalCluster>265</originalCluster>
		</Server>
		<Server id="1376">
			<id>1073</id>
			<cpuCores>1</cpuCores>
			<memory>5</memory>
			<networkBandwidth>1</networkBandwidth>
			<originalCluster>125</originalCluster>
		</Server>
		<Server id="1377">
			<id>1074</id>
			<cpuCores>2</cpuCores>
			<memory>2</memory>
			<networkBandwidth>1</networkBandwidth>
			<originalCluster>293</originalCluster>
		</Server>
		<Server id="1378">
			<id>1075</id>
			<cpuCores>2</cpuCores>
			<memory>1</memory>
			<networkBandwidth>6</networkBandwidth>
			<originalCluster>178</originalCluster>
		</Server>
		<Server id="1379">
			<id>1076</id>
			<cpuCores>1</cpuCores>
			<memory>3</memory>
			<networkBandwidth>2</networkBandwidth>
			<originalCluster>11</originalCluster>
		</Server>
		<Server id="1380">
			<id>1077</id>
			<cpuCores>1</cpuCores>
			<memory>1</memory>
			<networkBandwidth>1</networkBandwidth>
			<originalCluster>227</originalCluster>
		</Server>
		<Server id="1381">
			<id>1078</id>
			<cpuCores>1</cpuCores>
			<memory>1</memory>
			<networkBandwidth>1</networkBandwidth>
			<originalCluster>174</originalCluster>
		</Server>
		<Server id="1382">
			<id>1079</id>
			<cpuCores>3</cpuCores>
			<memory>20</memory>
			<networkBandwidth>1</networkBandwidth>
			<originalCluster>245</originalCluster>
		</Server>
		<Server id="1383">
			<id>1080</id>
			<cpuCores>1</cpuCores>
			<memory>2</memory>
			<networkBandwidth>1</networkBandwidth>
			<originalCluster>186</originalCluster>
		</Server>
		<Server id="1384">
			<id>1081</id>
			<cpuCores>1</cpuCores>
			<memory>1</memory>
			<networkBandwidth>1</networkBandwidth>
			<originalCluster>258</originalCluster>
		</Server>
		<Server id="1385">
			<id>1082</id>
			<cpuCores>3</cpuCores>
			<memory>20</memory>
			<networkBandwidth>1</networkBandwidth>
			<originalCluster>262</originalCluster>
		</Server>
		<Server id="1386">
			<id>1083</id>
			<cpuCores>1</cpuCores>
			<memory>32</memory>
			<networkBandwidth>5</networkBandwidth>
			<originalCluster>209</originalCluster>
		</Server>
		<Server id="1387">
			<id>1084</id>
			<cpuCores>1</cpuCores>
			<memory>9</memory>
			<networkBandwidth>1</networkBandwidth>
			<originalCluster>109</originalCluster>
		</Server>
		<Server id="1388">
			<id>1085</id>
			<cpuCores>1</cpuCores>
			<memory>6</memory>
			<networkBandwidth>7</networkBandwidth>
			<originalCluster>249</originalCluster>
		</Server>
		<Server id="1389">
			<id>1086</id>
			<cpuCores>1</cpuCores>
			<memory>1</memory>
			<networkBandwidth>1</networkBandwidth>
			<originalCluster>162</originalCluster>
		</Server>
		<Server id="1390">
			<id>1087</id>
			<cpuCores>1</cpuCores>
			<memory>1</memory>
			<networkBandwidth>1</networkBandwidth>
		</Server>
		<Server id="1391">
			<id>1088</id>
			<cpuCores>5</cpuCores>
			<memory>1</memory>
			<networkBandwidth>1</networkBandwidth>
			<originalCluster>42</originalCluster>
		</Server>
		<Server id="1392">
			<id>1089</id>
			<cpuCores>8</cpuCores>
			<memory>22</memory>
			<networkBandwidth>1</networkBandwidth>
			<originalCluster>234</originalCluster>
		</Server>
		<Server id="1393">
			<id>1090</id>
			<cpuCores>6</cpuCores>
			<memory>11</memory>
			<networkBandwidth>2</networkBandwidth>
			<originalCluster>85</originalCluster>
		</Server>
		<Server id="1394">
			<id>1091</id>
			<cpuCores>1</cpuCores>
			<memory>3</memory>
			<networkBandwidth>1</networkBandwidth>
			<originalCluster>20</originalCluster>
		</Server>
		<Server id="1395">
			<id>1092</id>
			<cpuCores>1</cpuCores>
			<memory>4</memory>
			<networkBandwidth>5</networkBandwidth>
			<originalCluster>37</originalCluster>
		</Server>
		<Server id="1396">
			<id>1093</id>
			<cpuCores>1</cpuCores>
			<memory>2</memory>
			<networkBandwidth>1</networkBandwidth>
			<originalCluster>59</originalCluster>
		</Server>
		<Server id="1397">
			<id>1094</id>
			<cpuCores>1</cpuCores>
			<memory>2</memory>
			<networkBandwidth>1</networkBandwidth>
			<originalCluster>147</originalCluster>
		</Server>
		<Server id="1398">
			<id>1095</id>
			<cpuCores>1</cpuCores>
			<memory>3</memory>
			<networkBandwidth>2</networkBandwidth>
			<originalCluster>11</originalCluster>
		</Server>
		<Server id="1399">
			<id>1096</id>
			<cpuCores>1</cpuCores>
			<memory>1</memory>
			<networkBandwidth>1</networkBandwidth>
			<originalCluster>54</originalCluster>
		</Server>
		<Server id="1400">
			<id>1097</id>
			<cpuCores>1</cpuCores>
			<memory>5</memory>
			<networkBandwidth>1</networkBandwidth>
			<originalCluster>235</originalCluster>
		</Server>
		<Server id="1401">
			<id>1098</id>
			<cpuCores>1</cpuCores>
			<memory>1</memory>
			<networkBandwidth>1</networkBandwidth>
			<originalCluster>81</originalCluster>
		</Server>
		<Server id="1402">
			<id>1099</id>
			<cpuCores>4</cpuCores>
			<memory>1</memory>
			<networkBandwidth>1</networkBandwidth>
			<originalCluster>125</originalCluster>
		</Server>
		<Server id="1403">
			<id>1100</id>
			<cpuCores>1</cpuCores>
			<memory>7</memory>
			<networkBandwidth>4</networkBandwidth>
			<originalCluster>106</originalCluster>
		</Server>
		<Server id="1404">
			<id>1101</id>
			<cpuCores>1</cpuCores>
			<memory>12</memory>
			<networkBandwidth>1</networkBandwidth>
			<originalCluster>8</originalCluster>
		</Server>
		<Server id="1405">
			<id>1102</id>
			<cpuCores>5</cpuCores>
			<memory>1</memory>
			<networkBandwidth>4</networkBandwidth>
			<originalCluster>222</originalCluster>
		</Server>
		<Server id="1406">
			<id>1103</id>
			<cpuCores>3</cpuCores>
			<memory>1</memory>
			<networkBandwidth>1</networkBandwidth>
			<originalCluster>50</originalCluster>
		</Server>
		<Server id="1407">
			<id>1104</id>
			<cpuCores>12</cpuCores>
			<memory>5</memory>
			<networkBandwidth>1</networkBandwidth>
		</Server>
		<Server id="1408">
			<id>1105</id>
			<cpuCores>3</cpuCores>
			<memory>3</memory>
			<networkBandwidth>1</networkBandwidth>
			<originalCluster>225</originalCluster>
		</Server>
		<Server id="1409">
			<id>1106</id>
			<cpuCores>1</cpuCores>
			<memory>1</memory>
			<networkBandwidth>1</networkBandwidth>
			<originalCluster>168</originalCluster>
		</Server>
		<Server id="1410">
			<id>1107</id>
			<cpuCores>1</cpuCores>
			<memory>1</memory>
			<networkBandwidth>1</networkBandwidth>
			<originalCluster>176</originalCluster>
		</Server>
		<Server id="1411">
			<id>1108</id>
			<cpuCores>1</cpuCores>
			<memory>7</memory>
			<networkBandwidth>5</networkBandwidth>
			<originalCluster>249</originalCluster>
		</Server>
		<Server id="1412">
			<id>1109</id>
			<cpuCores>12</cpuCores>
			<memory>3</memory>
			<networkBandwidth>1</networkBandwidth>
		</Server>
		<Server id="1413">
			<id>1110</id>
			<cpuCores>5</cpuCores>
			<memory>1</memory>
			<networkBandwidth>3</networkBandwidth>
			<originalCluster>239</originalCluster>
		</Server>
		<Server id="1414">
			<id>1111</id>
			<cpuCores>8</cpuCores>
			<memory>1</memory>
			<networkBandwidth>1</networkBandwidth>
		</Server>
		<Server id="1415">
			<id>1112</id>
			<cpuCores>5</cpuCores>
			<memory>1</memory>
			<networkBandwidth>1</networkBandwidth>
			<originalCluster>13</originalCluster>
		</Server>
		<Server id="1416">
			<id>1113</id>
			<cpuCores>10</cpuCores>
			<memory>10</memory>
			<networkBandwidth>10</networkBandwidth>
			<originalCluster>246</originalCluster>
		</Server>
		<Server id="1417">
			<id>1114</id>
			<cpuCores>2</cpuCores>
			<memory>1</memory>
			<networkBandwidth>1</networkBandwidth>
			<originalCluster>282</originalCluster>
		</Server>
		<Server id="1418">
			<id>1115</id>
			<cpuCores>1</cpuCores>
			<memory>1</memory>
			<networkBandwidth>1</networkBandwidth>
			<originalCluster>271</originalCluster>
		</Server>
		<Server id="1419">
			<id>1116</id>
			<cpuCores>1</cpuCores>
			<memory>1</memory>
			<networkBandwidth>4</networkBandwidth>
			<originalCluster>279</originalCluster>
		</Server>
		<Server id="1420">
			<id>1117</id>
			<cpuCores>1</cpuCores>
			<memory>25</memory>
			<networkBandwidth>1</networkBandwidth>
			<originalCluster>246</originalCluster>
		</Server>
		<Server id="1421">
			<id>1118</id>
			<cpuCores>1</cpuCores>
			<memory>10</memory>
			<networkBandwidth>1</networkBandwidth>
			<originalCluster>186</originalCluster>
		</Server>
		<Server id="1422">
			<id>1119</id>
			<cpuCores>2</cpuCores>
			<memory>1</memory>
			<networkBandwidth>1</networkBandwidth>
			<originalCluster>110</originalCluster>
		</Server>
		<Server id="1423">
			<id>1120</id>
			<cpuCores>1</cpuCores>
			<memory>1</memory>
			<networkBandwidth>1</networkBandwidth>
			<originalCluster>101</originalCluster>
		</Server>
		<Server id="1424">
			<id>1121</id>
			<cpuCores>1</cpuCores>
			<memory>8</memory>
			<networkBandwidth>1</networkBandwidth>
			<originalCluster>122</originalCluster>
		</Server>
		<Server id="1425">
			<id>1122</id>
			<cpuCores>1</cpuCores>
			<memory>1</memory>
			<networkBandwidth>1</networkBandwidth>
			<originalCluster>26</originalCluster>
		</Server>
		<Server id="1426">
			<id>1123</id>
			<cpuCores>1</cpuCores>
			<memory>1</memory>
			<networkBandwidth>1</networkBandwidth>
			<originalCluster>119</originalCluster>
		</Server>
		<Server id="1427">
			<id>1124</id>
			<cpuCores>7</cpuCores>
			<memory>4</memory>
			<networkBandwidth>1</networkBandwidth>
			<originalCluster>169</originalCluster>
		</Server>
		<Server id="1428">
			<id>1125</id>
			<cpuCores>1</cpuCores>
			<memory>24</memory>
			<networkBandwidth>1</networkBandwidth>
			<originalCluster>151</originalCluster>
		</Server>
		<Server id="1429">
			<id>1126</id>
			<cpuCores>1</cpuCores>
			<memory>1</memory>
			<networkBandwidth>1</networkBandwidth>
			<originalCluster>43</originalCluster>
		</Server>
		<Server id="1430">
			<id>1127</id>
			<cpuCores>1</cpuCores>
			<memory>2</memory>
			<networkBandwidth>6</networkBandwidth>
			<originalCluster>250</originalCluster>
		</Server>
		<Server id="1431">
			<id>1128</id>
			<cpuCores>1</cpuCores>
			<memory>5</memory>
			<networkBandwidth>1</networkBandwidth>
			<originalCluster>103</originalCluster>
		</Server>
		<Server id="1432">
			<id>1129</id>
			<cpuCores>1</cpuCores>
			<memory>2</memory>
			<networkBandwidth>1</networkBandwidth>
			<originalCluster>22</originalCluster>
		</Server>
		<Server id="1433">
			<id>1130</id>
			<cpuCores>1</cpuCores>
			<memory>1</memory>
			<networkBandwidth>2</networkBandwidth>
		</Server>
		<Server id="1434">
			<id>1131</id>
			<cpuCores>1</cpuCores>
			<memory>4</memory>
			<networkBandwidth>1</networkBandwidth>
			<originalCluster>266</originalCluster>
		</Server>
		<Server id="1435">
			<id>1132</id>
			<cpuCores>1</cpuCores>
			<memory>4</memory>
			<networkBandwidth>1</networkBandwidth>
			<originalCluster>189</originalCluster>
		</Server>
		<Server id="1436">
			<id>1133</id>
			<cpuCores>9</cpuCores>
			<memory>24</memory>
			<networkBandwidth>1</networkBandwidth>
		</Server>
		<Server id="1437">
			<id>1134</id>
			<cpuCores>1</cpuCores>
			<memory>1</memory>
			<networkBandwidth>1</networkBandwidth>
			<originalCluster>195</originalCluster>
		</Server>
		<Server id="1438">
			<id>1135</id>
			<cpuCores>7</cpuCores>
			<memory>3</memory>
			<networkBandwidth>11</networkBandwidth>
		</Server>
		<Server id="1439">
			<id>1136</id>
			<cpuCores>1</cpuCores>
			<memory>1</memory>
			<networkBandwidth>2</networkBandwidth>
			<originalCluster>105</originalCluster>
		</Server>
		<Server id="1440">
			<id>1137</id>
			<cpuCores>1</cpuCores>
			<memory>1</memory>
			<networkBandwidth>1</networkBandwidth>
			<originalCluster>12</originalCluster>
		</Server>
		<Server id="1441">
			<id>1138</id>
			<cpuCores>1</cpuCores>
			<memory>2</memory>
			<networkBandwidth>1</networkBandwidth>
			<originalCluster>269</originalCluster>
		</Server>
		<Server id="1442">
			<id>1139</id>
			<cpuCores>5</cpuCores>
			<memory>1</memory>
			<networkBandwidth>9</networkBandwidth>
			<originalCluster>45</originalCluster>
		</Server>
		<Server id="1443">
			<id>1140</id>
			<cpuCores>1</cpuCores>
			<memory>5</memory>
			<networkBandwidth>1</networkBandwidth>
			<originalCluster>42</originalCluster>
		</Server>
		<Server id="1444">
			<id>1141</id>
			<cpuCores>1</cpuCores>
			<memory>1</memory>
			<networkBandwidth>1</networkBandwidth>
			<originalCluster>146</originalCluster>
		</Server>
		<Server id="1445">
			<id>1142</id>
			<cpuCores>2</cpuCores>
			<memory>20</memory>
			<networkBandwidth>7</networkBandwidth>
			<originalCluster>283</originalCluster>
		</Server>
		<Server id="1446">
			<id>1143</id>
			<cpuCores>1</cpuCores>
			<memory>1</memory>
			<networkBandwidth>6</networkBandwidth>
			<originalCluster>77</originalCluster>
		</Server>
		<Server id="1447">
			<id>1144</id>
			<cpuCores>4</cpuCores>
			<memory>1</memory>
			<networkBandwidth>1</networkBandwidth>
			<originalCluster>264</originalCluster>
		</Server>
		<Server id="1448">
			<id>1145</id>
			<cpuCores>1</cpuCores>
			<memory>1</memory>
			<networkBandwidth>1</networkBandwidth>
			<originalCluster>76</originalCluster>
		</Server>
		<Server id="1449">
			<id>1146</id>
			<cpuCores>1</cpuCores>
			<memory>1</memory>
			<networkBandwidth>2</networkBandwidth>
			<originalCluster>72</originalCluster>
		</Server>
		<Server id="1450">
			<id>1147</id>
			<cpuCores>2</cpuCores>
			<memory>1</memory>
			<networkBandwidth>1</networkBandwidth>
			<originalCluster>165</originalCluster>
		</Server>
		<Server id="1451">
			<id>1148</id>
			<cpuCores>1</cpuCores>
			<memory>1</memory>
			<networkBandwidth>5</networkBandwidth>
			<originalCluster>87</originalCluster>
		</Server>
		<Server id="1452">
			<id>1149</id>
			<cpuCores>9</cpuCores>
			<memory>5</memory>
			<networkBandwidth>1</networkBandwidth>
		</Server>
		<Server id="1453">
			<id>1150</id>
			<cpuCores>2</cpuCores>
			<memory>2</memory>
			<networkBandwidth>1</networkBandwidth>
			<originalCluster>31</originalCluster>
		</Server>
		<Server id="1454">
			<id>1151</id>
			<cpuCores>1</cpuCores>
			<memory>1</memory>
			<networkBandwidth>1</networkBandwidth>
			<originalCluster>90</originalCluster>
		</Server>
		<Server id="1455">
			<id>1152</id>
			<cpuCores>2</cpuCores>
			<memory>1</memory>
			<networkBandwidth>1</networkBandwidth>
			<originalCluster>284</originalCluster>
		</Server>
		<Server id="1456">
			<id>1153</id>
			<cpuCores>1</cpuCores>
			<memory>1</memory>
			<networkBandwidth>3</networkBandwidth>
			<originalCluster>173</originalCluster>
		</Server>
		<Server id="1457">
			<id>1154</id>
			<cpuCores>5</cpuCores>
			<memory>1</memory>
			<networkBandwidth>1</networkBandwidth>
			<originalCluster>126</originalCluster>
		</Server>
		<Server id="1458">
			<id>1155</id>
			<cpuCores>1</cpuCores>
			<memory>1</memory>
			<networkBandwidth>1</networkBandwidth>
			<originalCluster>167</originalCluster>
		</Server>
		<Server id="1459">
			<id>1156</id>
			<cpuCores>1</cpuCores>
			<memory>3</memory>
			<networkBandwidth>1</networkBandwidth>
			<originalCluster>296</originalCluster>
		</Server>
		<Server id="1460">
			<id>1157</id>
			<cpuCores>8</cpuCores>
			<memory>5</memory>
			<networkBandwidth>1</networkBandwidth>
		</Server>
		<Server id="1461">
			<id>1158</id>
			<cpuCores>1</cpuCores>
			<memory>15</memory>
			<networkBandwidth>1</networkBandwidth>
			<originalCluster>114</originalCluster>
		</Server>
		<Server id="1462">
			<id>1159</id>
			<cpuCores>1</cpuCores>
			<memory>2</memory>
			<networkBandwidth>1</networkBandwidth>
			<originalCluster>220</originalCluster>
		</Server>
		<Server id="1463">
			<id>1160</id>
			<cpuCores>1</cpuCores>
			<memory>1</memory>
			<networkBandwidth>1</networkBandwidth>
			<originalCluster>77</originalCluster>
		</Server>
		<Server id="1464">
			<id>1161</id>
			<cpuCores>2</cpuCores>
			<memory>1</memory>
			<networkBandwidth>8</networkBandwidth>
			<originalCluster>25</originalCluster>
		</Server>
		<Server id="1465">
			<id>1162</id>
			<cpuCores>1</cpuCores>
			<memory>27</memory>
			<networkBandwidth>1</networkBandwidth>
			<originalCluster>61</originalCluster>
		</Server>
		<Server id="1466">
			<id>1163</id>
			<cpuCores>2</cpuCores>
			<memory>1</memory>
			<networkBandwidth>1</networkBandwidth>
			<originalCluster>258</originalCluster>
		</Server>
		<Server id="1467">
			<id>1164</id>
			<cpuCores>10</cpuCores>
			<memory>1</memory>
			<networkBandwidth>5</networkBandwidth>
		</Server>
		<Server id="1468">
			<id>1165</id>
			<cpuCores>1</cpuCores>
			<memory>14</memory>
			<networkBandwidth>1</networkBandwidth>
			<originalCluster>239</originalCluster>
		</Server>
		<Server id="1469">
			<id>1166</id>
			<cpuCores>9</cpuCores>
			<memory>3</memory>
			<networkBandwidth>1</networkBandwidth>
		</Server>
		<Server id="1470">
			<id>1167</id>
			<cpuCores>1</cpuCores>
			<memory>1</memory>
			<networkBandwidth>3</networkBandwidth>
			<originalCluster>10</originalCluster>
		</Server>
		<Server id="1471">
			<id>1168</id>
			<cpuCores>1</cpuCores>
			<memory>1</memory>
			<networkBandwidth>1</networkBandwidth>
			<originalCluster>101</originalCluster>
		</Server>
		<Server id="1472">
			<id>1169</id>
			<cpuCores>1</cpuCores>
			<memory>19</memory>
			<networkBandwidth>1</networkBandwidth>
			<originalCluster>106</originalCluster>
		</Server>
		<Server id="1473">
			<id>1170</id>
			<cpuCores>1</cpuCores>
			<memory>1</memory>
			<networkBandwidth>1</networkBandwidth>
			<originalCluster>278</originalCluster>
		</Server>
		<Server id="1474">
			<id>1171</id>
			<cpuCores>6</cpuCores>
			<memory>1</memory>
			<networkBandwidth>1</networkBandwidth>
			<originalCluster>86</originalCluster>
		</Server>
		<Server id="1475">
			<id>1172</id>
			<cpuCores>1</cpuCores>
			<memory>4</memory>
			<networkBandwidth>1</networkBandwidth>
			<originalCluster>220</originalCluster>
		</Server>
		<Server id="1476">
			<id>1173</id>
			<cpuCores>2</cpuCores>
			<memory>1</memory>
			<networkBandwidth>1</networkBandwidth>
			<originalCluster>209</originalCluster>
		</Server>
		<Server id="1477">
			<id>1174</id>
			<cpuCores>2</cpuCores>
			<memory>4</memory>
			<networkBandwidth>1</networkBandwidth>
			<originalCluster>92</originalCluster>
		</Server>
		<Server id="1478">
			<id>1175</id>
			<cpuCores>5</cpuCores>
			<memory>12</memory>
			<networkBandwidth>1</networkBandwidth>
			<originalCluster>139</originalCluster>
		</Server>
		<Server id="1479">
			<id>1176</id>
			<cpuCores>2</cpuCores>
			<memory>12</memory>
			<networkBandwidth>1</networkBandwidth>
			<originalCluster>32</originalCluster>
		</Server>
		<Server id="1480">
			<id>1177</id>
			<cpuCores>6</cpuCores>
			<memory>1</memory>
			<networkBandwidth>1</networkBandwidth>
		</Server>
		<Server id="1481">
			<id>1178</id>
			<cpuCores>1</cpuCores>
			<memory>21</memory>
			<networkBandwidth>1</networkBandwidth>
			<originalCluster>25</originalCluster>
		</Server>
		<Server id="1482">
			<id>1179</id>
			<cpuCores>1</cpuCores>
			<memory>4</memory>
			<networkBandwidth>12</networkBandwidth>
			<originalCluster>249</originalCluster>
		</Server>
		<Server id="1483">
			<id>1180</id>
			<cpuCores>1</cpuCores>
			<memory>2</memory>
			<networkBandwidth>1</networkBandwidth>
			<originalCluster>188</originalCluster>
		</Server>
		<Server id="1484">
			<id>1181</id>
			<cpuCores>2</cpuCores>
			<memory>3</memory>
			<networkBandwidth>1</networkBandwidth>
			<originalCluster>209</originalCluster>
		</Server>
		<Server id="1485">
			<id>1182</id>
			<cpuCores>1</cpuCores>
			<memory>2</memory>
			<networkBandwidth>1</networkBandwidth>
			<originalCluster>80</originalCluster>
		</Server>
		<Server id="1486">
			<id>1183</id>
			<cpuCores>1</cpuCores>
			<memory>1</memory>
			<networkBandwidth>1</networkBandwidth>
			<originalCluster>266</originalCluster>
		</Server>
		<Server id="1487">
			<id>1184</id>
			<cpuCores>1</cpuCores>
			<memory>1</memory>
			<networkBandwidth>1</networkBandwidth>
			<originalCluster>55</originalCluster>
		</Server>
		<Server id="1488">
			<id>1185</id>
			<cpuCores>4</cpuCores>
			<memory>4</memory>
			<networkBandwidth>12</networkBandwidth>
			<originalCluster>272</originalCluster>
		</Server>
		<Server id="1489">
			<id>1186</id>
			<cpuCores>1</cpuCores>
			<memory>1</memory>
			<networkBandwidth>1</networkBandwidth>
			<originalCluster>169</originalCluster>
		</Server>
		<Server id="1490">
			<id>1187</id>
			<cpuCores>3</cpuCores>
			<memory>6</memory>
			<networkBandwidth>3</networkBandwidth>
			<originalCluster>123</originalCluster>
		</Server>
		<Server id="1491">
			<id>1188</id>
			<cpuCores>1</cpuCores>
			<memory>2</memory>
			<networkBandwidth>1</networkBandwidth>
			<originalCluster>72</originalCluster>
		</Server>
		<Server id="1492">
			<id>1189</id>
			<cpuCores>3</cpuCores>
			<memory>1</memory>
			<networkBandwidth>1</networkBandwidth>
			<originalCluster>219</originalCluster>
		</Server>
		<Server id="1493">
			<id>1190</id>
			<cpuCores>12</cpuCores>
			<memory>1</memory>
			<networkBandwidth>1</networkBandwidth>
		</Server>
		<Server id="1494">
			<id>1191</id>
			<cpuCores>1</cpuCores>
			<memory>1</memory>
			<networkBandwidth>1</networkBandwidth>
			<originalCluster>170</originalCluster>
		</Server>
		<Server id="1495">
			<id>1192</id>
			<cpuCores>1</cpuCores>
			<memory>1</memory>
			<networkBandwidth>1</networkBandwidth>
			<originalCluster>122</originalCluster>
		</Server>
		<Server id="1496">
			<id>1193</id>
			<cpuCores>2</cpuCores>
			<memory>26</memory>
			<networkBandwidth>1</networkBandwidth>
			<originalCluster>274</originalCluster>
		</Server>
		<Server id="1497">
			<id>1194</id>
			<cpuCores>1</cpuCores>
			<memory>1</memory>
			<networkBandwidth>1</networkBandwidth>
			<originalCluster>160</originalCluster>
		</Server>
		<Server id="1498">
			<id>1195</id>
			<cpuCores>1</cpuCores>
			<memory>2</memory>
			<networkBandwidth>3</networkBandwidth>
			<originalCluster>29</originalCluster>
		</Server>
		<Server id="1499">
			<id>1196</id>
			<cpuCores>1</cpuCores>
			<memory>1</memory>
			<networkBandwidth>1</networkBandwidth>
			<originalCluster>121</originalCluster>
		</Server>
		<Server id="1500">
			<id>1197</id>
			<cpuCores>1</cpuCores>
			<memory>16</memory>
			<networkBandwidth>1</networkBandwidth>
			<originalCluster>139</originalCluster>
		</Server>
		<Server id="1501">
			<id>1198</id>
			<cpuCores>4</cpuCores>
			<memory>11</memory>
			<networkBandwidth>11</networkBandwidth>
		</Server>
		<Server id="1502">
			<id>1199</id>
			<cpuCores>1</cpuCores>
			<memory>5</memory>
			<networkBandwidth>1</networkBandwidth>
			<originalCluster>18</originalCluster>
		</Server>
		<Server id="1503">
			<id>1200</id>
			<cpuCores>1</cpuCores>
			<memory>1</memory>
			<networkBandwidth>1</networkBandwidth>
			<originalCluster>159</originalCluster>
		</Server>
		<Server id="1504">
			<id>1201</id>
			<cpuCores>1</cpuCores>
			<memory>1</memory>
			<networkBandwidth>1</networkBandwidth>
			<originalCluster>166</originalCluster>
		</Server>
		<Server id="1505">
			<id>1202</id>
			<cpuCores>1</cpuCores>
			<memory>5</memory>
			<networkBandwidth>2</networkBandwidth>
			<originalCluster>280</originalCluster>
		</Server>
		<Server id="1506">
			<id>1203</id>
			<cpuCores>6</cpuCores>
			<memory>1</memory>
			<networkBandwidth>1</networkBandwidth>
			<originalCluster>117</originalCluster>
		</Server>
		<Server id="1507">
			<id>1204</id>
			<cpuCores>1</cpuCores>
			<memory>1</memory>
			<networkBandwidth>4</networkBandwidth>
			<originalCluster>76</originalCluster>
		</Server>
		<Server id="1508">
			<id>1205</id>
			<cpuCores>1</cpuCores>
			<memory>1</memory>
			<networkBandwidth>1</networkBandwidth>
			<originalCluster>20</originalCluster>
		</Server>
		<Server id="1509">
			<id>1206</id>
			<cpuCores>1</cpuCores>
			<memory>4</memory>
			<networkBandwidth>1</networkBandwidth>
			<originalCluster>188</originalCluster>
		</Server>
		<Server id="1510">
			<id>1207</id>
			<cpuCores>1</cpuCores>
			<memory>18</memory>
			<networkBandwidth>3</networkBandwidth>
			<originalCluster>25</originalCluster>
		</Server>
		<Server id="1511">
			<id>1208</id>
			<cpuCores>4</cpuCores>
			<memory>1</memory>
			<networkBandwidth>1</networkBandwidth>
			<originalCluster>65</originalCluster>
		</Server>
		<Server id="1512">
			<id>1209</id>
			<cpuCores>6</cpuCores>
			<memory>1</memory>
			<networkBandwidth>1</networkBandwidth>
			<originalCluster>192</originalCluster>
		</Server>
		<Server id="1513">
			<id>1210</id>
			<cpuCores>1</cpuCores>
			<memory>1</memory>
			<networkBandwidth>1</networkBandwidth>
			<originalCluster>88</originalCluster>
		</Server>
		<Server id="1514">
			<id>1211</id>
			<cpuCores>7</cpuCores>
			<memory>2</memory>
			<networkBandwidth>1</networkBandwidth>
			<originalCluster>280</originalCluster>
		</Server>
		<Server id="1515">
			<id>1212</id>
			<cpuCores>9</cpuCores>
			<memory>1</memory>
			<networkBandwidth>1</networkBandwidth>
		</Server>
		<Server id="1516">
			<id>1213</id>
			<cpuCores>1</cpuCores>
			<memory>20</memory>
			<networkBandwidth>9</networkBandwidth>
			<originalCluster>76</originalCluster>
		</Server>
		<Server id="1517">
			<id>1214</id>
			<cpuCores>1</cpuCores>
			<memory>1</memory>
			<networkBandwidth>4</networkBandwidth>
			<originalCluster>202</originalCluster>
		</Server>
		<Server id="1518">
			<id>1215</id>
			<cpuCores>1</cpuCores>
			<memory>1</memory>
			<networkBandwidth>1</networkBandwidth>
			<originalCluster>26</originalCluster>
		</Server>
		<Server id="1519">
			<id>1216</id>
			<cpuCores>9</cpuCores>
			<memory>2</memory>
			<networkBandwidth>11</networkBandwidth>
		</Server>
		<Server id="1520">
			<id>1217</id>
			<cpuCores>1</cpuCores>
			<memory>1</memory>
			<networkBandwidth>1</networkBandwidth>
			<originalCluster>290</originalCluster>
		</Server>
		<Server id="1521">
			<id>1218</id>
			<cpuCores>3</cpuCores>
			<memory>3</memory>
			<networkBandwidth>4</networkBandwidth>
			<originalCluster>10</originalCluster>
		</Server>
		<Server id="1522">
			<id>1219</id>
			<cpuCores>7</cpuCores>
			<memory>21</memory>
			<networkBandwidth>2</networkBandwidth>
			<originalCluster>166</originalCluster>
		</Server>
		<Server id="1523">
			<id>1220</id>
			<cpuCores>3</cpuCores>
			<memory>9</memory>
			<networkBandwidth>1</networkBandwidth>
			<originalCluster>71</originalCluster>
		</Server>
		<Server id="1524">
			<id>1221</id>
			<cpuCores>7</cpuCores>
			<memory>2</memory>
			<networkBandwidth>10</networkBandwidth>
			<originalCluster>280</originalCluster>
		</Server>
		<Server id="1525">
			<id>1222</id>
			<cpuCores>1</cpuCores>
			<memory>15</memory>
			<networkBandwidth>1</networkBandwidth>
			<originalCluster>109</originalCluster>
		</Server>
		<Server id="1526">
			<id>1223</id>
			<cpuCores>10</cpuCores>
			<memory>5</memory>
			<networkBandwidth>1</networkBandwidth>
		</Server>
		<Server id="1527">
			<id>1224</id>
			<cpuCores>1</cpuCores>
			<memory>1</memory>
			<networkBandwidth>1</networkBandwidth>
			<originalCluster>179</originalCluster>
		</Server>
		<Server id="1528">
			<id>1225</id>
			<cpuCores>1</cpuCores>
			<memory>1</memory>
			<networkBandwidth>1</networkBandwidth>
			<originalCluster>91</originalCluster>
		</Server>
		<Server id="1529">
			<id>1226</id>
			<cpuCores>1</cpuCores>
			<memory>1</memory>
			<networkBandwidth>4</networkBandwidth>
			<originalCluster>229</originalCluster>
		</Server>
		<Server id="1530">
			<id>1227</id>
			<cpuCores>3</cpuCores>
			<memory>1</memory>
			<networkBandwidth>2</networkBandwidth>
			<originalCluster>52</originalCluster>
		</Server>
		<Server id="1531">
			<id>1228</id>
			<cpuCores>3</cpuCores>
			<memory>1</memory>
			<networkBandwidth>1</networkBandwidth>
			<originalCluster>58</originalCluster>
		</Server>
		<Server id="1532">
			<id>1229</id>
			<cpuCores>1</cpuCores>
			<memory>4</memory>
			<networkBandwidth>1</networkBandwidth>
			<originalCluster>100</originalCluster>
		</Server>
		<Server id="1533">
			<id>1230</id>
			<cpuCores>1</cpuCores>
			<memory>1</memory>
			<networkBandwidth>2</networkBandwidth>
			<originalCluster>98</originalCluster>
		</Server>
		<Server id="1534">
			<id>1231</id>
			<cpuCores>1</cpuCores>
			<memory>21</memory>
			<networkBandwidth>7</networkBandwidth>
			<originalCluster>95</originalCluster>
		</Server>
		<Server id="1535">
			<id>1232</id>
			<cpuCores>1</cpuCores>
			<memory>3</memory>
			<networkBandwidth>1</networkBandwidth>
			<originalCluster>115</originalCluster>
		</Server>
		<Server id="1536">
			<id>1233</id>
			<cpuCores>3</cpuCores>
			<memory>1</memory>
			<networkBandwidth>1</networkBandwidth>
			<originalCluster>108</originalCluster>
		</Server>
		<Server id="1537">
			<id>1234</id>
			<cpuCores>5</cpuCores>
			<memory>19</memory>
			<networkBandwidth>2</networkBandwidth>
			<originalCluster>36</originalCluster>
		</Server>
		<Server id="1538">
			<id>1235</id>
			<cpuCores>1</cpuCores>
			<memory>1</memory>
			<networkBandwidth>1</networkBandwidth>
			<originalCluster>184</originalCluster>
		</Server>
		<Server id="1539">
			<id>1236</id>
			<cpuCores>1</cpuCores>
			<memory>2</memory>
			<networkBandwidth>2</networkBandwidth>
			<originalCluster>144</originalCluster>
		</Server>
		<Server id="1540">
			<id>1237</id>
			<cpuCores>1</cpuCores>
			<memory>2</memory>
			<networkBandwidth>1</networkBandwidth>
			<originalCluster>203</originalCluster>
		</Server>
		<Server id="1541">
			<id>1238</id>
			<cpuCores>5</cpuCores>
			<memory>1</memory>
			<networkBandwidth>1</networkBandwidth>
			<originalCluster>39</originalCluster>
		</Server>
		<Server id="1542">
			<id>1239</id>
			<cpuCores>10</cpuCores>
			<memory>1</memory>
			<networkBandwidth>1</networkBandwidth>
			<originalCluster>276</originalCluster>
		</Server>
		<Server id="1543">
			<id>1240</id>
			<cpuCores>2</cpuCores>
			<memory>1</memory>
			<networkBandwidth>1</networkBandwidth>
			<originalCluster>234</originalCluster>
		</Server>
		<Server id="1544">
			<id>1241</id>
			<cpuCores>2</cpuCores>
			<memory>1</memory>
			<networkBandwidth>6</networkBandwidth>
			<originalCluster>3</originalCluster>
		</Server>
		<Server id="1545">
			<id>1242</id>
			<cpuCores>1</cpuCores>
			<memory>1</memory>
			<networkBandwidth>1</networkBandwidth>
			<originalCluster>72</originalCluster>
		</Server>
		<Server id="1546">
			<id>1243</id>
			<cpuCores>1</cpuCores>
			<memory>1</memory>
			<networkBandwidth>1</networkBandwidth>
			<originalCluster>213</originalCluster>
		</Server>
		<Server id="1547">
			<id>1244</id>
			<cpuCores>1</cpuCores>
			<memory>1</memory>
			<networkBandwidth>1</networkBandwidth>
			<originalCluster>3</originalCluster>
		</Server>
		<Server id="1548">
			<id>1245</id>
			<cpuCores>1</cpuCores>
			<memory>9</memory>
			<networkBandwidth>2</networkBandwidth>
			<originalCluster>141</originalCluster>
		</Server>
		<Server id="1549">
			<id>1246</id>
			<cpuCores>1</cpuCores>
			<memory>1</memory>
			<networkBandwidth>1</networkBandwidth>
			<originalCluster>145</originalCluster>
		</Server>
		<Server id="1550">
			<id>1247</id>
			<cpuCores>6</cpuCores>
			<memory>19</memory>
			<networkBandwidth>1</networkBandwidth>
			<originalCluster>0</originalCluster>
		</Server>
		<Server id="1551">
			<id>1248</id>
			<cpuCores>6</cpuCores>
			<memory>1</memory>
			<networkBandwidth>1</networkBandwidth>
		</Server>
		<Server id="1552">
			<id>1249</id>
			<cpuCores>1</cpuCores>
			<memory>1</memory>
			<networkBandwidth>1</networkBandwidth>
			<originalCluster>14</originalCluster>
		</Server>
		<Server id="1553">
			<id>1250</id>
			<cpuCores>1</cpuCores>
			<memory>1</memory>
			<networkBandwidth>1</networkBandwidth>
			<originalCluster>287</originalCluster>
		</Server>
		<Server id="1554">
			<id>1251</id>
			<cpuCores>1</cpuCores>
			<memory>5</memory>
			<networkBandwidth>2</networkBandwidth>
			<originalCluster>298</originalCluster>
		</Server>
		<Server id="1555">
			<id>1252</id>
			<cpuCores>1</cpuCores>
			<memory>1</memory>
			<networkBandwidth>1</networkBandwidth>
			<originalCluster>264</originalCluster>
		</Server>
		<Server id="1556">
			<id>1253</id>
			<cpuCores>1</cpuCores>
			<memory>1</memory>
			<networkBandwidth>7</networkBandwidth>
		</Server>
		<Server id="1557">
			<id>1254</id>
			<cpuCores>6</cpuCores>
			<memory>1</memory>
			<networkBandwidth>1</networkBandwidth>
			<originalCluster>243</originalCluster>
		</Server>
		<Server id="1558">
			<id>1255</id>
			<cpuCores>8</cpuCores>
			<memory>1</memory>
			<networkBandwidth>1</networkBandwidth>
		</Server>
		<Server id="1559">
			<id>1256</id>
			<cpuCores>1</cpuCores>
			<memory>12</memory>
			<networkBandwidth>8</networkBandwidth>
			<originalCluster>224</originalCluster>
		</Server>
		<Server id="1560">
			<id>1257</id>
			<cpuCores>1</cpuCores>
			<memory>3</memory>
			<networkBandwidth>1</networkBandwidth>
			<originalCluster>246</originalCluster>
		</Server>
		<Server id="1561">
			<id>1258</id>
			<cpuCores>1</cpuCores>
			<memory>1</memory>
			<networkBandwidth>1</networkBandwidth>
			<originalCluster>23</originalCluster>
		</Server>
		<Server id="1562">
			<id>1259</id>
			<cpuCores>8</cpuCores>
			<memory>1</memory>
			<networkBandwidth>4</networkBandwidth>
		</Server>
		<Server id="1563">
			<id>1260</id>
			<cpuCores>10</cpuCores>
			<memory>13</memory>
			<networkBandwidth>4</networkBandwidth>
		</Server>
		<Server id="1564">
			<id>1261</id>
			<cpuCores>1</cpuCores>
			<memory>4</memory>
			<networkBandwidth>6</networkBandwidth>
			<originalCluster>185</originalCluster>
		</Server>
		<Server id="1565">
			<id>1262</id>
			<cpuCores>1</cpuCores>
			<memory>1</memory>
			<networkBandwidth>1</networkBandwidth>
			<originalCluster>244</originalCluster>
		</Server>
		<Server id="1566">
			<id>1263</id>
			<cpuCores>1</cpuCores>
			<memory>3</memory>
			<networkBandwidth>1</networkBandwidth>
			<originalCluster>36</originalCluster>
		</Server>
		<Server id="1567">
			<id>1264</id>
			<cpuCores>3</cpuCores>
			<memory>1</memory>
			<networkBandwidth>3</networkBandwidth>
			<originalCluster>284</originalCluster>
		</Server>
		<Server id="1568">
			<id>1265</id>
			<cpuCores>4</cpuCores>
			<memory>1</memory>
			<networkBandwidth>1</networkBandwidth>
			<originalCluster>230</originalCluster>
		</Server>
		<Server id="1569">
			<id>1266</id>
			<cpuCores>1</cpuCores>
			<memory>6</memory>
			<networkBandwidth>3</networkBandwidth>
			<originalCluster>293</originalCluster>
		</Server>
		<Server id="1570">
			<id>1267</id>
			<cpuCores>6</cpuCores>
			<memory>1</memory>
			<networkBandwidth>1</networkBandwidth>
			<originalCluster>57</originalCluster>
		</Server>
		<Server id="1571">
			<id>1268</id>
			<cpuCores>1</cpuCores>
			<memory>3</memory>
			<networkBandwidth>2</networkBandwidth>
			<originalCluster>283</originalCluster>
		</Server>
		<Server id="1572">
			<id>1269</id>
			<cpuCores>4</cpuCores>
			<memory>3</memory>
			<networkBandwidth>1</networkBandwidth>
			<originalCluster>165</originalCluster>
		</Server>
		<Server id="1573">
			<id>1270</id>
			<cpuCores>1</cpuCores>
			<memory>4</memory>
			<networkBandwidth>8</networkBandwidth>
			<originalCluster>146</originalCluster>
		</Server>
		<Server id="1574">
			<id>1271</id>
			<cpuCores>2</cpuCores>
			<memory>1</memory>
			<networkBandwidth>1</networkBandwidth>
			<originalCluster>260</originalCluster>
		</Server>
		<Server id="1575">
			<id>1272</id>
			<cpuCores>1</cpuCores>
			<memory>1</memory>
			<networkBandwidth>1</networkBandwidth>
			<originalCluster>62</originalCluster>
		</Server>
		<Server id="1576">
			<id>1273</id>
			<cpuCores>5</cpuCores>
			<memory>1</memory>
			<networkBandwidth>1</networkBandwidth>
			<originalCluster>67</originalCluster>
		</Server>
		<Server id="1577">
			<id>1274</id>
			<cpuCores>1</cpuCores>
			<memory>5</memory>
			<networkBandwidth>1</networkBandwidth>
			<originalCluster>53</originalCluster>
		</Server>
		<Server id="1578">
			<id>1275</id>
			<cpuCores>1</cpuCores>
			<memory>1</memory>
			<networkBandwidth>1</networkBandwidth>
			<originalCluster>43</originalCluster>
		</Server>
		<Server id="1579">
			<id>1276</id>
			<cpuCores>1</cpuCores>
			<memory>1</memory>
			<networkBandwidth>2</networkBandwidth>
			<originalCluster>151</originalCluster>
		</Server>
		<Server id="1580">
			<id>1277</id>
			<cpuCores>1</cpuCores>
			<memory>7</memory>
			<networkBandwidth>8</networkBandwidth>
			<originalCluster>50</originalCluster>
		</Server>
		<Server id="1581">
			<id>1278</id>
			<cpuCores>1</cpuCores>
			<memory>1</memory>
			<networkBandwidth>4</networkBandwidth>
			<originalCluster>164</originalCluster>
		</Server>
		<Server id="1582">
			<id>1279</id>
			<cpuCores>1</cpuCores>
			<memory>1</memory>
			<networkBandwidth>2</networkBandwidth>
			<originalCluster>103</originalCluster>
		</Server>
		<Server id="1583">
			<id>1280</id>
			<cpuCores>1</cpuCores>
			<memory>2</memory>
			<networkBandwidth>1</networkBandwidth>
			<originalCluster>195</originalCluster>
		</Server>
		<Server id="1584">
			<id>1281</id>
			<cpuCores>1</cpuCores>
			<memory>23</memory>
			<networkBandwidth>1</networkBandwidth>
			<originalCluster>187</originalCluster>
		</Server>
		<Server id="1585">
			<id>1282</id>
			<cpuCores>5</cpuCores>
			<memory>1</memory>
			<networkBandwidth>1</networkBandwidth>
			<originalCluster>191</originalCluster>
		</Server>
		<Server id="1586">
			<id>1283</id>
			<cpuCores>1</cpuCores>
			<memory>1</memory>
			<networkBandwidth>11</networkBandwidth>
			<originalCluster>215</originalCluster>
		</Server>
		<Server id="1587">
			<id>1284</id>
			<cpuCores>1</cpuCores>
			<memory>21</memory>
			<networkBandwidth>1</networkBandwidth>
			<originalCluster>100</originalCluster>
		</Server>
		<Server id="1588">
			<id>1285</id>
			<cpuCores>1</cpuCores>
			<memory>3</memory>
			<networkBandwidth>4</networkBandwidth>
			<originalCluster>143</originalCluster>
		</Server>
		<Server id="1589">
			<id>1286</id>
			<cpuCores>1</cpuCores>
			<memory>1</memory>
			<networkBandwidth>1</networkBandwidth>
			<originalCluster>229</originalCluster>
		</Server>
		<Server id="1590">
			<id>1287</id>
			<cpuCores>1</cpuCores>
			<memory>1</memory>
			<networkBandwidth>1</networkBandwidth>
			<originalCluster>109</originalCluster>
		</Server>
		<Server id="1591">
			<id>1288</id>
			<cpuCores>1</cpuCores>
			<memory>1</memory>
			<networkBandwidth>3</networkBandwidth>
			<originalCluster>295</originalCluster>
		</Server>
		<Server id="1592">
			<id>1289</id>
			<cpuCores>2</cpuCores>
			<memory>13</memory>
			<networkBandwidth>1</networkBandwidth>
			<originalCluster>214</originalCluster>
		</Server>
		<Server id="1593">
			<id>1290</id>
			<cpuCores>2</cpuCores>
			<memory>3</memory>
			<networkBandwidth>3</networkBandwidth>
			<originalCluster>252</originalCluster>
		</Server>
		<Server id="1594">
			<id>1291</id>
			<cpuCores>1</cpuCores>
			<memory>11</memory>
			<networkBandwidth>1</networkBandwidth>
			<originalCluster>84</originalCluster>
		</Server>
		<Server id="1595">
			<id>1292</id>
			<cpuCores>8</cpuCores>
			<memory>1</memory>
			<networkBandwidth>1</networkBandwidth>
		</Server>
		<Server id="1596">
			<id>1293</id>
			<cpuCores>1</cpuCores>
			<memory>3</memory>
			<networkBandwidth>1</networkBandwidth>
			<originalCluster>76</originalCluster>
		</Server>
		<Server id="1597">
			<id>1294</id>
			<cpuCores>3</cpuCores>
			<memory>1</memory>
			<networkBandwidth>1</networkBandwidth>
			<originalCluster>279</originalCluster>
		</Server>
		<Server id="1598">
			<id>1295</id>
			<cpuCores>1</cpuCores>
			<memory>19</memory>
			<networkBandwidth>3</networkBandwidth>
			<originalCluster>171</originalCluster>
		</Server>
		<Server id="1599">
			<id>1296</id>
			<cpuCores>1</cpuCores>
			<memory>2</memory>
			<networkBandwidth>1</networkBandwidth>
			<originalCluster>238</originalCluster>
		</Server>
		<Server id="1600">
			<id>1297</id>
			<cpuCores>1</cpuCores>
			<memory>1</memory>
			<networkBandwidth>1</networkBandwidth>
			<originalCluster>98</originalCluster>
		</Server>
		<Server id="1601">
			<id>1298</id>
			<cpuCores>1</cpuCores>
			<memory>2</memory>
			<networkBandwidth>1</networkBandwidth>
			<originalCluster>259</originalCluster>
		</Server>
		<Server id="1602">
			<id>1299</id>
			<cpuCores>1</cpuCores>
			<memory>1</memory>
			<networkBandwidth>1</networkBandwidth>
			<originalCluster>21</originalCluster>
		</Server>
		<Server id="1603">
			<id>1300</id>
			<cpuCores>1</cpuCores>
			<memory>3</memory>
			<networkBandwidth>1</networkBandwidth>
			<originalCluster>32</originalCluster>
		</Server>
		<Server id="1604">
			<id>1301</id>
			<cpuCores>1</cpuCores>
			<memory>1</memory>
			<networkBandwidth>1</networkBandwidth>
			<originalCluster>210</originalCluster>
		</Server>
		<Server id="1605">
			<id>1302</id>
			<cpuCores>2</cpuCores>
			<memory>3</memory>
			<networkBandwidth>1</networkBandwidth>
			<originalCluster>279</originalCluster>
		</Server>
		<Server id="1606">
			<id>1303</id>
			<cpuCores>1</cpuCores>
			<memory>6</memory>
			<networkBandwidth>1</networkBandwidth>
			<originalCluster>289</originalCluster>
		</Server>
		<Server id="1607">
			<id>1304</id>
			<cpuCores>1</cpuCores>
			<memory>1</memory>
			<networkBandwidth>1</networkBandwidth>
			<originalCluster>140</originalCluster>
		</Server>
		<Server id="1608">
			<id>1305</id>
			<cpuCores>4</cpuCores>
			<memory>1</memory>
			<networkBandwidth>1</networkBandwidth>
			<originalCluster>238</originalCluster>
		</Server>
		<Server id="1609">
			<id>1306</id>
			<cpuCores>2</cpuCores>
			<memory>1</memory>
			<networkBandwidth>7</networkBandwidth>
			<originalCluster>40</originalCluster>
		</Server>
		<Server id="1610">
			<id>1307</id>
			<cpuCores>1</cpuCores>
			<memory>1</memory>
			<networkBandwidth>5</networkBandwidth>
			<originalCluster>139</originalCluster>
		</Server>
		<Server id="1611">
			<id>1308</id>
			<cpuCores>7</cpuCores>
			<memory>1</memory>
			<networkBandwidth>11</networkBandwidth>
			<originalCluster>179</originalCluster>
		</Server>
		<Server id="1612">
			<id>1309</id>
			<cpuCores>1</cpuCores>
			<memory>1</memory>
			<networkBandwidth>1</networkBandwidth>
			<originalCluster>96</originalCluster>
		</Server>
		<Server id="1613">
			<id>1310</id>
			<cpuCores>5</cpuCores>
			<memory>9</memory>
			<networkBandwidth>1</networkBandwidth>
			<originalCluster>260</originalCluster>
		</Server>
		<Server id="1614">
			<id>1311</id>
			<cpuCores>1</cpuCores>
			<memory>1</memory>
			<networkBandwidth>1</networkBandwidth>
			<originalCluster>128</originalCluster>
		</Server>
		<Server id="1615">
			<id>1312</id>
			<cpuCores>2</cpuCores>
			<memory>1</memory>
			<networkBandwidth>1</networkBandwidth>
			<originalCluster>170</originalCluster>
		</Server>
		<Server id="1616">
			<id>1313</id>
			<cpuCores>1</cpuCores>
			<memory>15</memory>
			<networkBandwidth>1</networkBandwidth>
			<originalCluster>42</originalCluster>
		</Server>
		<Server id="1617">
			<id>1314</id>
			<cpuCores>1</cpuCores>
			<memory>1</memory>
			<networkBandwidth>3</networkBandwidth>
			<originalCluster>104</originalCluster>
		</Server>
		<Server id="1618">
			<id>1315</id>
			<cpuCores>1</cpuCores>
			<memory>13</memory>
			<networkBandwidth>3</networkBandwidth>
			<originalCluster>38</originalCluster>
		</Server>
		<Server id="1619">
			<id>1316</id>
			<cpuCores>1</cpuCores>
			<memory>2</memory>
			<networkBandwidth>1</networkBandwidth>
			<originalCluster>33</originalCluster>
		</Server>
		<Server id="1620">
			<id>1317</id>
			<cpuCores>1</cpuCores>
			<memory>1</memory>
			<networkBandwidth>1</networkBandwidth>
			<originalCluster>153</originalCluster>
		</Server>
		<Server id="1621">
			<id>1318</id>
			<cpuCores>1</cpuCores>
			<memory>13</memory>
			<networkBandwidth>1</networkBandwidth>
			<originalCluster>234</originalCluster>
		</Server>
		<Server id="1622">
			<id>1319</id>
			<cpuCores>1</cpuCores>
			<memory>1</memory>
			<networkBandwidth>2</networkBandwidth>
			<originalCluster>172</originalCluster>
		</Server>
		<Server id="1623">
			<id>1320</id>
			<cpuCores>1</cpuCores>
			<memory>1</memory>
			<networkBandwidth>1</networkBandwidth>
			<originalCluster>220</originalCluster>
		</Server>
		<Server id="1624">
			<id>1321</id>
			<cpuCores>1</cpuCores>
			<memory>1</memory>
			<networkBandwidth>1</networkBandwidth>
			<originalCluster>201</originalCluster>
		</Server>
		<Server id="1625">
			<id>1322</id>
			<cpuCores>1</cpuCores>
			<memory>1</memory>
			<networkBandwidth>1</networkBandwidth>
			<originalCluster>155</originalCluster>
		</Server>
		<Server id="1626">
			<id>1323</id>
			<cpuCores>3</cpuCores>
			<memory>1</memory>
			<networkBandwidth>1</networkBandwidth>
			<originalCluster>91</originalCluster>
		</Server>
		<Server id="1627">
			<id>1324</id>
			<cpuCores>1</cpuCores>
			<memory>1</memory>
			<networkBandwidth>6</networkBandwidth>
			<originalCluster>235</originalCluster>
		</Server>
		<Server id="1628">
			<id>1325</id>
			<cpuCores>1</cpuCores>
			<memory>1</memory>
			<networkBandwidth>1</networkBandwidth>
			<originalCluster>173</originalCluster>
		</Server>
		<Server id="1629">
			<id>1326</id>
			<cpuCores>1</cpuCores>
			<memory>1</memory>
			<networkBandwidth>4</networkBandwidth>
			<originalCluster>257</originalCluster>
		</Server>
		<Server id="1630">
			<id>1327</id>
			<cpuCores>1</cpuCores>
			<memory>12</memory>
			<networkBandwidth>1</networkBandwidth>
			<originalCluster>214</originalCluster>
		</Server>
		<Server id="1631">
			<id>1328</id>
			<cpuCores>1</cpuCores>
			<memory>1</memory>
			<networkBandwidth>5</networkBandwidth>
			<originalCluster>62</originalCluster>
		</Server>
		<Server id="1632">
			<id>1329</id>
			<cpuCores>8</cpuCores>
			<memory>2</memory>
			<networkBandwidth>5</networkBandwidth>
			<originalCluster>38</originalCluster>
		</Server>
		<Server id="1633">
			<id>1330</id>
			<cpuCores>2</cpuCores>
			<memory>1</memory>
			<networkBandwidth>3</networkBandwidth>
			<originalCluster>217</originalCluster>
		</Server>
		<Server id="1634">
			<id>1331</id>
			<cpuCores>1</cpuCores>
			<memory>1</memory>
			<networkBandwidth>2</networkBandwidth>
			<originalCluster>196</originalCluster>
		</Server>
		<Server id="1635">
			<id>1332</id>
			<cpuCores>1</cpuCores>
			<memory>1</memory>
			<networkBandwidth>1</networkBandwidth>
			<originalCluster>241</originalCluster>
		</Server>
		<Server id="1636">
			<id>1333</id>
			<cpuCores>5</cpuCores>
			<memory>20</memory>
			<networkBandwidth>1</networkBandwidth>
			<originalCluster>123</originalCluster>
		</Server>
		<Server id="1637">
			<id>1334</id>
			<cpuCores>1</cpuCores>
			<memory>1</memory>
			<networkBandwidth>1</networkBandwidth>
			<originalCluster>34</originalCluster>
		</Server>
		<Server id="1638">
			<id>1335</id>
			<cpuCores>1</cpuCores>
			<memory>1</memory>
			<networkBandwidth>1</networkBandwidth>
			<originalCluster>91</originalCluster>
		</Server>
		<Server id="1639">
			<id>1336</id>
			<cpuCores>12</cpuCores>
			<memory>5</memory>
			<networkBandwidth>1</networkBandwidth>
		</Server>
		<Server id="1640">
			<id>1337</id>
			<cpuCores>1</cpuCores>
			<memory>1</memory>
			<networkBandwidth>1</networkBandwidth>
			<originalCluster>193</originalCluster>
		</Server>
		<Server id="1641">
			<id>1338</id>
			<cpuCores>5</cpuCores>
			<memory>1</memory>
			<networkBandwidth>10</networkBandwidth>
			<originalCluster>104</originalCluster>
		</Server>
		<Server id="1642">
			<id>1339</id>
			<cpuCores>1</cpuCores>
			<memory>1</memory>
			<networkBandwidth>1</networkBandwidth>
			<originalCluster>296</originalCluster>
		</Server>
		<Server id="1643">
			<id>1340</id>
			<cpuCores>1</cpuCores>
			<memory>1</memory>
			<networkBandwidth>1</networkBandwidth>
			<originalCluster>22</originalCluster>
		</Server>
		<Server id="1644">
			<id>1341</id>
			<cpuCores>1</cpuCores>
			<memory>1</memory>
			<networkBandwidth>1</networkBandwidth>
			<originalCluster>42</originalCluster>
		</Server>
		<Server id="1645">
			<id>1342</id>
			<cpuCores>1</cpuCores>
			<memory>2</memory>
			<networkBandwidth>1</networkBandwidth>
			<originalCluster>126</originalCluster>
		</Server>
		<Server id="1646">
			<id>1343</id>
			<cpuCores>1</cpuCores>
			<memory>9</memory>
			<networkBandwidth>1</networkBandwidth>
			<originalCluster>146</originalCluster>
		</Server>
		<Server id="1647">
			<id>1344</id>
			<cpuCores>3</cpuCores>
			<memory>1</memory>
			<networkBandwidth>1</networkBandwidth>
			<originalCluster>35</originalCluster>
		</Server>
		<Server id="1648">
			<id>1345</id>
			<cpuCores>2</cpuCores>
			<memory>1</memory>
			<networkBandwidth>1</networkBandwidth>
			<originalCluster>167</originalCluster>
		</Server>
		<Server id="1649">
			<id>1346</id>
			<cpuCores>1</cpuCores>
			<memory>2</memory>
			<networkBandwidth>10</networkBandwidth>
			<originalCluster>37</originalCluster>
		</Server>
		<Server id="1650">
			<id>1347</id>
			<cpuCores>1</cpuCores>
			<memory>12</memory>
			<networkBandwidth>1</networkBandwidth>
			<originalCluster>20</originalCluster>
		</Server>
		<Server id="1651">
			<id>1348</id>
			<cpuCores>1</cpuCores>
			<memory>3</memory>
			<networkBandwidth>2</networkBandwidth>
			<originalCluster>59</originalCluster>
		</Server>
		<Server id="1652">
			<id>1349</id>
			<cpuCores>1</cpuCores>
			<memory>1</memory>
			<networkBandwidth>1</networkBandwidth>
			<originalCluster>250</originalCluster>
		</Server>
		<Server id="1653">
			<id>1350</id>
			<cpuCores>2</cpuCores>
			<memory>1</memory>
			<networkBandwidth>1</networkBandwidth>
			<originalCluster>132</originalCluster>
		</Server>
		<Server id="1654">
			<id>1351</id>
			<cpuCores>1</cpuCores>
			<memory>4</memory>
			<networkBandwidth>4</networkBandwidth>
			<originalCluster>245</originalCluster>
		</Server>
		<Server id="1655">
			<id>1352</id>
			<cpuCores>1</cpuCores>
			<memory>2</memory>
			<networkBandwidth>1</networkBandwidth>
			<originalCluster>86</originalCluster>
		</Server>
		<Server id="1656">
			<id>1353</id>
			<cpuCores>2</cpuCores>
			<memory>4</memory>
			<networkBandwidth>6</networkBandwidth>
			<originalCluster>131</originalCluster>
		</Server>
		<Server id="1657">
			<id>1354</id>
			<cpuCores>2</cpuCores>
			<memory>1</memory>
			<networkBandwidth>1</networkBandwidth>
			<originalCluster>26</originalCluster>
		</Server>
		<Server id="1658">
			<id>1355</id>
			<cpuCores>2</cpuCores>
			<memory>1</memory>
			<networkBandwidth>1</networkBandwidth>
			<originalCluster>109</originalCluster>
		</Server>
		<Server id="1659">
			<id>1356</id>
			<cpuCores>1</cpuCores>
			<memory>1</memory>
			<networkBandwidth>4</networkBandwidth>
			<originalCluster>173</originalCluster>
		</Server>
		<Server id="1660">
			<id>1357</id>
			<cpuCores>1</cpuCores>
			<memory>1</memory>
			<networkBandwidth>1</networkBandwidth>
			<originalCluster>172</originalCluster>
		</Server>
		<Server id="1661">
			<id>1358</id>
			<cpuCores>1</cpuCores>
			<memory>9</memory>
			<networkBandwidth>1</networkBandwidth>
			<originalCluster>166</originalCluster>
		</Server>
		<Server id="1662">
			<id>1359</id>
			<cpuCores>3</cpuCores>
			<memory>2</memory>
			<networkBandwidth>1</networkBandwidth>
			<originalCluster>298</originalCluster>
		</Server>
		<Server id="1663">
			<id>1360</id>
			<cpuCores>8</cpuCores>
			<memory>1</memory>
			<networkBandwidth>1</networkBandwidth>
			<originalCluster>271</originalCluster>
		</Server>
		<Server id="1664">
			<id>1361</id>
			<cpuCores>4</cpuCores>
			<memory>1</memory>
			<networkBandwidth>1</networkBandwidth>
			<originalCluster>57</originalCluster>
		</Server>
		<Server id="1665">
			<id>1362</id>
			<cpuCores>2</cpuCores>
			<memory>1</memory>
			<networkBandwidth>1</networkBandwidth>
			<originalCluster>239</originalCluster>
		</Server>
		<Server id="1666">
			<id>1363</id>
			<cpuCores>1</cpuCores>
			<memory>1</memory>
			<networkBandwidth>1</networkBandwidth>
			<originalCluster>176</originalCluster>
		</Server>
		<Server id="1667">
			<id>1364</id>
			<cpuCores>1</cpuCores>
			<memory>1</memory>
			<networkBandwidth>1</networkBandwidth>
			<originalCluster>167</originalCluster>
		</Server>
		<Server id="1668">
			<id>1365</id>
			<cpuCores>1</cpuCores>
			<memory>1</memory>
			<networkBandwidth>1</networkBandwidth>
			<originalCluster>295</originalCluster>
		</Server>
		<Server id="1669">
			<id>1366</id>
			<cpuCores>1</cpuCores>
			<memory>1</memory>
			<networkBandwidth>2</networkBandwidth>
			<originalCluster>248</originalCluster>
		</Server>
		<Server id="1670">
			<id>1367</id>
			<cpuCores>1</cpuCores>
			<memory>1</memory>
			<networkBandwidth>6</networkBandwidth>
			<originalCluster>291</originalCluster>
		</Server>
		<Server id="1671">
			<id>1368</id>
			<cpuCores>1</cpuCores>
			<memory>2</memory>
			<networkBandwidth>1</networkBandwidth>
			<originalCluster>55</originalCluster>
		</Server>
		<Server id="1672">
			<id>1369</id>
			<cpuCores>1</cpuCores>
			<memory>1</memory>
			<networkBandwidth>1</networkBandwidth>
			<originalCluster>81</originalCluster>
		</Server>
		<Server id="1673">
			<id>1370</id>
			<cpuCores>2</cpuCores>
			<memory>3</memory>
			<networkBandwidth>1</networkBandwidth>
			<originalCluster>164</originalCluster>
		</Server>
		<Server id="1674">
			<id>1371</id>
			<cpuCores>1</cpuCores>
			<memory>1</memory>
			<networkBandwidth>6</networkBandwidth>
			<originalCluster>201</originalCluster>
		</Server>
		<Server id="1675">
			<id>1372</id>
			<cpuCores>1</cpuCores>
			<memory>14</memory>
			<networkBandwidth>1</networkBandwidth>
			<originalCluster>177</originalCluster>
		</Server>
		<Server id="1676">
			<id>1373</id>
			<cpuCores>1</cpuCores>
			<memory>2</memory>
			<networkBandwidth>2</networkBandwidth>
			<originalCluster>73</originalCluster>
		</Server>
		<Server id="1677">
			<id>1374</id>
			<cpuCores>7</cpuCores>
			<memory>29</memory>
			<networkBandwidth>6</networkBandwidth>
			<originalCluster>65</originalCluster>
		</Server>
		<Server id="1678">
			<id>1375</id>
			<cpuCores>5</cpuCores>
			<memory>16</memory>
			<networkBandwidth>3</networkBandwidth>
			<originalCluster>290</originalCluster>
		</Server>
		<Server id="1679">
			<id>1376</id>
			<cpuCores>3</cpuCores>
			<memory>1</memory>
			<networkBandwidth>1</networkBandwidth>
			<originalCluster>120</originalCluster>
		</Server>
		<Server id="1680">
			<id>1377</id>
			<cpuCores>1</cpuCores>
			<memory>15</memory>
			<networkBandwidth>5</networkBandwidth>
			<originalCluster>72</originalCluster>
		</Server>
		<Server id="1681">
			<id>1378</id>
			<cpuCores>1</cpuCores>
			<memory>8</memory>
			<networkBandwidth>3</networkBandwidth>
			<originalCluster>188</originalCluster>
		</Server>
		<Server id="1682">
			<id>1379</id>
			<cpuCores>1</cpuCores>
			<memory>6</memory>
			<networkBandwidth>8</networkBandwidth>
			<originalCluster>140</originalCluster>
		</Server>
		<Server id="1683">
			<id>1380</id>
			<cpuCores>7</cpuCores>
			<memory>5</memory>
			<networkBandwidth>1</networkBandwidth>
			<originalCluster>88</originalCluster>
		</Server>
		<Server id="1684">
			<id>1381</id>
			<cpuCores>1</cpuCores>
			<memory>3</memory>
			<networkBandwidth>1</networkBandwidth>
			<originalCluster>209</originalCluster>
		</Server>
		<Server id="1685">
			<id>1382</id>
			<cpuCores>1</cpuCores>
			<memory>1</memory>
			<networkBandwidth>1</networkBandwidth>
			<originalCluster>62</originalCluster>
		</Server>
		<Server id="1686">
			<id>1383</id>
			<cpuCores>1</cpuCores>
			<memory>1</memory>
			<networkBandwidth>1</networkBandwidth>
			<originalCluster>178</originalCluster>
		</Server>
		<Server id="1687">
			<id>1384</id>
			<cpuCores>1</cpuCores>
			<memory>1</memory>
			<networkBandwidth>2</networkBandwidth>
			<originalCluster>202</originalCluster>
		</Server>
		<Server id="1688">
			<id>1385</id>
			<cpuCores>1</cpuCores>
			<memory>1</memory>
			<networkBandwidth>2</networkBandwidth>
			<originalCluster>205</originalCluster>
		</Server>
		<Server id="1689">
			<id>1386</id>
			<cpuCores>12</cpuCores>
			<memory>9</memory>
			<networkBandwidth>1</networkBandwidth>
		</Server>
		<Server id="1690">
			<id>1387</id>
			<cpuCores>1</cpuCores>
			<memory>1</memory>
			<networkBandwidth>1</networkBandwidth>
			<originalCluster>280</originalCluster>
		</Server>
		<Server id="1691">
			<id>1388</id>
			<cpuCores>1</cpuCores>
			<memory>3</memory>
			<networkBandwidth>2</networkBandwidth>
			<originalCluster>43</originalCluster>
		</Server>
		<Server id="1692">
			<id>1389</id>
			<cpuCores>1</cpuCores>
			<memory>20</memory>
			<networkBandwidth>1</networkBandwidth>
			<originalCluster>91</originalCluster>
		</Server>
		<Server id="1693">
			<id>1390</id>
			<cpuCores>1</cpuCores>
			<memory>3</memory>
			<networkBandwidth>1</networkBandwidth>
			<originalCluster>38</originalCluster>
		</Server>
		<Server id="1694">
			<id>1391</id>
			<cpuCores>1</cpuCores>
			<memory>3</memory>
			<networkBandwidth>3</networkBandwidth>
			<originalCluster>13</originalCluster>
		</Server>
		<Server id="1695">
			<id>1392</id>
			<cpuCores>1</cpuCores>
			<memory>1</memory>
			<networkBandwidth>1</networkBandwidth>
			<originalCluster>50</originalCluster>
		</Server>
		<Server id="1696">
			<id>1393</id>
			<cpuCores>1</cpuCores>
			<memory>3</memory>
			<networkBandwidth>1</networkBandwidth>
			<originalCluster>280</originalCluster>
		</Server>
		<Server id="1697">
			<id>1394</id>
			<cpuCores>3</cpuCores>
			<memory>1</memory>
			<networkBandwidth>3</networkBandwidth>
			<originalCluster>190</originalCluster>
		</Server>
		<Server id="1698">
			<id>1395</id>
			<cpuCores>1</cpuCores>
			<memory>10</memory>
			<networkBandwidth>3</networkBandwidth>
			<originalCluster>221</originalCluster>
		</Server>
		<Server id="1699">
			<id>1396</id>
			<cpuCores>1</cpuCores>
			<memory>2</memory>
			<networkBandwidth>1</networkBandwidth>
			<originalCluster>160</originalCluster>
		</Server>
		<Server id="1700">
			<id>1397</id>
			<cpuCores>1</cpuCores>
			<memory>24</memory>
			<networkBandwidth>1</networkBandwidth>
			<originalCluster>89</originalCluster>
		</Server>
		<Server id="1701">
			<id>1398</id>
			<cpuCores>1</cpuCores>
			<memory>1</memory>
			<networkBandwidth>1</networkBandwidth>
			<originalCluster>203</originalCluster>
		</Server>
		<Server id="1702">
			<id>1399</id>
			<cpuCores>3</cpuCores>
			<memory>1</memory>
			<networkBandwidth>1</networkBandwidth>
			<originalCluster>192</originalCluster>
		</Server>
		<Server id="1703">
			<id>1400</id>
			<cpuCores>1</cpuCores>
			<memory>1</memory>
			<networkBandwidth>2</networkBandwidth>
			<originalCluster>292</originalCluster>
		</Server>
		<Server id="1704">
			<id>1401</id>
			<cpuCores>6</cpuCores>
			<memory>3</memory>
			<networkBandwidth>12</networkBandwidth>
		</Server>
		<Server id="1705">
			<id>1402</id>
			<cpuCores>3</cpuCores>
			<memory>1</memory>
			<networkBandwidth>1</networkBandwidth>
			<originalCluster>113</originalCluster>
		</Server>
		<Server id="1706">
			<id>1403</id>
			<cpuCores>1</cpuCores>
			<memory>1</memory>
			<networkBandwidth>1</networkBandwidth>
			<originalCluster>152</originalCluster>
		</Server>
		<Server id="1707">
			<id>1404</id>
			<cpuCores>1</cpuCores>
			<memory>1</memory>
			<networkBandwidth>1</networkBandwidth>
			<originalCluster>207</originalCluster>
		</Server>
		<Server id="1708">
			<id>1405</id>
			<cpuCores>1</cpuCores>
			<memory>1</memory>
			<networkBandwidth>6</networkBandwidth>
			<originalCluster>277</originalCluster>
		</Server>
		<Server id="1709">
			<id>1406</id>
			<cpuCores>1</cpuCores>
			<memory>1</memory>
			<networkBandwidth>1</networkBandwidth>
			<originalCluster>237</originalCluster>
		</Server>
		<Server id="1710">
			<id>1407</id>
			<cpuCores>8</cpuCores>
			<memory>1</memory>
			<networkBandwidth>1</networkBandwidth>
		</Server>
		<Server id="1711">
			<id>1408</id>
			<cpuCores>1</cpuCores>
			<memory>5</memory>
			<networkBandwidth>1</networkBandwidth>
			<originalCluster>87</originalCluster>
		</Server>
		<Server id="1712">
			<id>1409</id>
			<cpuCores>1</cpuCores>
			<memory>1</memory>
			<networkBandwidth>1</networkBandwidth>
			<originalCluster>129</originalCluster>
		</Server>
		<Server id="1713">
			<id>1410</id>
			<cpuCores>1</cpuCores>
			<memory>2</memory>
			<networkBandwidth>1</networkBandwidth>
			<originalCluster>103</originalCluster>
		</Server>
		<Server id="1714">
			<id>1411</id>
			<cpuCores>1</cpuCores>
			<memory>1</memory>
			<networkBandwidth>7</networkBandwidth>
			<originalCluster>26</originalCluster>
		</Server>
		<Server id="1715">
			<id>1412</id>
			<cpuCores>3</cpuCores>
			<memory>1</memory>
			<networkBandwidth>1</networkBandwidth>
			<originalCluster>9</originalCluster>
		</Server>
		<Server id="1716">
			<id>1413</id>
			<cpuCores>1</cpuCores>
			<memory>1</memory>
			<networkBandwidth>2</networkBandwidth>
			<originalCluster>226</originalCluster>
		</Server>
		<Server id="1717">
			<id>1414</id>
			<cpuCores>1</cpuCores>
			<memory>1</memory>
			<networkBandwidth>1</networkBandwidth>
			<originalCluster>90</originalCluster>
		</Server>
		<Server id="1718">
			<id>1415</id>
			<cpuCores>1</cpuCores>
			<memory>17</memory>
			<networkBandwidth>1</networkBandwidth>
			<originalCluster>260</originalCluster>
		</Server>
		<Server id="1719">
			<id>1416</id>
			<cpuCores>1</cpuCores>
			<memory>15</memory>
			<networkBandwidth>1</networkBandwidth>
			<originalCluster>227</originalCluster>
		</Server>
		<Server id="1720">
			<id>1417</id>
			<cpuCores>1</cpuCores>
			<memory>1</memory>
			<networkBandwidth>1</networkBandwidth>
			<originalCluster>3</originalCluster>
		</Server>
		<Server id="1721">
			<id>1418</id>
			<cpuCores>1</cpuCores>
			<memory>1</memory>
			<networkBandwidth>1</networkBandwidth>
			<originalCluster>211</originalCluster>
		</Server>
		<Server id="1722">
			<id>1419</id>
			<cpuCores>10</cpuCores>
			<memory>7</memory>
			<networkBandwidth>9</networkBandwidth>
			<originalCluster>0</originalCluster>
		</Server>
		<Server id="1723">
			<id>1420</id>
			<cpuCores>1</cpuCores>
			<memory>1</memory>
			<networkBandwidth>1</networkBandwidth>
			<originalCluster>144</originalCluster>
		</Server>
		<Server id="1724">
			<id>1421</id>
			<cpuCores>1</cpuCores>
			<memory>1</memory>
			<networkBandwidth>2</networkBandwidth>
			<originalCluster>18</originalCluster>
		</Server>
		<Server id="1725">
			<id>1422</id>
			<cpuCores>1</cpuCores>
			<memory>1</memory>
			<networkBandwidth>1</networkBandwidth>
			<originalCluster>272</originalCluster>
		</Server>
		<Server id="1726">
			<id>1423</id>
			<cpuCores>2</cpuCores>
			<memory>4</memory>
			<networkBandwidth>3</networkBandwidth>
			<originalCluster>262</originalCluster>
		</Server>
		<Server id="1727">
			<id>1424</id>
			<cpuCores>1</cpuCores>
			<memory>1</memory>
			<networkBandwidth>2</networkBandwidth>
			<originalCluster>53</originalCluster>
		</Server>
		<Server id="1728">
			<id>1425</id>
			<cpuCores>12</cpuCores>
			<memory>1</memory>
			<networkBandwidth>5</networkBandwidth>
		</Server>
		<Server id="1729">
			<id>1426</id>
			<cpuCores>1</cpuCores>
			<memory>2</memory>
			<networkBandwidth>1</networkBandwidth>
			<originalCluster>181</originalCluster>
		</Server>
		<Server id="1730">
			<id>1427</id>
			<cpuCores>1</cpuCores>
			<memory>1</memory>
			<networkBandwidth>1</networkBandwidth>
			<originalCluster>139</originalCluster>
		</Server>
		<Server id="1731">
			<id>1428</id>
			<cpuCores>1</cpuCores>
			<memory>1</memory>
			<networkBandwidth>2</networkBandwidth>
			<originalCluster>213</originalCluster>
		</Server>
		<Server id="1732">
			<id>1429</id>
			<cpuCores>1</cpuCores>
			<memory>1</memory>
			<networkBandwidth>2</networkBandwidth>
			<originalCluster>234</originalCluster>
		</Server>
		<Server id="1733">
			<id>1430</id>
			<cpuCores>1</cpuCores>
			<memory>1</memory>
			<networkBandwidth>8</networkBandwidth>
			<originalCluster>185</originalCluster>
		</Server>
		<Server id="1734">
			<id>1431</id>
			<cpuCores>1</cpuCores>
			<memory>1</memory>
			<networkBandwidth>1</networkBandwidth>
			<originalCluster>225</originalCluster>
		</Server>
		<Server id="1735">
			<id>1432</id>
			<cpuCores>3</cpuCores>
			<memory>1</memory>
			<networkBandwidth>1</networkBandwidth>
			<originalCluster>172</originalCluster>
		</Server>
		<Server id="1736">
			<id>1433</id>
			<cpuCores>1</cpuCores>
			<memory>1</memory>
			<networkBandwidth>1</networkBandwidth>
			<originalCluster>107</originalCluster>
		</Server>
		<Server id="1737">
			<id>1434</id>
			<cpuCores>1</cpuCores>
			<memory>1</memory>
			<networkBandwidth>1</networkBandwidth>
			<originalCluster>216</originalCluster>
		</Server>
		<Server id="1738">
			<id>1435</id>
			<cpuCores>1</cpuCores>
			<memory>30</memory>
			<networkBandwidth>3</networkBandwidth>
			<originalCluster>146</originalCluster>
		</Server>
		<Server id="1739">
			<id>1436</id>
			<cpuCores>1</cpuCores>
			<memory>1</memory>
			<networkBandwidth>1</networkBandwidth>
			<originalCluster>107</originalCluster>
		</Server>
		<Server id="1740">
			<id>1437</id>
			<cpuCores>8</cpuCores>
			<memory>7</memory>
			<networkBandwidth>1</networkBandwidth>
			<originalCluster>24</originalCluster>
		</Server>
		<Server id="1741">
			<id>1438</id>
			<cpuCores>1</cpuCores>
			<memory>1</memory>
			<networkBandwidth>2</networkBandwidth>
			<originalCluster>240</originalCluster>
		</Server>
		<Server id="1742">
			<id>1439</id>
			<cpuCores>1</cpuCores>
			<memory>1</memory>
			<networkBandwidth>1</networkBandwidth>
			<originalCluster>80</originalCluster>
		</Server>
		<Server id="1743">
			<id>1440</id>
			<cpuCores>1</cpuCores>
			<memory>1</memory>
			<networkBandwidth>1</networkBandwidth>
			<originalCluster>132</originalCluster>
		</Server>
		<Server id="1744">
			<id>1441</id>
			<cpuCores>1</cpuCores>
			<memory>1</memory>
			<networkBandwidth>1</networkBandwidth>
			<originalCluster>16</originalCluster>
		</Server>
		<Server id="1745">
			<id>1442</id>
			<cpuCores>1</cpuCores>
			<memory>1</memory>
			<networkBandwidth>1</networkBandwidth>
			<originalCluster>272</originalCluster>
		</Server>
		<Server id="1746">
			<id>1443</id>
			<cpuCores>1</cpuCores>
			<memory>1</memory>
			<networkBandwidth>1</networkBandwidth>
			<originalCluster>64</originalCluster>
		</Server>
		<Server id="1747">
			<id>1444</id>
			<cpuCores>2</cpuCores>
			<memory>1</memory>
			<networkBandwidth>1</networkBandwidth>
			<originalCluster>77</originalCluster>
		</Server>
		<Server id="1748">
			<id>1445</id>
			<cpuCores>9</cpuCores>
			<memory>1</memory>
			<networkBandwidth>4</networkBandwidth>
			<originalCluster>201</originalCluster>
		</Server>
		<Server id="1749">
			<id>1446</id>
			<cpuCores>2</cpuCores>
			<memory>1</memory>
			<networkBandwidth>1</networkBandwidth>
			<originalCluster>248</originalCluster>
		</Server>
		<Server id="1750">
			<id>1447</id>
			<cpuCores>1</cpuCores>
			<memory>1</memory>
			<networkBandwidth>1</networkBandwidth>
			<originalCluster>96</originalCluster>
		</Server>
		<Server id="1751">
			<id>1448</id>
			<cpuCores>1</cpuCores>
			<memory>1</memory>
			<networkBandwidth>11</networkBandwidth>
			<originalCluster>26</originalCluster>
		</Server>
		<Server id="1752">
			<id>1449</id>
			<cpuCores>2</cpuCores>
			<memory>1</memory>
			<networkBandwidth>1</networkBandwidth>
			<originalCluster>165</originalCluster>
		</Server>
		<Server id="1753">
			<id>1450</id>
			<cpuCores>4</cpuCores>
			<memory>9</memory>
			<networkBandwidth>1</networkBandwidth>
			<originalCluster>20</originalCluster>
		</Server>
		<Server id="1754">
			<id>1451</id>
			<cpuCores>1</cpuCores>
			<memory>1</memory>
			<networkBandwidth>8</networkBandwidth>
			<originalCluster>200</originalCluster>
		</Server>
		<Server id="1755">
			<id>1452</id>
			<cpuCores>1</cpuCores>
			<memory>20</memory>
			<networkBandwidth>2</networkBandwidth>
			<originalCluster>293</originalCluster>
		</Server>
		<Server id="1756">
			<id>1453</id>
			<cpuCores>1</cpuCores>
			<memory>1</memory>
			<networkBandwidth>1</networkBandwidth>
			<originalCluster>97</originalCluster>
		</Server>
		<Server id="1757">
			<id>1454</id>
			<cpuCores>1</cpuCores>
			<memory>1</memory>
			<networkBandwidth>2</networkBandwidth>
			<originalCluster>287</originalCluster>
		</Server>
		<Server id="1758">
			<id>1455</id>
			<cpuCores>1</cpuCores>
			<memory>1</memory>
			<networkBandwidth>1</networkBandwidth>
			<originalCluster>165</originalCluster>
		</Server>
		<Server id="1759">
			<id>1456</id>
			<cpuCores>1</cpuCores>
			<memory>2</memory>
			<networkBandwidth>1</networkBandwidth>
			<originalCluster>119</originalCluster>
		</Server>
		<Server id="1760">
			<id>1457</id>
			<cpuCores>9</cpuCores>
			<memory>8</memory>
			<networkBandwidth>1</networkBandwidth>
			<originalCluster>43</originalCluster>
		</Server>
		<Server id="1761">
			<id>1458</id>
			<cpuCores>6</cpuCores>
			<memory>16</memory>
			<networkBandwidth>1</networkBandwidth>
			<originalCluster>212</originalCluster>
		</Server>
		<Server id="1762">
			<id>1459</id>
			<cpuCores>1</cpuCores>
			<memory>10</memory>
			<networkBandwidth>1</networkBandwidth>
			<originalCluster>32</originalCluster>
		</Server>
		<Server id="1763">
			<id>1460</id>
			<cpuCores>1</cpuCores>
			<memory>1</memory>
			<networkBandwidth>1</networkBandwidth>
			<originalCluster>70</originalCluster>
		</Server>
		<Server id="1764">
			<id>1461</id>
			<cpuCores>7</cpuCores>
			<memory>1</memory>
			<networkBandwidth>1</networkBandwidth>
			<originalCluster>162</originalCluster>
		</Server>
		<Server id="1765">
			<id>1462</id>
			<cpuCores>1</cpuCores>
			<memory>9</memory>
			<networkBandwidth>1</networkBandwidth>
			<originalCluster>226</originalCluster>
		</Server>
		<Server id="1766">
			<id>1463</id>
			<cpuCores>1</cpuCores>
			<memory>2</memory>
			<networkBandwidth>7</networkBandwidth>
			<originalCluster>47</originalCluster>
		</Server>
		<Server id="1767">
			<id>1464</id>
			<cpuCores>1</cpuCores>
			<memory>2</memory>
			<networkBandwidth>1</networkBandwidth>
			<originalCluster>218</originalCluster>
		</Server>
		<Server id="1768">
			<id>1465</id>
			<cpuCores>2</cpuCores>
			<memory>2</memory>
			<networkBandwidth>2</networkBandwidth>
		</Server>
		<Server id="1769">
			<id>1466</id>
			<cpuCores>3</cpuCores>
			<memory>8</memory>
			<networkBandwidth>5</networkBandwidth>
			<originalCluster>210</originalCluster>
		</Server>
		<Server id="1770">
			<id>1467</id>
			<cpuCores>1</cpuCores>
			<memory>1</memory>
			<networkBandwidth>1</networkBandwidth>
			<originalCluster>196</originalCluster>
		</Server>
		<Server id="1771">
			<id>1468</id>
			<cpuCores>2</cpuCores>
			<memory>3</memory>
			<networkBandwidth>1</networkBandwidth>
			<originalCluster>292</originalCluster>
		</Server>
		<Server id="1772">
			<id>1469</id>
			<cpuCores>1</cpuCores>
			<memory>2</memory>
			<networkBandwidth>6</networkBandwidth>
			<originalCluster>266</originalCluster>
		</Server>
		<Server id="1773">
			<id>1470</id>
			<cpuCores>1</cpuCores>
			<memory>1</memory>
			<networkBandwidth>3</networkBandwidth>
			<originalCluster>263</originalCluster>
		</Server>
		<Server id="1774">
			<id>1471</id>
			<cpuCores>1</cpuCores>
			<memory>1</memory>
			<networkBandwidth>1</networkBandwidth>
			<originalCluster>69</originalCluster>
		</Server>
		<Server id="1775">
			<id>1472</id>
			<cpuCores>1</cpuCores>
			<memory>1</memory>
			<networkBandwidth>1</networkBandwidth>
			<originalCluster>227</originalCluster>
		</Server>
		<Server id="1776">
			<id>1473</id>
			<cpuCores>2</cpuCores>
			<memory>11</memory>
			<networkBandwidth>1</networkBandwidth>
			<originalCluster>284</originalCluster>
		</Server>
		<Server id="1777">
			<id>1474</id>
			<cpuCores>1</cpuCores>
			<memory>1</memory>
			<networkBandwidth>3</networkBandwidth>
			<originalCluster>8</originalCluster>
		</Server>
		<Server id="1778">
			<id>1475</id>
			<cpuCores>1</cpuCores>
			<memory>1</memory>
			<networkBandwidth>2</networkBandwidth>
			<originalCluster>125</originalCluster>
		</Server>
		<Server id="1779">
			<id>1476</id>
			<cpuCores>1</cpuCores>
			<memory>1</memory>
			<networkBandwidth>1</networkBandwidth>
			<originalCluster>63</originalCluster>
		</Server>
		<Server id="1780">
			<id>1477</id>
			<cpuCores>4</cpuCores>
			<memory>1</memory>
			<networkBandwidth>1</networkBandwidth>
			<originalCluster>91</originalCluster>
		</Server>
		<Server id="1781">
			<id>1478</id>
			<cpuCores>2</cpuCores>
			<memory>1</memory>
			<networkBandwidth>1</networkBandwidth>
			<originalCluster>105</originalCluster>
		</Server>
		<Server id="1782">
			<id>1479</id>
			<cpuCores>1</cpuCores>
			<memory>1</memory>
			<networkBandwidth>5</networkBandwidth>
			<originalCluster>297</originalCluster>
		</Server>
		<Server id="1783">
			<id>1480</id>
			<cpuCores>1</cpuCores>
			<memory>26</memory>
			<networkBandwidth>1</networkBandwidth>
			<originalCluster>290</originalCluster>
		</Server>
		<Server id="1784">
			<id>1481</id>
			<cpuCores>1</cpuCores>
			<memory>1</memory>
			<networkBandwidth>8</networkBandwidth>
			<originalCluster>149</originalCluster>
		</Server>
		<Server id="1785">
			<id>1482</id>
			<cpuCores>1</cpuCores>
			<memory>26</memory>
			<networkBandwidth>1</networkBandwidth>
			<originalCluster>62</originalCluster>
		</Server>
		<Server id="1786">
			<id>1483</id>
			<cpuCores>1</cpuCores>
			<memory>1</memory>
			<networkBandwidth>8</networkBandwidth>
			<originalCluster>250</originalCluster>
		</Server>
		<Server id="1787">
			<id>1484</id>
			<cpuCores>12</cpuCores>
			<memory>22</memory>
			<networkBandwidth>6</networkBandwidth>
			<originalCluster>245</originalCluster>
		</Server>
		<Server id="1788">
			<id>1485</id>
			<cpuCores>2</cpuCores>
			<memory>1</memory>
			<networkBandwidth>1</networkBandwidth>
			<originalCluster>73</originalCluster>
		</Server>
		<Server id="1789">
			<id>1486</id>
			<cpuCores>1</cpuCores>
			<memory>1</memory>
			<networkBandwidth>12</networkBandwidth>
			<originalCluster>109</originalCluster>
		</Server>
		<Server id="1790">
			<id>1487</id>
			<cpuCores>1</cpuCores>
			<memory>2</memory>
			<networkBandwidth>2</networkBandwidth>
			<originalCluster>177</originalCluster>
		</Server>
		<Server id="1791">
			<id>1488</id>
			<cpuCores>2</cpuCores>
			<memory>1</memory>
			<networkBandwidth>1</networkBandwidth>
			<originalCluster>299</originalCluster>
		</Server>
		<Server id="1792">
			<id>1489</id>
			<cpuCores>5</cpuCores>
			<memory>1</memory>
			<networkBandwidth>1</networkBandwidth>
			<originalCluster>140</originalCluster>
		</Server>
		<Server id="1793">
			<id>1490</id>
			<cpuCores>1</cpuCores>
			<memory>1</memory>
			<networkBandwidth>3</networkBandwidth>
			<originalCluster>273</originalCluster>
		</Server>
		<Server id="1794">
			<id>1491</id>
			<cpuCores>1</cpuCores>
			<memory>2</memory>
			<networkBandwidth>3</networkBandwidth>
			<originalCluster>49</originalCluster>
		</Server>
		<Server id="1795">
			<id>1492</id>
			<cpuCores>6</cpuCores>
			<memory>1</memory>
			<networkBandwidth>3</networkBandwidth>
			<originalCluster>206</originalCluster>
		</Server>
		<Server id="1796">
			<id>1493</id>
			<cpuCores>2</cpuCores>
			<memory>32</memory>
			<networkBandwidth>1</networkBandwidth>
			<originalCluster>103</originalCluster>
		</Server>
		<Server id="1797">
			<id>1494</id>
			<cpuCores>2</cpuCores>
			<memory>2</memory>
			<networkBandwidth>1</networkBandwidth>
			<originalCluster>226</originalCluster>
		</Server>
		<Server id="1798">
			<id>1495</id>
			<cpuCores>9</cpuCores>
			<memory>1</memory>
			<networkBandwidth>12</networkBandwidth>
		</Server>
		<Server id="1799">
			<id>1496</id>
			<cpuCores>1</cpuCores>
			<memory>1</memory>
			<networkBandwidth>1</networkBandwidth>
			<originalCluster>201</originalCluster>
		</Server>
		<Server id="1800">
			<id>1497</id>
			<cpuCores>1</cpuCores>
			<memory>1</memory>
			<networkBandwidth>10</networkBandwidth>
			<originalCluster>4</originalCluster>
		</Server>
		<Server id="1801">
			<id>1498</id>
			<cpuCores>1</cpuCores>
			<memory>1</memory>
			<networkBandwidth>1</networkBandwidth>
			<originalCluster>67</originalCluster>
		</Server>
		<Server id="1802">
			<id>1499</id>
			<cpuCores>3</cpuCores>
			<memory>2</memory>
			<networkBandwidth>1</networkBandwidth>
			<originalCluster>136</originalCluster>
		</Server>
		<Server id="1803">
			<id>1500</id>
			<cpuCores>1</cpuCores>
			<memory>1</memory>
			<networkBandwidth>1</networkBandwidth>
			<originalCluster>272</originalCluster>
		</Server>
		<Server id="1804">
			<id>1501</id>
			<cpuCores>3</cpuCores>
			<memory>19</memory>
			<networkBandwidth>1</networkBandwidth>
			<originalCluster>103</originalCluster>
		</Server>
		<Server id="1805">
			<id>1502</id>
			<cpuCores>1</cpuCores>
			<memory>13</memory>
			<networkBandwidth>3</networkBandwidth>
			<originalCluster>60</originalCluster>
		</Server>
		<Server id="1806">
			<id>1503</id>
			<cpuCores>1</cpuCores>
			<memory>1</memory>
			<networkBandwidth>1</networkBandwidth>
			<originalCluster>110</originalCluster>
		</Server>
		<Server id="1807">
			<id>1504</id>
			<cpuCores>1</cpuCores>
			<memory>2</memory>
			<networkBandwidth>1</networkBandwidth>
			<originalCluster>72</originalCluster>
		</Server>
		<Server id="1808">
			<id>1505</id>
			<cpuCores>1</cpuCores>
			<memory>1</memory>
			<networkBandwidth>11</networkBandwidth>
			<originalCluster>204</originalCluster>
		</Server>
		<Server id="1809">
			<id>1506</id>
			<cpuCores>1</cpuCores>
			<memory>8</memory>
			<networkBandwidth>12</networkBandwidth>
			<originalCluster>263</originalCluster>
		</Server>
		<Server id="1810">
			<id>1507</id>
			<cpuCores>1</cpuCores>
			<memory>1</memory>
			<networkBandwidth>1</networkBandwidth>
			<originalCluster>112</originalCluster>
		</Server>
		<Server id="1811">
			<id>1508</id>
			<cpuCores>1</cpuCores>
			<memory>1</memory>
			<networkBandwidth>1</networkBandwidth>
			<originalCluster>92</originalCluster>
		</Server>
		<Server id="1812">
			<id>1509</id>
			<cpuCores>2</cpuCores>
			<memory>1</memory>
			<networkBandwidth>1</networkBandwidth>
			<originalCluster>26</originalCluster>
		</Server>
		<Server id="1813">
			<id>1510</id>
			<cpuCores>4</cpuCores>
			<memory>1</memory>
			<networkBandwidth>1</networkBandwidth>
			<originalCluster>141</originalCluster>
		</Server>
		<Server id="1814">
			<id>1511</id>
			<cpuCores>1</cpuCores>
			<memory>1</memory>
			<networkBandwidth>1</networkBandwidth>
			<originalCluster>263</originalCluster>
		</Server>
		<Server id="1815">
			<id>1512</id>
			<cpuCores>1</cpuCores>
			<memory>2</memory>
			<networkBandwidth>1</networkBandwidth>
			<originalCluster>9</originalCluster>
		</Server>
		<Server id="1816">
			<id>1513</id>
			<cpuCores>1</cpuCores>
			<memory>3</memory>
			<networkBandwidth>1</networkBandwidth>
		</Server>
		<Server id="1817">
			<id>1514</id>
			<cpuCores>1</cpuCores>
			<memory>1</memory>
			<networkBandwidth>1</networkBandwidth>
			<originalCluster>82</originalCluster>
		</Server>
		<Server id="1818">
			<id>1515</id>
			<cpuCores>1</cpuCores>
			<memory>1</memory>
			<networkBandwidth>1</networkBandwidth>
			<originalCluster>99</originalCluster>
		</Server>
		<Server id="1819">
			<id>1516</id>
			<cpuCores>1</cpuCores>
			<memory>1</memory>
			<networkBandwidth>2</networkBandwidth>
			<originalCluster>175</originalCluster>
		</Server>
		<Server id="1820">
			<id>1517</id>
			<cpuCores>1</cpuCores>
			<memory>2</memory>
			<networkBandwidth>1</networkBandwidth>
			<originalCluster>239</originalCluster>
		</Server>
		<Server id="1821">
			<id>1518</id>
			<cpuCores>1</cpuCores>
			<memory>18</memory>
			<networkBandwidth>1</networkBandwidth>
			<originalCluster>222</originalCluster>
		</Server>
		<Server id="1822">
			<id>1519</id>
			<cpuCores>1</cpuCores>
			<memory>3</memory>
			<networkBandwidth>1</networkBandwidth>
			<originalCluster>177</originalCluster>
		</Server>
		<Server id="1823">
			<id>1520</id>
			<cpuCores>3</cpuCores>
			<memory>2</memory>
			<networkBandwidth>1</networkBandwidth>
			<originalCluster>92</originalCluster>
		</Server>
		<Server id="1824">
			<id>1521</id>
			<cpuCores>1</cpuCores>
			<memory>6</memory>
			<networkBandwidth>1</networkBandwidth>
			<originalCluster>182</originalCluster>
		</Server>
		<Server id="1825">
			<id>1522</id>
			<cpuCores>2</cpuCores>
			<memory>32</memory>
			<networkBandwidth>1</networkBandwidth>
			<originalCluster>191</originalCluster>
		</Server>
		<Server id="1826">
			<id>1523</id>
			<cpuCores>2</cpuCores>
			<memory>1</memory>
			<networkBandwidth>1</networkBandwidth>
			<originalCluster>273</originalCluster>
		</Server>
		<Server id="1827">
			<id>1524</id>
			<cpuCores>1</cpuCores>
			<memory>9</memory>
			<networkBandwidth>1</networkBandwidth>
			<originalCluster>150</originalCluster>
		</Server>
		<Server id="1828">
			<id>1525</id>
			<cpuCores>2</cpuCores>
			<memory>1</memory>
			<networkBandwidth>5</networkBandwidth>
			<originalCluster>185</originalCluster>
		</Server>
		<Server id="1829">
			<id>1526</id>
			<cpuCores>3</cpuCores>
			<memory>29</memory>
			<networkBandwidth>1</networkBandwidth>
			<originalCluster>260</originalCluster>
		</Server>
		<Server id="1830">
			<id>1527</id>
			<cpuCores>1</cpuCores>
			<memory>1</memory>
			<networkBandwidth>1</networkBandwidth>
			<originalCluster>236</originalCluster>
		</Server>
		<Server id="1831">
			<id>1528</id>
			<cpuCores>12</cpuCores>
			<memory>23</memory>
			<networkBandwidth>1</networkBandwidth>
			<originalCluster>181</originalCluster>
		</Server>
		<Server id="1832">
			<id>1529</id>
			<cpuCores>1</cpuCores>
			<memory>2</memory>
			<networkBandwidth>8</networkBandwidth>
			<originalCluster>29</originalCluster>
		</Server>
		<Server id="1833">
			<id>1530</id>
			<cpuCores>1</cpuCores>
			<memory>1</memory>
			<networkBandwidth>3</networkBandwidth>
			<originalCluster>284</originalCluster>
		</Server>
		<Server id="1834">
			<id>1531</id>
			<cpuCores>5</cpuCores>
			<memory>1</memory>
			<networkBandwidth>1</networkBandwidth>
			<originalCluster>53</originalCluster>
		</Server>
		<Server id="1835">
			<id>1532</id>
			<cpuCores>1</cpuCores>
			<memory>1</memory>
			<networkBandwidth>1</networkBandwidth>
			<originalCluster>0</originalCluster>
		</Server>
		<Server id="1836">
			<id>1533</id>
			<cpuCores>1</cpuCores>
			<memory>1</memory>
			<networkBandwidth>1</networkBandwidth>
			<originalCluster>298</originalCluster>
		</Server>
		<Server id="1837">
			<id>1534</id>
			<cpuCores>4</cpuCores>
			<memory>1</memory>
			<networkBandwidth>1</networkBandwidth>
			<originalCluster>17</originalCluster>
		</Server>
		<Server id="1838">
			<id>1535</id>
			<cpuCores>3</cpuCores>
			<memory>17</memory>
			<networkBandwidth>1</networkBandwidth>
			<originalCluster>49</originalCluster>
		</Server>
		<Server id="1839">
			<id>1536</id>
			<cpuCores>1</cpuCores>
			<memory>1</memory>
			<networkBandwidth>1</networkBandwidth>
			<originalCluster>40</originalCluster>
		</Server>
		<Server id="1840">
			<id>1537</id>
			<cpuCores>1</cpuCores>
			<memory>2</memory>
			<networkBandwidth>8</networkBandwidth>
			<originalCluster>127</originalCluster>
		</Server>
		<Server id="1841">
			<id>1538</id>
			<cpuCores>3</cpuCores>
			<memory>2</memory>
			<networkBandwidth>4</networkBandwidth>
			<originalCluster>244</originalCluster>
		</Server>
		<Server id="1842">
			<id>1539</id>
			<cpuCores>1</cpuCores>
			<memory>1</memory>
			<networkBandwidth>1</networkBandwidth>
			<originalCluster>232</originalCluster>
		</Server>
		<Server id="1843">
			<id>1540</id>
			<cpuCores>4</cpuCores>
			<memory>3</memory>
			<networkBandwidth>11</networkBandwidth>
			<originalCluster>5</originalCluster>
		</Server>
		<Server id="1844">
			<id>1541</id>
			<cpuCores>1</cpuCores>
			<memory>7</memory>
			<networkBandwidth>1</networkBandwidth>
			<originalCluster>47</originalCluster>
		</Server>
		<Server id="1845">
			<id>1542</id>
			<cpuCores>1</cpuCores>
			<memory>1</memory>
			<networkBandwidth>1</networkBandwidth>
			<originalCluster>232</originalCluster>
		</Server>
		<Server id="1846">
			<id>1543</id>
			<cpuCores>1</cpuCores>
			<memory>1</memory>
			<networkBandwidth>1</networkBandwidth>
			<originalCluster>222</originalCluster>
		</Server>
		<Server id="1847">
			<id>1544</id>
			<cpuCores>2</cpuCores>
			<memory>1</memory>
			<networkBandwidth>1</networkBandwidth>
			<originalCluster>229</originalCluster>
		</Server>
		<Server id="1848">
			<id>1545</id>
			<cpuCores>1</cpuCores>
			<memory>7</memory>
			<networkBandwidth>1</networkBandwidth>
			<originalCluster>119</originalCluster>
		</Server>
		<Server id="1849">
			<id>1546</id>
			<cpuCores>1</cpuCores>
			<memory>1</memory>
			<networkBandwidth>1</networkBandwidth>
			<originalCluster>280</originalCluster>
		</Server>
		<Server id="1850">
			<id>1547</id>
			<cpuCores>3</cpuCores>
			<memory>26</memory>
			<networkBandwidth>1</networkBandwidth>
			<originalCluster>92</originalCluster>
		</Server>
		<Server id="1851">
			<id>1548</id>
			<cpuCores>1</cpuCores>
			<memory>2</memory>
			<networkBandwidth>1</networkBandwidth>
			<originalCluster>48</originalCluster>
		</Server>
		<Server id="1852">
			<id>1549</id>
			<cpuCores>1</cpuCores>
			<memory>1</memory>
			<networkBandwidth>5</networkBandwidth>
			<originalCluster>158</originalCluster>
		</Server>
		<Server id="1853">
			<id>1550</id>
			<cpuCores>4</cpuCores>
			<memory>3</memory>
			<networkBandwidth>1</networkBandwidth>
			<originalCluster>89</originalCluster>
		</Server>
		<Server id="1854">
			<id>1551</id>
			<cpuCores>1</cpuCores>
			<memory>1</memory>
			<networkBandwidth>1</networkBandwidth>
			<originalCluster>165</originalCluster>
		</Server>
		<Server id="1855">
			<id>1552</id>
			<cpuCores>1</cpuCores>
			<memory>1</memory>
			<networkBandwidth>10</networkBandwidth>
			<originalCluster>196</originalCluster>
		</Server>
		<Server id="1856">
			<id>1553</id>
			<cpuCores>1</cpuCores>
			<memory>1</memory>
			<networkBandwidth>1</networkBandwidth>
			<originalCluster>173</originalCluster>
		</Server>
		<Server id="1857">
			<id>1554</id>
			<cpuCores>1</cpuCores>
			<memory>16</memory>
			<networkBandwidth>1</networkBandwidth>
			<originalCluster>283</originalCluster>
		</Server>
		<Server id="1858">
			<id>1555</id>
			<cpuCores>1</cpuCores>
			<memory>1</memory>
			<networkBandwidth>1</networkBandwidth>
			<originalCluster>235</originalCluster>
		</Server>
		<Server id="1859">
			<id>1556</id>
			<cpuCores>1</cpuCores>
			<memory>1</memory>
			<networkBandwidth>1</networkBandwidth>
			<originalCluster>116</originalCluster>
		</Server>
		<Server id="1860">
			<id>1557</id>
			<cpuCores>2</cpuCores>
			<memory>7</memory>
			<networkBandwidth>1</networkBandwidth>
			<originalCluster>260</originalCluster>
		</Server>
		<Server id="1861">
			<id>1558</id>
			<cpuCores>3</cpuCores>
			<memory>4</memory>
			<networkBandwidth>1</networkBandwidth>
			<originalCluster>212</originalCluster>
		</Server>
		<Server id="1862">
			<id>1559</id>
			<cpuCores>1</cpuCores>
			<memory>1</memory>
			<networkBandwidth>1</networkBandwidth>
			<originalCluster>113</originalCluster>
		</Server>
		<Server id="1863">
			<id>1560</id>
			<cpuCores>2</cpuCores>
			<memory>6</memory>
			<networkBandwidth>5</networkBandwidth>
			<originalCluster>138</originalCluster>
		</Server>
		<Server id="1864">
			<id>1561</id>
			<cpuCores>9</cpuCores>
			<memory>1</memory>
			<networkBandwidth>10</networkBandwidth>
			<originalCluster>228</originalCluster>
		</Server>
		<Server id="1865">
			<id>1562</id>
			<cpuCores>7</cpuCores>
			<memory>16</memory>
			<networkBandwidth>2</networkBandwidth>
			<originalCluster>295</originalCluster>
		</Server>
		<Server id="1866">
			<id>1563</id>
			<cpuCores>1</cpuCores>
			<memory>1</memory>
			<networkBandwidth>10</networkBandwidth>
			<originalCluster>283</originalCluster>
		</Server>
		<Server id="1867">
			<id>1564</id>
			<cpuCores>1</cpuCores>
			<memory>1</memory>
			<networkBandwidth>5</networkBandwidth>
			<originalCluster>266</originalCluster>
		</Server>
		<Server id="1868">
			<id>1565</id>
			<cpuCores>1</cpuCores>
			<memory>19</memory>
			<networkBandwidth>1</networkBandwidth>
			<originalCluster>50</originalCluster>
		</Server>
		<Server id="1869">
			<id>1566</id>
			<cpuCores>1</cpuCores>
			<memory>13</memory>
			<networkBandwidth>1</networkBandwidth>
			<originalCluster>42</originalCluster>
		</Server>
		<Server id="1870">
			<id>1567</id>
			<cpuCores>1</cpuCores>
			<memory>1</memory>
			<networkBandwidth>1</networkBandwidth>
			<originalCluster>257</originalCluster>
		</Server>
		<Server id="1871">
			<id>1568</id>
			<cpuCores>4</cpuCores>
			<memory>4</memory>
			<networkBandwidth>10</networkBandwidth>
			<originalCluster>59</originalCluster>
		</Server>
		<Server id="1872">
			<id>1569</id>
			<cpuCores>1</cpuCores>
			<memory>1</memory>
			<networkBandwidth>11</networkBandwidth>
			<originalCluster>285</originalCluster>
		</Server>
		<Server id="1873">
			<id>1570</id>
			<cpuCores>1</cpuCores>
			<memory>20</memory>
			<networkBandwidth>1</networkBandwidth>
			<originalCluster>209</originalCluster>
		</Server>
		<Server id="1874">
			<id>1571</id>
			<cpuCores>1</cpuCores>
			<memory>1</memory>
			<networkBandwidth>1</networkBandwidth>
			<originalCluster>75</originalCluster>
		</Server>
		<Server id="1875">
			<id>1572</id>
			<cpuCores>1</cpuCores>
			<memory>10</memory>
			<networkBandwidth>1</networkBandwidth>
			<originalCluster>285</originalCluster>
		</Server>
		<Server id="1876">
			<id>1573</id>
			<cpuCores>1</cpuCores>
			<memory>13</memory>
			<networkBandwidth>1</networkBandwidth>
			<originalCluster>93</originalCluster>
		</Server>
		<Server id="1877">
			<id>1574</id>
			<cpuCores>2</cpuCores>
			<memory>1</memory>
			<networkBandwidth>1</networkBandwidth>
			<originalCluster>17</originalCluster>
		</Server>
		<Server id="1878">
			<id>1575</id>
			<cpuCores>1</cpuCores>
			<memory>1</memory>
			<networkBandwidth>2</networkBandwidth>
			<originalCluster>188</originalCluster>
		</Server>
		<Server id="1879">
			<id>1576</id>
			<cpuCores>1</cpuCores>
			<memory>1</memory>
			<networkBandwidth>1</networkBandwidth>
			<originalCluster>298</originalCluster>
		</Server>
		<Server id="1880">
			<id>1577</id>
			<cpuCores>1</cpuCores>
			<memory>1</memory>
			<networkBandwidth>10</networkBandwidth>
			<originalCluster>68</originalCluster>
		</Server>
		<Server id="1881">
			<id>1578</id>
			<cpuCores>1</cpuCores>
			<memory>1</memory>
			<networkBandwidth>1</networkBandwidth>
			<originalCluster>150</originalCluster>
		</Server>
		<Server id="1882">
			<id>1579</id>
			<cpuCores>1</cpuCores>
			<memory>1</memory>
			<networkBandwidth>1</networkBandwidth>
			<originalCluster>225</originalCluster>
		</Server>
		<Server id="1883">
			<id>1580</id>
			<cpuCores>1</cpuCores>
			<memory>1</memory>
			<networkBandwidth>1</networkBandwidth>
			<originalCluster>282</originalCluster>
		</Server>
		<Server id="1884">
			<id>1581</id>
			<cpuCores>1</cpuCores>
			<memory>6</memory>
			<networkBandwidth>1</networkBandwidth>
			<originalCluster>212</originalCluster>
		</Server>
		<Server id="1885">
			<id>1582</id>
			<cpuCores>7</cpuCores>
			<memory>1</memory>
			<networkBandwidth>1</networkBandwidth>
		</Server>
		<Server id="1886">
			<id>1583</id>
			<cpuCores>5</cpuCores>
			<memory>4</memory>
			<networkBandwidth>5</networkBandwidth>
			<originalCluster>61</originalCluster>
		</Server>
		<Server id="1887">
			<id>1584</id>
			<cpuCores>1</cpuCores>
			<memory>1</memory>
			<networkBandwidth>1</networkBandwidth>
			<originalCluster>294</originalCluster>
		</Server>
		<Server id="1888">
			<id>1585</id>
			<cpuCores>1</cpuCores>
			<memory>1</memory>
			<networkBandwidth>6</networkBandwidth>
			<originalCluster>282</originalCluster>
		</Server>
		<Server id="1889">
			<id>1586</id>
			<cpuCores>11</cpuCores>
			<memory>23</memory>
			<networkBandwidth>1</networkBandwidth>
			<originalCluster>48</originalCluster>
		</Server>
		<Server id="1890">
			<id>1587</id>
			<cpuCores>1</cpuCores>
			<memory>1</memory>
			<networkBandwidth>1</networkBandwidth>
			<originalCluster>84</originalCluster>
		</Server>
		<Server id="1891">
			<id>1588</id>
			<cpuCores>1</cpuCores>
			<memory>1</memory>
			<networkBandwidth>1</networkBandwidth>
			<originalCluster>53</originalCluster>
		</Server>
		<Server id="1892">
			<id>1589</id>
			<cpuCores>1</cpuCores>
			<memory>3</memory>
			<networkBandwidth>10</networkBandwidth>
			<originalCluster>259</originalCluster>
		</Server>
		<Server id="1893">
			<id>1590</id>
			<cpuCores>11</cpuCores>
			<memory>8</memory>
			<networkBandwidth>1</networkBandwidth>
		</Server>
		<Server id="1894">
			<id>1591</id>
			<cpuCores>1</cpuCores>
			<memory>1</memory>
			<networkBandwidth>2</networkBandwidth>
			<originalCluster>106</originalCluster>
		</Server>
		<Server id="1895">
			<id>1592</id>
			<cpuCores>1</cpuCores>
			<memory>4</memory>
			<networkBandwidth>3</networkBandwidth>
			<originalCluster>258</originalCluster>
		</Server>
		<Server id="1896">
			<id>1593</id>
			<cpuCores>1</cpuCores>
			<memory>1</memory>
			<networkBandwidth>1</networkBandwidth>
			<originalCluster>10</originalCluster>
		</Server>
		<Server id="1897">
			<id>1594</id>
			<cpuCores>12</cpuCores>
			<memory>8</memory>
			<networkBandwidth>5</networkBandwidth>
		</Server>
		<Server id="1898">
			<id>1595</id>
			<cpuCores>1</cpuCores>
			<memory>5</memory>
			<networkBandwidth>1</networkBandwidth>
			<originalCluster>57</originalCluster>
		</Server>
		<Server id="1899">
			<id>1596</id>
			<cpuCores>6</cpuCores>
			<memory>3</memory>
			<networkBandwidth>1</networkBandwidth>
			<originalCluster>201</originalCluster>
		</Server>
		<Server id="1900">
			<id>1597</id>
			<cpuCores>1</cpuCores>
			<memory>1</memory>
			<networkBandwidth>1</networkBandwidth>
			<originalCluster>134</originalCluster>
		</Server>
		<Server id="1901">
			<id>1598</id>
			<cpuCores>3</cpuCores>
			<memory>1</memory>
			<networkBandwidth>1</networkBandwidth>
			<originalCluster>200</originalCluster>
		</Server>
		<Server id="1902">
			<id>1599</id>
			<cpuCores>1</cpuCores>
			<memory>1</memory>
			<networkBandwidth>10</networkBandwidth>
			<originalCluster>56</originalCluster>
		</Server>
		<Server id="1903">
			<id>1600</id>
			<cpuCores>1</cpuCores>
			<memory>1</memory>
			<networkBandwidth>3</networkBandwidth>
			<originalCluster>169</originalCluster>
		</Server>
		<Server id="1904">
			<id>1601</id>
			<cpuCores>1</cpuCores>
			<memory>1</memory>
			<networkBandwidth>1</networkBandwidth>
			<originalCluster>106</originalCluster>
		</Server>
		<Server id="1905">
			<id>1602</id>
			<cpuCores>6</cpuCores>
			<memory>1</memory>
			<networkBandwidth>7</networkBandwidth>
			<originalCluster>235</originalCluster>
		</Server>
		<Server id="1906">
			<id>1603</id>
			<cpuCores>1</cpuCores>
			<memory>1</memory>
			<networkBandwidth>1</networkBandwidth>
			<originalCluster>192</originalCluster>
		</Server>
		<Server id="1907">
			<id>1604</id>
			<cpuCores>3</cpuCores>
			<memory>1</memory>
			<networkBandwidth>7</networkBandwidth>
			<originalCluster>271</originalCluster>
		</Server>
		<Server id="1908">
			<id>1605</id>
			<cpuCores>7</cpuCores>
			<memory>1</memory>
			<networkBandwidth>1</networkBandwidth>
			<originalCluster>18</originalCluster>
		</Server>
		<Server id="1909">
			<id>1606</id>
			<cpuCores>1</cpuCores>
			<memory>1</memory>
			<networkBandwidth>6</networkBandwidth>
			<originalCluster>220</originalCluster>
		</Server>
		<Server id="1910">
			<id>1607</id>
			<cpuCores>2</cpuCores>
			<memory>1</memory>
			<networkBandwidth>6</networkBandwidth>
			<originalCluster>189</originalCluster>
		</Server>
		<Server id="1911">
			<id>1608</id>
			<cpuCores>1</cpuCores>
			<memory>4</memory>
			<networkBandwidth>1</networkBandwidth>
			<originalCluster>222</originalCluster>
		</Server>
		<Server id="1912">
			<id>1609</id>
			<cpuCores>7</cpuCores>
			<memory>2</memory>
			<networkBandwidth>3</networkBandwidth>
			<originalCluster>195</originalCluster>
		</Server>
		<Server id="1913">
			<id>1610</id>
			<cpuCores>1</cpuCores>
			<memory>1</memory>
			<networkBandwidth>1</networkBandwidth>
			<originalCluster>220</originalCluster>
		</Server>
		<Server id="1914">
			<id>1611</id>
			<cpuCores>2</cpuCores>
			<memory>1</memory>
			<networkBandwidth>1</networkBandwidth>
			<originalCluster>262</originalCluster>
		</Server>
		<Server id="1915">
			<id>1612</id>
			<cpuCores>2</cpuCores>
			<memory>2</memory>
			<networkBandwidth>1</networkBandwidth>
			<originalCluster>20</originalCluster>
		</Server>
		<Server id="1916">
			<id>1613</id>
			<cpuCores>1</cpuCores>
			<memory>1</memory>
			<networkBandwidth>1</networkBandwidth>
			<originalCluster>217</originalCluster>
		</Server>
		<Server id="1917">
			<id>1614</id>
			<cpuCores>9</cpuCores>
			<memory>1</memory>
			<networkBandwidth>1</networkBandwidth>
		</Server>
		<Server id="1918">
			<id>1615</id>
			<cpuCores>10</cpuCores>
			<memory>2</memory>
			<networkBandwidth>5</networkBandwidth>
		</Server>
		<Server id="1919">
			<id>1616</id>
			<cpuCores>3</cpuCores>
			<memory>26</memory>
			<networkBandwidth>1</networkBandwidth>
			<originalCluster>283</originalCluster>
		</Server>
		<Server id="1920">
			<id>1617</id>
			<cpuCores>2</cpuCores>
			<memory>1</memory>
			<networkBandwidth>2</networkBandwidth>
			<originalCluster>152</originalCluster>
		</Server>
		<Server id="1921">
			<id>1618</id>
			<cpuCores>1</cpuCores>
			<memory>1</memory>
			<networkBandwidth>1</networkBandwidth>
			<originalCluster>285</originalCluster>
		</Server>
		<Server id="1922">
			<id>1619</id>
			<cpuCores>8</cpuCores>
			<memory>2</memory>
			<networkBandwidth>1</networkBandwidth>
		</Server>
		<Server id="1923">
			<id>1620</id>
			<cpuCores>1</cpuCores>
			<memory>1</memory>
			<networkBandwidth>1</networkBandwidth>
			<originalCluster>128</originalCluster>
		</Server>
		<Server id="1924">
			<id>1621</id>
			<cpuCores>1</cpuCores>
			<memory>1</memory>
			<networkBandwidth>1</networkBandwidth>
			<originalCluster>256</originalCluster>
		</Server>
		<Server id="1925">
			<id>1622</id>
			<cpuCores>1</cpuCores>
			<memory>9</memory>
			<networkBandwidth>4</networkBandwidth>
			<originalCluster>226</originalCluster>
		</Server>
		<Server id="1926">
			<id>1623</id>
			<cpuCores>11</cpuCores>
			<memory>12</memory>
			<networkBandwidth>1</networkBandwidth>
		</Server>
		<Server id="1927">
			<id>1624</id>
			<cpuCores>7</cpuCores>
			<memory>1</memory>
			<networkBandwidth>1</networkBandwidth>
			<originalCluster>140</originalCluster>
		</Server>
		<Server id="1928">
			<id>1625</id>
			<cpuCores>1</cpuCores>
			<memory>5</memory>
			<networkBandwidth>1</networkBandwidth>
			<originalCluster>98</originalCluster>
		</Server>
		<Server id="1929">
			<id>1626</id>
			<cpuCores>1</cpuCores>
			<memory>21</memory>
			<networkBandwidth>1</networkBandwidth>
			<originalCluster>169</originalCluster>
		</Server>
		<Server id="1930">
			<id>1627</id>
			<cpuCores>1</cpuCores>
			<memory>10</memory>
			<networkBandwidth>2</networkBandwidth>
			<originalCluster>41</originalCluster>
		</Server>
		<Server id="1931">
			<id>1628</id>
			<cpuCores>1</cpuCores>
			<memory>1</memory>
			<networkBandwidth>12</networkBandwidth>
			<originalCluster>37</originalCluster>
		</Server>
		<Server id="1932">
			<id>1629</id>
			<cpuCores>10</cpuCores>
			<memory>1</memory>
			<networkBandwidth>10</networkBandwidth>
		</Server>
		<Server id="1933">
			<id>1630</id>
			<cpuCores>1</cpuCores>
			<memory>1</memory>
			<networkBandwidth>1</networkBandwidth>
			<originalCluster>214</originalCluster>
		</Server>
		<Server id="1934">
			<id>1631</id>
			<cpuCores>5</cpuCores>
			<memory>9</memory>
			<networkBandwidth>1</networkBandwidth>
			<originalCluster>127</originalCluster>
		</Server>
		<Server id="1935">
			<id>1632</id>
			<cpuCores>1</cpuCores>
			<memory>1</memory>
			<networkBandwidth>1</networkBandwidth>
			<originalCluster>186</originalCluster>
		</Server>
		<Server id="1936">
			<id>1633</id>
			<cpuCores>1</cpuCores>
			<memory>16</memory>
			<networkBandwidth>1</networkBandwidth>
			<originalCluster>244</originalCluster>
		</Server>
		<Server id="1937">
			<id>1634</id>
			<cpuCores>1</cpuCores>
			<memory>28</memory>
			<networkBandwidth>1</networkBandwidth>
			<originalCluster>112</originalCluster>
		</Server>
		<Server id="1938">
			<id>1635</id>
			<cpuCores>11</cpuCores>
			<memory>30</memory>
			<networkBandwidth>1</networkBandwidth>
		</Server>
		<Server id="1939">
			<id>1636</id>
			<cpuCores>1</cpuCores>
			<memory>1</memory>
			<networkBandwidth>1</networkBandwidth>
			<originalCluster>24</originalCluster>
		</Server>
		<Server id="1940">
			<id>1637</id>
			<cpuCores>1</cpuCores>
			<memory>2</memory>
			<networkBandwidth>1</networkBandwidth>
			<originalCluster>209</originalCluster>
		</Server>
		<Server id="1941">
			<id>1638</id>
			<cpuCores>1</cpuCores>
			<memory>1</memory>
			<networkBandwidth>1</networkBandwidth>
			<originalCluster>91</originalCluster>
		</Server>
		<Server id="1942">
			<id>1639</id>
			<cpuCores>6</cpuCores>
			<memory>1</memory>
			<networkBandwidth>1</networkBandwidth>
			<originalCluster>192</originalCluster>
		</Server>
		<Server id="1943">
			<id>1640</id>
			<cpuCores>5</cpuCores>
			<memory>1</memory>
			<networkBandwidth>1</networkBandwidth>
			<originalCluster>119</originalCluster>
		</Server>
		<Server id="1944">
			<id>1641</id>
			<cpuCores>1</cpuCores>
			<memory>4</memory>
			<networkBandwidth>1</networkBandwidth>
			<originalCluster>295</originalCluster>
		</Server>
		<Server id="1945">
			<id>1642</id>
			<cpuCores>1</cpuCores>
			<memory>1</memory>
			<networkBandwidth>1</networkBandwidth>
			<originalCluster>75</originalCluster>
		</Server>
		<Server id="1946">
			<id>1643</id>
			<cpuCores>1</cpuCores>
			<memory>1</memory>
			<networkBandwidth>1</networkBandwidth>
			<originalCluster>39</originalCluster>
		</Server>
		<Server id="1947">
			<id>1644</id>
			<cpuCores>1</cpuCores>
			<memory>1</memory>
			<networkBandwidth>6</networkBandwidth>
			<originalCluster>85</originalCluster>
		</Server>
		<Server id="1948">
			<id>1645</id>
			<cpuCores>11</cpuCores>
			<memory>5</memory>
			<networkBandwidth>1</networkBandwidth>
		</Server>
		<Server id="1949">
			<id>1646</id>
			<cpuCores>1</cpuCores>
			<memory>7</memory>
			<networkBandwidth>1</networkBandwidth>
			<originalCluster>122</originalCluster>
		</Server>
		<Server id="1950">
			<id>1647</id>
			<cpuCores>1</cpuCores>
			<memory>1</memory>
			<networkBandwidth>1</networkBandwidth>
			<originalCluster>12</originalCluster>
		</Server>
		<Server id="1951">
			<id>1648</id>
			<cpuCores>1</cpuCores>
			<memory>1</memory>
			<networkBandwidth>1</networkBandwidth>
			<originalCluster>44</originalCluster>
		</Server>
		<Server id="1952">
			<id>1649</id>
			<cpuCores>1</cpuCores>
			<memory>1</memory>
			<networkBandwidth>1</networkBandwidth>
			<originalCluster>249</originalCluster>
		</Server>
		<Server id="1953">
			<id>1650</id>
			<cpuCores>1</cpuCores>
			<memory>1</memory>
			<networkBandwidth>1</networkBandwidth>
			<originalCluster>56</originalCluster>
		</Server>
		<Server id="1954">
			<id>1651</id>
			<cpuCores>1</cpuCores>
			<memory>3</memory>
			<networkBandwidth>1</networkBandwidth>
			<originalCluster>5</originalCluster>
		</Server>
		<Server id="1955">
			<id>1652</id>
			<cpuCores>4</cpuCores>
			<memory>1</memory>
			<networkBandwidth>2</networkBandwidth>
			<originalCluster>70</originalCluster>
		</Server>
		<Server id="1956">
			<id>1653</id>
			<cpuCores>1</cpuCores>
			<memory>5</memory>
			<networkBandwidth>7</networkBandwidth>
			<originalCluster>31</originalCluster>
		</Server>
		<Server id="1957">
			<id>1654</id>
			<cpuCores>1</cpuCores>
			<memory>1</memory>
			<networkBandwidth>1</networkBandwidth>
			<originalCluster>34</originalCluster>
		</Server>
		<Server id="1958">
			<id>1655</id>
			<cpuCores>1</cpuCores>
			<memory>1</memory>
			<networkBandwidth>1</networkBandwidth>
			<originalCluster>97</originalCluster>
		</Server>
		<Server id="1959">
			<id>1656</id>
			<cpuCores>1</cpuCores>
			<memory>4</memory>
			<networkBandwidth>1</networkBandwidth>
			<originalCluster>136</originalCluster>
		</Server>
		<Server id="1960">
			<id>1657</id>
			<cpuCores>1</cpuCores>
			<memory>12</memory>
			<networkBandwidth>1</networkBandwidth>
			<originalCluster>113</originalCluster>
		</Server>
		<Server id="1961">
			<id>1658</id>
			<cpuCores>1</cpuCores>
			<memory>1</memory>
			<networkBandwidth>10</networkBandwidth>
			<originalCluster>219</originalCluster>
		</Server>
		<Server id="1962">
			<id>1659</id>
			<cpuCores>1</cpuCores>
			<memory>1</memory>
			<networkBandwidth>1</networkBandwidth>
			<originalCluster>30</originalCluster>
		</Server>
		<Server id="1963">
			<id>1660</id>
			<cpuCores>4</cpuCores>
			<memory>1</memory>
			<networkBandwidth>1</networkBandwidth>
			<originalCluster>280</originalCluster>
		</Server>
		<Server id="1964">
			<id>1661</id>
			<cpuCores>1</cpuCores>
			<memory>1</memory>
			<networkBandwidth>5</networkBandwidth>
			<originalCluster>180</originalCluster>
		</Server>
		<Server id="1965">
			<id>1662</id>
			<cpuCores>1</cpuCores>
			<memory>1</memory>
			<networkBandwidth>1</networkBandwidth>
			<originalCluster>281</originalCluster>
		</Server>
		<Server id="1966">
			<id>1663</id>
			<cpuCores>1</cpuCores>
			<memory>1</memory>
			<networkBandwidth>1</networkBandwidth>
			<originalCluster>29</originalCluster>
		</Server>
		<Server id="1967">
			<id>1664</id>
			<cpuCores>1</cpuCores>
			<memory>8</memory>
			<networkBandwidth>2</networkBandwidth>
			<originalCluster>290</originalCluster>
		</Server>
		<Server id="1968">
			<id>1665</id>
			<cpuCores>5</cpuCores>
			<memory>1</memory>
			<networkBandwidth>2</networkBandwidth>
			<originalCluster>90</originalCluster>
		</Server>
		<Server id="1969">
			<id>1666</id>
			<cpuCores>1</cpuCores>
			<memory>1</memory>
			<networkBandwidth>9</networkBandwidth>
			<originalCluster>232</originalCluster>
		</Server>
		<Server id="1970">
			<id>1667</id>
			<cpuCores>1</cpuCores>
			<memory>1</memory>
			<networkBandwidth>1</networkBandwidth>
			<originalCluster>59</originalCluster>
		</Server>
		<Server id="1971">
			<id>1668</id>
			<cpuCores>3</cpuCores>
			<memory>1</memory>
			<networkBandwidth>9</networkBandwidth>
			<originalCluster>190</originalCluster>
		</Server>
		<Server id="1972">
			<id>1669</id>
			<cpuCores>6</cpuCores>
			<memory>1</memory>
			<networkBandwidth>1</networkBandwidth>
			<originalCluster>135</originalCluster>
		</Server>
		<Server id="1973">
			<id>1670</id>
			<cpuCores>5</cpuCores>
			<memory>1</memory>
			<networkBandwidth>8</networkBandwidth>
			<originalCluster>261</originalCluster>
		</Server>
		<Server id="1974">
			<id>1671</id>
			<cpuCores>2</cpuCores>
			<memory>6</memory>
			<networkBandwidth>1</networkBandwidth>
			<originalCluster>121</originalCluster>
		</Server>
		<Server id="1975">
			<id>1672</id>
			<cpuCores>1</cpuCores>
			<memory>2</memory>
			<networkBandwidth>8</networkBandwidth>
			<originalCluster>244</originalCluster>
		</Server>
		<Server id="1976">
			<id>1673</id>
			<cpuCores>2</cpuCores>
			<memory>1</memory>
			<networkBandwidth>1</networkBandwidth>
			<originalCluster>159</originalCluster>
		</Server>
		<Server id="1977">
			<id>1674</id>
			<cpuCores>3</cpuCores>
			<memory>1</memory>
			<networkBandwidth>6</networkBandwidth>
			<originalCluster>110</originalCluster>
		</Server>
		<Server id="1978">
			<id>1675</id>
			<cpuCores>1</cpuCores>
			<memory>1</memory>
			<networkBandwidth>2</networkBandwidth>
			<originalCluster>199</originalCluster>
		</Server>
		<Server id="1979">
			<id>1676</id>
			<cpuCores>3</cpuCores>
			<memory>1</memory>
			<networkBandwidth>1</networkBandwidth>
			<originalCluster>243</originalCluster>
		</Server>
		<Server id="1980">
			<id>1677</id>
			<cpuCores>1</cpuCores>
			<memory>1</memory>
			<networkBandwidth>12</networkBandwidth>
			<originalCluster>30</originalCluster>
		</Server>
		<Server id="1981">
			<id>1678</id>
			<cpuCores>2</cpuCores>
			<memory>1</memory>
			<networkBandwidth>1</networkBandwidth>
			<originalCluster>163</originalCluster>
		</Server>
		<Server id="1982">
			<id>1679</id>
			<cpuCores>9</cpuCores>
			<memory>11</memory>
			<networkBandwidth>7</networkBandwidth>
		</Server>
		<Server id="1983">
			<id>1680</id>
			<cpuCores>1</cpuCores>
			<memory>1</memory>
			<networkBandwidth>2</networkBandwidth>
			<originalCluster>141</originalCluster>
		</Server>
		<Server id="1984">
			<id>1681</id>
			<cpuCores>1</cpuCores>
			<memory>1</memory>
			<networkBandwidth>1</networkBandwidth>
			<originalCluster>75</originalCluster>
		</Server>
		<Server id="1985">
			<id>1682</id>
			<cpuCores>1</cpuCores>
			<memory>2</memory>
			<networkBandwidth>10</networkBandwidth>
			<originalCluster>186</originalCluster>
		</Server>
		<Server id="1986">
			<id>1683</id>
			<cpuCores>1</cpuCores>
			<memory>6</memory>
			<networkBandwidth>1</networkBandwidth>
			<originalCluster>252</originalCluster>
		</Server>
		<Server id="1987">
			<id>1684</id>
			<cpuCores>2</cpuCores>
			<memory>11</memory>
			<networkBandwidth>1</networkBandwidth>
			<originalCluster>169</originalCluster>
		</Server>
		<Server id="1988">
			<id>1685</id>
			<cpuCores>1</cpuCores>
			<memory>1</memory>
			<networkBandwidth>1</networkBandwidth>
			<originalCluster>220</originalCluster>
		</Server>
		<Server id="1989">
			<id>1686</id>
			<cpuCores>7</cpuCores>
			<memory>1</memory>
			<networkBandwidth>1</networkBandwidth>
			<originalCluster>57</originalCluster>
		</Server>
		<Server id="1990">
			<id>1687</id>
			<cpuCores>1</cpuCores>
			<memory>8</memory>
			<networkBandwidth>1</networkBandwidth>
			<originalCluster>119</originalCluster>
		</Server>
		<Server id="1991">
			<id>1688</id>
			<cpuCores>1</cpuCores>
			<memory>1</memory>
			<networkBandwidth>2</networkBandwidth>
			<originalCluster>183</originalCluster>
		</Server>
		<Server id="1992">
			<id>1689</id>
			<cpuCores>1</cpuCores>
			<memory>1</memory>
			<networkBandwidth>1</networkBandwidth>
			<originalCluster>25</originalCluster>
		</Server>
		<Server id="1993">
			<id>1690</id>
			<cpuCores>1</cpuCores>
			<memory>2</memory>
			<networkBandwidth>12</networkBandwidth>
			<originalCluster>161</originalCluster>
		</Server>
		<Server id="1994">
			<id>1691</id>
			<cpuCores>5</cpuCores>
			<memory>1</memory>
			<networkBandwidth>1</networkBandwidth>
			<originalCluster>255</originalCluster>
		</Server>
		<Server id="1995">
			<id>1692</id>
			<cpuCores>5</cpuCores>
			<memory>1</memory>
			<networkBandwidth>5</networkBandwidth>
			<originalCluster>91</originalCluster>
		</Server>
		<Server id="1996">
			<id>1693</id>
			<cpuCores>1</cpuCores>
			<memory>5</memory>
			<networkBandwidth>1</networkBandwidth>
			<originalCluster>265</originalCluster>
		</Server>
		<Server id="1997">
			<id>1694</id>
			<cpuCores>1</cpuCores>
			<memory>1</memory>
			<networkBandwidth>1</networkBandwidth>
			<originalCluster>285</originalCluster>
		</Server>
		<Server id="1998">
			<id>1695</id>
			<cpuCores>1</cpuCores>
			<memory>1</memory>
			<networkBandwidth>9</networkBandwidth>
			<originalCluster>75</originalCluster>
		</Server>
		<Server id="1999">
			<id>1696</id>
			<cpuCores>1</cpuCores>
			<memory>1</memory>
			<networkBandwidth>5</networkBandwidth>
			<originalCluster>258</originalCluster>
		</Server>
		<Server id="2000">
			<id>1697</id>
			<cpuCores>1</cpuCores>
			<memory>1</memory>
			<networkBandwidth>1</networkBandwidth>
			<originalCluster>47</originalCluster>
		</Server>
		<Server id="2001">
			<id>1698</id>
			<cpuCores>1</cpuCores>
			<memory>1</memory>
			<networkBandwidth>3</networkBandwidth>
			<originalCluster>86</originalCluster>
		</Server>
		<Server id="2002">
			<id>1699</id>
			<cpuCores>5</cpuCores>
			<memory>1</memory>
			<networkBandwidth>6</networkBandwidth>
			<originalCluster>185</originalCluster>
		</Server>
		<Server id="2003">
			<id>1700</id>
			<cpuCores>8</cpuCores>
			<memory>2</memory>
			<networkBandwidth>1</networkBandwidth>
		</Server>
		<Server id="2004">
			<id>1701</id>
			<cpuCores>1</cpuCores>
			<memory>1</memory>
			<networkBandwidth>2</networkBandwidth>
			<originalCluster>189</originalCluster>
		</Server>
		<Server id="2005">
			<id>1702</id>
			<cpuCores>1</cpuCores>
			<memory>1</memory>
			<networkBandwidth>10</networkBandwidth>
			<originalCluster>50</originalCluster>
		</Server>
		<Server id="2006">
			<id>1703</id>
			<cpuCores>4</cpuCores>
			<memory>14</memory>
			<networkBandwidth>1</networkBandwidth>
			<originalCluster>272</originalCluster>
		</Server>
		<Server id="2007">
			<id>1704</id>
			<cpuCores>6</cpuCores>
			<memory>3</memory>
			<networkBandwidth>3</networkBandwidth>
			<originalCluster>219</originalCluster>
		</Server>
		<Server id="2008">
			<id>1705</id>
			<cpuCores>1</cpuCores>
			<memory>13</memory>
			<networkBandwidth>1</networkBandwidth>
			<originalCluster>51</originalCluster>
		</Server>
		<Server id="2009">
			<id>1706</id>
			<cpuCores>9</cpuCores>
			<memory>1</memory>
			<networkBandwidth>1</networkBandwidth>
		</Server>
		<Server id="2010">
			<id>1707</id>
			<cpuCores>1</cpuCores>
			<memory>1</memory>
			<networkBandwidth>2</networkBandwidth>
			<originalCluster>246</originalCluster>
		</Server>
		<Server id="2011">
			<id>1708</id>
			<cpuCores>1</cpuCores>
			<memory>2</memory>
			<networkBandwidth>9</networkBandwidth>
			<originalCluster>100</originalCluster>
		</Server>
		<Server id="2012">
			<id>1709</id>
			<cpuCores>1</cpuCores>
			<memory>2</memory>
			<networkBandwidth>1</networkBandwidth>
			<originalCluster>42</originalCluster>
		</Server>
		<Server id="2013">
			<id>1710</id>
			<cpuCores>1</cpuCores>
			<memory>11</memory>
			<networkBandwidth>1</networkBandwidth>
			<originalCluster>51</originalCluster>
		</Server>
		<Server id="2014">
			<id>1711</id>
			<cpuCores>1</cpuCores>
			<memory>16</memory>
			<networkBandwidth>11</networkBandwidth>
			<originalCluster>89</originalCluster>
		</Server>
		<Server id="2015">
			<id>1712</id>
			<cpuCores>2</cpuCores>
			<memory>1</memory>
			<networkBandwidth>1</networkBandwidth>
			<originalCluster>197</originalCluster>
		</Server>
		<Server id="2016">
			<id>1713</id>
			<cpuCores>1</cpuCores>
			<memory>1</memory>
			<networkBandwidth>9</networkBandwidth>
			<originalCluster>111</originalCluster>
		</Server>
		<Server id="2017">
			<id>1714</id>
			<cpuCores>1</cpuCores>
			<memory>1</memory>
			<networkBandwidth>1</networkBandwidth>
			<originalCluster>199</originalCluster>
		</Server>
		<Server id="2018">
			<id>1715</id>
			<cpuCores>4</cpuCores>
			<memory>17</memory>
			<networkBandwidth>3</networkBandwidth>
			<originalCluster>189</originalCluster>
		</Server>
		<Server id="2019">
			<id>1716</id>
			<cpuCores>2</cpuCores>
			<memory>1</memory>
			<networkBandwidth>2</networkBandwidth>
			<originalCluster>94</originalCluster>
		</Server>
		<Server id="2020">
			<id>1717</id>
			<cpuCores>1</cpuCores>
			<memory>1</memory>
			<networkBandwidth>4</networkBandwidth>
			<originalCluster>18</originalCluster>
		</Server>
		<Server id="2021">
			<id>1718</id>
			<cpuCores>1</cpuCores>
			<memory>1</memory>
			<networkBandwidth>1</networkBandwidth>
			<originalCluster>254</originalCluster>
		</Server>
		<Server id="2022">
			<id>1719</id>
			<cpuCores>1</cpuCores>
			<memory>1</memory>
			<networkBandwidth>1</networkBandwidth>
			<originalCluster>43</originalCluster>
		</Server>
		<Server id="2023">
			<id>1720</id>
			<cpuCores>2</cpuCores>
			<memory>9</memory>
			<networkBandwidth>1</networkBandwidth>
			<originalCluster>92</originalCluster>
		</Server>
		<Server id="2024">
			<id>1721</id>
			<cpuCores>1</cpuCores>
			<memory>1</memory>
			<networkBandwidth>1</networkBandwidth>
			<originalCluster>66</originalCluster>
		</Server>
		<Server id="2025">
			<id>1722</id>
			<cpuCores>3</cpuCores>
			<memory>1</memory>
			<networkBandwidth>1</networkBandwidth>
			<originalCluster>138</originalCluster>
		</Server>
		<Server id="2026">
			<id>1723</id>
			<cpuCores>1</cpuCores>
			<memory>1</memory>
			<networkBandwidth>2</networkBandwidth>
			<originalCluster>45</originalCluster>
		</Server>
		<Server id="2027">
			<id>1724</id>
			<cpuCores>1</cpuCores>
			<memory>1</memory>
			<networkBandwidth>1</networkBandwidth>
			<originalCluster>228</originalCluster>
		</Server>
		<Server id="2028">
			<id>1725</id>
			<cpuCores>3</cpuCores>
			<memory>8</memory>
			<networkBandwidth>9</networkBandwidth>
			<originalCluster>201</originalCluster>
		</Server>
		<Server id="2029">
			<id>1726</id>
			<cpuCores>1</cpuCores>
			<memory>1</memory>
			<networkBandwidth>2</networkBandwidth>
			<originalCluster>142</originalCluster>
		</Server>
		<Server id="2030">
			<id>1727</id>
			<cpuCores>6</cpuCores>
			<memory>9</memory>
			<networkBandwidth>8</networkBandwidth>
			<originalCluster>147</originalCluster>
		</Server>
		<Server id="2031">
			<id>1728</id>
			<cpuCores>1</cpuCores>
			<memory>25</memory>
			<networkBandwidth>6</networkBandwidth>
			<originalCluster>234</originalCluster>
		</Server>
		<Server id="2032">
			<id>1729</id>
			<cpuCores>11</cpuCores>
			<memory>1</memory>
			<networkBandwidth>3</networkBandwidth>
		</Server>
		<Server id="2033">
			<id>1730</id>
			<cpuCores>1</cpuCores>
			<memory>19</memory>
			<networkBandwidth>10</networkBandwidth>
			<originalCluster>49</originalCluster>
		</Server>
		<Server id="2034">
			<id>1731</id>
			<cpuCores>1</cpuCores>
			<memory>6</memory>
			<networkBandwidth>1</networkBandwidth>
			<originalCluster>227</originalCluster>
		</Server>
		<Server id="2035">
			<id>1732</id>
			<cpuCores>1</cpuCores>
			<memory>1</memory>
			<networkBandwidth>1</networkBandwidth>
			<originalCluster>41</originalCluster>
		</Server>
		<Server id="2036">
			<id>1733</id>
			<cpuCores>7</cpuCores>
			<memory>1</memory>
			<networkBandwidth>1</networkBandwidth>
		</Server>
		<Server id="2037">
			<id>1734</id>
			<cpuCores>1</cpuCores>
			<memory>6</memory>
			<networkBandwidth>1</networkBandwidth>
			<originalCluster>121</originalCluster>
		</Server>
		<Server id="2038">
			<id>1735</id>
			<cpuCores>1</cpuCores>
			<memory>12</memory>
			<networkBandwidth>1</networkBandwidth>
			<originalCluster>205</originalCluster>
		</Server>
		<Server id="2039">
			<id>1736</id>
			<cpuCores>1</cpuCores>
			<memory>1</memory>
			<networkBandwidth>9</networkBandwidth>
			<originalCluster>174</originalCluster>
		</Server>
		<Server id="2040">
			<id>1737</id>
			<cpuCores>4</cpuCores>
			<memory>2</memory>
			<networkBandwidth>1</networkBandwidth>
			<originalCluster>170</originalCluster>
		</Server>
		<Server id="2041">
			<id>1738</id>
			<cpuCores>1</cpuCores>
			<memory>2</memory>
			<networkBandwidth>2</networkBandwidth>
			<originalCluster>150</originalCluster>
		</Server>
		<Server id="2042">
			<id>1739</id>
			<cpuCores>1</cpuCores>
			<memory>1</memory>
			<networkBandwidth>1</networkBandwidth>
			<originalCluster>276</originalCluster>
		</Server>
		<Server id="2043">
			<id>1740</id>
			<cpuCores>11</cpuCores>
			<memory>8</memory>
			<networkBandwidth>12</networkBandwidth>
		</Server>
		<Server id="2044">
			<id>1741</id>
			<cpuCores>1</cpuCores>
			<memory>5</memory>
			<networkBandwidth>1</networkBandwidth>
			<originalCluster>115</originalCluster>
		</Server>
		<Server id="2045">
			<id>1742</id>
			<cpuCores>1</cpuCores>
			<memory>1</memory>
			<networkBandwidth>1</networkBandwidth>
			<originalCluster>117</originalCluster>
		</Server>
		<Server id="2046">
			<id>1743</id>
			<cpuCores>1</cpuCores>
			<memory>2</memory>
			<networkBandwidth>1</networkBandwidth>
			<originalCluster>181</originalCluster>
		</Server>
		<Server id="2047">
			<id>1744</id>
			<cpuCores>1</cpuCores>
			<memory>1</memory>
			<networkBandwidth>1</networkBandwidth>
			<originalCluster>132</originalCluster>
		</Server>
		<Server id="2048">
			<id>1745</id>
			<cpuCores>1</cpuCores>
			<memory>1</memory>
			<networkBandwidth>2</networkBandwidth>
			<originalCluster>247</originalCluster>
		</Server>
		<Server id="2049">
			<id>1746</id>
			<cpuCores>1</cpuCores>
			<memory>6</memory>
			<networkBandwidth>1</networkBandwidth>
			<originalCluster>266</originalCluster>
		</Server>
		<Server id="2050">
			<id>1747</id>
			<cpuCores>3</cpuCores>
			<memory>1</memory>
			<networkBandwidth>1</networkBandwidth>
			<originalCluster>115</originalCluster>
		</Server>
		<Server id="2051">
			<id>1748</id>
			<cpuCores>4</cpuCores>
			<memory>1</memory>
			<networkBandwidth>8</networkBandwidth>
			<originalCluster>209</originalCluster>
		</Server>
		<Server id="2052">
			<id>1749</id>
			<cpuCores>2</cpuCores>
			<memory>2</memory>
			<networkBandwidth>7</networkBandwidth>
			<originalCluster>58</originalCluster>
		</Server>
		<Server id="2053">
			<id>1750</id>
			<cpuCores>8</cpuCores>
			<memory>9</memory>
			<networkBandwidth>2</networkBandwidth>
		</Server>
		<Server id="2054">
			<id>1751</id>
			<cpuCores>1</cpuCores>
			<memory>1</memory>
			<networkBandwidth>7</networkBandwidth>
			<originalCluster>296</originalCluster>
		</Server>
		<Server id="2055">
			<id>1752</id>
			<cpuCores>1</cpuCores>
			<memory>30</memory>
			<networkBandwidth>1</networkBandwidth>
			<originalCluster>76</originalCluster>
		</Server>
		<Server id="2056">
			<id>1753</id>
			<cpuCores>1</cpuCores>
			<memory>6</memory>
			<networkBandwidth>1</networkBandwidth>
			<originalCluster>297</originalCluster>
		</Server>
		<Server id="2057">
			<id>1754</id>
			<cpuCores>1</cpuCores>
			<memory>2</memory>
			<networkBandwidth>1</networkBandwidth>
			<originalCluster>183</originalCluster>
		</Server>
		<Server id="2058">
			<id>1755</id>
			<cpuCores>1</cpuCores>
			<memory>17</memory>
			<networkBandwidth>1</networkBandwidth>
			<originalCluster>62</originalCluster>
		</Server>
		<Server id="2059">
			<id>1756</id>
			<cpuCores>4</cpuCores>
			<memory>1</memory>
			<networkBandwidth>1</networkBandwidth>
			<originalCluster>162</originalCluster>
		</Server>
		<Server id="2060">
			<id>1757</id>
			<cpuCores>1</cpuCores>
			<memory>1</memory>
			<networkBandwidth>1</networkBandwidth>
			<originalCluster>147</originalCluster>
		</Server>
		<Server id="2061">
			<id>1758</id>
			<cpuCores>1</cpuCores>
			<memory>1</memory>
			<networkBandwidth>1</networkBandwidth>
			<originalCluster>121</originalCluster>
		</Server>
		<Server id="2062">
			<id>1759</id>
			<cpuCores>1</cpuCores>
			<memory>9</memory>
			<networkBandwidth>1</networkBandwidth>
			<originalCluster>244</originalCluster>
		</Server>
		<Server id="2063">
			<id>1760</id>
			<cpuCores>1</cpuCores>
			<memory>1</memory>
			<networkBandwidth>1</networkBandwidth>
			<originalCluster>146</originalCluster>
		</Server>
		<Server id="2064">
			<id>1761</id>
			<cpuCores>1</cpuCores>
			<memory>11</memory>
			<networkBandwidth>4</networkBandwidth>
			<originalCluster>280</originalCluster>
		</Server>
		<Server id="2065">
			<id>1762</id>
			<cpuCores>6</cpuCores>
			<memory>1</memory>
			<networkBandwidth>1</networkBandwidth>
			<originalCluster>103</originalCluster>
		</Server>
		<Server id="2066">
			<id>1763</id>
			<cpuCores>1</cpuCores>
			<memory>2</memory>
			<networkBandwidth>1</networkBandwidth>
			<originalCluster>220</originalCluster>
		</Server>
		<Server id="2067">
			<id>1764</id>
			<cpuCores>6</cpuCores>
			<memory>1</memory>
			<networkBandwidth>1</networkBandwidth>
			<originalCluster>246</originalCluster>
		</Server>
		<Server id="2068">
			<id>1765</id>
			<cpuCores>3</cpuCores>
			<memory>2</memory>
			<networkBandwidth>1</networkBandwidth>
			<originalCluster>268</originalCluster>
		</Server>
		<Server id="2069">
			<id>1766</id>
			<cpuCores>1</cpuCores>
			<memory>1</memory>
			<networkBandwidth>1</networkBandwidth>
			<originalCluster>115</originalCluster>
		</Server>
		<Server id="2070">
			<id>1767</id>
			<cpuCores>1</cpuCores>
			<memory>7</memory>
			<networkBandwidth>3</networkBandwidth>
			<originalCluster>128</originalCluster>
		</Server>
		<Server id="2071">
			<id>1768</id>
			<cpuCores>1</cpuCores>
			<memory>1</memory>
			<networkBandwidth>2</networkBandwidth>
			<originalCluster>100</originalCluster>
		</Server>
		<Server id="2072">
			<id>1769</id>
			<cpuCores>1</cpuCores>
			<memory>6</memory>
			<networkBandwidth>1</networkBandwidth>
			<originalCluster>121</originalCluster>
		</Server>
		<Server id="2073">
			<id>1770</id>
			<cpuCores>1</cpuCores>
			<memory>1</memory>
			<networkBandwidth>1</networkBandwidth>
			<originalCluster>191</originalCluster>
		</Server>
		<Server id="2074">
			<id>1771</id>
			<cpuCores>9</cpuCores>
			<memory>1</memory>
			<networkBandwidth>1</networkBandwidth>
		</Server>
		<Server id="2075">
			<id>1772</id>
			<cpuCores>1</cpuCores>
			<memory>2</memory>
			<networkBandwidth>1</networkBandwidth>
			<originalCluster>219</originalCluster>
		</Server>
		<Server id="2076">
			<id>1773</id>
			<cpuCores>1</cpuCores>
			<memory>1</memory>
			<networkBandwidth>1</networkBandwidth>
			<originalCluster>18</originalCluster>
		</Server>
		<Server id="2077">
			<id>1774</id>
			<cpuCores>1</cpuCores>
			<memory>1</memory>
			<networkBandwidth>1</networkBandwidth>
			<originalCluster>225</originalCluster>
		</Server>
		<Server id="2078">
			<id>1775</id>
			<cpuCores>1</cpuCores>
			<memory>20</memory>
			<networkBandwidth>6</networkBandwidth>
			<originalCluster>139</originalCluster>
		</Server>
		<Server id="2079">
			<id>1776</id>
			<cpuCores>1</cpuCores>
			<memory>21</memory>
			<networkBandwidth>1</networkBandwidth>
			<originalCluster>139</originalCluster>
		</Server>
		<Server id="2080">
			<id>1777</id>
			<cpuCores>11</cpuCores>
			<memory>2</memory>
			<networkBandwidth>1</networkBandwidth>
			<originalCluster>146</originalCluster>
		</Server>
		<Server id="2081">
			<id>1778</id>
			<cpuCores>10</cpuCores>
			<memory>1</memory>
			<networkBandwidth>10</networkBandwidth>
		</Server>
		<Server id="2082">
			<id>1779</id>
			<cpuCores>1</cpuCores>
			<memory>4</memory>
			<networkBandwidth>1</networkBandwidth>
			<originalCluster>275</originalCluster>
		</Server>
		<Server id="2083">
			<id>1780</id>
			<cpuCores>1</cpuCores>
			<memory>7</memory>
			<networkBandwidth>2</networkBandwidth>
			<originalCluster>227</originalCluster>
		</Server>
		<Server id="2084">
			<id>1781</id>
			<cpuCores>1</cpuCores>
			<memory>1</memory>
			<networkBandwidth>1</networkBandwidth>
			<originalCluster>168</originalCluster>
		</Server>
		<Server id="2085">
			<id>1782</id>
			<cpuCores>1</cpuCores>
			<memory>1</memory>
			<networkBandwidth>2</networkBandwidth>
			<originalCluster>245</originalCluster>
		</Server>
		<Server id="2086">
			<id>1783</id>
			<cpuCores>9</cpuCores>
			<memory>7</memory>
			<networkBandwidth>8</networkBandwidth>
			<originalCluster>35</originalCluster>
		</Server>
		<Server id="2087">
			<id>1784</id>
			<cpuCores>1</cpuCores>
			<memory>1</memory>
			<networkBandwidth>6</networkBandwidth>
			<originalCluster>155</originalCluster>
		</Server>
		<Server id="2088">
			<id>1785</id>
			<cpuCores>1</cpuCores>
			<memory>1</memory>
			<networkBandwidth>3</networkBandwidth>
			<originalCluster>31</originalCluster>
		</Server>
		<Server id="2089">
			<id>1786</id>
			<cpuCores>1</cpuCores>
			<memory>15</memory>
			<networkBandwidth>1</networkBandwidth>
			<originalCluster>290</originalCluster>
		</Server>
		<Server id="2090">
			<id>1787</id>
			<cpuCores>3</cpuCores>
			<memory>1</memory>
			<networkBandwidth>1</networkBandwidth>
			<originalCluster>296</originalCluster>
		</Server>
		<Server id="2091">
			<id>1788</id>
			<cpuCores>3</cpuCores>
			<memory>4</memory>
			<networkBandwidth>4</networkBandwidth>
			<originalCluster>164</originalCluster>
		</Server>
		<Server id="2092">
			<id>1789</id>
			<cpuCores>5</cpuCores>
			<memory>1</memory>
			<networkBandwidth>3</networkBandwidth>
			<originalCluster>145</originalCluster>
		</Server>
		<Server id="2093">
			<id>1790</id>
			<cpuCores>8</cpuCores>
			<memory>11</memory>
			<networkBandwidth>1</networkBandwidth>
			<originalCluster>25</originalCluster>
		</Server>
		<Server id="2094">
			<id>1791</id>
			<cpuCores>1</cpuCores>
			<memory>1</memory>
			<networkBandwidth>1</networkBandwidth>
			<originalCluster>120</originalCluster>
		</Server>
		<Server id="2095">
			<id>1792</id>
			<cpuCores>2</cpuCores>
			<memory>8</memory>
			<networkBandwidth>1</networkBandwidth>
			<originalCluster>103</originalCluster>
		</Server>
		<Server id="2096">
			<id>1793</id>
			<cpuCores>3</cpuCores>
			<memory>1</memory>
			<networkBandwidth>1</networkBandwidth>
			<originalCluster>63</originalCluster>
		</Server>
		<Server id="2097">
			<id>1794</id>
			<cpuCores>3</cpuCores>
			<memory>1</memory>
			<networkBandwidth>2</networkBandwidth>
			<originalCluster>148</originalCluster>
		</Server>
		<Server id="2098">
			<id>1795</id>
			<cpuCores>4</cpuCores>
			<memory>2</memory>
			<networkBandwidth>8</networkBandwidth>
			<originalCluster>233</originalCluster>
		</Server>
		<Server id="2099">
			<id>1796</id>
			<cpuCores>1</cpuCores>
			<memory>5</memory>
			<networkBandwidth>1</networkBandwidth>
			<originalCluster>2</originalCluster>
		</Server>
		<Server id="2100">
			<id>1797</id>
			<cpuCores>1</cpuCores>
			<memory>4</memory>
			<networkBandwidth>1</networkBandwidth>
			<originalCluster>182</originalCluster>
		</Server>
		<Server id="2101">
			<id>1798</id>
			<cpuCores>1</cpuCores>
			<memory>2</memory>
			<networkBandwidth>1</networkBandwidth>
			<originalCluster>224</originalCluster>
		</Server>
		<Server id="2102">
			<id>1799</id>
			<cpuCores>1</cpuCores>
			<memory>1</memory>
			<networkBandwidth>1</networkBandwidth>
			<originalCluster>36</originalCluster>
		</Server>
		<Server id="2103">
			<id>1800</id>
			<cpuCores>1</cpuCores>
			<memory>6</memory>
			<networkBandwidth>1</networkBandwidth>
			<originalCluster>203</originalCluster>
		</Server>
		<Server id="2104">
			<id>1801</id>
			<cpuCores>1</cpuCores>
			<memory>15</memory>
			<networkBandwidth>1</networkBandwidth>
			<originalCluster>254</originalCluster>
		</Server>
		<Server id="2105">
			<id>1802</id>
			<cpuCores>1</cpuCores>
			<memory>1</memory>
			<networkBandwidth>3</networkBandwidth>
			<originalCluster>119</originalCluster>
		</Server>
		<Server id="2106">
			<id>1803</id>
			<cpuCores>1</cpuCores>
			<memory>15</memory>
			<networkBandwidth>1</networkBandwidth>
			<originalCluster>18</originalCluster>
		</Server>
		<Server id="2107">
			<id>1804</id>
			<cpuCores>2</cpuCores>
			<memory>2</memory>
			<networkBandwidth>1</networkBandwidth>
			<originalCluster>89</originalCluster>
		</Server>
		<Server id="2108">
			<id>1805</id>
			<cpuCores>1</cpuCores>
			<memory>7</memory>
			<networkBandwidth>1</networkBandwidth>
			<originalCluster>258</originalCluster>
		</Server>
		<Server id="2109">
			<id>1806</id>
			<cpuCores>7</cpuCores>
			<memory>1</memory>
			<networkBandwidth>1</networkBandwidth>
		</Server>
		<Server id="2110">
			<id>1807</id>
			<cpuCores>1</cpuCores>
			<memory>10</memory>
			<networkBandwidth>1</networkBandwidth>
			<originalCluster>280</originalCluster>
		</Server>
		<Server id="2111">
			<id>1808</id>
			<cpuCores>1</cpuCores>
			<memory>1</memory>
			<networkBandwidth>5</networkBandwidth>
			<originalCluster>46</originalCluster>
		</Server>
		<Server id="2112">
			<id>1809</id>
			<cpuCores>2</cpuCores>
			<memory>1</memory>
			<networkBandwidth>4</networkBandwidth>
			<originalCluster>200</originalCluster>
		</Server>
		<Server id="2113">
			<id>1810</id>
			<cpuCores>3</cpuCores>
			<memory>1</memory>
			<networkBandwidth>2</networkBandwidth>
			<originalCluster>253</originalCluster>
		</Server>
		<Server id="2114">
			<id>1811</id>
			<cpuCores>2</cpuCores>
			<memory>1</memory>
			<networkBandwidth>1</networkBandwidth>
			<originalCluster>294</originalCluster>
		</Server>
		<Server id="2115">
			<id>1812</id>
			<cpuCores>2</cpuCores>
			<memory>2</memory>
			<networkBandwidth>1</networkBandwidth>
			<originalCluster>197</originalCluster>
		</Server>
		<Server id="2116">
			<id>1813</id>
			<cpuCores>1</cpuCores>
			<memory>1</memory>
			<networkBandwidth>1</networkBandwidth>
			<originalCluster>152</originalCluster>
		</Server>
		<Server id="2117">
			<id>1814</id>
			<cpuCores>2</cpuCores>
			<memory>2</memory>
			<networkBandwidth>1</networkBandwidth>
			<originalCluster>85</originalCluster>
		</Server>
		<Server id="2118">
			<id>1815</id>
			<cpuCores>1</cpuCores>
			<memory>1</memory>
			<networkBandwidth>1</networkBandwidth>
			<originalCluster>288</originalCluster>
		</Server>
		<Server id="2119">
			<id>1816</id>
			<cpuCores>1</cpuCores>
			<memory>1</memory>
			<networkBandwidth>1</networkBandwidth>
			<originalCluster>199</originalCluster>
		</Server>
		<Server id="2120">
			<id>1817</id>
			<cpuCores>1</cpuCores>
			<memory>1</memory>
			<networkBandwidth>1</networkBandwidth>
			<originalCluster>168</originalCluster>
		</Server>
		<Server id="2121">
			<id>1818</id>
			<cpuCores>1</cpuCores>
			<memory>2</memory>
			<networkBandwidth>1</networkBandwidth>
			<originalCluster>259</originalCluster>
		</Server>
		<Server id="2122">
			<id>1819</id>
			<cpuCores>1</cpuCores>
			<memory>14</memory>
			<networkBandwidth>1</networkBandwidth>
			<originalCluster>205</originalCluster>
		</Server>
		<Server id="2123">
			<id>1820</id>
			<cpuCores>1</cpuCores>
			<memory>1</memory>
			<networkBandwidth>1</networkBandwidth>
			<originalCluster>216</originalCluster>
		</Server>
		<Server id="2124">
			<id>1821</id>
			<cpuCores>1</cpuCores>
			<memory>3</memory>
			<networkBandwidth>1</networkBandwidth>
			<originalCluster>6</originalCluster>
		</Server>
		<Server id="2125">
			<id>1822</id>
			<cpuCores>8</cpuCores>
			<memory>8</memory>
			<networkBandwidth>1</networkBandwidth>
		</Server>
		<Server id="2126">
			<id>1823</id>
			<cpuCores>1</cpuCores>
			<memory>1</memory>
			<networkBandwidth>2</networkBandwidth>
			<originalCluster>242</originalCluster>
		</Server>
		<Server id="2127">
			<id>1824</id>
			<cpuCores>9</cpuCores>
			<memory>13</memory>
			<networkBandwidth>1</networkBandwidth>
			<originalCluster>114</originalCluster>
		</Server>
		<Server id="2128">
			<id>1825</id>
			<cpuCores>1</cpuCores>
			<memory>25</memory>
			<networkBandwidth>7</networkBandwidth>
			<originalCluster>72</originalCluster>
		</Server>
		<Server id="2129">
			<id>1826</id>
			<cpuCores>2</cpuCores>
			<memory>1</memory>
			<networkBandwidth>1</networkBandwidth>
			<originalCluster>132</originalCluster>
		</Server>
		<Server id="2130">
			<id>1827</id>
			<cpuCores>1</cpuCores>
			<memory>1</memory>
			<networkBandwidth>2</networkBandwidth>
			<originalCluster>57</originalCluster>
		</Server>
		<Server id="2131">
			<id>1828</id>
			<cpuCores>3</cpuCores>
			<memory>32</memory>
			<networkBandwidth>6</networkBandwidth>
			<originalCluster>222</originalCluster>
		</Server>
		<Server id="2132">
			<id>1829</id>
			<cpuCores>8</cpuCores>
			<memory>1</memory>
			<networkBandwidth>4</networkBandwidth>
			<originalCluster>201</originalCluster>
		</Server>
		<Server id="2133">
			<id>1830</id>
			<cpuCores>1</cpuCores>
			<memory>2</memory>
			<networkBandwidth>1</networkBandwidth>
			<originalCluster>201</originalCluster>
		</Server>
		<Server id="2134">
			<id>1831</id>
			<cpuCores>11</cpuCores>
			<memory>1</memory>
			<networkBandwidth>1</networkBandwidth>
			<originalCluster>11</originalCluster>
		</Server>
		<Server id="2135">
			<id>1832</id>
			<cpuCores>1</cpuCores>
			<memory>1</memory>
			<networkBandwidth>1</networkBandwidth>
			<originalCluster>126</originalCluster>
		</Server>
		<Server id="2136">
			<id>1833</id>
			<cpuCores>1</cpuCores>
			<memory>3</memory>
			<networkBandwidth>2</networkBandwidth>
			<originalCluster>288</originalCluster>
		</Server>
		<Server id="2137">
			<id>1834</id>
			<cpuCores>3</cpuCores>
			<memory>1</memory>
			<networkBandwidth>1</networkBandwidth>
			<originalCluster>186</originalCluster>
		</Server>
		<Server id="2138">
			<id>1835</id>
			<cpuCores>1</cpuCores>
			<memory>1</memory>
			<networkBandwidth>1</networkBandwidth>
			<originalCluster>239</originalCluster>
		</Server>
		<Server id="2139">
			<id>1836</id>
			<cpuCores>1</cpuCores>
			<memory>2</memory>
			<networkBandwidth>1</networkBandwidth>
			<originalCluster>247</originalCluster>
		</Server>
		<Server id="2140">
			<id>1837</id>
			<cpuCores>1</cpuCores>
			<memory>27</memory>
			<networkBandwidth>2</networkBandwidth>
			<originalCluster>222</originalCluster>
		</Server>
		<Server id="2141">
			<id>1838</id>
			<cpuCores>6</cpuCores>
			<memory>10</memory>
			<networkBandwidth>1</networkBandwidth>
			<originalCluster>156</originalCluster>
		</Server>
		<Server id="2142">
			<id>1839</id>
			<cpuCores>1</cpuCores>
			<memory>4</memory>
			<networkBandwidth>1</networkBandwidth>
			<originalCluster>89</originalCluster>
		</Server>
		<Server id="2143">
			<id>1840</id>
			<cpuCores>6</cpuCores>
			<memory>1</memory>
			<networkBandwidth>1</networkBandwidth>
			<originalCluster>106</originalCluster>
		</Server>
		<Server id="2144">
			<id>1841</id>
			<cpuCores>1</cpuCores>
			<memory>1</memory>
			<networkBandwidth>1</networkBandwidth>
			<originalCluster>213</originalCluster>
		</Server>
		<Server id="2145">
			<id>1842</id>
			<cpuCores>2</cpuCores>
			<memory>1</memory>
			<networkBandwidth>1</networkBandwidth>
			<originalCluster>39</originalCluster>
		</Server>
		<Server id="2146">
			<id>1843</id>
			<cpuCores>1</cpuCores>
			<memory>2</memory>
			<networkBandwidth>1</networkBandwidth>
			<originalCluster>48</originalCluster>
		</Server>
		<Server id="2147">
			<id>1844</id>
			<cpuCores>2</cpuCores>
			<memory>2</memory>
			<networkBandwidth>1</networkBandwidth>
			<originalCluster>225</originalCluster>
		</Server>
		<Server id="2148">
			<id>1845</id>
			<cpuCores>3</cpuCores>
			<memory>24</memory>
			<networkBandwidth>2</networkBandwidth>
			<originalCluster>195</originalCluster>
		</Server>
		<Server id="2149">
			<id>1846</id>
			<cpuCores>1</cpuCores>
			<memory>11</memory>
			<networkBandwidth>2</networkBandwidth>
			<originalCluster>31</originalCluster>
		</Server>
		<Server id="2150">
			<id>1847</id>
			<cpuCores>1</cpuCores>
			<memory>4</memory>
			<networkBandwidth>3</networkBandwidth>
			<originalCluster>212</originalCluster>
		</Server>
		<Server id="2151">
			<id>1848</id>
			<cpuCores>1</cpuCores>
			<memory>2</memory>
			<networkBandwidth>1</networkBandwidth>
			<originalCluster>221</originalCluster>
		</Server>
		<Server id="2152">
			<id>1849</id>
			<cpuCores>9</cpuCores>
			<memory>1</memory>
			<networkBandwidth>1</networkBandwidth>
		</Server>
		<Server id="2153">
			<id>1850</id>
			<cpuCores>1</cpuCores>
			<memory>1</memory>
			<networkBandwidth>1</networkBandwidth>
			<originalCluster>285</originalCluster>
		</Server>
		<Server id="2154">
			<id>1851</id>
			<cpuCores>1</cpuCores>
			<memory>1</memory>
			<networkBandwidth>6</networkBandwidth>
			<originalCluster>2</originalCluster>
		</Server>
		<Server id="2155">
			<id>1852</id>
			<cpuCores>2</cpuCores>
			<memory>6</memory>
			<networkBandwidth>1</networkBandwidth>
			<originalCluster>230</originalCluster>
		</Server>
		<Server id="2156">
			<id>1853</id>
			<cpuCores>1</cpuCores>
			<memory>1</memory>
			<networkBandwidth>1</networkBandwidth>
			<originalCluster>149</originalCluster>
		</Server>
		<Server id="2157">
			<id>1854</id>
			<cpuCores>1</cpuCores>
			<memory>1</memory>
			<networkBandwidth>1</networkBandwidth>
			<originalCluster>122</originalCluster>
		</Server>
		<Server id="2158">
			<id>1855</id>
			<cpuCores>1</cpuCores>
			<memory>1</memory>
			<networkBandwidth>2</networkBandwidth>
			<originalCluster>141</originalCluster>
		</Server>
		<Server id="2159">
			<id>1856</id>
			<cpuCores>1</cpuCores>
			<memory>4</memory>
			<networkBandwidth>7</networkBandwidth>
			<originalCluster>157</originalCluster>
		</Server>
		<Server id="2160">
			<id>1857</id>
			<cpuCores>1</cpuCores>
			<memory>19</memory>
			<networkBandwidth>1</networkBandwidth>
			<originalCluster>49</originalCluster>
		</Server>
		<Server id="2161">
			<id>1858</id>
			<cpuCores>1</cpuCores>
			<memory>1</memory>
			<networkBandwidth>1</networkBandwidth>
			<originalCluster>182</originalCluster>
		</Server>
		<Server id="2162">
			<id>1859</id>
			<cpuCores>1</cpuCores>
			<memory>4</memory>
			<networkBandwidth>1</networkBandwidth>
			<originalCluster>35</originalCluster>
		</Server>
		<Server id="2163">
			<id>1860</id>
			<cpuCores>2</cpuCores>
			<memory>1</memory>
			<networkBandwidth>1</networkBandwidth>
			<originalCluster>287</originalCluster>
		</Server>
		<Server id="2164">
			<id>1861</id>
			<cpuCores>2</cpuCores>
			<memory>2</memory>
			<networkBandwidth>1</networkBandwidth>
			<originalCluster>187</originalCluster>
		</Server>
		<Server id="2165">
			<id>1862</id>
			<cpuCores>1</cpuCores>
			<memory>1</memory>
			<networkBandwidth>1</networkBandwidth>
			<originalCluster>289</originalCluster>
		</Server>
		<Server id="2166">
			<id>1863</id>
			<cpuCores>8</cpuCores>
			<memory>1</memory>
			<networkBandwidth>1</networkBandwidth>
		</Server>
		<Server id="2167">
			<id>1864</id>
			<cpuCores>1</cpuCores>
			<memory>9</memory>
			<networkBandwidth>1</networkBandwidth>
			<originalCluster>280</originalCluster>
		</Server>
		<Server id="2168">
			<id>1865</id>
			<cpuCores>1</cpuCores>
			<memory>1</memory>
			<networkBandwidth>1</networkBandwidth>
			<originalCluster>236</originalCluster>
		</Server>
		<Server id="2169">
			<id>1866</id>
			<cpuCores>7</cpuCores>
			<memory>12</memory>
			<networkBandwidth>1</networkBandwidth>
			<originalCluster>187</originalCluster>
		</Server>
		<Server id="2170">
			<id>1867</id>
			<cpuCores>1</cpuCores>
			<memory>24</memory>
			<networkBandwidth>1</networkBandwidth>
			<originalCluster>224</originalCluster>
		</Server>
		<Server id="2171">
			<id>1868</id>
			<cpuCores>1</cpuCores>
			<memory>22</memory>
			<networkBandwidth>1</networkBandwidth>
			<originalCluster>57</originalCluster>
		</Server>
		<Server id="2172">
			<id>1869</id>
			<cpuCores>1</cpuCores>
			<memory>1</memory>
			<networkBandwidth>1</networkBandwidth>
			<originalCluster>12</originalCluster>
		</Server>
		<Server id="2173">
			<id>1870</id>
			<cpuCores>1</cpuCores>
			<memory>1</memory>
			<networkBandwidth>1</networkBandwidth>
			<originalCluster>12</originalCluster>
		</Server>
		<Server id="2174">
			<id>1871</id>
			<cpuCores>1</cpuCores>
			<memory>3</memory>
			<networkBandwidth>1</networkBandwidth>
			<originalCluster>286</originalCluster>
		</Server>
		<Server id="2175">
			<id>1872</id>
			<cpuCores>3</cpuCores>
			<memory>1</memory>
			<networkBandwidth>3</networkBandwidth>
			<originalCluster>205</originalCluster>
		</Server>
		<Server id="2176">
			<id>1873</id>
			<cpuCores>1</cpuCores>
			<memory>7</memory>
			<networkBandwidth>1</networkBandwidth>
			<originalCluster>55</originalCluster>
		</Server>
		<Server id="2177">
			<id>1874</id>
			<cpuCores>6</cpuCores>
			<memory>31</memory>
			<networkBandwidth>1</networkBandwidth>
			<originalCluster>243</originalCluster>
		</Server>
		<Server id="2178">
			<id>1875</id>
			<cpuCores>1</cpuCores>
			<memory>1</memory>
			<networkBandwidth>1</networkBandwidth>
			<originalCluster>6</originalCluster>
		</Server>
		<Server id="2179">
			<id>1876</id>
			<cpuCores>1</cpuCores>
			<memory>3</memory>
			<networkBandwidth>1</networkBandwidth>
			<originalCluster>287</originalCluster>
		</Server>
		<Server id="2180">
			<id>1877</id>
			<cpuCores>1</cpuCores>
			<memory>14</memory>
			<networkBandwidth>1</networkBandwidth>
			<originalCluster>141</originalCluster>
		</Server>
		<Server id="2181">
			<id>1878</id>
			<cpuCores>2</cpuCores>
			<memory>1</memory>
			<networkBandwidth>1</networkBandwidth>
			<originalCluster>136</originalCluster>
		</Server>
		<Server id="2182">
			<id>1879</id>
			<cpuCores>1</cpuCores>
			<memory>1</memory>
			<networkBandwidth>1</networkBandwidth>
			<originalCluster>250</originalCluster>
		</Server>
		<Server id="2183">
			<id>1880</id>
			<cpuCores>1</cpuCores>
			<memory>1</memory>
			<networkBandwidth>1</networkBandwidth>
			<originalCluster>239</originalCluster>
		</Server>
		<Server id="2184">
			<id>1881</id>
			<cpuCores>1</cpuCores>
			<memory>2</memory>
			<networkBandwidth>1</networkBandwidth>
			<originalCluster>267</originalCluster>
		</Server>
		<Server id="2185">
			<id>1882</id>
			<cpuCores>1</cpuCores>
			<memory>3</memory>
			<networkBandwidth>11</networkBandwidth>
			<originalCluster>249</originalCluster>
		</Server>
		<Server id="2186">
			<id>1883</id>
			<cpuCores>1</cpuCores>
			<memory>8</memory>
			<networkBandwidth>1</networkBandwidth>
			<originalCluster>214</originalCluster>
		</Server>
		<Server id="2187">
			<id>1884</id>
			<cpuCores>2</cpuCores>
			<memory>1</memory>
			<networkBandwidth>1</networkBandwidth>
			<originalCluster>116</originalCluster>
		</Server>
		<Server id="2188">
			<id>1885</id>
			<cpuCores>4</cpuCores>
			<memory>1</memory>
			<networkBandwidth>1</networkBandwidth>
			<originalCluster>127</originalCluster>
		</Server>
		<Server id="2189">
			<id>1886</id>
			<cpuCores>1</cpuCores>
			<memory>1</memory>
			<networkBandwidth>1</networkBandwidth>
			<originalCluster>171</originalCluster>
		</Server>
		<Server id="2190">
			<id>1887</id>
			<cpuCores>2</cpuCores>
			<memory>1</memory>
			<networkBandwidth>1</networkBandwidth>
			<originalCluster>117</originalCluster>
		</Server>
		<Server id="2191">
			<id>1888</id>
			<cpuCores>1</cpuCores>
			<memory>2</memory>
			<networkBandwidth>1</networkBandwidth>
			<originalCluster>83</originalCluster>
		</Server>
		<Server id="2192">
			<id>1889</id>
			<cpuCores>2</cpuCores>
			<memory>5</memory>
			<networkBandwidth>11</networkBandwidth>
			<originalCluster>34</originalCluster>
		</Server>
		<Server id="2193">
			<id>1890</id>
			<cpuCores>6</cpuCores>
			<memory>1</memory>
			<networkBandwidth>1</networkBandwidth>
			<originalCluster>281</originalCluster>
		</Server>
		<Server id="2194">
			<id>1891</id>
			<cpuCores>1</cpuCores>
			<memory>4</memory>
			<networkBandwidth>1</networkBandwidth>
			<originalCluster>286</originalCluster>
		</Server>
		<Server id="2195">
			<id>1892</id>
			<cpuCores>7</cpuCores>
			<memory>5</memory>
			<networkBandwidth>1</networkBandwidth>
			<originalCluster>85</originalCluster>
		</Server>
		<Server id="2196">
			<id>1893</id>
			<cpuCores>2</cpuCores>
			<memory>14</memory>
			<networkBandwidth>1</networkBandwidth>
			<originalCluster>42</originalCluster>
		</Server>
		<Server id="2197">
			<id>1894</id>
			<cpuCores>1</cpuCores>
			<memory>3</memory>
			<networkBandwidth>7</networkBandwidth>
			<originalCluster>96</originalCluster>
		</Server>
		<Server id="2198">
			<id>1895</id>
			<cpuCores>1</cpuCores>
			<memory>1</memory>
			<networkBandwidth>1</networkBandwidth>
			<originalCluster>235</originalCluster>
		</Server>
		<Server id="2199">
			<id>1896</id>
			<cpuCores>1</cpuCores>
			<memory>1</memory>
			<networkBandwidth>3</networkBandwidth>
			<originalCluster>6</originalCluster>
		</Server>
		<Server id="2200">
			<id>1897</id>
			<cpuCores>2</cpuCores>
			<memory>6</memory>
			<networkBandwidth>1</networkBandwidth>
			<originalCluster>218</originalCluster>
		</Server>
		<Server id="2201">
			<id>1898</id>
			<cpuCores>2</cpuCores>
			<memory>1</memory>
			<networkBandwidth>6</networkBandwidth>
			<originalCluster>151</originalCluster>
		</Server>
		<Server id="2202">
			<id>1899</id>
			<cpuCores>11</cpuCores>
			<memory>1</memory>
			<networkBandwidth>1</networkBandwidth>
		</Server>
		<Server id="2203">
			<id>1900</id>
			<cpuCores>9</cpuCores>
			<memory>4</memory>
			<networkBandwidth>1</networkBandwidth>
			<originalCluster>103</originalCluster>
		</Server>
		<Server id="2204">
			<id>1901</id>
			<cpuCores>1</cpuCores>
			<memory>7</memory>
			<networkBandwidth>11</networkBandwidth>
			<originalCluster>18</originalCluster>
		</Server>
		<Server id="2205">
			<id>1902</id>
			<cpuCores>1</cpuCores>
			<memory>4</memory>
			<networkBandwidth>1</networkBandwidth>
			<originalCluster>216</originalCluster>
		</Server>
		<Server id="2206">
			<id>1903</id>
			<cpuCores>1</cpuCores>
			<memory>8</memory>
			<networkBandwidth>2</networkBandwidth>
			<originalCluster>129</originalCluster>
		</Server>
		<Server id="2207">
			<id>1904</id>
			<cpuCores>1</cpuCores>
			<memory>2</memory>
			<networkBandwidth>1</networkBandwidth>
			<originalCluster>266</originalCluster>
		</Server>
		<Server id="2208">
			<id>1905</id>
			<cpuCores>1</cpuCores>
			<memory>1</memory>
			<networkBandwidth>1</networkBandwidth>
			<originalCluster>13</originalCluster>
		</Server>
		<Server id="2209">
			<id>1906</id>
			<cpuCores>7</cpuCores>
			<memory>15</memory>
			<networkBandwidth>1</networkBandwidth>
			<originalCluster>74</originalCluster>
		</Server>
		<Server id="2210">
			<id>1907</id>
			<cpuCores>1</cpuCores>
			<memory>1</memory>
			<networkBandwidth>1</networkBandwidth>
			<originalCluster>135</originalCluster>
		</Server>
		<Server id="2211">
			<id>1908</id>
			<cpuCores>2</cpuCores>
			<memory>1</memory>
			<networkBandwidth>4</networkBandwidth>
			<originalCluster>230</originalCluster>
		</Server>
		<Server id="2212">
			<id>1909</id>
			<cpuCores>7</cpuCores>
			<memory>1</memory>
			<networkBandwidth>7</networkBandwidth>
			<originalCluster>281</originalCluster>
		</Server>
		<Server id="2213">
			<id>1910</id>
			<cpuCores>6</cpuCores>
			<memory>5</memory>
			<networkBandwidth>1</networkBandwidth>
			<originalCluster>272</originalCluster>
		</Server>
		<Server id="2214">
			<id>1911</id>
			<cpuCores>1</cpuCores>
			<memory>1</memory>
			<networkBandwidth>3</networkBandwidth>
			<originalCluster>123</originalCluster>
		</Server>
		<Server id="2215">
			<id>1912</id>
			<cpuCores>3</cpuCores>
			<memory>1</memory>
			<networkBandwidth>1</networkBandwidth>
			<originalCluster>132</originalCluster>
		</Server>
		<Server id="2216">
			<id>1913</id>
			<cpuCores>1</cpuCores>
			<memory>2</memory>
			<networkBandwidth>1</networkBandwidth>
			<originalCluster>22</originalCluster>
		</Server>
		<Server id="2217">
			<id>1914</id>
			<cpuCores>1</cpuCores>
			<memory>4</memory>
			<networkBandwidth>1</networkBandwidth>
			<originalCluster>252</originalCluster>
		</Server>
		<Server id="2218">
			<id>1915</id>
			<cpuCores>1</cpuCores>
			<memory>1</memory>
			<networkBandwidth>1</networkBandwidth>
			<originalCluster>173</originalCluster>
		</Server>
		<Server id="2219">
			<id>1916</id>
			<cpuCores>1</cpuCores>
			<memory>1</memory>
			<networkBandwidth>4</networkBandwidth>
			<originalCluster>131</originalCluster>
		</Server>
		<Server id="2220">
			<id>1917</id>
			<cpuCores>2</cpuCores>
			<memory>1</memory>
			<networkBandwidth>8</networkBandwidth>
			<originalCluster>222</originalCluster>
		</Server>
		<Server id="2221">
			<id>1918</id>
			<cpuCores>1</cpuCores>
			<memory>1</memory>
			<networkBandwidth>1</networkBandwidth>
			<originalCluster>71</originalCluster>
		</Server>
		<Server id="2222">
			<id>1919</id>
			<cpuCores>12</cpuCores>
			<memory>9</memory>
			<networkBandwidth>1</networkBandwidth>
		</Server>
		<Server id="2223">
			<id>1920</id>
			<cpuCores>1</cpuCores>
			<memory>26</memory>
			<networkBandwidth>12</networkBandwidth>
			<originalCluster>63</originalCluster>
		</Server>
		<Server id="2224">
			<id>1921</id>
			<cpuCores>1</cpuCores>
			<memory>2</memory>
			<networkBandwidth>2</networkBandwidth>
			<originalCluster>127</originalCluster>
		</Server>
		<Server id="2225">
			<id>1922</id>
			<cpuCores>1</cpuCores>
			<memory>1</memory>
			<networkBandwidth>2</networkBandwidth>
			<originalCluster>105</originalCluster>
		</Server>
		<Server id="2226">
			<id>1923</id>
			<cpuCores>1</cpuCores>
			<memory>1</memory>
			<networkBandwidth>1</networkBandwidth>
			<originalCluster>66</originalCluster>
		</Server>
		<Server id="2227">
			<id>1924</id>
			<cpuCores>1</cpuCores>
			<memory>3</memory>
			<networkBandwidth>4</networkBandwidth>
			<originalCluster>213</originalCluster>
		</Server>
		<Server id="2228">
			<id>1925</id>
			<cpuCores>1</cpuCores>
			<memory>12</memory>
			<networkBandwidth>1</networkBandwidth>
			<originalCluster>80</originalCluster>
		</Server>
		<Server id="2229">
			<id>1926</id>
			<cpuCores>1</cpuCores>
			<memory>7</memory>
			<networkBandwidth>3</networkBandwidth>
			<originalCluster>282</originalCluster>
		</Server>
		<Server id="2230">
			<id>1927</id>
			<cpuCores>1</cpuCores>
			<memory>7</memory>
			<networkBandwidth>8</networkBandwidth>
			<originalCluster>234</originalCluster>
		</Server>
		<Server id="2231">
			<id>1928</id>
			<cpuCores>5</cpuCores>
			<memory>31</memory>
			<networkBandwidth>1</networkBandwidth>
			<originalCluster>152</originalCluster>
		</Server>
		<Server id="2232">
			<id>1929</id>
			<cpuCores>3</cpuCores>
			<memory>4</memory>
			<networkBandwidth>3</networkBandwidth>
			<originalCluster>236</originalCluster>
		</Server>
		<Server id="2233">
			<id>1930</id>
			<cpuCores>8</cpuCores>
			<memory>4</memory>
			<networkBandwidth>1</networkBandwidth>
			<originalCluster>69</originalCluster>
		</Server>
		<Server id="2234">
			<id>1931</id>
			<cpuCores>1</cpuCores>
			<memory>1</memory>
			<networkBandwidth>1</networkBandwidth>
			<originalCluster>102</originalCluster>
		</Server>
		<Server id="2235">
			<id>1932</id>
			<cpuCores>12</cpuCores>
			<memory>6</memory>
			<networkBandwidth>1</networkBandwidth>
		</Server>
		<Server id="2236">
			<id>1933</id>
			<cpuCores>1</cpuCores>
			<memory>1</memory>
			<networkBandwidth>1</networkBandwidth>
			<originalCluster>227</originalCluster>
		</Server>
		<Server id="2237">
			<id>1934</id>
			<cpuCores>1</cpuCores>
			<memory>16</memory>
			<networkBandwidth>1</networkBandwidth>
			<originalCluster>191</originalCluster>
		</Server>
		<Server id="2238">
			<id>1935</id>
			<cpuCores>1</cpuCores>
			<memory>29</memory>
			<networkBandwidth>1</networkBandwidth>
			<originalCluster>201</originalCluster>
		</Server>
		<Server id="2239">
			<id>1936</id>
			<cpuCores>3</cpuCores>
			<memory>1</memory>
			<networkBandwidth>5</networkBandwidth>
			<originalCluster>244</originalCluster>
		</Server>
		<Server id="2240">
			<id>1937</id>
			<cpuCores>7</cpuCores>
			<memory>1</memory>
			<networkBandwidth>1</networkBandwidth>
			<originalCluster>275</originalCluster>
		</Server>
		<Server id="2241">
			<id>1938</id>
			<cpuCores>1</cpuCores>
			<memory>1</memory>
			<networkBandwidth>3</networkBandwidth>
			<originalCluster>280</originalCluster>
		</Server>
		<Server id="2242">
			<id>1939</id>
			<cpuCores>2</cpuCores>
			<memory>2</memory>
			<networkBandwidth>1</networkBandwidth>
			<originalCluster>90</originalCluster>
		</Server>
		<Server id="2243">
			<id>1940</id>
			<cpuCores>5</cpuCores>
			<memory>9</memory>
			<networkBandwidth>1</networkBandwidth>
			<originalCluster>121</originalCluster>
		</Server>
		<Server id="2244">
			<id>1941</id>
			<cpuCores>1</cpuCores>
			<memory>1</memory>
			<networkBandwidth>1</networkBandwidth>
			<originalCluster>1</originalCluster>
		</Server>
		<Server id="2245">
			<id>1942</id>
			<cpuCores>2</cpuCores>
			<memory>1</memory>
			<networkBandwidth>1</networkBandwidth>
			<originalCluster>98</originalCluster>
		</Server>
		<Server id="2246">
			<id>1943</id>
			<cpuCores>1</cpuCores>
			<memory>4</memory>
			<networkBandwidth>4</networkBandwidth>
			<originalCluster>101</originalCluster>
		</Server>
		<Server id="2247">
			<id>1944</id>
			<cpuCores>8</cpuCores>
			<memory>2</memory>
			<networkBandwidth>1</networkBandwidth>
		</Server>
		<Server id="2248">
			<id>1945</id>
			<cpuCores>1</cpuCores>
			<memory>1</memory>
			<networkBandwidth>1</networkBandwidth>
			<originalCluster>32</originalCluster>
		</Server>
		<Server id="2249">
			<id>1946</id>
			<cpuCores>7</cpuCores>
			<memory>7</memory>
			<networkBandwidth>1</networkBandwidth>
		</Server>
		<Server id="2250">
			<id>1947</id>
			<cpuCores>1</cpuCores>
			<memory>9</memory>
			<networkBandwidth>1</networkBandwidth>
			<originalCluster>225</originalCluster>
		</Server>
		<Server id="2251">
			<id>1948</id>
			<cpuCores>2</cpuCores>
			<memory>1</memory>
			<networkBandwidth>1</networkBandwidth>
			<originalCluster>49</originalCluster>
		</Server>
		<Server id="2252">
			<id>1949</id>
			<cpuCores>1</cpuCores>
			<memory>5</memory>
			<networkBandwidth>1</networkBandwidth>
			<originalCluster>0</originalCluster>
		</Server>
		<Server id="2253">
			<id>1950</id>
			<cpuCores>1</cpuCores>
			<memory>1</memory>
			<networkBandwidth>2</networkBandwidth>
			<originalCluster>236</originalCluster>
		</Server>
		<Server id="2254">
			<id>1951</id>
			<cpuCores>1</cpuCores>
			<memory>13</memory>
			<networkBandwidth>1</networkBandwidth>
			<originalCluster>239</originalCluster>
		</Server>
		<Server id="2255">
			<id>1952</id>
			<cpuCores>4</cpuCores>
			<memory>2</memory>
			<networkBandwidth>11</networkBandwidth>
		</Server>
		<Server id="2256">
			<id>1953</id>
			<cpuCores>1</cpuCores>
			<memory>5</memory>
			<networkBandwidth>1</networkBandwidth>
			<originalCluster>255</originalCluster>
		</Server>
		<Server id="2257">
			<id>1954</id>
			<cpuCores>1</cpuCores>
			<memory>1</memory>
			<networkBandwidth>1</networkBandwidth>
			<originalCluster>159</originalCluster>
		</Server>
		<Server id="2258">
			<id>1955</id>
			<cpuCores>1</cpuCores>
			<memory>1</memory>
			<networkBandwidth>1</networkBandwidth>
			<originalCluster>165</originalCluster>
		</Server>
		<Server id="2259">
			<id>1956</id>
			<cpuCores>1</cpuCores>
			<memory>16</memory>
			<networkBandwidth>1</networkBandwidth>
			<originalCluster>298</originalCluster>
		</Server>
		<Server id="2260">
			<id>1957</id>
			<cpuCores>2</cpuCores>
			<memory>9</memory>
			<networkBandwidth>1</networkBandwidth>
			<originalCluster>59</originalCluster>
		</Server>
		<Server id="2261">
			<id>1958</id>
			<cpuCores>2</cpuCores>
			<memory>1</memory>
			<networkBandwidth>4</networkBandwidth>
			<originalCluster>143</originalCluster>
		</Server>
		<Server id="2262">
			<id>1959</id>
			<cpuCores>12</cpuCores>
			<memory>9</memory>
			<networkBandwidth>1</networkBandwidth>
			<originalCluster>205</originalCluster>
		</Server>
		<Server id="2263">
			<id>1960</id>
			<cpuCores>5</cpuCores>
			<memory>1</memory>
			<networkBandwidth>3</networkBandwidth>
			<originalCluster>298</originalCluster>
		</Server>
		<Server id="2264">
			<id>1961</id>
			<cpuCores>4</cpuCores>
			<memory>20</memory>
			<networkBandwidth>3</networkBandwidth>
			<originalCluster>103</originalCluster>
		</Server>
		<Server id="2265">
			<id>1962</id>
			<cpuCores>1</cpuCores>
			<memory>1</memory>
			<networkBandwidth>3</networkBandwidth>
			<originalCluster>218</originalCluster>
		</Server>
		<Server id="2266">
			<id>1963</id>
			<cpuCores>1</cpuCores>
			<memory>4</memory>
			<networkBandwidth>3</networkBandwidth>
			<originalCluster>111</originalCluster>
		</Server>
		<Server id="2267">
			<id>1964</id>
			<cpuCores>2</cpuCores>
			<memory>21</memory>
			<networkBandwidth>1</networkBandwidth>
			<originalCluster>128</originalCluster>
		</Server>
		<Server id="2268">
			<id>1965</id>
			<cpuCores>1</cpuCores>
			<memory>1</memory>
			<networkBandwidth>1</networkBandwidth>
			<originalCluster>48</originalCluster>
		</Server>
		<Server id="2269">
			<id>1966</id>
			<cpuCores>1</cpuCores>
			<memory>1</memory>
			<networkBandwidth>1</networkBandwidth>
			<originalCluster>13</originalCluster>
		</Server>
		<Server id="2270">
			<id>1967</id>
			<cpuCores>1</cpuCores>
			<memory>1</memory>
			<networkBandwidth>1</networkBandwidth>
			<originalCluster>21</originalCluster>
		</Server>
		<Server id="2271">
			<id>1968</id>
			<cpuCores>1</cpuCores>
			<memory>1</memory>
			<networkBandwidth>1</networkBandwidth>
			<originalCluster>16</originalCluster>
		</Server>
		<Server id="2272">
			<id>1969</id>
			<cpuCores>1</cpuCores>
			<memory>1</memory>
			<networkBandwidth>4</networkBandwidth>
			<originalCluster>76</originalCluster>
		</Server>
		<Server id="2273">
			<id>1970</id>
			<cpuCores>1</cpuCores>
			<memory>1</memory>
			<networkBandwidth>6</networkBandwidth>
			<originalCluster>180</originalCluster>
		</Server>
		<Server id="2274">
			<id>1971</id>
			<cpuCores>9</cpuCores>
			<memory>13</memory>
			<networkBandwidth>1</networkBandwidth>
			<originalCluster>179</originalCluster>
		</Server>
		<Server id="2275">
			<id>1972</id>
			<cpuCores>1</cpuCores>
			<memory>1</memory>
			<networkBandwidth>2</networkBandwidth>
			<originalCluster>291</originalCluster>
		</Server>
		<Server id="2276">
			<id>1973</id>
			<cpuCores>1</cpuCores>
			<memory>6</memory>
			<networkBandwidth>1</networkBandwidth>
			<originalCluster>163</originalCluster>
		</Server>
		<Server id="2277">
			<id>1974</id>
			<cpuCores>1</cpuCores>
			<memory>1</memory>
			<networkBandwidth>1</networkBandwidth>
			<originalCluster>78</originalCluster>
		</Server>
		<Server id="2278">
			<id>1975</id>
			<cpuCores>1</cpuCores>
			<memory>9</memory>
			<networkBandwidth>2</networkBandwidth>
			<originalCluster>123</originalCluster>
		</Server>
		<Server id="2279">
			<id>1976</id>
			<cpuCores>1</cpuCores>
			<memory>2</memory>
			<networkBandwidth>1</networkBandwidth>
			<originalCluster>261</originalCluster>
		</Server>
		<Server id="2280">
			<id>1977</id>
			<cpuCores>1</cpuCores>
			<memory>1</memory>
			<networkBandwidth>10</networkBandwidth>
			<originalCluster>142</originalCluster>
		</Server>
		<Server id="2281">
			<id>1978</id>
			<cpuCores>8</cpuCores>
			<memory>1</memory>
			<networkBandwidth>1</networkBandwidth>
		</Server>
		<Server id="2282">
			<id>1979</id>
			<cpuCores>1</cpuCores>
			<memory>1</memory>
			<networkBandwidth>1</networkBandwidth>
			<originalCluster>109</originalCluster>
		</Server>
		<Server id="2283">
			<id>1980</id>
			<cpuCores>1</cpuCores>
			<memory>16</memory>
			<networkBandwidth>1</networkBandwidth>
			<originalCluster>200</originalCluster>
		</Server>
		<Server id="2284">
			<id>1981</id>
			<cpuCores>6</cpuCores>
			<memory>9</memory>
			<networkBandwidth>2</networkBandwidth>
			<originalCluster>38</originalCluster>
		</Server>
		<Server id="2285">
			<id>1982</id>
			<cpuCores>1</cpuCores>
			<memory>21</memory>
			<networkBandwidth>2</networkBandwidth>
			<originalCluster>240</originalCluster>
		</Server>
		<Server id="2286">
			<id>1983</id>
			<cpuCores>1</cpuCores>
			<memory>1</memory>
			<networkBandwidth>5</networkBandwidth>
			<originalCluster>4</originalCluster>
		</Server>
		<Server id="2287">
			<id>1984</id>
			<cpuCores>1</cpuCores>
			<memory>1</memory>
			<networkBandwidth>1</networkBandwidth>
			<originalCluster>211</originalCluster>
		</Server>
		<Server id="2288">
			<id>1985</id>
			<cpuCores>3</cpuCores>
			<memory>1</memory>
			<networkBandwidth>4</networkBandwidth>
			<originalCluster>8</originalCluster>
		</Server>
		<Server id="2289">
			<id>1986</id>
			<cpuCores>4</cpuCores>
			<memory>1</memory>
			<networkBandwidth>9</networkBandwidth>
			<originalCluster>279</originalCluster>
		</Server>
		<Server id="2290">
			<id>1987</id>
			<cpuCores>1</cpuCores>
			<memory>1</memory>
			<networkBandwidth>1</networkBandwidth>
			<originalCluster>83</originalCluster>
		</Server>
		<Server id="2291">
			<id>1988</id>
			<cpuCores>1</cpuCores>
			<memory>7</memory>
			<networkBandwidth>1</networkBandwidth>
			<originalCluster>230</originalCluster>
		</Server>
		<Server id="2292">
			<id>1989</id>
			<cpuCores>1</cpuCores>
			<memory>1</memory>
			<networkBandwidth>1</networkBandwidth>
			<originalCluster>245</originalCluster>
		</Server>
		<Server id="2293">
			<id>1990</id>
			<cpuCores>1</cpuCores>
			<memory>3</memory>
			<networkBandwidth>1</networkBandwidth>
			<originalCluster>20</originalCluster>
		</Server>
		<Server id="2294">
			<id>1991</id>
			<cpuCores>2</cpuCores>
			<memory>9</memory>
			<networkBandwidth>11</networkBandwidth>
			<originalCluster>262</originalCluster>
		</Server>
		<Server id="2295">
			<id>1992</id>
			<cpuCores>9</cpuCores>
			<memory>6</memory>
			<networkBandwidth>7</networkBandwidth>
		</Server>
		<Server id="2296">
			<id>1993</id>
			<cpuCores>1</cpuCores>
			<memory>9</memory>
			<networkBandwidth>1</networkBandwidth>
			<originalCluster>146</originalCluster>
		</Server>
		<Server id="2297">
			<id>1994</id>
			<cpuCores>1</cpuCores>
			<memory>1</memory>
			<networkBandwidth>1</networkBandwidth>
			<originalCluster>60</originalCluster>
		</Server>
		<Server id="2298">
			<id>1995</id>
			<cpuCores>1</cpuCores>
			<memory>1</memory>
			<networkBandwidth>2</networkBandwidth>
			<originalCluster>1</originalCluster>
		</Server>
		<Server id="2299">
			<id>1996</id>
			<cpuCores>1</cpuCores>
			<memory>1</memory>
			<networkBandwidth>12</networkBandwidth>
			<originalCluster>265</originalCluster>
		</Server>
		<Server id="2300">
			<id>1997</id>
			<cpuCores>2</cpuCores>
			<memory>1</memory>
			<networkBandwidth>1</networkBandwidth>
		</Server>
		<Server id="2301">
			<id>1998</id>
			<cpuCores>10</cpuCores>
			<memory>3</memory>
			<networkBandwidth>1</networkBandwidth>
		</Server>
		<Server id="2302">
			<id>1999</id>
			<cpuCores>3</cpuCores>
			<memory>1</memory>
			<networkBandwidth>1</networkBandwidth>
			<originalCluster>68</originalCluster>
		</Server>
		<Server id="2303">
			<id>2000</id>
			<cpuCores>6</cpuCores>
			<memory>1</memory>
			<networkBandwidth>5</networkBandwidth>
			<originalCluster>140</originalCluster>
		</Server>
		<Server id="2304">
			<id>2001</id>
			<cpuCores>1</cpuCores>
			<memory>1</memory>
			<networkBandwidth>1</networkBandwidth>
			<originalCluster>130</originalCluster>
		</Server>
		<Server id="2305">
			<id>2002</id>
			<cpuCores>1</cpuCores>
			<memory>1</memory>
			<networkBandwidth>1</networkBandwidth>
			<originalCluster>62</originalCluster>
		</Server>
		<Server id="2306">
			<id>2003</id>
			<cpuCores>3</cpuCores>
			<memory>1</memory>
			<networkBandwidth>2</networkBandwidth>
		</Server>
		<Server id="2307">
			<id>2004</id>
			<cpuCores>11</cpuCores>
			<memory>1</memory>
			<networkBandwidth>1</networkBandwidth>
		</Server>
		<Server id="2308">
			<id>2005</id>
			<cpuCores>1</cpuCores>
			<memory>4</memory>
			<networkBandwidth>1</networkBandwidth>
			<originalCluster>165</originalCluster>
		</Server>
		<Server id="2309">
			<id>2006</id>
			<cpuCores>2</cpuCores>
			<memory>1</memory>
			<networkBandwidth>1</networkBandwidth>
			<originalCluster>131</originalCluster>
		</Server>
		<Server id="2310">
			<id>2007</id>
			<cpuCores>1</cpuCores>
			<memory>1</memory>
			<networkBandwidth>3</networkBandwidth>
			<originalCluster>257</originalCluster>
		</Server>
		<Server id="2311">
			<id>2008</id>
			<cpuCores>1</cpuCores>
			<memory>3</memory>
			<networkBandwidth>1</networkBandwidth>
			<originalCluster>17</originalCluster>
		</Server>
		<Server id="2312">
			<id>2009</id>
			<cpuCores>3</cpuCores>
			<memory>1</memory>
			<networkBandwidth>1</networkBandwidth>
			<originalCluster>274</originalCluster>
		</Server>
		<Server id="2313">
			<id>2010</id>
			<cpuCores>9</cpuCores>
			<memory>1</memory>
			<networkBandwidth>1</networkBandwidth>
		</Server>
		<Server id="2314">
			<id>2011</id>
			<cpuCores>2</cpuCores>
			<memory>10</memory>
			<networkBandwidth>1</networkBandwidth>
			<originalCluster>83</originalCluster>
		</Server>
		<Server id="2315">
			<id>2012</id>
			<cpuCores>1</cpuCores>
			<memory>1</memory>
			<networkBandwidth>4</networkBandwidth>
			<originalCluster>180</originalCluster>
		</Server>
		<Server id="2316">
			<id>2013</id>
			<cpuCores>5</cpuCores>
			<memory>4</memory>
			<networkBandwidth>1</networkBandwidth>
			<originalCluster>243</originalCluster>
		</Server>
		<Server id="2317">
			<id>2014</id>
			<cpuCores>1</cpuCores>
			<memory>3</memory>
			<networkBandwidth>1</networkBandwidth>
			<originalCluster>191</originalCluster>
		</Server>
		<Server id="2318">
			<id>2015</id>
			<cpuCores>2</cpuCores>
			<memory>2</memory>
			<networkBandwidth>2</networkBandwidth>
			<originalCluster>50</originalCluster>
		</Server>
		<Server id="2319">
			<id>2016</id>
			<cpuCores>2</cpuCores>
			<memory>1</memory>
			<networkBandwidth>1</networkBandwidth>
			<originalCluster>268</originalCluster>
		</Server>
		<Server id="2320">
			<id>2017</id>
			<cpuCores>3</cpuCores>
			<memory>3</memory>
			<networkBandwidth>1</networkBandwidth>
			<originalCluster>72</originalCluster>
		</Server>
		<Server id="2321">
			<id>2018</id>
			<cpuCores>1</cpuCores>
			<memory>1</memory>
			<networkBandwidth>5</networkBandwidth>
			<originalCluster>282</originalCluster>
		</Server>
		<Server id="2322">
			<id>2019</id>
			<cpuCores>1</cpuCores>
			<memory>1</memory>
			<networkBandwidth>9</networkBandwidth>
			<originalCluster>172</originalCluster>
		</Server>
		<Server id="2323">
			<id>2020</id>
			<cpuCores>1</cpuCores>
			<memory>1</memory>
			<networkBandwidth>4</networkBandwidth>
			<originalCluster>249</originalCluster>
		</Server>
		<Server id="2324">
			<id>2021</id>
			<cpuCores>1</cpuCores>
			<memory>1</memory>
			<networkBandwidth>1</networkBandwidth>
			<originalCluster>263</originalCluster>
		</Server>
		<Server id="2325">
			<id>2022</id>
			<cpuCores>1</cpuCores>
			<memory>10</memory>
			<networkBandwidth>2</networkBandwidth>
			<originalCluster>225</originalCluster>
		</Server>
		<Server id="2326">
			<id>2023</id>
			<cpuCores>1</cpuCores>
			<memory>1</memory>
			<networkBandwidth>4</networkBandwidth>
			<originalCluster>66</originalCluster>
		</Server>
		<Server id="2327">
			<id>2024</id>
			<cpuCores>1</cpuCores>
			<memory>1</memory>
			<networkBandwidth>1</networkBandwidth>
			<originalCluster>61</originalCluster>
		</Server>
		<Server id="2328">
			<id>2025</id>
			<cpuCores>1</cpuCores>
			<memory>1</memory>
			<networkBandwidth>1</networkBandwidth>
			<originalCluster>178</originalCluster>
		</Server>
		<Server id="2329">
			<id>2026</id>
			<cpuCores>3</cpuCores>
			<memory>2</memory>
			<networkBandwidth>1</networkBandwidth>
			<originalCluster>72</originalCluster>
		</Server>
		<Server id="2330">
			<id>2027</id>
			<cpuCores>1</cpuCores>
			<memory>8</memory>
			<networkBandwidth>1</networkBandwidth>
			<originalCluster>11</originalCluster>
		</Server>
		<Server id="2331">
			<id>2028</id>
			<cpuCores>2</cpuCores>
			<memory>2</memory>
			<networkBandwidth>1</networkBandwidth>
			<originalCluster>16</originalCluster>
		</Server>
		<Server id="2332">
			<id>2029</id>
			<cpuCores>1</cpuCores>
			<memory>1</memory>
			<networkBandwidth>12</networkBandwidth>
			<originalCluster>99</originalCluster>
		</Server>
		<Server id="2333">
			<id>2030</id>
			<cpuCores>1</cpuCores>
			<memory>1</memory>
			<networkBandwidth>1</networkBandwidth>
			<originalCluster>235</originalCluster>
		</Server>
		<Server id="2334">
			<id>2031</id>
			<cpuCores>1</cpuCores>
			<memory>7</memory>
			<networkBandwidth>4</networkBandwidth>
			<originalCluster>14</originalCluster>
		</Server>
		<Server id="2335">
			<id>2032</id>
			<cpuCores>1</cpuCores>
			<memory>8</memory>
			<networkBandwidth>1</networkBandwidth>
			<originalCluster>155</originalCluster>
		</Server>
		<Server id="2336">
			<id>2033</id>
			<cpuCores>3</cpuCores>
			<memory>5</memory>
			<networkBandwidth>4</networkBandwidth>
			<originalCluster>20</originalCluster>
		</Server>
		<Server id="2337">
			<id>2034</id>
			<cpuCores>1</cpuCores>
			<memory>1</memory>
			<networkBandwidth>2</networkBandwidth>
			<originalCluster>286</originalCluster>
		</Server>
		<Server id="2338">
			<id>2035</id>
			<cpuCores>3</cpuCores>
			<memory>7</memory>
			<networkBandwidth>1</networkBandwidth>
			<originalCluster>75</originalCluster>
		</Server>
		<Server id="2339">
			<id>2036</id>
			<cpuCores>6</cpuCores>
			<memory>19</memory>
			<networkBandwidth>1</networkBandwidth>
			<originalCluster>125</originalCluster>
		</Server>
		<Server id="2340">
			<id>2037</id>
			<cpuCores>3</cpuCores>
			<memory>1</memory>
			<networkBandwidth>7</networkBandwidth>
			<originalCluster>248</originalCluster>
		</Server>
		<Server id="2341">
			<id>2038</id>
			<cpuCores>1</cpuCores>
			<memory>1</memory>
			<networkBandwidth>11</networkBandwidth>
			<originalCluster>162</originalCluster>
		</Server>
		<Server id="2342">
			<id>2039</id>
			<cpuCores>5</cpuCores>
			<memory>1</memory>
			<networkBandwidth>6</networkBandwidth>
			<originalCluster>70</originalCluster>
		</Server>
		<Server id="2343">
			<id>2040</id>
			<cpuCores>1</cpuCores>
			<memory>4</memory>
			<networkBandwidth>10</networkBandwidth>
			<originalCluster>172</originalCluster>
		</Server>
		<Server id="2344">
			<id>2041</id>
			<cpuCores>1</cpuCores>
			<memory>1</memory>
			<networkBandwidth>1</networkBandwidth>
			<originalCluster>98</originalCluster>
		</Server>
		<Server id="2345">
			<id>2042</id>
			<cpuCores>1</cpuCores>
			<memory>9</memory>
			<networkBandwidth>1</networkBandwidth>
			<originalCluster>48</originalCluster>
		</Server>
		<Server id="2346">
			<id>2043</id>
			<cpuCores>1</cpuCores>
			<memory>1</memory>
			<networkBandwidth>8</networkBandwidth>
			<originalCluster>138</originalCluster>
		</Server>
		<Server id="2347">
			<id>2044</id>
			<cpuCores>1</cpuCores>
			<memory>1</memory>
			<networkBandwidth>1</networkBandwidth>
			<originalCluster>179</originalCluster>
		</Server>
		<Server id="2348">
			<id>2045</id>
			<cpuCores>1</cpuCores>
			<memory>1</memory>
			<networkBandwidth>1</networkBandwidth>
			<originalCluster>224</originalCluster>
		</Server>
		<Server id="2349">
			<id>2046</id>
			<cpuCores>1</cpuCores>
			<memory>1</memory>
			<networkBandwidth>1</networkBandwidth>
			<originalCluster>267</originalCluster>
		</Server>
		<Server id="2350">
			<id>2047</id>
			<cpuCores>1</cpuCores>
			<memory>1</memory>
			<networkBandwidth>8</networkBandwidth>
			<originalCluster>105</originalCluster>
		</Server>
		<Server id="2351">
			<id>2048</id>
			<cpuCores>1</cpuCores>
			<memory>2</memory>
			<networkBandwidth>1</networkBandwidth>
			<originalCluster>201</originalCluster>
		</Server>
		<Server id="2352">
			<id>2049</id>
			<cpuCores>11</cpuCores>
			<memory>1</memory>
			<networkBandwidth>1</networkBandwidth>
			<originalCluster>212</originalCluster>
		</Server>
		<Server id="2353">
			<id>2050</id>
			<cpuCores>1</cpuCores>
			<memory>22</memory>
			<networkBandwidth>1</networkBandwidth>
			<originalCluster>185</originalCluster>
		</Server>
		<Server id="2354">
			<id>2051</id>
			<cpuCores>1</cpuCores>
			<memory>1</memory>
			<networkBandwidth>4</networkBandwidth>
			<originalCluster>61</originalCluster>
		</Server>
		<Server id="2355">
			<id>2052</id>
			<cpuCores>4</cpuCores>
			<memory>16</memory>
			<networkBandwidth>1</networkBandwidth>
			<originalCluster>281</originalCluster>
		</Server>
		<Server id="2356">
			<id>2053</id>
			<cpuCores>11</cpuCores>
			<memory>3</memory>
			<networkBandwidth>1</networkBandwidth>
		</Server>
		<Server id="2357">
			<id>2054</id>
			<cpuCores>1</cpuCores>
			<memory>2</memory>
			<networkBandwidth>1</networkBandwidth>
			<originalCluster>265</originalCluster>
		</Server>
		<Server id="2358">
			<id>2055</id>
			<cpuCores>1</cpuCores>
			<memory>1</memory>
			<networkBandwidth>1</networkBandwidth>
			<originalCluster>238</originalCluster>
		</Server>
		<Server id="2359">
			<id>2056</id>
			<cpuCores>1</cpuCores>
			<memory>1</memory>
			<networkBandwidth>2</networkBandwidth>
			<originalCluster>204</originalCluster>
		</Server>
		<Server id="2360">
			<id>2057</id>
			<cpuCores>1</cpuCores>
			<memory>5</memory>
			<networkBandwidth>1</networkBandwidth>
			<originalCluster>133</originalCluster>
		</Server>
		<Server id="2361">
			<id>2058</id>
			<cpuCores>1</cpuCores>
			<memory>5</memory>
			<networkBandwidth>1</networkBandwidth>
			<originalCluster>228</originalCluster>
		</Server>
		<Server id="2362">
			<id>2059</id>
			<cpuCores>1</cpuCores>
			<memory>1</memory>
			<networkBandwidth>1</networkBandwidth>
			<originalCluster>126</originalCluster>
		</Server>
		<Server id="2363">
			<id>2060</id>
			<cpuCores>2</cpuCores>
			<memory>3</memory>
			<networkBandwidth>3</networkBandwidth>
			<originalCluster>10</originalCluster>
		</Server>
		<Server id="2364">
			<id>2061</id>
			<cpuCores>2</cpuCores>
			<memory>1</memory>
			<networkBandwidth>1</networkBandwidth>
			<originalCluster>123</originalCluster>
		</Server>
		<Server id="2365">
			<id>2062</id>
			<cpuCores>1</cpuCores>
			<memory>22</memory>
			<networkBandwidth>8</networkBandwidth>
			<originalCluster>125</originalCluster>
		</Server>
		<Server id="2366">
			<id>2063</id>
			<cpuCores>1</cpuCores>
			<memory>8</memory>
			<networkBandwidth>1</networkBandwidth>
			<originalCluster>200</originalCluster>
		</Server>
		<Server id="2367">
			<id>2064</id>
			<cpuCores>3</cpuCores>
			<memory>1</memory>
			<networkBandwidth>3</networkBandwidth>
			<originalCluster>64</originalCluster>
		</Server>
		<Server id="2368">
			<id>2065</id>
			<cpuCores>3</cpuCores>
			<memory>1</memory>
			<networkBandwidth>1</networkBandwidth>
			<originalCluster>31</originalCluster>
		</Server>
		<Server id="2369">
			<id>2066</id>
			<cpuCores>1</cpuCores>
			<memory>1</memory>
			<networkBandwidth>1</networkBandwidth>
			<originalCluster>131</originalCluster>
		</Server>
		<Server id="2370">
			<id>2067</id>
			<cpuCores>1</cpuCores>
			<memory>1</memory>
			<networkBandwidth>1</networkBandwidth>
			<originalCluster>228</originalCluster>
		</Server>
		<Server id="2371">
			<id>2068</id>
			<cpuCores>3</cpuCores>
			<memory>1</memory>
			<networkBandwidth>1</networkBandwidth>
			<originalCluster>117</originalCluster>
		</Server>
		<Server id="2372">
			<id>2069</id>
			<cpuCores>1</cpuCores>
			<memory>5</memory>
			<networkBandwidth>3</networkBandwidth>
			<originalCluster>216</originalCluster>
		</Server>
		<Server id="2373">
			<id>2070</id>
			<cpuCores>1</cpuCores>
			<memory>1</memory>
			<networkBandwidth>1</networkBandwidth>
			<originalCluster>249</originalCluster>
		</Server>
		<Server id="2374">
			<id>2071</id>
			<cpuCores>7</cpuCores>
			<memory>25</memory>
			<networkBandwidth>1</networkBandwidth>
			<originalCluster>203</originalCluster>
		</Server>
		<Server id="2375">
			<id>2072</id>
			<cpuCores>1</cpuCores>
			<memory>1</memory>
			<networkBandwidth>1</networkBandwidth>
			<originalCluster>102</originalCluster>
		</Server>
		<Server id="2376">
			<id>2073</id>
			<cpuCores>4</cpuCores>
			<memory>5</memory>
			<networkBandwidth>1</networkBandwidth>
			<originalCluster>249</originalCluster>
		</Server>
		<Server id="2377">
			<id>2074</id>
			<cpuCores>1</cpuCores>
			<memory>1</memory>
			<networkBandwidth>1</networkBandwidth>
			<originalCluster>186</originalCluster>
		</Server>
		<Server id="2378">
			<id>2075</id>
			<cpuCores>1</cpuCores>
			<memory>6</memory>
			<networkBandwidth>1</networkBandwidth>
			<originalCluster>245</originalCluster>
		</Server>
		<Server id="2379">
			<id>2076</id>
			<cpuCores>1</cpuCores>
			<memory>11</memory>
			<networkBandwidth>1</networkBandwidth>
			<originalCluster>230</originalCluster>
		</Server>
		<Server id="2380">
			<id>2077</id>
			<cpuCores>1</cpuCores>
			<memory>2</memory>
			<networkBandwidth>1</networkBandwidth>
			<originalCluster>52</originalCluster>
		</Server>
		<Server id="2381">
			<id>2078</id>
			<cpuCores>2</cpuCores>
			<memory>1</memory>
			<networkBandwidth>4</networkBandwidth>
			<originalCluster>62</originalCluster>
		</Server>
		<Server id="2382">
			<id>2079</id>
			<cpuCores>1</cpuCores>
			<memory>4</memory>
			<networkBandwidth>1</networkBandwidth>
			<originalCluster>234</originalCluster>
		</Server>
		<Server id="2383">
			<id>2080</id>
			<cpuCores>1</cpuCores>
			<memory>17</memory>
			<networkBandwidth>1</networkBandwidth>
			<originalCluster>74</originalCluster>
		</Server>
		<Server id="2384">
			<id>2081</id>
			<cpuCores>4</cpuCores>
			<memory>9</memory>
			<networkBandwidth>2</networkBandwidth>
		</Server>
		<Server id="2385">
			<id>2082</id>
			<cpuCores>1</cpuCores>
			<memory>1</memory>
			<networkBandwidth>3</networkBandwidth>
			<originalCluster>180</originalCluster>
		</Server>
		<Server id="2386">
			<id>2083</id>
			<cpuCores>1</cpuCores>
			<memory>1</memory>
			<networkBandwidth>3</networkBandwidth>
			<originalCluster>194</originalCluster>
		</Server>
		<Server id="2387">
			<id>2084</id>
			<cpuCores>8</cpuCores>
			<memory>1</memory>
			<networkBandwidth>1</networkBandwidth>
		</Server>
		<Server id="2388">
			<id>2085</id>
			<cpuCores>3</cpuCores>
			<memory>4</memory>
			<networkBandwidth>1</networkBandwidth>
			<originalCluster>251</originalCluster>
		</Server>
		<Server id="2389">
			<id>2086</id>
			<cpuCores>3</cpuCores>
			<memory>1</memory>
			<networkBandwidth>1</networkBandwidth>
			<originalCluster>66</originalCluster>
		</Server>
		<Server id="2390">
			<id>2087</id>
			<cpuCores>1</cpuCores>
			<memory>1</memory>
			<networkBandwidth>1</networkBandwidth>
			<originalCluster>181</originalCluster>
		</Server>
		<Server id="2391">
			<id>2088</id>
			<cpuCores>1</cpuCores>
			<memory>1</memory>
			<networkBandwidth>1</networkBandwidth>
			<originalCluster>128</originalCluster>
		</Server>
		<Server id="2392">
			<id>2089</id>
			<cpuCores>1</cpuCores>
			<memory>1</memory>
			<networkBandwidth>1</networkBandwidth>
			<originalCluster>260</originalCluster>
		</Server>
		<Server id="2393">
			<id>2090</id>
			<cpuCores>1</cpuCores>
			<memory>1</memory>
			<networkBandwidth>1</networkBandwidth>
			<originalCluster>183</originalCluster>
		</Server>
		<Server id="2394">
			<id>2091</id>
			<cpuCores>1</cpuCores>
			<memory>6</memory>
			<networkBandwidth>1</networkBandwidth>
			<originalCluster>0</originalCluster>
		</Server>
		<Server id="2395">
			<id>2092</id>
			<cpuCores>1</cpuCores>
			<memory>3</memory>
			<networkBandwidth>1</networkBandwidth>
		</Server>
		<Server id="2396">
			<id>2093</id>
			<cpuCores>1</cpuCores>
			<memory>8</memory>
			<networkBandwidth>1</networkBandwidth>
			<originalCluster>227</originalCluster>
		</Server>
		<Server id="2397">
			<id>2094</id>
			<cpuCores>1</cpuCores>
			<memory>1</memory>
			<networkBandwidth>2</networkBandwidth>
			<originalCluster>272</originalCluster>
		</Server>
		<Server id="2398">
			<id>2095</id>
			<cpuCores>1</cpuCores>
			<memory>24</memory>
			<networkBandwidth>1</networkBandwidth>
			<originalCluster>74</originalCluster>
		</Server>
		<Server id="2399">
			<id>2096</id>
			<cpuCores>1</cpuCores>
			<memory>5</memory>
			<networkBandwidth>2</networkBandwidth>
			<originalCluster>298</originalCluster>
		</Server>
		<Server id="2400">
			<id>2097</id>
			<cpuCores>1</cpuCores>
			<memory>1</memory>
			<networkBandwidth>2</networkBandwidth>
			<originalCluster>135</originalCluster>
		</Server>
		<Server id="2401">
			<id>2098</id>
			<cpuCores>1</cpuCores>
			<memory>7</memory>
			<networkBandwidth>1</networkBandwidth>
			<originalCluster>189</originalCluster>
		</Server>
		<Server id="2402">
			<id>2099</id>
			<cpuCores>1</cpuCores>
			<memory>1</memory>
			<networkBandwidth>1</networkBandwidth>
			<originalCluster>240</originalCluster>
		</Server>
		<Server id="2403">
			<id>2100</id>
			<cpuCores>1</cpuCores>
			<memory>2</memory>
			<networkBandwidth>8</networkBandwidth>
			<originalCluster>199</originalCluster>
		</Server>
		<Server id="2404">
			<id>2101</id>
			<cpuCores>1</cpuCores>
			<memory>10</memory>
			<networkBandwidth>1</networkBandwidth>
			<originalCluster>31</originalCluster>
		</Server>
		<Server id="2405">
			<id>2102</id>
			<cpuCores>1</cpuCores>
			<memory>1</memory>
			<networkBandwidth>1</networkBandwidth>
			<originalCluster>161</originalCluster>
		</Server>
		<Server id="2406">
			<id>2103</id>
			<cpuCores>1</cpuCores>
			<memory>11</memory>
			<networkBandwidth>1</networkBandwidth>
			<originalCluster>237</originalCluster>
		</Server>
		<Server id="2407">
			<id>2104</id>
			<cpuCores>2</cpuCores>
			<memory>1</memory>
			<networkBandwidth>1</networkBandwidth>
			<originalCluster>209</originalCluster>
		</Server>
		<Server id="2408">
			<id>2105</id>
			<cpuCores>1</cpuCores>
			<memory>4</memory>
			<networkBandwidth>1</networkBandwidth>
			<originalCluster>97</originalCluster>
		</Server>
		<Server id="2409">
			<id>2106</id>
			<cpuCores>1</cpuCores>
			<memory>15</memory>
			<networkBandwidth>5</networkBandwidth>
			<originalCluster>175</originalCluster>
		</Server>
		<Server id="2410">
			<id>2107</id>
			<cpuCores>1</cpuCores>
			<memory>9</memory>
			<networkBandwidth>2</networkBandwidth>
			<originalCluster>246</originalCluster>
		</Server>
		<Server id="2411">
			<id>2108</id>
			<cpuCores>1</cpuCores>
			<memory>1</memory>
			<networkBandwidth>1</networkBandwidth>
			<originalCluster>77</originalCluster>
		</Server>
		<Server id="2412">
			<id>2109</id>
			<cpuCores>11</cpuCores>
			<memory>1</memory>
			<networkBandwidth>1</networkBandwidth>
		</Server>
		<Server id="2413">
			<id>2110</id>
			<cpuCores>4</cpuCores>
			<memory>1</memory>
			<networkBandwidth>2</networkBandwidth>
			<originalCluster>21</originalCluster>
		</Server>
		<Server id="2414">
			<id>2111</id>
			<cpuCores>2</cpuCores>
			<memory>1</memory>
			<networkBandwidth>1</networkBandwidth>
		</Server>
		<Server id="2415">
			<id>2112</id>
			<cpuCores>1</cpuCores>
			<memory>1</memory>
			<networkBandwidth>1</networkBandwidth>
			<originalCluster>228</originalCluster>
		</Server>
		<Server id="2416">
			<id>2113</id>
			<cpuCores>1</cpuCores>
			<memory>30</memory>
			<networkBandwidth>1</networkBandwidth>
			<originalCluster>277</originalCluster>
		</Server>
		<Server id="2417">
			<id>2114</id>
			<cpuCores>1</cpuCores>
			<memory>1</memory>
			<networkBandwidth>4</networkBandwidth>
			<originalCluster>128</originalCluster>
		</Server>
		<Server id="2418">
			<id>2115</id>
			<cpuCores>1</cpuCores>
			<memory>1</memory>
			<networkBandwidth>1</networkBandwidth>
			<originalCluster>136</originalCluster>
		</Server>
		<Server id="2419">
			<id>2116</id>
			<cpuCores>6</cpuCores>
			<memory>1</memory>
			<networkBandwidth>2</networkBandwidth>
			<originalCluster>247</originalCluster>
		</Server>
		<Server id="2420">
			<id>2117</id>
			<cpuCores>1</cpuCores>
			<memory>1</memory>
			<networkBandwidth>1</networkBandwidth>
			<originalCluster>123</originalCluster>
		</Server>
		<Server id="2421">
			<id>2118</id>
			<cpuCores>1</cpuCores>
			<memory>1</memory>
			<networkBandwidth>5</networkBandwidth>
			<originalCluster>75</originalCluster>
		</Server>
		<Server id="2422">
			<id>2119</id>
			<cpuCores>1</cpuCores>
			<memory>3</memory>
			<networkBandwidth>4</networkBandwidth>
			<originalCluster>157</originalCluster>
		</Server>
		<Server id="2423">
			<id>2120</id>
			<cpuCores>1</cpuCores>
			<memory>1</memory>
			<networkBandwidth>1</networkBandwidth>
			<originalCluster>195</originalCluster>
		</Server>
		<Server id="2424">
			<id>2121</id>
			<cpuCores>1</cpuCores>
			<memory>3</memory>
			<networkBandwidth>3</networkBandwidth>
			<originalCluster>34</originalCluster>
		</Server>
		<Server id="2425">
			<id>2122</id>
			<cpuCores>1</cpuCores>
			<memory>1</memory>
			<networkBandwidth>2</networkBandwidth>
			<originalCluster>138</originalCluster>
		</Server>
		<Server id="2426">
			<id>2123</id>
			<cpuCores>1</cpuCores>
			<memory>1</memory>
			<networkBandwidth>5</networkBandwidth>
			<originalCluster>112</originalCluster>
		</Server>
		<Server id="2427">
			<id>2124</id>
			<cpuCores>1</cpuCores>
			<memory>1</memory>
			<networkBandwidth>1</networkBandwidth>
			<originalCluster>130</originalCluster>
		</Server>
		<Server id="2428">
			<id>2125</id>
			<cpuCores>1</cpuCores>
			<memory>1</memory>
			<networkBandwidth>1</networkBandwidth>
			<originalCluster>277</originalCluster>
		</Server>
		<Server id="2429">
			<id>2126</id>
			<cpuCores>1</cpuCores>
			<memory>1</memory>
			<networkBandwidth>1</networkBandwidth>
			<originalCluster>111</originalCluster>
		</Server>
		<Server id="2430">
			<id>2127</id>
			<cpuCores>1</cpuCores>
			<memory>1</memory>
			<networkBandwidth>1</networkBandwidth>
			<originalCluster>287</originalCluster>
		</Server>
		<Server id="2431">
			<id>2128</id>
			<cpuCores>1</cpuCores>
			<memory>9</memory>
			<networkBandwidth>1</networkBandwidth>
			<originalCluster>151</originalCluster>
		</Server>
		<Server id="2432">
			<id>2129</id>
			<cpuCores>1</cpuCores>
			<memory>1</memory>
			<networkBandwidth>3</networkBandwidth>
			<originalCluster>40</originalCluster>
		</Server>
		<Server id="2433">
			<id>2130</id>
			<cpuCores>1</cpuCores>
			<memory>1</memory>
			<networkBandwidth>1</networkBandwidth>
			<originalCluster>203</originalCluster>
		</Server>
		<Server id="2434">
			<id>2131</id>
			<cpuCores>1</cpuCores>
			<memory>1</memory>
			<networkBandwidth>1</networkBandwidth>
			<originalCluster>142</originalCluster>
		</Server>
		<Server id="2435">
			<id>2132</id>
			<cpuCores>1</cpuCores>
			<memory>2</memory>
			<networkBandwidth>1</networkBandwidth>
			<originalCluster>299</originalCluster>
		</Server>
		<Server id="2436">
			<id>2133</id>
			<cpuCores>1</cpuCores>
			<memory>17</memory>
			<networkBandwidth>1</networkBandwidth>
			<originalCluster>0</originalCluster>
		</Server>
		<Server id="2437">
			<id>2134</id>
			<cpuCores>9</cpuCores>
			<memory>22</memory>
			<networkBandwidth>4</networkBandwidth>
		</Server>
		<Server id="2438">
			<id>2135</id>
			<cpuCores>2</cpuCores>
			<memory>1</memory>
			<networkBandwidth>2</networkBandwidth>
			<originalCluster>52</originalCluster>
		</Server>
		<Server id="2439">
			<id>2136</id>
			<cpuCores>3</cpuCores>
			<memory>2</memory>
			<networkBandwidth>1</networkBandwidth>
			<originalCluster>14</originalCluster>
		</Server>
		<Server id="2440">
			<id>2137</id>
			<cpuCores>1</cpuCores>
			<memory>4</memory>
			<networkBandwidth>1</networkBandwidth>
			<originalCluster>2</originalCluster>
		</Server>
		<Server id="2441">
			<id>2138</id>
			<cpuCores>5</cpuCores>
			<memory>10</memory>
			<networkBandwidth>5</networkBandwidth>
			<originalCluster>153</originalCluster>
		</Server>
		<Server id="2442">
			<id>2139</id>
			<cpuCores>4</cpuCores>
			<memory>4</memory>
			<networkBandwidth>1</networkBandwidth>
			<originalCluster>175</originalCluster>
		</Server>
		<Server id="2443">
			<id>2140</id>
			<cpuCores>1</cpuCores>
			<memory>5</memory>
			<networkBandwidth>1</networkBandwidth>
			<originalCluster>179</originalCluster>
		</Server>
		<Server id="2444">
			<id>2141</id>
			<cpuCores>2</cpuCores>
			<memory>9</memory>
			<networkBandwidth>1</networkBandwidth>
			<originalCluster>151</originalCluster>
		</Server>
		<Server id="2445">
			<id>2142</id>
			<cpuCores>1</cpuCores>
			<memory>9</memory>
			<networkBandwidth>12</networkBandwidth>
			<originalCluster>16</originalCluster>
		</Server>
		<Server id="2446">
			<id>2143</id>
			<cpuCores>1</cpuCores>
			<memory>5</memory>
			<networkBandwidth>1</networkBandwidth>
			<originalCluster>44</originalCluster>
		</Server>
		<Server id="2447">
			<id>2144</id>
			<cpuCores>2</cpuCores>
			<memory>3</memory>
			<networkBandwidth>11</networkBandwidth>
			<originalCluster>217</originalCluster>
		</Server>
		<Server id="2448">
			<id>2145</id>
			<cpuCores>1</cpuCores>
			<memory>1</memory>
			<networkBandwidth>1</networkBandwidth>
			<originalCluster>78</originalCluster>
		</Server>
		<Server id="2449">
			<id>2146</id>
			<cpuCores>1</cpuCores>
			<memory>2</memory>
			<networkBandwidth>3</networkBandwidth>
			<originalCluster>184</originalCluster>
		</Server>
		<Server id="2450">
			<id>2147</id>
			<cpuCores>1</cpuCores>
			<memory>32</memory>
			<networkBandwidth>1</networkBandwidth>
			<originalCluster>100</originalCluster>
		</Server>
		<Server id="2451">
			<id>2148</id>
			<cpuCores>1</cpuCores>
			<memory>3</memory>
			<networkBandwidth>1</networkBandwidth>
			<originalCluster>82</originalCluster>
		</Server>
		<Server id="2452">
			<id>2149</id>
			<cpuCores>5</cpuCores>
			<memory>1</memory>
			<networkBandwidth>1</networkBandwidth>
			<originalCluster>169</originalCluster>
		</Server>
		<Server id="2453">
			<id>2150</id>
			<cpuCores>1</cpuCores>
			<memory>30</memory>
			<networkBandwidth>1</networkBandwidth>
			<originalCluster>61</originalCluster>
		</Server>
		<Server id="2454">
			<id>2151</id>
			<cpuCores>1</cpuCores>
			<memory>10</memory>
			<networkBandwidth>6</networkBandwidth>
			<originalCluster>106</originalCluster>
		</Server>
		<Server id="2455">
			<id>2152</id>
			<cpuCores>11</cpuCores>
			<memory>1</memory>
			<networkBandwidth>5</networkBandwidth>
		</Server>
		<Server id="2456">
			<id>2153</id>
			<cpuCores>1</cpuCores>
			<memory>16</memory>
			<networkBandwidth>11</networkBandwidth>
			<originalCluster>272</originalCluster>
		</Server>
		<Server id="2457">
			<id>2154</id>
			<cpuCores>1</cpuCores>
			<memory>6</memory>
			<networkBandwidth>1</networkBandwidth>
			<originalCluster>19</originalCluster>
		</Server>
		<Server id="2458">
			<id>2155</id>
			<cpuCores>5</cpuCores>
			<memory>1</memory>
			<networkBandwidth>1</networkBandwidth>
			<originalCluster>153</originalCluster>
		</Server>
		<Server id="2459">
			<id>2156</id>
			<cpuCores>4</cpuCores>
			<memory>3</memory>
			<networkBandwidth>5</networkBandwidth>
			<originalCluster>281</originalCluster>
		</Server>
		<Server id="2460">
			<id>2157</id>
			<cpuCores>1</cpuCores>
			<memory>9</memory>
			<networkBandwidth>2</networkBandwidth>
			<originalCluster>183</originalCluster>
		</Server>
		<Server id="2461">
			<id>2158</id>
			<cpuCores>4</cpuCores>
			<memory>1</memory>
			<networkBandwidth>11</networkBandwidth>
			<originalCluster>84</originalCluster>
		</Server>
		<Server id="2462">
			<id>2159</id>
			<cpuCores>1</cpuCores>
			<memory>1</memory>
			<networkBandwidth>1</networkBandwidth>
			<originalCluster>128</originalCluster>
		</Server>
		<Server id="2463">
			<id>2160</id>
			<cpuCores>1</cpuCores>
			<memory>4</memory>
			<networkBandwidth>2</networkBandwidth>
			<originalCluster>56</originalCluster>
		</Server>
		<Server id="2464">
			<id>2161</id>
			<cpuCores>1</cpuCores>
			<memory>15</memory>
			<networkBandwidth>2</networkBandwidth>
			<originalCluster>92</originalCluster>
		</Server>
		<Server id="2465">
			<id>2162</id>
			<cpuCores>1</cpuCores>
			<memory>3</memory>
			<networkBandwidth>1</networkBandwidth>
			<originalCluster>296</originalCluster>
		</Server>
		<Server id="2466">
			<id>2163</id>
			<cpuCores>1</cpuCores>
			<memory>6</memory>
			<networkBandwidth>1</networkBandwidth>
			<originalCluster>145</originalCluster>
		</Server>
		<Server id="2467">
			<id>2164</id>
			<cpuCores>1</cpuCores>
			<memory>2</memory>
			<networkBandwidth>1</networkBandwidth>
			<originalCluster>113</originalCluster>
		</Server>
		<Server id="2468">
			<id>2165</id>
			<cpuCores>2</cpuCores>
			<memory>1</memory>
			<networkBandwidth>1</networkBandwidth>
			<originalCluster>205</originalCluster>
		</Server>
		<Server id="2469">
			<id>2166</id>
			<cpuCores>1</cpuCores>
			<memory>1</memory>
			<networkBandwidth>1</networkBandwidth>
			<originalCluster>129</originalCluster>
		</Server>
		<Server id="2470">
			<id>2167</id>
			<cpuCores>1</cpuCores>
			<memory>1</memory>
			<networkBandwidth>1</networkBandwidth>
			<originalCluster>86</originalCluster>
		</Server>
		<Server id="2471">
			<id>2168</id>
			<cpuCores>9</cpuCores>
			<memory>4</memory>
			<networkBandwidth>1</networkBandwidth>
			<originalCluster>89</originalCluster>
		</Server>
		<Server id="2472">
			<id>2169</id>
			<cpuCores>1</cpuCores>
			<memory>1</memory>
			<networkBandwidth>1</networkBandwidth>
			<originalCluster>131</originalCluster>
		</Server>
		<Server id="2473">
			<id>2170</id>
			<cpuCores>1</cpuCores>
			<memory>3</memory>
			<networkBandwidth>1</networkBandwidth>
			<originalCluster>140</originalCluster>
		</Server>
		<Server id="2474">
			<id>2171</id>
			<cpuCores>1</cpuCores>
			<memory>1</memory>
			<networkBandwidth>1</networkBandwidth>
			<originalCluster>82</originalCluster>
		</Server>
		<Server id="2475">
			<id>2172</id>
			<cpuCores>1</cpuCores>
			<memory>1</memory>
			<networkBandwidth>3</networkBandwidth>
			<originalCluster>38</originalCluster>
		</Server>
		<Server id="2476">
			<id>2173</id>
			<cpuCores>1</cpuCores>
			<memory>1</memory>
			<networkBandwidth>1</networkBandwidth>
			<originalCluster>23</originalCluster>
		</Server>
		<Server id="2477">
			<id>2174</id>
			<cpuCores>6</cpuCores>
			<memory>7</memory>
			<networkBandwidth>1</networkBandwidth>
			<originalCluster>286</originalCluster>
		</Server>
		<Server id="2478">
			<id>2175</id>
			<cpuCores>1</cpuCores>
			<memory>2</memory>
			<networkBandwidth>5</networkBandwidth>
			<originalCluster>109</originalCluster>
		</Server>
		<Server id="2479">
			<id>2176</id>
			<cpuCores>9</cpuCores>
			<memory>1</memory>
			<networkBandwidth>5</networkBandwidth>
			<originalCluster>130</originalCluster>
		</Server>
		<Server id="2480">
			<id>2177</id>
			<cpuCores>1</cpuCores>
			<memory>11</memory>
			<networkBandwidth>1</networkBandwidth>
			<originalCluster>235</originalCluster>
		</Server>
		<Server id="2481">
			<id>2178</id>
			<cpuCores>5</cpuCores>
			<memory>1</memory>
			<networkBandwidth>1</networkBandwidth>
			<originalCluster>168</originalCluster>
		</Server>
		<Server id="2482">
			<id>2179</id>
			<cpuCores>2</cpuCores>
			<memory>1</memory>
			<networkBandwidth>4</networkBandwidth>
			<originalCluster>44</originalCluster>
		</Server>
		<Server id="2483">
			<id>2180</id>
			<cpuCores>1</cpuCores>
			<memory>1</memory>
			<networkBandwidth>1</networkBandwidth>
			<originalCluster>252</originalCluster>
		</Server>
		<Server id="2484">
			<id>2181</id>
			<cpuCores>1</cpuCores>
			<memory>1</memory>
			<networkBandwidth>1</networkBandwidth>
			<originalCluster>258</originalCluster>
		</Server>
		<Server id="2485">
			<id>2182</id>
			<cpuCores>10</cpuCores>
			<memory>3</memory>
			<networkBandwidth>1</networkBandwidth>
		</Server>
		<Server id="2486">
			<id>2183</id>
			<cpuCores>2</cpuCores>
			<memory>5</memory>
			<networkBandwidth>1</networkBandwidth>
			<originalCluster>90</originalCluster>
		</Server>
		<Server id="2487">
			<id>2184</id>
			<cpuCores>1</cpuCores>
			<memory>1</memory>
			<networkBandwidth>1</networkBandwidth>
			<originalCluster>281</originalCluster>
		</Server>
		<Server id="2488">
			<id>2185</id>
			<cpuCores>3</cpuCores>
			<memory>1</memory>
			<networkBandwidth>1</networkBandwidth>
			<originalCluster>208</originalCluster>
		</Server>
		<Server id="2489">
			<id>2186</id>
			<cpuCores>9</cpuCores>
			<memory>3</memory>
			<networkBandwidth>2</networkBandwidth>
		</Server>
		<Server id="2490">
			<id>2187</id>
			<cpuCores>1</cpuCores>
			<memory>14</memory>
			<networkBandwidth>12</networkBandwidth>
			<originalCluster>123</originalCluster>
		</Server>
		<Server id="2491">
			<id>2188</id>
			<cpuCores>1</cpuCores>
			<memory>1</memory>
			<networkBandwidth>1</networkBandwidth>
			<originalCluster>207</originalCluster>
		</Server>
		<Server id="2492">
			<id>2189</id>
			<cpuCores>1</cpuCores>
			<memory>1</memory>
			<networkBandwidth>1</networkBandwidth>
			<originalCluster>134</originalCluster>
		</Server>
		<Server id="2493">
			<id>2190</id>
			<cpuCores>1</cpuCores>
			<memory>1</memory>
			<networkBandwidth>4</networkBandwidth>
			<originalCluster>122</originalCluster>
		</Server>
		<Server id="2494">
			<id>2191</id>
			<cpuCores>2</cpuCores>
			<memory>1</memory>
			<networkBandwidth>1</networkBandwidth>
			<originalCluster>149</originalCluster>
		</Server>
		<Server id="2495">
			<id>2192</id>
			<cpuCores>1</cpuCores>
			<memory>4</memory>
			<networkBandwidth>1</networkBandwidth>
			<originalCluster>31</originalCluster>
		</Server>
		<Server id="2496">
			<id>2193</id>
			<cpuCores>1</cpuCores>
			<memory>1</memory>
			<networkBandwidth>1</networkBandwidth>
			<originalCluster>76</originalCluster>
		</Server>
		<Server id="2497">
			<id>2194</id>
			<cpuCores>6</cpuCores>
			<memory>6</memory>
			<networkBandwidth>1</networkBandwidth>
			<originalCluster>299</originalCluster>
		</Server>
		<Server id="2498">
			<id>2195</id>
			<cpuCores>4</cpuCores>
			<memory>1</memory>
			<networkBandwidth>1</networkBandwidth>
			<originalCluster>177</originalCluster>
		</Server>
		<Server id="2499">
			<id>2196</id>
			<cpuCores>2</cpuCores>
			<memory>21</memory>
			<networkBandwidth>1</networkBandwidth>
			<originalCluster>177</originalCluster>
		</Server>
		<Server id="2500">
			<id>2197</id>
			<cpuCores>1</cpuCores>
			<memory>1</memory>
			<networkBandwidth>7</networkBandwidth>
			<originalCluster>290</originalCluster>
		</Server>
		<Server id="2501">
			<id>2198</id>
			<cpuCores>1</cpuCores>
			<memory>2</memory>
			<networkBandwidth>1</networkBandwidth>
			<originalCluster>233</originalCluster>
		</Server>
		<Server id="2502">
			<id>2199</id>
			<cpuCores>1</cpuCores>
			<memory>1</memory>
			<networkBandwidth>3</networkBandwidth>
			<originalCluster>227</originalCluster>
		</Server>
		<Server id="2503">
			<id>2200</id>
			<cpuCores>1</cpuCores>
			<memory>1</memory>
			<networkBandwidth>1</networkBandwidth>
			<originalCluster>109</originalCluster>
		</Server>
		<Server id="2504">
			<id>2201</id>
			<cpuCores>1</cpuCores>
			<memory>1</memory>
			<networkBandwidth>1</networkBandwidth>
			<originalCluster>91</originalCluster>
		</Server>
		<Server id="2505">
			<id>2202</id>
			<cpuCores>2</cpuCores>
			<memory>1</memory>
			<networkBandwidth>7</networkBandwidth>
			<originalCluster>8</originalCluster>
		</Server>
		<Server id="2506">
			<id>2203</id>
			<cpuCores>1</cpuCores>
			<memory>1</memory>
			<networkBandwidth>1</networkBandwidth>
			<originalCluster>100</originalCluster>
		</Server>
		<Server id="2507">
			<id>2204</id>
			<cpuCores>5</cpuCores>
			<memory>19</memory>
			<networkBandwidth>1</networkBandwidth>
			<originalCluster>254</originalCluster>
		</Server>
		<Server id="2508">
			<id>2205</id>
			<cpuCores>1</cpuCores>
			<memory>1</memory>
			<networkBandwidth>2</networkBandwidth>
			<originalCluster>237</originalCluster>
		</Server>
		<Server id="2509">
			<id>2206</id>
			<cpuCores>8</cpuCores>
			<memory>1</memory>
			<networkBandwidth>1</networkBandwidth>
			<originalCluster>217</originalCluster>
		</Server>
		<Server id="2510">
			<id>2207</id>
			<cpuCores>10</cpuCores>
			<memory>1</memory>
			<networkBandwidth>1</networkBandwidth>
		</Server>
		<Server id="2511">
			<id>2208</id>
			<cpuCores>1</cpuCores>
			<memory>1</memory>
			<networkBandwidth>1</networkBandwidth>
			<originalCluster>9</originalCluster>
		</Server>
		<Server id="2512">
			<id>2209</id>
			<cpuCores>2</cpuCores>
			<memory>1</memory>
			<networkBandwidth>1</networkBandwidth>
			<originalCluster>220</originalCluster>
		</Server>
		<Server id="2513">
			<id>2210</id>
			<cpuCores>1</cpuCores>
			<memory>1</memory>
			<networkBandwidth>1</networkBandwidth>
			<originalCluster>248</originalCluster>
		</Server>
		<Server id="2514">
			<id>2211</id>
			<cpuCores>1</cpuCores>
			<memory>7</memory>
			<networkBandwidth>8</networkBandwidth>
			<originalCluster>164</originalCluster>
		</Server>
		<Server id="2515">
			<id>2212</id>
			<cpuCores>1</cpuCores>
			<memory>1</memory>
			<networkBandwidth>1</networkBandwidth>
			<originalCluster>294</originalCluster>
		</Server>
		<Server id="2516">
			<id>2213</id>
			<cpuCores>1</cpuCores>
			<memory>1</memory>
			<networkBandwidth>1</networkBandwidth>
			<originalCluster>43</originalCluster>
		</Server>
		<Server id="2517">
			<id>2214</id>
			<cpuCores>4</cpuCores>
			<memory>6</memory>
			<networkBandwidth>1</networkBandwidth>
			<originalCluster>68</originalCluster>
		</Server>
		<Server id="2518">
			<id>2215</id>
			<cpuCores>1</cpuCores>
			<memory>1</memory>
			<networkBandwidth>1</networkBandwidth>
			<originalCluster>160</originalCluster>
		</Server>
		<Server id="2519">
			<id>2216</id>
			<cpuCores>6</cpuCores>
			<memory>1</memory>
			<networkBandwidth>2</networkBandwidth>
			<originalCluster>146</originalCluster>
		</Server>
		<Server id="2520">
			<id>2217</id>
			<cpuCores>1</cpuCores>
			<memory>4</memory>
			<networkBandwidth>1</networkBandwidth>
			<originalCluster>105</originalCluster>
		</Server>
		<Server id="2521">
			<id>2218</id>
			<cpuCores>1</cpuCores>
			<memory>1</memory>
			<networkBandwidth>1</networkBandwidth>
			<originalCluster>76</originalCluster>
		</Server>
		<Server id="2522">
			<id>2219</id>
			<cpuCores>1</cpuCores>
			<memory>6</memory>
			<networkBandwidth>1</networkBandwidth>
			<originalCluster>247</originalCluster>
		</Server>
		<Server id="2523">
			<id>2220</id>
			<cpuCores>1</cpuCores>
			<memory>2</memory>
			<networkBandwidth>3</networkBandwidth>
			<originalCluster>124</originalCluster>
		</Server>
		<Server id="2524">
			<id>2221</id>
			<cpuCores>6</cpuCores>
			<memory>2</memory>
			<networkBandwidth>1</networkBandwidth>
		</Server>
		<Server id="2525">
			<id>2222</id>
			<cpuCores>1</cpuCores>
			<memory>4</memory>
			<networkBandwidth>4</networkBandwidth>
			<originalCluster>112</originalCluster>
		</Server>
		<Server id="2526">
			<id>2223</id>
			<cpuCores>1</cpuCores>
			<memory>1</memory>
			<networkBandwidth>1</networkBandwidth>
			<originalCluster>20</originalCluster>
		</Server>
		<Server id="2527">
			<id>2224</id>
			<cpuCores>1</cpuCores>
			<memory>6</memory>
			<networkBandwidth>1</networkBandwidth>
			<originalCluster>159</originalCluster>
		</Server>
		<Server id="2528">
			<id>2225</id>
			<cpuCores>2</cpuCores>
			<memory>1</memory>
			<networkBandwidth>1</networkBandwidth>
			<originalCluster>87</originalCluster>
		</Server>
		<Server id="2529">
			<id>2226</id>
			<cpuCores>1</cpuCores>
			<memory>10</memory>
			<networkBandwidth>1</networkBandwidth>
			<originalCluster>252</originalCluster>
		</Server>
		<Server id="2530">
			<id>2227</id>
			<cpuCores>6</cpuCores>
			<memory>4</memory>
			<networkBandwidth>3</networkBandwidth>
		</Server>
		<Server id="2531">
			<id>2228</id>
			<cpuCores>1</cpuCores>
			<memory>4</memory>
			<networkBandwidth>1</networkBandwidth>
			<originalCluster>258</originalCluster>
		</Server>
		<Server id="2532">
			<id>2229</id>
			<cpuCores>2</cpuCores>
			<memory>1</memory>
			<networkBandwidth>1</networkBandwidth>
			<originalCluster>8</originalCluster>
		</Server>
		<Server id="2533">
			<id>2230</id>
			<cpuCores>1</cpuCores>
			<memory>2</memory>
			<networkBandwidth>3</networkBandwidth>
			<originalCluster>67</originalCluster>
		</Server>
		<Server id="2534">
			<id>2231</id>
			<cpuCores>2</cpuCores>
			<memory>1</memory>
			<networkBandwidth>1</networkBandwidth>
			<originalCluster>186</originalCluster>
		</Server>
		<Server id="2535">
			<id>2232</id>
			<cpuCores>12</cpuCores>
			<memory>1</memory>
			<networkBandwidth>5</networkBandwidth>
		</Server>
		<Server id="2536">
			<id>2233</id>
			<cpuCores>2</cpuCores>
			<memory>7</memory>
			<networkBandwidth>1</networkBandwidth>
			<originalCluster>176</originalCluster>
		</Server>
		<Server id="2537">
			<id>2234</id>
			<cpuCores>10</cpuCores>
			<memory>10</memory>
			<networkBandwidth>1</networkBandwidth>
		</Server>
		<Server id="2538">
			<id>2235</id>
			<cpuCores>3</cpuCores>
			<memory>1</memory>
			<networkBandwidth>1</networkBandwidth>
			<originalCluster>176</originalCluster>
		</Server>
		<Server id="2539">
			<id>2236</id>
			<cpuCores>1</cpuCores>
			<memory>20</memory>
			<networkBandwidth>1</networkBandwidth>
			<originalCluster>146</originalCluster>
		</Server>
		<Server id="2540">
			<id>2237</id>
			<cpuCores>3</cpuCores>
			<memory>1</memory>
			<networkBandwidth>1</networkBandwidth>
			<originalCluster>75</originalCluster>
		</Server>
		<Server id="2541">
			<id>2238</id>
			<cpuCores>5</cpuCores>
			<memory>1</memory>
			<networkBandwidth>1</networkBandwidth>
			<originalCluster>3</originalCluster>
		</Server>
		<Server id="2542">
			<id>2239</id>
			<cpuCores>1</cpuCores>
			<memory>1</memory>
			<networkBandwidth>1</networkBandwidth>
			<originalCluster>50</originalCluster>
		</Server>
		<Server id="2543">
			<id>2240</id>
			<cpuCores>1</cpuCores>
			<memory>1</memory>
			<networkBandwidth>1</networkBandwidth>
			<originalCluster>226</originalCluster>
		</Server>
		<Server id="2544">
			<id>2241</id>
			<cpuCores>2</cpuCores>
			<memory>1</memory>
			<networkBandwidth>1</networkBandwidth>
			<originalCluster>94</originalCluster>
		</Server>
		<Server id="2545">
			<id>2242</id>
			<cpuCores>1</cpuCores>
			<memory>1</memory>
			<networkBandwidth>1</networkBandwidth>
			<originalCluster>224</originalCluster>
		</Server>
		<Server id="2546">
			<id>2243</id>
			<cpuCores>1</cpuCores>
			<memory>1</memory>
			<networkBandwidth>1</networkBandwidth>
		</Server>
		<Server id="2547">
			<id>2244</id>
			<cpuCores>1</cpuCores>
			<memory>1</memory>
			<networkBandwidth>1</networkBandwidth>
			<originalCluster>96</originalCluster>
		</Server>
		<Server id="2548">
			<id>2245</id>
			<cpuCores>1</cpuCores>
			<memory>1</memory>
			<networkBandwidth>1</networkBandwidth>
			<originalCluster>91</originalCluster>
		</Server>
		<Server id="2549">
			<id>2246</id>
			<cpuCores>1</cpuCores>
			<memory>1</memory>
			<networkBandwidth>1</networkBandwidth>
			<originalCluster>185</originalCluster>
		</Server>
		<Server id="2550">
			<id>2247</id>
			<cpuCores>6</cpuCores>
			<memory>32</memory>
			<networkBandwidth>1</networkBandwidth>
			<originalCluster>214</originalCluster>
		</Server>
		<Server id="2551">
			<id>2248</id>
			<cpuCores>1</cpuCores>
			<memory>7</memory>
			<networkBandwidth>1</networkBandwidth>
			<originalCluster>258</originalCluster>
		</Server>
		<Server id="2552">
			<id>2249</id>
			<cpuCores>1</cpuCores>
			<memory>1</memory>
			<networkBandwidth>1</networkBandwidth>
			<originalCluster>61</originalCluster>
		</Server>
		<Server id="2553">
			<id>2250</id>
			<cpuCores>1</cpuCores>
			<memory>11</memory>
			<networkBandwidth>1</networkBandwidth>
			<originalCluster>244</originalCluster>
		</Server>
		<Server id="2554">
			<id>2251</id>
			<cpuCores>1</cpuCores>
			<memory>1</memory>
			<networkBandwidth>1</networkBandwidth>
			<originalCluster>84</originalCluster>
		</Server>
		<Server id="2555">
			<id>2252</id>
			<cpuCores>2</cpuCores>
			<memory>1</memory>
			<networkBandwidth>1</networkBandwidth>
			<originalCluster>289</originalCluster>
		</Server>
		<Server id="2556">
			<id>2253</id>
			<cpuCores>9</cpuCores>
			<memory>1</memory>
			<networkBandwidth>1</networkBandwidth>
			<originalCluster>102</originalCluster>
		</Server>
		<Server id="2557">
			<id>2254</id>
			<cpuCores>4</cpuCores>
			<memory>1</memory>
			<networkBandwidth>1</networkBandwidth>
			<originalCluster>59</originalCluster>
		</Server>
		<Server id="2558">
			<id>2255</id>
			<cpuCores>2</cpuCores>
			<memory>1</memory>
			<networkBandwidth>3</networkBandwidth>
			<originalCluster>163</originalCluster>
		</Server>
		<Server id="2559">
			<id>2256</id>
			<cpuCores>5</cpuCores>
			<memory>1</memory>
			<networkBandwidth>1</networkBandwidth>
			<originalCluster>45</originalCluster>
		</Server>
		<Server id="2560">
			<id>2257</id>
			<cpuCores>2</cpuCores>
			<memory>25</memory>
			<networkBandwidth>1</networkBandwidth>
			<originalCluster>74</originalCluster>
		</Server>
		<Server id="2561">
			<id>2258</id>
			<cpuCores>1</cpuCores>
			<memory>5</memory>
			<networkBandwidth>1</networkBandwidth>
			<originalCluster>57</originalCluster>
		</Server>
		<Server id="2562">
			<id>2259</id>
			<cpuCores>2</cpuCores>
			<memory>1</memory>
			<networkBandwidth>4</networkBandwidth>
			<originalCluster>297</originalCluster>
		</Server>
		<Server id="2563">
			<id>2260</id>
			<cpuCores>3</cpuCores>
			<memory>1</memory>
			<networkBandwidth>1</networkBandwidth>
			<originalCluster>75</originalCluster>
		</Server>
		<Server id="2564">
			<id>2261</id>
			<cpuCores>2</cpuCores>
			<memory>1</memory>
			<networkBandwidth>1</networkBandwidth>
			<originalCluster>200</originalCluster>
		</Server>
		<Server id="2565">
			<id>2262</id>
			<cpuCores>1</cpuCores>
			<memory>15</memory>
			<networkBandwidth>1</networkBandwidth>
			<originalCluster>44</originalCluster>
		</Server>
		<Server id="2566">
			<id>2263</id>
			<cpuCores>5</cpuCores>
			<memory>1</memory>
			<networkBandwidth>1</networkBandwidth>
			<originalCluster>175</originalCluster>
		</Server>
		<Server id="2567">
			<id>2264</id>
			<cpuCores>1</cpuCores>
			<memory>28</memory>
			<networkBandwidth>1</networkBandwidth>
			<originalCluster>227</originalCluster>
		</Server>
		<Server id="2568">
			<id>2265</id>
			<cpuCores>1</cpuCores>
			<memory>1</memory>
			<networkBandwidth>1</networkBandwidth>
			<originalCluster>32</originalCluster>
		</Server>
		<Server id="2569">
			<id>2266</id>
			<cpuCores>1</cpuCores>
			<memory>1</memory>
			<networkBandwidth>3</networkBandwidth>
			<originalCluster>219</originalCluster>
		</Server>
		<Server id="2570">
			<id>2267</id>
			<cpuCores>1</cpuCores>
			<memory>1</memory>
			<networkBandwidth>1</networkBandwidth>
			<originalCluster>254</originalCluster>
		</Server>
		<Server id="2571">
			<id>2268</id>
			<cpuCores>1</cpuCores>
			<memory>1</memory>
			<networkBandwidth>1</networkBandwidth>
			<originalCluster>115</originalCluster>
		</Server>
		<Server id="2572">
			<id>2269</id>
			<cpuCores>1</cpuCores>
			<memory>13</memory>
			<networkBandwidth>1</networkBandwidth>
			<originalCluster>77</originalCluster>
		</Server>
		<Server id="2573">
			<id>2270</id>
			<cpuCores>3</cpuCores>
			<memory>3</memory>
			<networkBandwidth>2</networkBandwidth>
			<originalCluster>194</originalCluster>
		</Server>
		<Server id="2574">
			<id>2271</id>
			<cpuCores>7</cpuCores>
			<memory>1</memory>
			<networkBandwidth>1</networkBandwidth>
		</Server>
		<Server id="2575">
			<id>2272</id>
			<cpuCores>1</cpuCores>
			<memory>4</memory>
			<networkBandwidth>1</networkBandwidth>
			<originalCluster>15</originalCluster>
		</Server>
		<Server id="2576">
			<id>2273</id>
			<cpuCores>1</cpuCores>
			<memory>3</memory>
			<networkBandwidth>1</networkBandwidth>
			<originalCluster>27</originalCluster>
		</Server>
		<Server id="2577">
			<id>2274</id>
			<cpuCores>1</cpuCores>
			<memory>1</memory>
			<networkBandwidth>1</networkBandwidth>
			<originalCluster>237</originalCluster>
		</Server>
		<Server id="2578">
			<id>2275</id>
			<cpuCores>1</cpuCores>
			<memory>10</memory>
			<networkBandwidth>10</networkBandwidth>
			<originalCluster>175</originalCluster>
		</Server>
		<Server id="2579">
			<id>2276</id>
			<cpuCores>1</cpuCores>
			<memory>1</memory>
			<networkBandwidth>1</networkBandwidth>
			<originalCluster>140</originalCluster>
		</Server>
		<Server id="2580">
			<id>2277</id>
			<cpuCores>1</cpuCores>
			<memory>1</memory>
			<networkBandwidth>1</networkBandwidth>
			<originalCluster>116</originalCluster>
		</Server>
		<Server id="2581">
			<id>2278</id>
			<cpuCores>1</cpuCores>
			<memory>11</memory>
			<networkBandwidth>4</networkBandwidth>
			<originalCluster>160</originalCluster>
		</Server>
		<Server id="2582">
			<id>2279</id>
			<cpuCores>1</cpuCores>
			<memory>1</memory>
			<networkBandwidth>7</networkBandwidth>
			<originalCluster>131</originalCluster>
		</Server>
		<Server id="2583">
			<id>2280</id>
			<cpuCores>1</cpuCores>
			<memory>5</memory>
			<networkBandwidth>1</networkBandwidth>
			<originalCluster>151</originalCluster>
		</Server>
		<Server id="2584">
			<id>2281</id>
			<cpuCores>1</cpuCores>
			<memory>1</memory>
			<networkBandwidth>1</networkBandwidth>
			<originalCluster>106</originalCluster>
		</Server>
		<Server id="2585">
			<id>2282</id>
			<cpuCores>1</cpuCores>
			<memory>3</memory>
			<networkBandwidth>2</networkBandwidth>
			<originalCluster>181</originalCluster>
		</Server>
		<Server id="2586">
			<id>2283</id>
			<cpuCores>2</cpuCores>
			<memory>1</memory>
			<networkBandwidth>2</networkBandwidth>
			<originalCluster>63</originalCluster>
		</Server>
		<Server id="2587">
			<id>2284</id>
			<cpuCores>6</cpuCores>
			<memory>16</memory>
			<networkBandwidth>1</networkBandwidth>
			<originalCluster>198</originalCluster>
		</Server>
		<Server id="2588">
			<id>2285</id>
			<cpuCores>4</cpuCores>
			<memory>6</memory>
			<networkBandwidth>5</networkBandwidth>
			<originalCluster>244</originalCluster>
		</Server>
		<Server id="2589">
			<id>2286</id>
			<cpuCores>1</cpuCores>
			<memory>1</memory>
			<networkBandwidth>1</networkBandwidth>
			<originalCluster>154</originalCluster>
		</Server>
		<Server id="2590">
			<id>2287</id>
			<cpuCores>1</cpuCores>
			<memory>1</memory>
			<networkBandwidth>1</networkBandwidth>
			<originalCluster>51</originalCluster>
		</Server>
		<Server id="2591">
			<id>2288</id>
			<cpuCores>12</cpuCores>
			<memory>12</memory>
			<networkBandwidth>9</networkBandwidth>
		</Server>
		<Server id="2592">
			<id>2289</id>
			<cpuCores>1</cpuCores>
			<memory>1</memory>
			<networkBandwidth>1</networkBandwidth>
			<originalCluster>237</originalCluster>
		</Server>
		<Server id="2593">
			<id>2290</id>
			<cpuCores>1</cpuCores>
			<memory>2</memory>
			<networkBandwidth>8</networkBandwidth>
			<originalCluster>133</originalCluster>
		</Server>
		<Server id="2594">
			<id>2291</id>
			<cpuCores>1</cpuCores>
			<memory>1</memory>
			<networkBandwidth>1</networkBandwidth>
			<originalCluster>229</originalCluster>
		</Server>
		<Server id="2595">
			<id>2292</id>
			<cpuCores>1</cpuCores>
			<memory>2</memory>
			<networkBandwidth>1</networkBandwidth>
			<originalCluster>177</originalCluster>
		</Server>
		<Server id="2596">
			<id>2293</id>
			<cpuCores>1</cpuCores>
			<memory>1</memory>
			<networkBandwidth>1</networkBandwidth>
			<originalCluster>55</originalCluster>
		</Server>
		<Server id="2597">
			<id>2294</id>
			<cpuCores>2</cpuCores>
			<memory>20</memory>
			<networkBandwidth>6</networkBandwidth>
			<originalCluster>283</originalCluster>
		</Server>
		<Server id="2598">
			<id>2295</id>
			<cpuCores>2</cpuCores>
			<memory>1</memory>
			<networkBandwidth>1</networkBandwidth>
			<originalCluster>15</originalCluster>
		</Server>
		<Server id="2599">
			<id>2296</id>
			<cpuCores>1</cpuCores>
			<memory>1</memory>
			<networkBandwidth>5</networkBandwidth>
			<originalCluster>80</originalCluster>
		</Server>
		<Server id="2600">
			<id>2297</id>
			<cpuCores>1</cpuCores>
			<memory>1</memory>
			<networkBandwidth>11</networkBandwidth>
			<originalCluster>206</originalCluster>
		</Server>
		<Server id="2601">
			<id>2298</id>
			<cpuCores>3</cpuCores>
			<memory>1</memory>
			<networkBandwidth>1</networkBandwidth>
			<originalCluster>152</originalCluster>
		</Server>
		<Server id="2602">
			<id>2299</id>
			<cpuCores>3</cpuCores>
			<memory>1</memory>
			<networkBandwidth>5</networkBandwidth>
			<originalCluster>14</originalCluster>
		</Server>
		<Server id="2603">
			<id>2300</id>
			<cpuCores>1</cpuCores>
			<memory>1</memory>
			<networkBandwidth>1</networkBandwidth>
			<originalCluster>47</originalCluster>
		</Server>
		<Server id="2604">
			<id>2301</id>
			<cpuCores>10</cpuCores>
			<memory>1</memory>
			<networkBandwidth>1</networkBandwidth>
		</Server>
		<Server id="2605">
			<id>2302</id>
			<cpuCores>1</cpuCores>
			<memory>1</memory>
			<networkBandwidth>1</networkBandwidth>
		</Server>
		<Server id="2606">
			<id>2303</id>
			<cpuCores>5</cpuCores>
			<memory>5</memory>
			<networkBandwidth>1</networkBandwidth>
			<originalCluster>227</originalCluster>
		</Server>
		<Server id="2607">
			<id>2304</id>
			<cpuCores>1</cpuCores>
			<memory>1</memory>
			<networkBandwidth>1</networkBandwidth>
			<originalCluster>99</originalCluster>
		</Server>
		<Server id="2608">
			<id>2305</id>
			<cpuCores>2</cpuCores>
			<memory>1</memory>
			<networkBandwidth>1</networkBandwidth>
			<originalCluster>273</originalCluster>
		</Server>
		<Server id="2609">
			<id>2306</id>
			<cpuCores>1</cpuCores>
			<memory>7</memory>
			<networkBandwidth>5</networkBandwidth>
			<originalCluster>3</originalCluster>
		</Server>
		<Server id="2610">
			<id>2307</id>
			<cpuCores>1</cpuCores>
			<memory>21</memory>
			<networkBandwidth>1</networkBandwidth>
			<originalCluster>88</originalCluster>
		</Server>
		<Server id="2611">
			<id>2308</id>
			<cpuCores>1</cpuCores>
			<memory>10</memory>
			<networkBandwidth>1</networkBandwidth>
			<originalCluster>234</originalCluster>
		</Server>
		<Server id="2612">
			<id>2309</id>
			<cpuCores>5</cpuCores>
			<memory>1</memory>
			<networkBandwidth>1</networkBandwidth>
			<originalCluster>36</originalCluster>
		</Server>
		<Server id="2613">
			<id>2310</id>
			<cpuCores>1</cpuCores>
			<memory>1</memory>
			<networkBandwidth>1</networkBandwidth>
			<originalCluster>151</originalCluster>
		</Server>
		<Server id="2614">
			<id>2311</id>
			<cpuCores>5</cpuCores>
			<memory>9</memory>
			<networkBandwidth>1</networkBandwidth>
			<originalCluster>25</originalCluster>
		</Server>
		<Server id="2615">
			<id>2312</id>
			<cpuCores>7</cpuCores>
			<memory>1</memory>
			<networkBandwidth>1</networkBandwidth>
		</Server>
		<Server id="2616">
			<id>2313</id>
			<cpuCores>1</cpuCores>
			<memory>4</memory>
			<networkBandwidth>1</networkBandwidth>
			<originalCluster>3</originalCluster>
		</Server>
		<Server id="2617">
			<id>2314</id>
			<cpuCores>8</cpuCores>
			<memory>1</memory>
			<networkBandwidth>1</networkBandwidth>
		</Server>
		<Server id="2618">
			<id>2315</id>
			<cpuCores>1</cpuCores>
			<memory>9</memory>
			<networkBandwidth>1</networkBandwidth>
			<originalCluster>69</originalCluster>
		</Server>
		<Server id="2619">
			<id>2316</id>
			<cpuCores>1</cpuCores>
			<memory>4</memory>
			<networkBandwidth>3</networkBandwidth>
			<originalCluster>271</originalCluster>
		</Server>
		<Server id="2620">
			<id>2317</id>
			<cpuCores>9</cpuCores>
			<memory>2</memory>
			<networkBandwidth>10</networkBandwidth>
		</Server>
		<Server id="2621">
			<id>2318</id>
			<cpuCores>2</cpuCores>
			<memory>10</memory>
			<networkBandwidth>1</networkBandwidth>
			<originalCluster>198</originalCluster>
		</Server>
		<Server id="2622">
			<id>2319</id>
			<cpuCores>1</cpuCores>
			<memory>1</memory>
			<networkBandwidth>5</networkBandwidth>
			<originalCluster>106</originalCluster>
		</Server>
		<Server id="2623">
			<id>2320</id>
			<cpuCores>1</cpuCores>
			<memory>1</memory>
			<networkBandwidth>3</networkBandwidth>
			<originalCluster>203</originalCluster>
		</Server>
		<Server id="2624">
			<id>2321</id>
			<cpuCores>7</cpuCores>
			<memory>21</memory>
			<networkBandwidth>9</networkBandwidth>
			<originalCluster>203</originalCluster>
		</Server>
		<Server id="2625">
			<id>2322</id>
			<cpuCores>5</cpuCores>
			<memory>14</memory>
			<networkBandwidth>1</networkBandwidth>
			<originalCluster>272</originalCluster>
		</Server>
		<Server id="2626">
			<id>2323</id>
			<cpuCores>8</cpuCores>
			<memory>11</memory>
			<networkBandwidth>1</networkBandwidth>
		</Server>
		<Server id="2627">
			<id>2324</id>
			<cpuCores>2</cpuCores>
			<memory>1</memory>
			<networkBandwidth>1</networkBandwidth>
			<originalCluster>264</originalCluster>
		</Server>
		<Server id="2628">
			<id>2325</id>
			<cpuCores>1</cpuCores>
			<memory>1</memory>
			<networkBandwidth>1</networkBandwidth>
			<originalCluster>53</originalCluster>
		</Server>
		<Server id="2629">
			<id>2326</id>
			<cpuCores>1</cpuCores>
			<memory>1</memory>
			<networkBandwidth>6</networkBandwidth>
			<originalCluster>2</originalCluster>
		</Server>
		<Server id="2630">
			<id>2327</id>
			<cpuCores>1</cpuCores>
			<memory>1</memory>
			<networkBandwidth>1</networkBandwidth>
			<originalCluster>105</originalCluster>
		</Server>
		<Server id="2631">
			<id>2328</id>
			<cpuCores>1</cpuCores>
			<memory>1</memory>
			<networkBandwidth>1</networkBandwidth>
			<originalCluster>284</originalCluster>
		</Server>
		<Server id="2632">
			<id>2329</id>
			<cpuCores>1</cpuCores>
			<memory>1</memory>
			<networkBandwidth>2</networkBandwidth>
			<originalCluster>21</originalCluster>
		</Server>
		<Server id="2633">
			<id>2330</id>
			<cpuCores>1</cpuCores>
			<memory>1</memory>
			<networkBandwidth>1</networkBandwidth>
			<originalCluster>19</originalCluster>
		</Server>
		<Server id="2634">
			<id>2331</id>
			<cpuCores>1</cpuCores>
			<memory>1</memory>
			<networkBandwidth>1</networkBandwidth>
			<originalCluster>229</originalCluster>
		</Server>
		<Server id="2635">
			<id>2332</id>
			<cpuCores>3</cpuCores>
			<memory>10</memory>
			<networkBandwidth>1</networkBandwidth>
			<originalCluster>252</originalCluster>
		</Server>
		<Server id="2636">
			<id>2333</id>
			<cpuCores>11</cpuCores>
			<memory>11</memory>
			<networkBandwidth>1</networkBandwidth>
		</Server>
		<Server id="2637">
			<id>2334</id>
			<cpuCores>4</cpuCores>
			<memory>1</memory>
			<networkBandwidth>1</networkBandwidth>
			<originalCluster>114</originalCluster>
		</Server>
		<Server id="2638">
			<id>2335</id>
			<cpuCores>1</cpuCores>
			<memory>1</memory>
			<networkBandwidth>3</networkBandwidth>
			<originalCluster>72</originalCluster>
		</Server>
		<Server id="2639">
			<id>2336</id>
			<cpuCores>1</cpuCores>
			<memory>1</memory>
			<networkBandwidth>1</networkBandwidth>
			<originalCluster>182</originalCluster>
		</Server>
		<Server id="2640">
			<id>2337</id>
			<cpuCores>1</cpuCores>
			<memory>1</memory>
			<networkBandwidth>2</networkBandwidth>
			<originalCluster>95</originalCluster>
		</Server>
		<Server id="2641">
			<id>2338</id>
			<cpuCores>1</cpuCores>
			<memory>1</memory>
			<networkBandwidth>1</networkBandwidth>
			<originalCluster>3</originalCluster>
		</Server>
		<Server id="2642">
			<id>2339</id>
			<cpuCores>2</cpuCores>
			<memory>5</memory>
			<networkBandwidth>1</networkBandwidth>
			<originalCluster>283</originalCluster>
		</Server>
		<Server id="2643">
			<id>2340</id>
			<cpuCores>1</cpuCores>
			<memory>9</memory>
			<networkBandwidth>2</networkBandwidth>
			<originalCluster>189</originalCluster>
		</Server>
		<Server id="2644">
			<id>2341</id>
			<cpuCores>2</cpuCores>
			<memory>1</memory>
			<networkBandwidth>1</networkBandwidth>
			<originalCluster>148</originalCluster>
		</Server>
		<Server id="2645">
			<id>2342</id>
			<cpuCores>1</cpuCores>
			<memory>1</memory>
			<networkBandwidth>2</networkBandwidth>
			<originalCluster>148</originalCluster>
		</Server>
		<Server id="2646">
			<id>2343</id>
			<cpuCores>1</cpuCores>
			<memory>1</memory>
			<networkBandwidth>11</networkBandwidth>
			<originalCluster>208</originalCluster>
		</Server>
		<Server id="2647">
			<id>2344</id>
			<cpuCores>2</cpuCores>
			<memory>19</memory>
			<networkBandwidth>3</networkBandwidth>
			<originalCluster>246</originalCluster>
		</Server>
		<Server id="2648">
			<id>2345</id>
			<cpuCores>1</cpuCores>
			<memory>1</memory>
			<networkBandwidth>1</networkBandwidth>
			<originalCluster>20</originalCluster>
		</Server>
		<Server id="2649">
			<id>2346</id>
			<cpuCores>1</cpuCores>
			<memory>4</memory>
			<networkBandwidth>1</networkBandwidth>
			<originalCluster>36</originalCluster>
		</Server>
		<Server id="2650">
			<id>2347</id>
			<cpuCores>1</cpuCores>
			<memory>14</memory>
			<networkBandwidth>1</networkBandwidth>
			<originalCluster>275</originalCluster>
		</Server>
		<Server id="2651">
			<id>2348</id>
			<cpuCores>1</cpuCores>
			<memory>2</memory>
			<networkBandwidth>1</networkBandwidth>
			<originalCluster>33</originalCluster>
		</Server>
		<Server id="2652">
			<id>2349</id>
			<cpuCores>1</cpuCores>
			<memory>1</memory>
			<networkBandwidth>1</networkBandwidth>
			<originalCluster>262</originalCluster>
		</Server>
		<Server id="2653">
			<id>2350</id>
			<cpuCores>1</cpuCores>
			<memory>4</memory>
			<networkBandwidth>1</networkBandwidth>
			<originalCluster>93</originalCluster>
		</Server>
		<Server id="2654">
			<id>2351</id>
			<cpuCores>3</cpuCores>
			<memory>2</memory>
			<networkBandwidth>1</networkBandwidth>
			<originalCluster>182</originalCluster>
		</Server>
		<Server id="2655">
			<id>2352</id>
			<cpuCores>8</cpuCores>
			<memory>1</memory>
			<networkBandwidth>1</networkBandwidth>
		</Server>
		<Server id="2656">
			<id>2353</id>
			<cpuCores>1</cpuCores>
			<memory>2</memory>
			<networkBandwidth>1</networkBandwidth>
			<originalCluster>281</originalCluster>
		</Server>
		<Server id="2657">
			<id>2354</id>
			<cpuCores>1</cpuCores>
			<memory>2</memory>
			<networkBandwidth>1</networkBandwidth>
			<originalCluster>24</originalCluster>
		</Server>
		<Server id="2658">
			<id>2355</id>
			<cpuCores>1</cpuCores>
			<memory>13</memory>
			<networkBandwidth>6</networkBandwidth>
			<originalCluster>212</originalCluster>
		</Server>
		<Server id="2659">
			<id>2356</id>
			<cpuCores>7</cpuCores>
			<memory>1</memory>
			<networkBandwidth>1</networkBandwidth>
		</Server>
		<Server id="2660">
			<id>2357</id>
			<cpuCores>1</cpuCores>
			<memory>3</memory>
			<networkBandwidth>1</networkBandwidth>
			<originalCluster>165</originalCluster>
		</Server>
		<Server id="2661">
			<id>2358</id>
			<cpuCores>9</cpuCores>
			<memory>1</memory>
			<networkBandwidth>1</networkBandwidth>
		</Server>
		<Server id="2662">
			<id>2359</id>
			<cpuCores>1</cpuCores>
			<memory>1</memory>
			<networkBandwidth>1</networkBandwidth>
			<originalCluster>114</originalCluster>
		</Server>
		<Server id="2663">
			<id>2360</id>
			<cpuCores>1</cpuCores>
			<memory>1</memory>
			<networkBandwidth>1</networkBandwidth>
			<originalCluster>96</originalCluster>
		</Server>
		<Server id="2664">
			<id>2361</id>
			<cpuCores>7</cpuCores>
			<memory>1</memory>
			<networkBandwidth>1</networkBandwidth>
			<originalCluster>119</originalCluster>
		</Server>
		<Server id="2665">
			<id>2362</id>
			<cpuCores>1</cpuCores>
			<memory>1</memory>
			<networkBandwidth>1</networkBandwidth>
			<originalCluster>199</originalCluster>
		</Server>
		<Server id="2666">
			<id>2363</id>
			<cpuCores>6</cpuCores>
			<memory>6</memory>
			<networkBandwidth>1</networkBandwidth>
		</Server>
		<Server id="2667">
			<id>2364</id>
			<cpuCores>1</cpuCores>
			<memory>4</memory>
			<networkBandwidth>1</networkBandwidth>
			<originalCluster>122</originalCluster>
		</Server>
		<Server id="2668">
			<id>2365</id>
			<cpuCores>1</cpuCores>
			<memory>29</memory>
			<networkBandwidth>1</networkBandwidth>
			<originalCluster>71</originalCluster>
		</Server>
		<Server id="2669">
			<id>2366</id>
			<cpuCores>2</cpuCores>
			<memory>1</memory>
			<networkBandwidth>1</networkBandwidth>
			<originalCluster>240</originalCluster>
		</Server>
		<Server id="2670">
			<id>2367</id>
			<cpuCores>1</cpuCores>
			<memory>4</memory>
			<networkBandwidth>1</networkBandwidth>
			<originalCluster>215</originalCluster>
		</Server>
		<Server id="2671">
			<id>2368</id>
			<cpuCores>5</cpuCores>
			<memory>1</memory>
			<networkBandwidth>7</networkBandwidth>
			<originalCluster>78</originalCluster>
		</Server>
		<Server id="2672">
			<id>2369</id>
			<cpuCores>1</cpuCores>
			<memory>14</memory>
			<networkBandwidth>1</networkBandwidth>
			<originalCluster>280</originalCluster>
		</Server>
		<Server id="2673">
			<id>2370</id>
			<cpuCores>1</cpuCores>
			<memory>1</memory>
			<networkBandwidth>1</networkBandwidth>
			<originalCluster>189</originalCluster>
		</Server>
		<Server id="2674">
			<id>2371</id>
			<cpuCores>1</cpuCores>
			<memory>1</memory>
			<networkBandwidth>1</networkBandwidth>
			<originalCluster>266</originalCluster>
		</Server>
		<Server id="2675">
			<id>2372</id>
			<cpuCores>5</cpuCores>
			<memory>1</memory>
			<networkBandwidth>2</networkBandwidth>
		</Server>
		<Server id="2676">
			<id>2373</id>
			<cpuCores>1</cpuCores>
			<memory>1</memory>
			<networkBandwidth>1</networkBandwidth>
			<originalCluster>130</originalCluster>
		</Server>
		<Server id="2677">
			<id>2374</id>
			<cpuCores>1</cpuCores>
			<memory>1</memory>
			<networkBandwidth>1</networkBandwidth>
			<originalCluster>21</originalCluster>
		</Server>
		<Server id="2678">
			<id>2375</id>
			<cpuCores>1</cpuCores>
			<memory>14</memory>
			<networkBandwidth>2</networkBandwidth>
			<originalCluster>187</originalCluster>
		</Server>
		<Server id="2679">
			<id>2376</id>
			<cpuCores>2</cpuCores>
			<memory>5</memory>
			<networkBandwidth>1</networkBandwidth>
			<originalCluster>203</originalCluster>
		</Server>
		<Server id="2680">
			<id>2377</id>
			<cpuCores>1</cpuCores>
			<memory>3</memory>
			<networkBandwidth>1</networkBandwidth>
			<originalCluster>234</originalCluster>
		</Server>
		<Server id="2681">
			<id>2378</id>
			<cpuCores>5</cpuCores>
			<memory>1</memory>
			<networkBandwidth>1</networkBandwidth>
			<originalCluster>35</originalCluster>
		</Server>
		<Server id="2682">
			<id>2379</id>
			<cpuCores>2</cpuCores>
			<memory>18</memory>
			<networkBandwidth>10</networkBandwidth>
			<originalCluster>44</originalCluster>
		</Server>
		<Server id="2683">
			<id>2380</id>
			<cpuCores>3</cpuCores>
			<memory>3</memory>
			<networkBandwidth>1</networkBandwidth>
			<originalCluster>266</originalCluster>
		</Server>
		<Server id="2684">
			<id>2381</id>
			<cpuCores>4</cpuCores>
			<memory>1</memory>
			<networkBandwidth>1</networkBandwidth>
			<originalCluster>215</originalCluster>
		</Server>
		<Server id="2685">
			<id>2382</id>
			<cpuCores>1</cpuCores>
			<memory>1</memory>
			<networkBandwidth>1</networkBandwidth>
			<originalCluster>76</originalCluster>
		</Server>
		<Server id="2686">
			<id>2383</id>
			<cpuCores>2</cpuCores>
			<memory>11</memory>
			<networkBandwidth>5</networkBandwidth>
			<originalCluster>239</originalCluster>
		</Server>
		<Server id="2687">
			<id>2384</id>
			<cpuCores>1</cpuCores>
			<memory>1</memory>
			<networkBandwidth>1</networkBandwidth>
			<originalCluster>78</originalCluster>
		</Server>
		<Server id="2688">
			<id>2385</id>
			<cpuCores>1</cpuCores>
			<memory>5</memory>
			<networkBandwidth>1</networkBandwidth>
			<originalCluster>0</originalCluster>
		</Server>
		<Server id="2689">
			<id>2386</id>
			<cpuCores>1</cpuCores>
			<memory>29</memory>
			<networkBandwidth>1</networkBandwidth>
			<originalCluster>181</originalCluster>
		</Server>
		<Server id="2690">
			<id>2387</id>
			<cpuCores>1</cpuCores>
			<memory>5</memory>
			<networkBandwidth>1</networkBandwidth>
			<originalCluster>212</originalCluster>
		</Server>
		<Server id="2691">
			<id>2388</id>
			<cpuCores>1</cpuCores>
			<memory>30</memory>
			<networkBandwidth>1</networkBandwidth>
			<originalCluster>262</originalCluster>
		</Server>
		<Server id="2692">
			<id>2389</id>
			<cpuCores>1</cpuCores>
			<memory>1</memory>
			<networkBandwidth>7</networkBandwidth>
			<originalCluster>284</originalCluster>
		</Server>
		<Server id="2693">
			<id>2390</id>
			<cpuCores>1</cpuCores>
			<memory>1</memory>
			<networkBandwidth>1</networkBandwidth>
			<originalCluster>108</originalCluster>
		</Server>
		<Server id="2694">
			<id>2391</id>
			<cpuCores>5</cpuCores>
			<memory>5</memory>
			<networkBandwidth>1</networkBandwidth>
			<originalCluster>18</originalCluster>
		</Server>
		<Server id="2695">
			<id>2392</id>
			<cpuCores>1</cpuCores>
			<memory>1</memory>
			<networkBandwidth>1</networkBandwidth>
			<originalCluster>290</originalCluster>
		</Server>
		<Server id="2696">
			<id>2393</id>
			<cpuCores>1</cpuCores>
			<memory>7</memory>
			<networkBandwidth>1</networkBandwidth>
			<originalCluster>151</originalCluster>
		</Server>
		<Server id="2697">
			<id>2394</id>
			<cpuCores>1</cpuCores>
			<memory>2</memory>
			<networkBandwidth>1</networkBandwidth>
			<originalCluster>15</originalCluster>
		</Server>
		<Server id="2698">
			<id>2395</id>
			<cpuCores>1</cpuCores>
			<memory>1</memory>
			<networkBandwidth>1</networkBandwidth>
			<originalCluster>119</originalCluster>
		</Server>
		<Server id="2699">
			<id>2396</id>
			<cpuCores>5</cpuCores>
			<memory>1</memory>
			<networkBandwidth>1</networkBandwidth>
			<originalCluster>270</originalCluster>
		</Server>
		<Server id="2700">
			<id>2397</id>
			<cpuCores>1</cpuCores>
			<memory>1</memory>
			<networkBandwidth>1</networkBandwidth>
			<originalCluster>141</originalCluster>
		</Server>
		<Server id="2701">
			<id>2398</id>
			<cpuCores>1</cpuCores>
			<memory>2</memory>
			<networkBandwidth>8</networkBandwidth>
			<originalCluster>87</originalCluster>
		</Server>
		<Server id="2702">
			<id>2399</id>
			<cpuCores>1</cpuCores>
			<memory>1</memory>
			<networkBandwidth>1</networkBandwidth>
			<originalCluster>167</originalCluster>
		</Server>
	</serverList>
</AllocatorBalance>